INFO:root:Started
INFO:root:CM_200_96_2_1 - RAND2: 0.0026 seconds
INFO:root:CM_200_96_2_1 - DIAM: 0.3502 seconds
INFO:root:CM_200_96_2_1 - Abra: 0.0401 seconds
INFO:root:CM_200_96_2_1 - Betweenness: 0.0020 seconds
INFO:root:CM_205_102_2_1 - RAND2: 0.0012 seconds
INFO:root:CM_205_102_2_1 - DIAM: 0.3663 seconds
INFO:root:CM_205_102_2_1 - Abra: 0.0453 seconds
INFO:root:CM_205_102_2_1 - Betweenness: 0.0034 seconds
INFO:root:CM_210_60_2_1 - RAND2: 0.0012 seconds
INFO:root:CM_210_60_2_1 - DIAM: 0.1792 seconds
INFO:root:CM_210_60_2_1 - Abra: 0.0199 seconds
INFO:root:CM_210_60_2_1 - Betweenness: 0.0012 seconds
INFO:root:CM_215_49_2_1 - RAND2: 0.0008 seconds
INFO:root:CM_215_49_2_1 - DIAM: 0.1577 seconds
INFO:root:CM_215_49_2_1 - Abra: 0.0418 seconds
INFO:root:CM_215_49_2_1 - Betweenness: 0.0014 seconds
INFO:root:CM_220_103_2_1 - RAND2: 0.0018 seconds
INFO:root:CM_220_103_2_1 - DIAM: 0.3674 seconds
INFO:root:CM_220_103_2_1 - Abra: 0.0622 seconds
INFO:root:CM_220_103_2_1 - Betweenness: 0.0020 seconds
INFO:root:CM_225_56_2_1 - RAND2: 0.0007 seconds
INFO:root:CM_225_56_2_1 - DIAM: 0.1673 seconds
INFO:root:CM_225_56_2_1 - Abra: 0.0284 seconds
INFO:root:CM_225_56_2_1 - Betweenness: 0.0019 seconds
INFO:root:CM_230_99_2_1 - RAND2: 0.0014 seconds
INFO:root:CM_230_99_2_1 - DIAM: 0.3220 seconds
INFO:root:CM_230_99_2_1 - Abra: 0.0373 seconds
INFO:root:CM_230_99_2_1 - Betweenness: 0.0021 seconds
INFO:root:CM_235_82_2_1 - RAND2: 0.0011 seconds
INFO:root:CM_235_82_2_1 - DIAM: 0.2805 seconds
INFO:root:CM_235_82_2_1 - Abra: 0.0331 seconds
INFO:root:CM_235_82_2_1 - Betweenness: 0.0018 seconds
INFO:root:CM_240_34_2_1 - RAND2: 0.0005 seconds
INFO:root:CM_240_34_2_1 - DIAM: 0.1019 seconds
INFO:root:CM_240_34_2_1 - Abra: 0.0298 seconds
INFO:root:CM_240_34_2_1 - Betweenness: 0.0008 seconds
INFO:root:CM_245_122_2_1 - RAND2: 0.0021 seconds
INFO:root:CM_245_122_2_1 - DIAM: 0.4602 seconds
INFO:root:CM_245_122_2_1 - Abra: 0.0800 seconds
INFO:root:CM_245_122_2_1 - Betweenness: 0.0036 seconds
INFO:root:CM_250_62_2_1 - RAND2: 0.0011 seconds
INFO:root:CM_250_62_2_1 - DIAM: 0.1689 seconds
INFO:root:CM_250_62_2_1 - Abra: 0.0428 seconds
INFO:root:CM_250_62_2_1 - Betweenness: 0.0012 seconds
INFO:root:CM_255_122_2_1 - RAND2: 0.0019 seconds
INFO:root:CM_255_122_2_1 - DIAM: 0.5562 seconds
INFO:root:CM_255_122_2_1 - Abra: 0.0762 seconds
INFO:root:CM_255_122_2_1 - Betweenness: 0.0038 seconds
INFO:root:CM_260_128_2_1 - RAND2: 0.0027 seconds
INFO:root:CM_260_128_2_1 - DIAM: 0.5342 seconds
INFO:root:CM_260_128_2_1 - Abra: 0.0803 seconds
INFO:root:CM_260_128_2_1 - Betweenness: 0.0035 seconds
INFO:root:CM_265_126_2_1 - RAND2: 0.0025 seconds
INFO:root:CM_265_126_2_1 - DIAM: 0.4958 seconds
INFO:root:CM_265_126_2_1 - Abra: 0.0943 seconds
INFO:root:CM_265_126_2_1 - Betweenness: 0.0042 seconds
INFO:root:CM_270_103_2_1 - RAND2: 0.0028 seconds
INFO:root:CM_270_103_2_1 - DIAM: 0.3404 seconds
INFO:root:CM_270_103_2_1 - Abra: 0.0247 seconds
INFO:root:CM_270_103_2_1 - Betweenness: 0.0030 seconds
INFO:root:CM_275_94_2_1 - RAND2: 0.0012 seconds
INFO:root:CM_275_94_2_1 - DIAM: 0.3331 seconds
INFO:root:CM_275_94_2_1 - Abra: 0.0211 seconds
INFO:root:CM_275_94_2_1 - Betweenness: 0.0020 seconds
INFO:root:CM_280_139_2_1 - RAND2: 0.0023 seconds
INFO:root:CM_280_139_2_1 - DIAM: 0.6021 seconds
INFO:root:CM_280_139_2_1 - Abra: 0.0578 seconds
INFO:root:CM_280_139_2_1 - Betweenness: 0.0038 seconds
INFO:root:CM_285_130_2_1 - RAND2: 0.0019 seconds
INFO:root:CM_285_130_2_1 - DIAM: 0.4810 seconds
INFO:root:CM_285_130_2_1 - Abra: 0.0772 seconds
INFO:root:CM_285_130_2_1 - Betweenness: 0.0036 seconds
INFO:root:CM_290_73_2_1 - RAND2: 0.0012 seconds
INFO:root:CM_290_73_2_1 - DIAM: 0.2737 seconds
INFO:root:CM_290_73_2_1 - Abra: 0.0139 seconds
INFO:root:CM_290_73_2_1 - Betweenness: 0.0016 seconds
INFO:root:CM_295_147_2_1 - RAND2: 0.0030 seconds
INFO:root:CM_295_147_2_1 - DIAM: 0.6314 seconds
INFO:root:CM_295_147_2_1 - Abra: 0.1105 seconds
INFO:root:CM_295_147_2_1 - Betweenness: 0.0054 seconds
INFO:root:CM_300_133_2_1 - RAND2: 0.0025 seconds
INFO:root:CM_300_133_2_1 - DIAM: 0.5678 seconds
INFO:root:CM_300_133_2_1 - Abra: 0.0504 seconds
INFO:root:CM_300_133_2_1 - Betweenness: 0.0029 seconds
INFO:root:CM_305_54_2_1 - RAND2: 0.0011 seconds
INFO:root:CM_305_54_2_1 - DIAM: 0.1905 seconds
INFO:root:CM_305_54_2_1 - Abra: 0.0066 seconds
INFO:root:CM_305_54_2_1 - Betweenness: 0.0013 seconds
INFO:root:CM_310_112_2_1 - RAND2: 0.0019 seconds
INFO:root:CM_310_112_2_1 - DIAM: 0.3925 seconds
INFO:root:CM_310_112_2_1 - Abra: 0.0320 seconds
INFO:root:CM_310_112_2_1 - Betweenness: 0.0040 seconds
INFO:root:CM_315_157_2_1 - RAND2: 0.0036 seconds
INFO:root:CM_315_157_2_1 - DIAM: 0.5523 seconds
INFO:root:CM_315_157_2_1 - Abra: 0.0671 seconds
INFO:root:CM_315_157_2_1 - Betweenness: 0.0034 seconds
INFO:root:CM_320_84_2_1 - RAND2: 0.0014 seconds
INFO:root:CM_320_84_2_1 - DIAM: 0.2668 seconds
INFO:root:CM_320_84_2_1 - Abra: 0.0326 seconds
INFO:root:CM_320_84_2_1 - Betweenness: 0.0028 seconds
INFO:root:CM_325_129_2_1 - RAND2: 0.0026 seconds
INFO:root:CM_325_129_2_1 - DIAM: 0.4330 seconds
INFO:root:CM_325_129_2_1 - Abra: 0.0394 seconds
INFO:root:CM_325_129_2_1 - Betweenness: 0.0029 seconds
INFO:root:CM_330_65_2_1 - RAND2: 0.0012 seconds
INFO:root:CM_330_65_2_1 - DIAM: 0.2163 seconds
INFO:root:CM_330_65_2_1 - Abra: 0.0090 seconds
INFO:root:CM_330_65_2_1 - Betweenness: 0.0022 seconds
INFO:root:CM_335_163_2_1 - RAND2: 0.0037 seconds
INFO:root:CM_335_163_2_1 - DIAM: 0.6901 seconds
INFO:root:CM_335_163_2_1 - Abra: 0.0906 seconds
INFO:root:CM_335_163_2_1 - Betweenness: 0.0330 seconds
INFO:root:CM_340_142_2_1 - RAND2: 0.0030 seconds
INFO:root:CM_340_142_2_1 - DIAM: 0.4794 seconds
INFO:root:CM_340_142_2_1 - Abra: 0.0508 seconds
INFO:root:CM_340_142_2_1 - Betweenness: 0.0038 seconds
INFO:root:CM_345_108_2_1 - RAND2: 0.0016 seconds
INFO:root:CM_345_108_2_1 - DIAM: 0.2594 seconds
INFO:root:CM_345_108_2_1 - Abra: 0.0173 seconds
INFO:root:CM_345_108_2_1 - Betweenness: 0.0020 seconds
INFO:root:CM_350_116_2_1 - RAND2: 0.0023 seconds
INFO:root:CM_350_116_2_1 - DIAM: 0.3284 seconds
INFO:root:CM_350_116_2_1 - Abra: 0.0238 seconds
INFO:root:CM_350_116_2_1 - Betweenness: 0.0030 seconds
INFO:root:CM_355_139_2_1 - RAND2: 0.0028 seconds
INFO:root:CM_355_139_2_1 - DIAM: 0.4494 seconds
INFO:root:CM_355_139_2_1 - Abra: 0.0328 seconds
INFO:root:CM_355_139_2_1 - Betweenness: 0.0040 seconds
INFO:root:CM_360_180_2_1 - RAND2: 0.0037 seconds
INFO:root:CM_360_180_2_1 - DIAM: 0.6893 seconds
INFO:root:CM_360_180_2_1 - Abra: 0.0913 seconds
INFO:root:CM_360_180_2_1 - Betweenness: 0.0054 seconds
INFO:root:CM_365_182_2_1 - RAND2: 0.0036 seconds
INFO:root:CM_365_182_2_1 - DIAM: 0.7518 seconds
INFO:root:CM_365_182_2_1 - Abra: 0.0734 seconds
INFO:root:CM_365_182_2_1 - Betweenness: 0.0060 seconds
INFO:root:CM_370_143_2_1 - RAND2: 0.0029 seconds
INFO:root:CM_370_143_2_1 - DIAM: 0.5118 seconds
INFO:root:CM_370_143_2_1 - Abra: 0.0329 seconds
INFO:root:CM_370_143_2_1 - Betweenness: 0.0036 seconds
INFO:root:CM_375_181_2_1 - RAND2: 0.0039 seconds
INFO:root:CM_375_181_2_1 - DIAM: 0.6797 seconds
INFO:root:CM_375_181_2_1 - Abra: 0.0739 seconds
INFO:root:CM_375_181_2_1 - Betweenness: 0.0051 seconds
INFO:root:CM_380_106_2_1 - RAND2: 0.0022 seconds
INFO:root:CM_380_106_2_1 - DIAM: 0.3806 seconds
INFO:root:CM_380_106_2_1 - Abra: 0.0199 seconds
INFO:root:CM_380_106_2_1 - Betweenness: 0.0032 seconds
INFO:root:CM_385_103_2_1 - RAND2: 0.0026 seconds
INFO:root:CM_385_103_2_1 - DIAM: 0.3461 seconds
INFO:root:CM_385_103_2_1 - Abra: 0.0193 seconds
INFO:root:CM_385_103_2_1 - Betweenness: 0.0033 seconds
INFO:root:CM_390_135_2_1 - RAND2: 0.0033 seconds
INFO:root:CM_390_135_2_1 - DIAM: 0.5300 seconds
INFO:root:CM_390_135_2_1 - Abra: 0.0452 seconds
INFO:root:CM_390_135_2_1 - Betweenness: 0.0040 seconds
INFO:root:CM_395_180_2_1 - RAND2: 0.0037 seconds
INFO:root:CM_395_180_2_1 - DIAM: 0.6518 seconds
INFO:root:CM_395_180_2_1 - Abra: 0.0675 seconds
INFO:root:CM_395_180_2_1 - Betweenness: 0.0047 seconds
INFO:root:CM_400_128_2_1 - RAND2: 0.0026 seconds
INFO:root:CM_400_128_2_1 - DIAM: 0.3890 seconds
INFO:root:CM_400_128_2_1 - Abra: 0.0324 seconds
INFO:root:CM_400_128_2_1 - Betweenness: 0.0035 seconds
INFO:root:CM_405_161_2_1 - RAND2: 0.0035 seconds
INFO:root:CM_405_161_2_1 - DIAM: 0.5219 seconds
INFO:root:CM_405_161_2_1 - Abra: 0.0463 seconds
INFO:root:CM_405_161_2_1 - Betweenness: 0.0042 seconds
INFO:root:CM_410_103_2_1 - RAND2: 0.0022 seconds
INFO:root:CM_410_103_2_1 - DIAM: 0.3028 seconds
INFO:root:CM_410_103_2_1 - Abra: 0.0202 seconds
INFO:root:CM_410_103_2_1 - Betweenness: 0.0030 seconds
INFO:root:CM_415_136_2_1 - RAND2: 0.0031 seconds
INFO:root:CM_415_136_2_1 - DIAM: 0.4077 seconds
INFO:root:CM_415_136_2_1 - Abra: 0.0280 seconds
INFO:root:CM_415_136_2_1 - Betweenness: 0.0040 seconds
INFO:root:CM_420_193_2_1 - RAND2: 0.0042 seconds
INFO:root:CM_420_193_2_1 - DIAM: 0.6766 seconds
INFO:root:CM_420_193_2_1 - Abra: 0.0993 seconds
INFO:root:CM_420_193_2_1 - Betweenness: 0.0069 seconds
INFO:root:CM_425_131_2_1 - RAND2: 0.0028 seconds
INFO:root:CM_425_131_2_1 - DIAM: 0.4285 seconds
INFO:root:CM_425_131_2_1 - Abra: 0.0212 seconds
INFO:root:CM_425_131_2_1 - Betweenness: 0.0033 seconds
INFO:root:CM_430_148_2_1 - RAND2: 0.0031 seconds
INFO:root:CM_430_148_2_1 - DIAM: 0.4876 seconds
INFO:root:CM_430_148_2_1 - Abra: 0.0244 seconds
INFO:root:CM_430_148_2_1 - Betweenness: 0.0038 seconds
INFO:root:CM_435_169_2_1 - RAND2: 0.0039 seconds
INFO:root:CM_435_169_2_1 - DIAM: 0.5436 seconds
INFO:root:CM_435_169_2_1 - Abra: 0.0418 seconds
INFO:root:CM_435_169_2_1 - Betweenness: 0.0054 seconds
INFO:root:CM_440_88_2_1 - RAND2: 0.0020 seconds
INFO:root:CM_440_88_2_1 - DIAM: 0.2817 seconds
INFO:root:CM_440_88_2_1 - Abra: 0.0414 seconds
INFO:root:CM_440_88_2_1 - Betweenness: 0.0027 seconds
INFO:root:CM_445_152_2_1 - RAND2: 0.0031 seconds
INFO:root:CM_445_152_2_1 - DIAM: 0.4627 seconds
INFO:root:CM_445_152_2_1 - Abra: 0.0295 seconds
INFO:root:CM_445_152_2_1 - Betweenness: 0.0039 seconds
INFO:root:CM_450_160_2_1 - RAND2: 0.0039 seconds
INFO:root:CM_450_160_2_1 - DIAM: 0.4888 seconds
INFO:root:CM_450_160_2_1 - Abra: 0.0326 seconds
INFO:root:CM_450_160_2_1 - Betweenness: 0.0050 seconds
INFO:root:CM_455_139_2_1 - RAND2: 0.0037 seconds
INFO:root:CM_455_139_2_1 - DIAM: 0.4537 seconds
INFO:root:CM_455_139_2_1 - Abra: 0.0239 seconds
INFO:root:CM_455_139_2_1 - Betweenness: 0.0039 seconds
INFO:root:CM_460_113_2_1 - RAND2: 0.0029 seconds
INFO:root:CM_460_113_2_1 - DIAM: 0.3257 seconds
INFO:root:CM_460_113_2_1 - Abra: 0.0312 seconds
INFO:root:CM_460_113_2_1 - Betweenness: 0.0039 seconds
INFO:root:CM_465_168_2_1 - RAND2: 0.0042 seconds
INFO:root:CM_465_168_2_1 - DIAM: 0.5749 seconds
INFO:root:CM_465_168_2_1 - Abra: 0.0418 seconds
INFO:root:CM_465_168_2_1 - Betweenness: 0.0052 seconds
INFO:root:CM_470_200_2_1 - RAND2: 0.0043 seconds
INFO:root:CM_470_200_2_1 - DIAM: 0.6320 seconds
INFO:root:CM_470_200_2_1 - Abra: 0.0600 seconds
INFO:root:CM_470_200_2_1 - Betweenness: 0.0078 seconds
INFO:root:CM_475_174_2_1 - RAND2: 0.0037 seconds
INFO:root:CM_475_174_2_1 - DIAM: 0.5186 seconds
INFO:root:CM_475_174_2_1 - Abra: 0.0389 seconds
INFO:root:CM_475_174_2_1 - Betweenness: 0.0061 seconds
INFO:root:CM_480_237_2_1 - RAND2: 0.0064 seconds
INFO:root:CM_480_237_2_1 - DIAM: 0.8824 seconds
INFO:root:CM_480_237_2_1 - Abra: 0.1075 seconds
INFO:root:CM_480_237_2_1 - Betweenness: 0.0101 seconds
INFO:root:CM_485_119_2_1 - RAND2: 0.0028 seconds
INFO:root:CM_485_119_2_1 - DIAM: 0.3192 seconds
INFO:root:CM_485_119_2_1 - Abra: 0.0165 seconds
INFO:root:CM_485_119_2_1 - Betweenness: 0.0031 seconds
INFO:root:CM_490_149_2_1 - RAND2: 0.0029 seconds
INFO:root:CM_490_149_2_1 - DIAM: 0.4142 seconds
INFO:root:CM_490_149_2_1 - Abra: 0.0262 seconds
INFO:root:CM_490_149_2_1 - Betweenness: 0.0047 seconds
INFO:root:CM_495_127_2_1 - RAND2: 0.0042 seconds
INFO:root:CM_495_127_2_1 - DIAM: 0.4589 seconds
INFO:root:CM_495_127_2_1 - Abra: 0.0229 seconds
INFO:root:CM_495_127_2_1 - Betweenness: 0.0055 seconds
INFO:root:CM_500_151_2_1 - RAND2: 0.0041 seconds
INFO:root:CM_500_151_2_1 - DIAM: 0.4354 seconds
INFO:root:CM_500_151_2_1 - Abra: 0.0287 seconds
INFO:root:CM_500_151_2_1 - Betweenness: 0.0048 seconds
INFO:root:CM_505_191_2_1 - RAND2: 0.0041 seconds
INFO:root:CM_505_191_2_1 - DIAM: 0.5466 seconds
INFO:root:CM_505_191_2_1 - Abra: 0.0519 seconds
INFO:root:CM_505_191_2_1 - Betweenness: 0.0052 seconds
INFO:root:CM_510_253_2_1 - RAND2: 0.0072 seconds
INFO:root:CM_510_253_2_1 - DIAM: 0.9192 seconds
INFO:root:CM_510_253_2_1 - Abra: 0.1088 seconds
INFO:root:CM_510_253_2_1 - Betweenness: 0.0121 seconds
INFO:root:CM_515_249_2_1 - RAND2: 0.0067 seconds
INFO:root:CM_515_249_2_1 - DIAM: 0.8887 seconds
INFO:root:CM_515_249_2_1 - Abra: 0.0982 seconds
INFO:root:CM_515_249_2_1 - Betweenness: 0.0084 seconds
INFO:root:CM_520_226_2_1 - RAND2: 0.0058 seconds
INFO:root:CM_520_226_2_1 - DIAM: 0.7643 seconds
INFO:root:CM_520_226_2_1 - Abra: 0.0806 seconds
INFO:root:CM_520_226_2_1 - Betweenness: 0.0110 seconds
INFO:root:CM_525_244_2_1 - RAND2: 0.0075 seconds
INFO:root:CM_525_244_2_1 - DIAM: 0.8841 seconds
INFO:root:CM_525_244_2_1 - Abra: 0.1272 seconds
INFO:root:CM_525_244_2_1 - Betweenness: 0.0097 seconds
INFO:root:CM_530_209_2_1 - RAND2: 0.0099 seconds
INFO:root:CM_530_209_2_1 - DIAM: 0.7002 seconds
INFO:root:CM_530_209_2_1 - Abra: 0.0557 seconds
INFO:root:CM_530_209_2_1 - Betweenness: 0.0063 seconds
INFO:root:CM_535_152_2_1 - RAND2: 0.0038 seconds
INFO:root:CM_535_152_2_1 - DIAM: 0.4522 seconds
INFO:root:CM_535_152_2_1 - Abra: 0.0266 seconds
INFO:root:CM_535_152_2_1 - Betweenness: 0.0055 seconds
INFO:root:CM_540_159_2_1 - RAND2: 0.0043 seconds
INFO:root:CM_540_159_2_1 - DIAM: 0.5182 seconds
INFO:root:CM_540_159_2_1 - Abra: 0.0461 seconds
INFO:root:CM_540_159_2_1 - Betweenness: 0.0055 seconds
INFO:root:CM_545_269_2_1 - RAND2: 0.0081 seconds
INFO:root:CM_545_269_2_1 - DIAM: 1.0602 seconds
INFO:root:CM_545_269_2_1 - Abra: 0.1102 seconds
INFO:root:CM_545_269_2_1 - Betweenness: 0.0131 seconds
INFO:root:CM_550_274_2_1 - RAND2: 0.0094 seconds
INFO:root:CM_550_274_2_1 - DIAM: 1.2304 seconds
INFO:root:CM_550_274_2_1 - Abra: 0.1165 seconds
INFO:root:CM_550_274_2_1 - Betweenness: 0.0125 seconds
INFO:root:CM_555_122_2_1 - RAND2: 0.0039 seconds
INFO:root:CM_555_122_2_1 - DIAM: 0.3616 seconds
INFO:root:CM_555_122_2_1 - Abra: 0.0185 seconds
INFO:root:CM_555_122_2_1 - Betweenness: 0.0052 seconds
INFO:root:CM_560_71_2_1 - RAND2: 0.0029 seconds
INFO:root:CM_560_71_2_1 - DIAM: 0.2740 seconds
INFO:root:CM_560_71_2_1 - Abra: 0.0085 seconds
INFO:root:CM_560_71_2_1 - Betweenness: 0.0026 seconds
INFO:root:CM_565_193_2_1 - RAND2: 0.0053 seconds
INFO:root:CM_565_193_2_1 - DIAM: 0.6160 seconds
INFO:root:CM_565_193_2_1 - Abra: 0.0428 seconds
INFO:root:CM_565_193_2_1 - Betweenness: 0.0086 seconds
INFO:root:CM_570_244_2_1 - RAND2: 0.0070 seconds
INFO:root:CM_570_244_2_1 - DIAM: 0.8277 seconds
INFO:root:CM_570_244_2_1 - Abra: 0.0882 seconds
INFO:root:CM_570_244_2_1 - Betweenness: 0.0091 seconds
INFO:root:CM_575_154_2_1 - RAND2: 0.0037 seconds
INFO:root:CM_575_154_2_1 - DIAM: 0.4372 seconds
INFO:root:CM_575_154_2_1 - Abra: 0.0255 seconds
INFO:root:CM_575_154_2_1 - Betweenness: 0.0054 seconds
INFO:root:CM_580_287_2_1 - RAND2: 0.0096 seconds
INFO:root:CM_580_287_2_1 - DIAM: 1.2881 seconds
INFO:root:CM_580_287_2_1 - Abra: 0.1287 seconds
INFO:root:CM_580_287_2_1 - Betweenness: 0.0140 seconds
INFO:root:CM_585_186_2_1 - RAND2: 0.0060 seconds
INFO:root:CM_585_186_2_1 - DIAM: 0.6029 seconds
INFO:root:CM_585_186_2_1 - Abra: 0.0343 seconds
INFO:root:CM_585_186_2_1 - Betweenness: 0.0067 seconds
INFO:root:CM_590_227_2_1 - RAND2: 0.0067 seconds
INFO:root:CM_590_227_2_1 - DIAM: 0.7380 seconds
INFO:root:CM_590_227_2_1 - Abra: 0.0874 seconds
INFO:root:CM_590_227_2_1 - Betweenness: 0.0081 seconds
INFO:root:CM_595_283_2_1 - RAND2: 0.0092 seconds
INFO:root:CM_595_283_2_1 - DIAM: 1.1801 seconds
INFO:root:CM_595_283_2_1 - Abra: 0.1145 seconds
INFO:root:CM_595_283_2_1 - Betweenness: 0.0115 seconds
