INFO:root:Started
INFO:root:ER_100_4_8_1 - RAND2: 0.0023 seconds
INFO:root:ER_100_4_8_1 - DIAM: 0.3653 seconds
INFO:root:ER_100_4_8_1 - Abra: 0.0393 seconds
INFO:root:ER_100_4_8_1 - Betweenness: 0.0017 seconds
INFO:root:ER_101_4_8_1 - RAND2: 0.0009 seconds
INFO:root:ER_101_4_8_1 - DIAM: 0.3427 seconds
INFO:root:ER_101_4_8_1 - Abra: 0.0229 seconds
INFO:root:ER_101_4_8_1 - Betweenness: 0.0016 seconds
INFO:root:ER_101_5_8_1 - RAND2: 0.0009 seconds
INFO:root:ER_101_5_8_1 - DIAM: 0.3551 seconds
INFO:root:ER_101_5_8_1 - Abra: 0.0521 seconds
INFO:root:ER_101_5_8_1 - Betweenness: 0.0025 seconds
INFO:root:ER_103_4_8_1 - RAND2: 0.0013 seconds
INFO:root:ER_103_4_8_1 - DIAM: 0.3362 seconds
INFO:root:ER_103_4_8_1 - Abra: 0.0374 seconds
INFO:root:ER_103_4_8_1 - Betweenness: 0.0018 seconds
INFO:root:ER_103_5_8_1 - RAND2: 0.0009 seconds
INFO:root:ER_103_5_8_1 - DIAM: 0.2999 seconds
INFO:root:ER_103_5_8_1 - Abra: 0.0392 seconds
INFO:root:ER_103_5_8_1 - Betweenness: 0.0015 seconds
INFO:root:ER_104_4_8_1 - RAND2: 0.0014 seconds
INFO:root:ER_104_4_8_1 - DIAM: 0.3262 seconds
INFO:root:ER_104_4_8_1 - Abra: 0.0136 seconds
INFO:root:ER_104_4_8_1 - Betweenness: 0.0018 seconds
INFO:root:ER_104_5_8_1 - RAND2: 0.0009 seconds
INFO:root:ER_104_5_8_1 - DIAM: 0.3197 seconds
INFO:root:ER_104_5_8_1 - Abra: 0.0374 seconds
INFO:root:ER_104_5_8_1 - Betweenness: 0.0015 seconds
INFO:root:ER_105_4_8_1 - RAND2: 0.0010 seconds
INFO:root:ER_105_4_8_1 - DIAM: 0.3188 seconds
INFO:root:ER_105_4_8_1 - Abra: 0.0409 seconds
INFO:root:ER_105_4_8_1 - Betweenness: 0.0016 seconds
INFO:root:ER_105_5_8_1 - RAND2: 0.0009 seconds
INFO:root:ER_105_5_8_1 - DIAM: 0.3175 seconds
INFO:root:ER_105_5_8_1 - Abra: 0.0358 seconds
INFO:root:ER_105_5_8_1 - Betweenness: 0.0017 seconds
INFO:root:ER_107_4_8_1 - RAND2: 0.0010 seconds
INFO:root:ER_107_4_8_1 - DIAM: 0.3500 seconds
INFO:root:ER_107_4_8_1 - Abra: 0.0423 seconds
INFO:root:ER_107_4_8_1 - Betweenness: 0.0016 seconds
INFO:root:ER_108_4_8_1 - RAND2: 0.0011 seconds
INFO:root:ER_108_4_8_1 - DIAM: 0.3521 seconds
INFO:root:ER_108_4_8_1 - Abra: 0.0538 seconds
INFO:root:ER_108_4_8_1 - Betweenness: 0.0022 seconds
INFO:root:ER_108_5_8_1 - RAND2: 0.0021 seconds
INFO:root:ER_108_5_8_1 - DIAM: 0.4000 seconds
INFO:root:ER_108_5_8_1 - Abra: 0.0392 seconds
INFO:root:ER_108_5_8_1 - Betweenness: 0.0016 seconds
INFO:root:ER_110_4_8_1 - RAND2: 0.0011 seconds
INFO:root:ER_110_4_8_1 - DIAM: 0.3515 seconds
INFO:root:ER_110_4_8_1 - Abra: 0.0230 seconds
INFO:root:ER_110_4_8_1 - Betweenness: 0.0018 seconds
INFO:root:ER_111_4_8_1 - RAND2: 0.0011 seconds
INFO:root:ER_111_4_8_1 - DIAM: 0.3384 seconds
INFO:root:ER_111_4_8_1 - Abra: 0.0380 seconds
INFO:root:ER_111_4_8_1 - Betweenness: 0.0017 seconds
INFO:root:ER_111_5_8_1 - RAND2: 0.0010 seconds
INFO:root:ER_111_5_8_1 - DIAM: 0.3339 seconds
INFO:root:ER_111_5_8_1 - Abra: 0.0384 seconds
INFO:root:ER_111_5_8_1 - Betweenness: 0.0017 seconds
INFO:root:ER_113_4_8_1 - RAND2: 0.0012 seconds
INFO:root:ER_113_4_8_1 - DIAM: 0.3673 seconds
INFO:root:ER_113_4_8_1 - Abra: 0.0439 seconds
INFO:root:ER_113_4_8_1 - Betweenness: 0.0019 seconds
INFO:root:ER_113_5_8_1 - RAND2: 0.0011 seconds
INFO:root:ER_113_5_8_1 - DIAM: 0.3521 seconds
INFO:root:ER_113_5_8_1 - Abra: 0.0380 seconds
INFO:root:ER_113_5_8_1 - Betweenness: 0.0017 seconds
INFO:root:ER_114_4_8_1 - RAND2: 0.0012 seconds
INFO:root:ER_114_4_8_1 - DIAM: 0.3834 seconds
INFO:root:ER_114_4_8_1 - Abra: 0.0380 seconds
INFO:root:ER_114_4_8_1 - Betweenness: 0.0038 seconds
INFO:root:ER_114_5_8_1 - RAND2: 0.0012 seconds
INFO:root:ER_114_5_8_1 - DIAM: 0.3707 seconds
INFO:root:ER_114_5_8_1 - Abra: 0.1257 seconds
INFO:root:ER_114_5_8_1 - Betweenness: 0.0036 seconds
INFO:root:ER_116_4_8_1 - RAND2: 0.0024 seconds
INFO:root:ER_116_4_8_1 - DIAM: 0.4378 seconds
INFO:root:ER_116_4_8_1 - Abra: 0.0216 seconds
INFO:root:ER_116_4_8_1 - Betweenness: 0.0045 seconds
INFO:root:ER_116_5_8_1 - RAND2: 0.0016 seconds
INFO:root:ER_116_5_8_1 - DIAM: 0.4310 seconds
INFO:root:ER_116_5_8_1 - Abra: 0.0194 seconds
INFO:root:ER_116_5_8_1 - Betweenness: 0.0017 seconds
INFO:root:ER_118_4_8_1 - RAND2: 0.0013 seconds
INFO:root:ER_118_4_8_1 - DIAM: 0.4030 seconds
INFO:root:ER_118_4_8_1 - Abra: 0.0353 seconds
INFO:root:ER_118_4_8_1 - Betweenness: 0.0021 seconds
INFO:root:ER_118_5_8_1 - RAND2: 0.0014 seconds
INFO:root:ER_118_5_8_1 - DIAM: 0.3964 seconds
INFO:root:ER_118_5_8_1 - Abra: 0.0403 seconds
INFO:root:ER_118_5_8_1 - Betweenness: 0.0020 seconds
INFO:root:ER_119_4_8_1 - RAND2: 0.0012 seconds
INFO:root:ER_119_4_8_1 - DIAM: 0.3608 seconds
INFO:root:ER_119_4_8_1 - Abra: 0.0678 seconds
INFO:root:ER_119_4_8_1 - Betweenness: 0.0021 seconds
INFO:root:ER_119_5_8_1 - RAND2: 0.0011 seconds
INFO:root:ER_119_5_8_1 - DIAM: 0.3817 seconds
INFO:root:ER_119_5_8_1 - Abra: 0.0343 seconds
INFO:root:ER_119_5_8_1 - Betweenness: 0.0019 seconds
INFO:root:ER_121_4_8_1 - RAND2: 0.0012 seconds
INFO:root:ER_121_4_8_1 - DIAM: 0.3829 seconds
INFO:root:ER_121_4_8_1 - Abra: 0.0422 seconds
INFO:root:ER_121_4_8_1 - Betweenness: 0.0026 seconds
INFO:root:ER_121_5_8_1 - RAND2: 0.0013 seconds
INFO:root:ER_121_5_8_1 - DIAM: 0.4226 seconds
INFO:root:ER_121_5_8_1 - Abra: 0.0655 seconds
INFO:root:ER_121_5_8_1 - Betweenness: 0.0025 seconds
INFO:root:ER_123_4_8_1 - RAND2: 0.0015 seconds
INFO:root:ER_123_4_8_1 - DIAM: 0.4001 seconds
INFO:root:ER_123_4_8_1 - Abra: 0.0401 seconds
INFO:root:ER_123_4_8_1 - Betweenness: 0.0020 seconds
INFO:root:ER_123_5_8_1 - RAND2: 0.0013 seconds
INFO:root:ER_123_5_8_1 - DIAM: 0.3845 seconds
INFO:root:ER_123_5_8_1 - Abra: 0.0558 seconds
INFO:root:ER_123_5_8_1 - Betweenness: 0.0023 seconds
INFO:root:ER_125_4_8_1 - RAND2: 0.0017 seconds
INFO:root:ER_125_4_8_1 - DIAM: 0.3879 seconds
INFO:root:ER_125_4_8_1 - Abra: 0.0383 seconds
INFO:root:ER_125_4_8_1 - Betweenness: 0.0022 seconds
INFO:root:ER_125_5_8_1 - RAND2: 0.0013 seconds
INFO:root:ER_125_5_8_1 - DIAM: 0.3760 seconds
INFO:root:ER_125_5_8_1 - Abra: 0.0400 seconds
INFO:root:ER_125_5_8_1 - Betweenness: 0.0044 seconds
INFO:root:ER_127_4_8_1 - RAND2: 0.0013 seconds
INFO:root:ER_127_4_8_1 - DIAM: 0.3849 seconds
INFO:root:ER_127_4_8_1 - Abra: 0.0380 seconds
INFO:root:ER_127_4_8_1 - Betweenness: 0.0021 seconds
INFO:root:ER_127_5_8_1 - RAND2: 0.0014 seconds
INFO:root:ER_127_5_8_1 - DIAM: 0.3913 seconds
INFO:root:ER_127_5_8_1 - Abra: 0.0352 seconds
INFO:root:ER_127_5_8_1 - Betweenness: 0.0021 seconds
INFO:root:ER_129_4_8_1 - RAND2: 0.0015 seconds
INFO:root:ER_129_4_8_1 - DIAM: 0.4070 seconds
INFO:root:ER_129_4_8_1 - Abra: 0.0370 seconds
INFO:root:ER_129_4_8_1 - Betweenness: 0.0025 seconds
INFO:root:ER_129_5_8_1 - RAND2: 0.0013 seconds
INFO:root:ER_129_5_8_1 - DIAM: 0.4443 seconds
INFO:root:ER_129_5_8_1 - Abra: 0.0687 seconds
INFO:root:ER_129_5_8_1 - Betweenness: 0.0028 seconds
INFO:root:ER_129_6_8_1 - RAND2: 0.0013 seconds
INFO:root:ER_129_6_8_1 - DIAM: 0.3930 seconds
INFO:root:ER_129_6_8_1 - Abra: 0.0383 seconds
INFO:root:ER_129_6_8_1 - Betweenness: 0.0024 seconds
INFO:root:ER_131_5_8_1 - RAND2: 0.0016 seconds
INFO:root:ER_131_5_8_1 - DIAM: 0.4107 seconds
INFO:root:ER_131_5_8_1 - Abra: 0.0449 seconds
INFO:root:ER_131_5_8_1 - Betweenness: 0.0024 seconds
INFO:root:ER_133_4_8_1 - RAND2: 0.0017 seconds
INFO:root:ER_133_4_8_1 - DIAM: 0.4321 seconds
INFO:root:ER_133_4_8_1 - Abra: 0.0362 seconds
INFO:root:ER_133_4_8_1 - Betweenness: 0.0030 seconds
INFO:root:ER_133_5_8_1 - RAND2: 0.0016 seconds
INFO:root:ER_133_5_8_1 - DIAM: 0.4288 seconds
INFO:root:ER_133_5_8_1 - Abra: 0.0314 seconds
INFO:root:ER_133_5_8_1 - Betweenness: 0.0028 seconds
INFO:root:ER_136_4_8_1 - RAND2: 0.0016 seconds
INFO:root:ER_136_4_8_1 - DIAM: 0.4369 seconds
INFO:root:ER_136_4_8_1 - Abra: 0.0073 seconds
INFO:root:ER_136_4_8_1 - Betweenness: 0.0027 seconds
INFO:root:ER_136_5_8_1 - RAND2: 0.0017 seconds
INFO:root:ER_136_5_8_1 - DIAM: 0.4404 seconds
INFO:root:ER_136_5_8_1 - Abra: 0.0075 seconds
INFO:root:ER_136_5_8_1 - Betweenness: 0.0025 seconds
INFO:root:ER_138_4_8_1 - RAND2: 0.0019 seconds
INFO:root:ER_138_4_8_1 - DIAM: 0.5073 seconds
INFO:root:ER_138_4_8_1 - Abra: 0.0708 seconds
INFO:root:ER_138_4_8_1 - Betweenness: 0.0031 seconds
INFO:root:ER_138_5_8_1 - RAND2: 0.0017 seconds
INFO:root:ER_138_5_8_1 - DIAM: 0.4593 seconds
INFO:root:ER_138_5_8_1 - Abra: 0.0348 seconds
INFO:root:ER_138_5_8_1 - Betweenness: 0.0031 seconds
INFO:root:ER_140_4_8_1 - RAND2: 0.0018 seconds
INFO:root:ER_140_4_8_1 - DIAM: 0.4500 seconds
INFO:root:ER_140_4_8_1 - Abra: 0.0470 seconds
INFO:root:ER_140_4_8_1 - Betweenness: 0.0027 seconds
INFO:root:ER_140_5_8_1 - RAND2: 0.0018 seconds
INFO:root:ER_140_5_8_1 - DIAM: 0.4286 seconds
INFO:root:ER_140_5_8_1 - Abra: 0.0377 seconds
INFO:root:ER_140_5_8_1 - Betweenness: 0.0027 seconds
INFO:root:ER_143_4_8_1 - RAND2: 0.0019 seconds
INFO:root:ER_143_4_8_1 - DIAM: 0.4740 seconds
INFO:root:ER_143_4_8_1 - Abra: 0.0380 seconds
INFO:root:ER_143_4_8_1 - Betweenness: 0.0027 seconds
INFO:root:ER_143_5_8_1 - RAND2: 0.0017 seconds
INFO:root:ER_143_5_8_1 - DIAM: 0.4530 seconds
INFO:root:ER_143_5_8_1 - Abra: 0.0381 seconds
INFO:root:ER_143_5_8_1 - Betweenness: 0.0027 seconds
INFO:root:ER_145_4_8_1 - RAND2: 0.0022 seconds
INFO:root:ER_145_4_8_1 - DIAM: 0.4933 seconds
INFO:root:ER_145_4_8_1 - Abra: 0.0384 seconds
INFO:root:ER_145_4_8_1 - Betweenness: 0.0035 seconds
INFO:root:ER_145_5_8_1 - RAND2: 0.0020 seconds
INFO:root:ER_145_5_8_1 - DIAM: 0.5072 seconds
INFO:root:ER_145_5_8_1 - Abra: 0.0385 seconds
INFO:root:ER_145_5_8_1 - Betweenness: 0.0026 seconds
INFO:root:ER_148_4_8_1 - RAND2: 0.0019 seconds
INFO:root:ER_148_4_8_1 - DIAM: 0.4815 seconds
INFO:root:ER_148_4_8_1 - Abra: 0.0384 seconds
INFO:root:ER_148_4_8_1 - Betweenness: 0.0033 seconds
INFO:root:ER_148_5_8_1 - RAND2: 0.0022 seconds
INFO:root:ER_148_5_8_1 - DIAM: 0.4435 seconds
INFO:root:ER_148_5_8_1 - Abra: 0.0365 seconds
INFO:root:ER_148_5_8_1 - Betweenness: 0.0027 seconds
INFO:root:ER_151_5_8_1 - RAND2: 0.0022 seconds
INFO:root:ER_151_5_8_1 - DIAM: 0.4556 seconds
INFO:root:ER_151_5_8_1 - Abra: 0.0378 seconds
INFO:root:ER_151_5_8_1 - Betweenness: 0.0033 seconds
INFO:root:ER_154_4_8_1 - RAND2: 0.0020 seconds
INFO:root:ER_154_4_8_1 - DIAM: 0.5102 seconds
INFO:root:ER_154_4_8_1 - Abra: 0.0382 seconds
INFO:root:ER_154_4_8_1 - Betweenness: 0.0032 seconds
INFO:root:ER_154_5_8_1 - RAND2: 0.0020 seconds
INFO:root:ER_154_5_8_1 - DIAM: 0.4774 seconds
INFO:root:ER_154_5_8_1 - Abra: 0.0393 seconds
INFO:root:ER_154_5_8_1 - Betweenness: 0.0030 seconds
INFO:root:ER_157_4_8_1 - RAND2: 0.0020 seconds
INFO:root:ER_157_4_8_1 - DIAM: 0.5315 seconds
INFO:root:ER_157_4_8_1 - Abra: 0.0985 seconds
INFO:root:ER_157_4_8_1 - Betweenness: 0.0037 seconds
INFO:root:ER_157_5_8_1 - RAND2: 0.0022 seconds
INFO:root:ER_157_5_8_1 - DIAM: 0.4583 seconds
INFO:root:ER_157_5_8_1 - Abra: 0.0378 seconds
INFO:root:ER_157_5_8_1 - Betweenness: 0.0036 seconds
INFO:root:ER_160_4_8_1 - RAND2: 0.0022 seconds
INFO:root:ER_160_4_8_1 - DIAM: 0.5086 seconds
INFO:root:ER_160_4_8_1 - Abra: 0.0370 seconds
INFO:root:ER_160_4_8_1 - Betweenness: 0.0043 seconds
INFO:root:ER_160_5_8_1 - RAND2: 0.0021 seconds
INFO:root:ER_160_5_8_1 - DIAM: 0.4717 seconds
INFO:root:ER_160_5_8_1 - Abra: 0.0376 seconds
INFO:root:ER_160_5_8_1 - Betweenness: 0.0033 seconds
INFO:root:ER_163_4_8_1 - RAND2: 0.0022 seconds
INFO:root:ER_163_4_8_1 - DIAM: 0.5010 seconds
INFO:root:ER_163_4_8_1 - Abra: 0.0418 seconds
INFO:root:ER_163_4_8_1 - Betweenness: 0.0034 seconds
INFO:root:ER_163_5_8_1 - RAND2: 0.0023 seconds
INFO:root:ER_163_5_8_1 - DIAM: 0.4993 seconds
INFO:root:ER_163_5_8_1 - Abra: 0.0267 seconds
INFO:root:ER_163_5_8_1 - Betweenness: 0.0036 seconds
INFO:root:ER_167_5_8_1 - RAND2: 0.0023 seconds
INFO:root:ER_167_5_8_1 - DIAM: 0.5242 seconds
INFO:root:ER_167_5_8_1 - Abra: 0.0674 seconds
INFO:root:ER_167_5_8_1 - Betweenness: 0.0059 seconds
INFO:root:ER_16_2_8_1 - RAND2: 0.0002 seconds
INFO:root:ER_16_2_8_1 - DIAM: 0.0542 seconds
INFO:root:ER_16_2_8_1 - Abra: 0.0886 seconds
