INFO:root:Started
INFO:root:Started
INFO:root:ER_182_5_8_1 - RAND2: 0.0092 seconds
INFO:root:ER_182_5_8_1 - DIAM: 0.5733 seconds
INFO:root:ER_182_5_8_1 - Abra: 0.0411 seconds
INFO:root:ER_182_5_8_1 - Betweenness: 0.0053 seconds
INFO:root:ER_186_5_8_1 - RAND2: 0.0021 seconds
INFO:root:ER_186_5_8_1 - DIAM: 0.5706 seconds
INFO:root:ER_186_5_8_1 - Abra: 0.0357 seconds
INFO:root:ER_186_5_8_1 - Betweenness: 0.0066 seconds
INFO:root:ER_190_5_8_1 - RAND2: 0.0074 seconds
INFO:root:ER_190_5_8_1 - DIAM: 0.5675 seconds
INFO:root:ER_190_5_8_1 - Abra: 0.0127 seconds
INFO:root:ER_190_5_8_1 - Betweenness: 0.0048 seconds
INFO:root:ER_195_5_8_1 - RAND2: 0.0021 seconds
INFO:root:ER_195_5_8_1 - DIAM: 0.5706 seconds
INFO:root:ER_195_5_8_1 - Abra: 0.0673 seconds
INFO:root:ER_195_5_8_1 - Betweenness: 0.0045 seconds
INFO:root:ER_200_5_8_1 - RAND2: 0.0021 seconds
INFO:root:ER_200_5_8_1 - DIAM: 0.5544 seconds
INFO:root:ER_200_5_8_1 - Abra: 0.0352 seconds
INFO:root:ER_200_5_8_1 - Betweenness: 0.0044 seconds
INFO:root:ER_205_5_8_1 - RAND2: 0.0025 seconds
INFO:root:ER_205_5_8_1 - DIAM: 0.6649 seconds
INFO:root:ER_205_5_8_1 - Abra: 0.0434 seconds
INFO:root:ER_205_5_8_1 - Betweenness: 0.0055 seconds
INFO:root:ER_211_5_8_1 - RAND2: 0.0026 seconds
INFO:root:ER_211_5_8_1 - DIAM: 0.6490 seconds
INFO:root:ER_211_5_8_1 - Abra: 0.0361 seconds
INFO:root:ER_211_5_8_1 - Betweenness: 0.0052 seconds
INFO:root:ER_216_6_8_1 - RAND2: 0.0025 seconds
INFO:root:ER_216_6_8_1 - DIAM: 0.7619 seconds
INFO:root:ER_216_6_8_1 - Abra: 0.0339 seconds
INFO:root:ER_216_6_8_1 - Betweenness: 0.0072 seconds
INFO:root:ER_222_5_8_1 - RAND2: 0.0030 seconds
INFO:root:ER_222_5_8_1 - DIAM: 0.6855 seconds
INFO:root:ER_222_5_8_1 - Abra: 0.0366 seconds
INFO:root:ER_222_5_8_1 - Betweenness: 0.0071 seconds
INFO:root:ER_229_5_8_1 - RAND2: 0.0032 seconds
INFO:root:ER_229_5_8_1 - DIAM: 0.7380 seconds
INFO:root:ER_229_5_8_1 - Abra: 0.0120 seconds
INFO:root:ER_229_5_8_1 - Betweenness: 0.0093 seconds
INFO:root:ER_235_5_8_1 - RAND2: 0.0032 seconds
INFO:root:ER_235_5_8_1 - DIAM: 0.7834 seconds
INFO:root:ER_235_5_8_1 - Abra: 0.0247 seconds
INFO:root:ER_235_5_8_1 - Betweenness: 0.0072 seconds
INFO:root:ER_242_6_8_1 - RAND2: 0.0033 seconds
INFO:root:ER_242_6_8_1 - DIAM: 0.8273 seconds
INFO:root:ER_242_6_8_1 - Abra: 0.0351 seconds
INFO:root:ER_242_6_8_1 - Betweenness: 0.0115 seconds
INFO:root:ER_250_5_8_1 - RAND2: 0.0035 seconds
INFO:root:ER_250_5_8_1 - DIAM: 0.9872 seconds
INFO:root:ER_250_5_8_1 - Abra: 0.0123 seconds
INFO:root:ER_250_5_8_1 - Betweenness: 0.0078 seconds
INFO:root:ER_258_5_8_1 - RAND2: 0.0036 seconds
INFO:root:ER_258_5_8_1 - DIAM: 0.9929 seconds
INFO:root:ER_258_5_8_1 - Abra: 0.0364 seconds
INFO:root:ER_258_5_8_1 - Betweenness: 0.0088 seconds
INFO:root:ER_267_5_8_1 - RAND2: 0.0043 seconds
INFO:root:ER_267_5_8_1 - DIAM: 0.8840 seconds
INFO:root:ER_267_5_8_1 - Abra: 0.0690 seconds
INFO:root:ER_267_5_8_1 - Betweenness: 0.0088 seconds
INFO:root:ER_276_5_8_1 - RAND2: 0.0045 seconds
INFO:root:ER_276_5_8_1 - DIAM: 0.9380 seconds
INFO:root:ER_276_5_8_1 - Abra: 0.0227 seconds
INFO:root:ER_276_5_8_1 - Betweenness: 0.0096 seconds
INFO:root:ER_286_5_8_1 - RAND2: 0.0049 seconds
INFO:root:ER_286_5_8_1 - DIAM: 0.9261 seconds
INFO:root:ER_286_5_8_1 - Abra: 0.0388 seconds
INFO:root:ER_286_5_8_1 - Betweenness: 0.0161 seconds
INFO:root:ER_296_5_8_1 - RAND2: 0.0049 seconds
INFO:root:ER_296_5_8_1 - DIAM: 0.9753 seconds
INFO:root:ER_296_5_8_1 - Abra: 0.0697 seconds
INFO:root:ER_296_5_8_1 - Betweenness: 0.0115 seconds
INFO:root:ER_308_6_8_1 - RAND2: 0.0056 seconds
INFO:root:ER_308_6_8_1 - DIAM: 1.1621 seconds
INFO:root:ER_308_6_8_1 - Abra: 0.0205 seconds
INFO:root:ER_308_6_8_1 - Betweenness: 0.0123 seconds
INFO:root:ER_320_5_8_1 - RAND2: 0.0059 seconds
INFO:root:ER_320_5_8_1 - DIAM: 0.9979 seconds
INFO:root:ER_320_5_8_1 - Abra: 0.0276 seconds
INFO:root:ER_320_5_8_1 - Betweenness: 0.0172 seconds
INFO:root:ER_333_5_8_1 - RAND2: 0.0061 seconds
INFO:root:ER_333_5_8_1 - DIAM: 1.0540 seconds
INFO:root:ER_333_5_8_1 - Abra: 0.0390 seconds
INFO:root:ER_333_5_8_1 - Betweenness: 0.0124 seconds
INFO:root:ER_348_5_8_1 - RAND2: 0.0076 seconds
INFO:root:ER_348_5_8_1 - DIAM: 1.0740 seconds
INFO:root:ER_348_5_8_1 - Abra: 0.0489 seconds
INFO:root:ER_348_5_8_1 - Betweenness: 0.0162 seconds
INFO:root:ER_364_5_8_1 - RAND2: 0.0074 seconds
INFO:root:ER_364_5_8_1 - DIAM: 1.4338 seconds
INFO:root:ER_364_5_8_1 - Abra: 0.0844 seconds
INFO:root:ER_364_5_8_1 - Betweenness: 0.0214 seconds
INFO:root:ER_381_5_8_1 - RAND2: 0.0200 seconds
INFO:root:ER_381_5_8_1 - DIAM: 1.2422 seconds
INFO:root:ER_381_5_8_1 - Abra: 0.0435 seconds
INFO:root:ER_381_5_8_1 - Betweenness: 0.0207 seconds
INFO:root:ER_400_5_8_1 - RAND2: 0.0094 seconds
INFO:root:ER_400_5_8_1 - DIAM: 1.2732 seconds
INFO:root:ER_400_5_8_1 - Abra: 0.0438 seconds
INFO:root:ER_400_5_8_1 - Betweenness: 0.0200 seconds
INFO:root:ER_421_6_8_1 - RAND2: 0.0105 seconds
INFO:root:ER_421_6_8_1 - DIAM: 1.6145 seconds
INFO:root:ER_421_6_8_1 - Abra: 0.0362 seconds
INFO:root:ER_421_6_8_1 - Betweenness: 0.0199 seconds
INFO:root:ER_444_6_8_1 - RAND2: 0.0111 seconds
INFO:root:ER_444_6_8_1 - DIAM: 1.4280 seconds
INFO:root:ER_444_6_8_1 - Abra: 0.0371 seconds
INFO:root:ER_444_6_8_1 - Betweenness: 0.0255 seconds
INFO:root:ER_471_6_8_1 - RAND2: 0.0127 seconds
INFO:root:ER_471_6_8_1 - DIAM: 1.7062 seconds
INFO:root:ER_471_6_8_1 - Abra: 0.0370 seconds
INFO:root:ER_471_6_8_1 - Betweenness: 0.0328 seconds
INFO:root:ER_500_6_8_1 - RAND2: 0.0143 seconds
INFO:root:ER_500_6_8_1 - DIAM: 1.9018 seconds
INFO:root:ER_500_6_8_1 - Abra: 0.0352 seconds
INFO:root:ER_500_6_8_1 - Betweenness: 0.0406 seconds
INFO:root:ER_533_6_8_1 - RAND2: 0.0166 seconds
INFO:root:ER_533_6_8_1 - DIAM: 2.0234 seconds
INFO:root:ER_533_6_8_1 - Abra: 0.0409 seconds
INFO:root:ER_533_6_8_1 - Betweenness: 0.0457 seconds
INFO:root:ER_571_6_8_1 - RAND2: 0.0188 seconds
INFO:root:ER_571_6_8_1 - DIAM: 2.1640 seconds
INFO:root:ER_571_6_8_1 - Abra: 0.0404 seconds
INFO:root:ER_571_6_8_1 - Betweenness: 0.0388 seconds
INFO:root:ER_615_6_8_1 - RAND2: 0.0211 seconds
INFO:root:ER_615_6_8_1 - DIAM: 2.3517 seconds
INFO:root:ER_615_6_8_1 - Abra: 0.0642 seconds
INFO:root:ER_615_6_8_1 - Betweenness: 0.0452 seconds
INFO:root:ER_667_6_8_1 - RAND2: 0.0241 seconds
INFO:root:ER_667_6_8_1 - DIAM: 2.3944 seconds
INFO:root:ER_667_6_8_1 - Abra: 0.0179 seconds
INFO:root:ER_667_6_8_1 - Betweenness: 0.0663 seconds
INFO:root:ER_727_6_8_1 - RAND2: 0.0280 seconds
INFO:root:ER_727_6_8_1 - DIAM: 2.5363 seconds
INFO:root:ER_727_6_8_1 - Abra: 0.0239 seconds
INFO:root:ER_727_6_8_1 - Betweenness: 0.0704 seconds
INFO:root:ER_800_7_8_1 - RAND2: 0.0339 seconds
INFO:root:ER_800_7_8_1 - DIAM: 2.7165 seconds
INFO:root:ER_800_7_8_1 - Abra: 0.0454 seconds
INFO:root:ER_800_7_8_1 - Betweenness: 0.0663 seconds
