INFO:root:Started
INFO:root:ER_100_4_8_1 - RAND2: 0.0023 seconds
INFO:root:ER_100_4_8_1 - DIAM: 0.3287 seconds
INFO:root:ER_100_4_8_1 - Abra: 0.0408 seconds
INFO:root:ER_100_4_8_1 - Betweenness: 0.0018 seconds
INFO:root:ER_101_4_8_1 - RAND2: 0.0010 seconds
INFO:root:ER_101_4_8_1 - DIAM: 0.3191 seconds
INFO:root:ER_101_4_8_1 - Abra: 0.0446 seconds
INFO:root:ER_101_4_8_1 - Betweenness: 0.0015 seconds
INFO:root:ER_101_5_8_1 - RAND2: 0.0009 seconds
INFO:root:ER_101_5_8_1 - DIAM: 0.3062 seconds
INFO:root:ER_101_5_8_1 - Abra: 0.0477 seconds
INFO:root:ER_101_5_8_1 - Betweenness: 0.0026 seconds
INFO:root:ER_103_4_8_1 - RAND2: 0.0009 seconds
INFO:root:ER_103_4_8_1 - DIAM: 0.3202 seconds
INFO:root:ER_103_4_8_1 - Abra: 0.0303 seconds
INFO:root:ER_103_4_8_1 - Betweenness: 0.0018 seconds
INFO:root:ER_103_5_8_1 - RAND2: 0.0010 seconds
INFO:root:ER_103_5_8_1 - DIAM: 0.3282 seconds
INFO:root:ER_103_5_8_1 - Abra: 0.0633 seconds
INFO:root:ER_103_5_8_1 - Betweenness: 0.0022 seconds
INFO:root:ER_104_4_8_1 - RAND2: 0.0012 seconds
INFO:root:ER_104_4_8_1 - DIAM: 0.3358 seconds
INFO:root:ER_104_4_8_1 - Abra: 0.0213 seconds
INFO:root:ER_104_4_8_1 - Betweenness: 0.0016 seconds
INFO:root:ER_105_4_8_1 - RAND2: 0.0010 seconds
INFO:root:ER_105_4_8_1 - DIAM: 0.3008 seconds
INFO:root:ER_105_4_8_1 - Abra: 0.0655 seconds
INFO:root:ER_105_4_8_1 - Betweenness: 0.0027 seconds
INFO:root:ER_105_5_8_1 - RAND2: 0.0010 seconds
INFO:root:ER_105_5_8_1 - DIAM: 0.3071 seconds
INFO:root:ER_105_5_8_1 - Abra: 0.0341 seconds
INFO:root:ER_105_5_8_1 - Betweenness: 0.0016 seconds
INFO:root:ER_107_4_8_1 - RAND2: 0.0010 seconds
INFO:root:ER_107_4_8_1 - DIAM: 0.3446 seconds
INFO:root:ER_107_4_8_1 - Abra: 0.0671 seconds
INFO:root:ER_107_4_8_1 - Betweenness: 0.0037 seconds
INFO:root:ER_108_4_8_1 - RAND2: 0.0026 seconds
INFO:root:ER_108_4_8_1 - DIAM: 0.3713 seconds
INFO:root:ER_108_4_8_1 - Abra: 0.0353 seconds
INFO:root:ER_108_4_8_1 - Betweenness: 0.0018 seconds
INFO:root:ER_108_5_8_1 - RAND2: 0.0011 seconds
INFO:root:ER_108_5_8_1 - DIAM: 0.3260 seconds
INFO:root:ER_108_5_8_1 - Abra: 0.0360 seconds
INFO:root:ER_108_5_8_1 - Betweenness: 0.0019 seconds
INFO:root:ER_110_4_8_1 - RAND2: 0.0012 seconds
INFO:root:ER_110_4_8_1 - DIAM: 0.3901 seconds
INFO:root:ER_110_4_8_1 - Abra: 0.0340 seconds
INFO:root:ER_110_4_8_1 - Betweenness: 0.0029 seconds
INFO:root:ER_111_4_8_1 - RAND2: 0.0026 seconds
INFO:root:ER_111_4_8_1 - DIAM: 0.3529 seconds
INFO:root:ER_111_4_8_1 - Abra: 0.0373 seconds
INFO:root:ER_111_4_8_1 - Betweenness: 0.0017 seconds
INFO:root:ER_113_4_8_1 - RAND2: 0.0011 seconds
INFO:root:ER_113_4_8_1 - DIAM: 0.3609 seconds
INFO:root:ER_113_4_8_1 - Abra: 0.0351 seconds
INFO:root:ER_113_4_8_1 - Betweenness: 0.0019 seconds
INFO:root:ER_114_5_8_1 - RAND2: 0.0012 seconds
INFO:root:ER_114_5_8_1 - DIAM: 0.3709 seconds
INFO:root:ER_114_5_8_1 - Abra: 0.0652 seconds
INFO:root:ER_114_5_8_1 - Betweenness: 0.0020 seconds
INFO:root:ER_116_5_8_1 - RAND2: 0.0012 seconds
INFO:root:ER_116_5_8_1 - DIAM: 0.3973 seconds
INFO:root:ER_116_5_8_1 - Abra: 0.0199 seconds
INFO:root:ER_116_5_8_1 - Betweenness: 0.0023 seconds
INFO:root:ER_118_4_8_1 - RAND2: 0.0012 seconds
INFO:root:ER_118_4_8_1 - DIAM: 0.3949 seconds
INFO:root:ER_118_4_8_1 - Abra: 0.0340 seconds
INFO:root:ER_118_4_8_1 - Betweenness: 0.0018 seconds
INFO:root:ER_119_4_8_1 - RAND2: 0.0012 seconds
INFO:root:ER_119_4_8_1 - DIAM: 0.3617 seconds
INFO:root:ER_119_4_8_1 - Abra: 0.0316 seconds
INFO:root:ER_119_4_8_1 - Betweenness: 0.0021 seconds
INFO:root:ER_121_4_8_1 - RAND2: 0.0014 seconds
INFO:root:ER_121_4_8_1 - DIAM: 0.3726 seconds
INFO:root:ER_121_4_8_1 - Abra: 0.0351 seconds
INFO:root:ER_121_4_8_1 - Betweenness: 0.0019 seconds
INFO:root:ER_123_4_8_1 - RAND2: 0.0014 seconds
INFO:root:ER_123_4_8_1 - DIAM: 0.3813 seconds
INFO:root:ER_123_4_8_1 - Abra: 0.0460 seconds
INFO:root:ER_123_4_8_1 - Betweenness: 0.0019 seconds
INFO:root:ER_123_5_8_1 - RAND2: 0.0014 seconds
INFO:root:ER_123_5_8_1 - DIAM: 0.3965 seconds
INFO:root:ER_123_5_8_1 - Abra: 0.0336 seconds
INFO:root:ER_123_5_8_1 - Betweenness: 0.0021 seconds
INFO:root:ER_125_4_8_1 - RAND2: 0.0014 seconds
INFO:root:ER_125_4_8_1 - DIAM: 0.3910 seconds
INFO:root:ER_125_4_8_1 - Abra: 0.0670 seconds
INFO:root:ER_125_4_8_1 - Betweenness: 0.0020 seconds
INFO:root:ER_127_4_8_1 - RAND2: 0.0014 seconds
INFO:root:ER_127_4_8_1 - DIAM: 0.3942 seconds
INFO:root:ER_127_4_8_1 - Abra: 0.0361 seconds
INFO:root:ER_127_4_8_1 - Betweenness: 0.0021 seconds
INFO:root:ER_127_5_8_1 - RAND2: 0.0014 seconds
INFO:root:ER_127_5_8_1 - DIAM: 0.4064 seconds
INFO:root:ER_127_5_8_1 - Abra: 0.0348 seconds
INFO:root:ER_127_5_8_1 - Betweenness: 0.0021 seconds
INFO:root:ER_129_4_8_1 - RAND2: 0.0014 seconds
INFO:root:ER_129_4_8_1 - DIAM: 0.4088 seconds
INFO:root:ER_129_4_8_1 - Abra: 0.0353 seconds
INFO:root:ER_129_4_8_1 - Betweenness: 0.0052 seconds
INFO:root:ER_129_5_8_1 - RAND2: 0.0013 seconds
INFO:root:ER_129_5_8_1 - DIAM: 0.3986 seconds
INFO:root:ER_129_5_8_1 - Abra: 0.0512 seconds
INFO:root:ER_129_5_8_1 - Betweenness: 0.0025 seconds
INFO:root:ER_131_5_8_1 - RAND2: 0.0014 seconds
INFO:root:ER_131_5_8_1 - DIAM: 0.3800 seconds
INFO:root:ER_131_5_8_1 - Abra: 0.0654 seconds
INFO:root:ER_131_5_8_1 - Betweenness: 0.0025 seconds
INFO:root:ER_133_5_8_1 - RAND2: 0.0020 seconds
INFO:root:ER_133_5_8_1 - DIAM: 0.4063 seconds
INFO:root:ER_133_5_8_1 - Abra: 0.0360 seconds
INFO:root:ER_133_5_8_1 - Betweenness: 0.0027 seconds
INFO:root:ER_136_5_8_1 - RAND2: 0.0018 seconds
INFO:root:ER_136_5_8_1 - DIAM: 0.4427 seconds
INFO:root:ER_136_5_8_1 - Abra: 0.0361 seconds
INFO:root:ER_136_5_8_1 - Betweenness: 0.0027 seconds
INFO:root:ER_138_4_8_1 - RAND2: 0.0016 seconds
INFO:root:ER_138_4_8_1 - DIAM: 0.4092 seconds
INFO:root:ER_138_4_8_1 - Abra: 0.0370 seconds
INFO:root:ER_138_4_8_1 - Betweenness: 0.0025 seconds
INFO:root:ER_138_5_8_1 - RAND2: 0.0015 seconds
INFO:root:ER_138_5_8_1 - DIAM: 0.4271 seconds
INFO:root:ER_138_5_8_1 - Abra: 0.0155 seconds
INFO:root:ER_138_5_8_1 - Betweenness: 0.0022 seconds
INFO:root:ER_140_4_8_1 - RAND2: 0.0018 seconds
INFO:root:ER_140_4_8_1 - DIAM: 0.4460 seconds
INFO:root:ER_140_4_8_1 - Abra: 0.0397 seconds
INFO:root:ER_140_4_8_1 - Betweenness: 0.0023 seconds
INFO:root:ER_143_5_8_1 - RAND2: 0.0021 seconds
INFO:root:ER_143_5_8_1 - DIAM: 0.4676 seconds
INFO:root:ER_143_5_8_1 - Abra: 0.0106 seconds
INFO:root:ER_143_5_8_1 - Betweenness: 0.0030 seconds
INFO:root:ER_145_4_8_1 - RAND2: 0.0022 seconds
INFO:root:ER_145_4_8_1 - DIAM: 0.5064 seconds
INFO:root:ER_145_4_8_1 - Abra: 0.0685 seconds
INFO:root:ER_145_4_8_1 - Betweenness: 0.0074 seconds
INFO:root:ER_145_5_8_1 - RAND2: 0.0025 seconds
INFO:root:ER_145_5_8_1 - DIAM: 0.4692 seconds
INFO:root:ER_145_5_8_1 - Abra: 0.0393 seconds
INFO:root:ER_145_5_8_1 - Betweenness: 0.0033 seconds
INFO:root:ER_148_4_8_1 - RAND2: 0.0019 seconds
INFO:root:ER_148_4_8_1 - DIAM: 0.4569 seconds
INFO:root:ER_148_4_8_1 - Abra: 0.0282 seconds
INFO:root:ER_148_4_8_1 - Betweenness: 0.0128 seconds
INFO:root:ER_148_5_8_1 - RAND2: 0.0018 seconds
INFO:root:ER_148_5_8_1 - DIAM: 0.4922 seconds
INFO:root:ER_148_5_8_1 - Abra: 0.0134 seconds
INFO:root:ER_148_5_8_1 - Betweenness: 0.0028 seconds
INFO:root:ER_151_5_8_1 - RAND2: 0.0021 seconds
INFO:root:ER_151_5_8_1 - DIAM: 0.4746 seconds
INFO:root:ER_151_5_8_1 - Abra: 0.0529 seconds
INFO:root:ER_151_5_8_1 - Betweenness: 0.0032 seconds
INFO:root:ER_154_4_8_1 - RAND2: 0.0025 seconds
INFO:root:ER_154_4_8_1 - DIAM: 0.5138 seconds
INFO:root:ER_154_4_8_1 - Abra: 0.0403 seconds
INFO:root:ER_154_4_8_1 - Betweenness: 0.0036 seconds
INFO:root:ER_154_5_8_1 - RAND2: 0.0021 seconds
INFO:root:ER_154_5_8_1 - DIAM: 0.4710 seconds
INFO:root:ER_154_5_8_1 - Abra: 0.0656 seconds
INFO:root:ER_154_5_8_1 - Betweenness: 0.0039 seconds
INFO:root:ER_157_4_8_1 - RAND2: 0.0022 seconds
INFO:root:ER_157_4_8_1 - DIAM: 0.5480 seconds
INFO:root:ER_157_4_8_1 - Abra: 0.0365 seconds
INFO:root:ER_157_4_8_1 - Betweenness: 0.0034 seconds
INFO:root:ER_160_4_8_1 - RAND2: 0.0023 seconds
INFO:root:ER_160_4_8_1 - DIAM: 0.5321 seconds
INFO:root:ER_160_4_8_1 - Abra: 0.0362 seconds
INFO:root:ER_160_4_8_1 - Betweenness: 0.0034 seconds
INFO:root:ER_160_5_8_1 - RAND2: 0.0022 seconds
INFO:root:ER_160_5_8_1 - DIAM: 0.4895 seconds
INFO:root:ER_160_5_8_1 - Abra: 0.0352 seconds
INFO:root:ER_160_5_8_1 - Betweenness: 0.0033 seconds
INFO:root:ER_163_5_8_1 - RAND2: 0.0022 seconds
INFO:root:ER_163_5_8_1 - DIAM: 0.5391 seconds
INFO:root:ER_163_5_8_1 - Abra: 0.0358 seconds
INFO:root:ER_163_5_8_1 - Betweenness: 0.0044 seconds
INFO:root:ER_167_5_8_1 - RAND2: 0.0022 seconds
INFO:root:ER_167_5_8_1 - DIAM: 0.5188 seconds
INFO:root:ER_167_5_8_1 - Abra: 0.0367 seconds
INFO:root:ER_167_5_8_1 - Betweenness: 0.0034 seconds
INFO:root:ER_170_4_8_1 - RAND2: 0.0025 seconds
INFO:root:ER_170_4_8_1 - DIAM: 0.5505 seconds
INFO:root:ER_170_4_8_1 - Abra: 0.0671 seconds
INFO:root:ER_170_4_8_1 - Betweenness: 0.0041 seconds
INFO:root:ER_170_5_8_1 - RAND2: 0.0024 seconds
INFO:root:ER_170_5_8_1 - DIAM: 0.5391 seconds
INFO:root:ER_170_5_8_1 - Abra: 0.0374 seconds
INFO:root:ER_170_5_8_1 - Betweenness: 0.0035 seconds
INFO:root:ER_174_5_8_1 - RAND2: 0.0025 seconds
INFO:root:ER_174_5_8_1 - DIAM: 0.5418 seconds
INFO:root:ER_174_5_8_1 - Abra: 0.0349 seconds
INFO:root:ER_174_5_8_1 - Betweenness: 0.0043 seconds
INFO:root:ER_178_5_8_1 - RAND2: 0.0024 seconds
INFO:root:ER_178_5_8_1 - DIAM: 0.5310 seconds
INFO:root:ER_178_5_8_1 - Abra: 0.0348 seconds
INFO:root:ER_178_5_8_1 - Betweenness: 0.0051 seconds
INFO:root:ER_182_4_8_1 - RAND2: 0.0028 seconds
INFO:root:ER_182_4_8_1 - DIAM: 0.5515 seconds
INFO:root:ER_182_4_8_1 - Abra: 0.0469 seconds
INFO:root:ER_182_4_8_1 - Betweenness: 0.0039 seconds
INFO:root:ER_182_5_8_1 - RAND2: 0.0029 seconds
INFO:root:ER_182_5_8_1 - DIAM: 0.5565 seconds
INFO:root:ER_182_5_8_1 - Abra: 0.0346 seconds
INFO:root:ER_182_5_8_1 - Betweenness: 0.0049 seconds
INFO:root:ER_186_5_8_1 - RAND2: 0.0028 seconds
INFO:root:ER_186_5_8_1 - DIAM: 0.7320 seconds
INFO:root:ER_186_5_8_1 - Abra: 0.0346 seconds
INFO:root:ER_186_5_8_1 - Betweenness: 0.0055 seconds
INFO:root:ER_190_5_8_1 - RAND2: 0.0029 seconds
INFO:root:ER_190_5_8_1 - DIAM: 0.5655 seconds
INFO:root:ER_190_5_8_1 - Abra: 0.0353 seconds
INFO:root:ER_190_5_8_1 - Betweenness: 0.0060 seconds
INFO:root:ER_195_5_8_1 - RAND2: 0.0031 seconds
INFO:root:ER_195_5_8_1 - DIAM: 0.5773 seconds
INFO:root:ER_195_5_8_1 - Abra: 0.0352 seconds
INFO:root:ER_195_5_8_1 - Betweenness: 0.0043 seconds
INFO:root:ER_200_5_8_1 - RAND2: 0.0031 seconds
INFO:root:ER_200_5_8_1 - DIAM: 0.7117 seconds
INFO:root:ER_200_5_8_1 - Abra: 0.0359 seconds
INFO:root:ER_200_5_8_1 - Betweenness: 0.0053 seconds
INFO:root:ER_205_5_8_1 - RAND2: 0.0039 seconds
INFO:root:ER_205_5_8_1 - DIAM: 0.6586 seconds
INFO:root:ER_205_5_8_1 - Abra: 0.0367 seconds
INFO:root:ER_205_5_8_1 - Betweenness: 0.0052 seconds
INFO:root:ER_211_5_8_1 - RAND2: 0.0037 seconds
INFO:root:ER_211_5_8_1 - DIAM: 0.6801 seconds
INFO:root:ER_211_5_8_1 - Abra: 0.0356 seconds
INFO:root:ER_211_5_8_1 - Betweenness: 0.0053 seconds
INFO:root:ER_216_5_8_1 - RAND2: 0.0036 seconds
INFO:root:ER_216_5_8_1 - DIAM: 0.6466 seconds
INFO:root:ER_216_5_8_1 - Abra: 0.0328 seconds
INFO:root:ER_216_5_8_1 - Betweenness: 0.0063 seconds
INFO:root:ER_216_6_8_1 - RAND2: 0.0040 seconds
INFO:root:ER_216_6_8_1 - DIAM: 0.7805 seconds
INFO:root:ER_216_6_8_1 - Abra: 0.0496 seconds
INFO:root:ER_216_6_8_1 - Betweenness: 0.0063 seconds
INFO:root:ER_222_5_8_1 - RAND2: 0.0043 seconds
INFO:root:ER_222_5_8_1 - DIAM: 0.7475 seconds
INFO:root:ER_222_5_8_1 - Abra: 0.0567 seconds
INFO:root:ER_222_5_8_1 - Betweenness: 0.0059 seconds
INFO:root:ER_229_5_8_1 - RAND2: 0.0045 seconds
INFO:root:ER_229_5_8_1 - DIAM: 0.9224 seconds
INFO:root:ER_229_5_8_1 - Abra: 0.0676 seconds
INFO:root:ER_229_5_8_1 - Betweenness: 0.0071 seconds
INFO:root:ER_229_6_8_1 - RAND2: 0.0042 seconds
INFO:root:ER_229_6_8_1 - DIAM: 0.7157 seconds
INFO:root:ER_229_6_8_1 - Abra: 0.0369 seconds
INFO:root:ER_229_6_8_1 - Betweenness: 0.0064 seconds
INFO:root:ER_235_5_8_1 - RAND2: 0.0051 seconds
INFO:root:ER_235_5_8_1 - DIAM: 0.7560 seconds
INFO:root:ER_235_5_8_1 - Abra: 0.0369 seconds
INFO:root:ER_235_5_8_1 - Betweenness: 0.0087 seconds
INFO:root:ER_242_5_8_1 - RAND2: 0.0048 seconds
INFO:root:ER_242_5_8_1 - DIAM: 0.9046 seconds
INFO:root:ER_242_5_8_1 - Abra: 0.0673 seconds
INFO:root:ER_242_5_8_1 - Betweenness: 0.0093 seconds
INFO:root:ER_242_6_8_1 - RAND2: 0.0048 seconds
INFO:root:ER_242_6_8_1 - DIAM: 0.7744 seconds
INFO:root:ER_242_6_8_1 - Abra: 0.0355 seconds
INFO:root:ER_242_6_8_1 - Betweenness: 0.0069 seconds
INFO:root:ER_250_5_8_1 - RAND2: 0.0050 seconds
INFO:root:ER_250_5_8_1 - DIAM: 0.7766 seconds
INFO:root:ER_250_5_8_1 - Abra: 0.0187 seconds
INFO:root:ER_250_5_8_1 - Betweenness: 0.0088 seconds
INFO:root:ER_258_5_8_1 - RAND2: 0.0053 seconds
INFO:root:ER_258_5_8_1 - DIAM: 0.8213 seconds
INFO:root:ER_258_5_8_1 - Abra: 0.0681 seconds
INFO:root:ER_258_5_8_1 - Betweenness: 0.0103 seconds
INFO:root:ER_267_5_8_1 - RAND2: 0.0059 seconds
INFO:root:ER_267_5_8_1 - DIAM: 0.8855 seconds
INFO:root:ER_267_5_8_1 - Abra: 0.0361 seconds
INFO:root:ER_267_5_8_1 - Betweenness: 0.0091 seconds
INFO:root:ER_276_5_8_1 - RAND2: 0.0059 seconds
INFO:root:ER_276_5_8_1 - DIAM: 0.8728 seconds
INFO:root:ER_276_5_8_1 - Abra: 0.0089 seconds
INFO:root:ER_276_5_8_1 - Betweenness: 0.0083 seconds
INFO:root:ER_276_6_8_1 - RAND2: 0.0057 seconds
INFO:root:ER_276_6_8_1 - DIAM: 0.8457 seconds
INFO:root:ER_276_6_8_1 - Abra: 0.0352 seconds
INFO:root:ER_276_6_8_1 - Betweenness: 0.0112 seconds
INFO:root:ER_286_5_8_1 - RAND2: 0.0064 seconds
INFO:root:ER_286_5_8_1 - DIAM: 0.9093 seconds
INFO:root:ER_286_5_8_1 - Abra: 0.0683 seconds
INFO:root:ER_286_5_8_1 - Betweenness: 0.0100 seconds
INFO:root:ER_296_5_8_1 - RAND2: 0.0073 seconds
INFO:root:ER_296_5_8_1 - DIAM: 0.9404 seconds
INFO:root:ER_296_5_8_1 - Abra: 0.0688 seconds
INFO:root:ER_296_5_8_1 - Betweenness: 0.0100 seconds
INFO:root:ER_308_5_8_1 - RAND2: 0.0075 seconds
INFO:root:ER_308_5_8_1 - DIAM: 0.9632 seconds
INFO:root:ER_308_5_8_1 - Abra: 0.0696 seconds
INFO:root:ER_308_5_8_1 - Betweenness: 0.0126 seconds
INFO:root:ER_308_6_8_1 - RAND2: 0.0077 seconds
INFO:root:ER_308_6_8_1 - DIAM: 1.1665 seconds
INFO:root:ER_308_6_8_1 - Abra: 0.0346 seconds
INFO:root:ER_308_6_8_1 - Betweenness: 0.0108 seconds
INFO:root:ER_320_5_8_1 - RAND2: 0.0084 seconds
INFO:root:ER_320_5_8_1 - DIAM: 1.2142 seconds
INFO:root:ER_320_5_8_1 - Abra: 0.0411 seconds
INFO:root:ER_320_5_8_1 - Betweenness: 0.0130 seconds
INFO:root:ER_320_6_8_1 - RAND2: 0.0082 seconds
INFO:root:ER_320_6_8_1 - DIAM: 1.2386 seconds
INFO:root:ER_320_6_8_1 - Abra: 0.0700 seconds
INFO:root:ER_320_6_8_1 - Betweenness: 0.0127 seconds
INFO:root:ER_333_5_8_1 - RAND2: 0.0093 seconds
INFO:root:ER_333_5_8_1 - DIAM: 1.1159 seconds
INFO:root:ER_333_5_8_1 - Abra: 0.0316 seconds
INFO:root:ER_333_5_8_1 - Betweenness: 0.0186 seconds
INFO:root:ER_333_6_8_1 - RAND2: 0.0089 seconds
INFO:root:ER_333_6_8_1 - DIAM: 1.2925 seconds
INFO:root:ER_333_6_8_1 - Abra: 0.0501 seconds
INFO:root:ER_333_6_8_1 - Betweenness: 0.0127 seconds
INFO:root:ER_348_5_8_1 - RAND2: 0.0099 seconds
INFO:root:ER_348_5_8_1 - DIAM: 1.0841 seconds
INFO:root:ER_348_5_8_1 - Abra: 0.0408 seconds
INFO:root:ER_348_5_8_1 - Betweenness: 0.0141 seconds
INFO:root:ER_364_5_8_1 - RAND2: 0.0106 seconds
INFO:root:ER_364_5_8_1 - DIAM: 1.1210 seconds
INFO:root:ER_364_5_8_1 - Abra: 0.0534 seconds
INFO:root:ER_364_5_8_1 - Betweenness: 0.0189 seconds
INFO:root:ER_364_6_8_1 - RAND2: 0.0119 seconds
INFO:root:ER_364_6_8_1 - DIAM: 1.3291 seconds
INFO:root:ER_364_6_8_1 - Abra: 0.0358 seconds
INFO:root:ER_364_6_8_1 - Betweenness: 0.0187 seconds
INFO:root:ER_381_5_8_1 - RAND2: 0.0124 seconds
INFO:root:ER_381_5_8_1 - DIAM: 1.3476 seconds
INFO:root:ER_381_5_8_1 - Abra: 0.0417 seconds
INFO:root:ER_381_5_8_1 - Betweenness: 0.0164 seconds
INFO:root:ER_400_5_8_1 - RAND2: 0.0128 seconds
INFO:root:ER_400_5_8_1 - DIAM: 1.4401 seconds
INFO:root:ER_400_5_8_1 - Abra: 0.0207 seconds
INFO:root:ER_400_5_8_1 - Betweenness: 0.0254 seconds
INFO:root:ER_400_6_8_1 - RAND2: 0.0128 seconds
INFO:root:ER_400_6_8_1 - DIAM: 1.1855 seconds
INFO:root:ER_400_6_8_1 - Abra: 0.0668 seconds
INFO:root:ER_400_6_8_1 - Betweenness: 0.0235 seconds
INFO:root:ER_40_3_8_1 - RAND2: 0.0002 seconds
INFO:root:ER_40_3_8_1 - DIAM: 0.1124 seconds
