INFO:root:Started
INFO:root:ER_100_4_8_1 - RAND2: 0.0022 seconds
INFO:root:ER_100_4_8_1 - DIAM: 0.3379 seconds
INFO:root:ER_100_4_8_1 - Abra: 0.0381 seconds
INFO:root:ER_100_4_8_1 - Betweenness: 0.0018 seconds
INFO:root:ER_101_5_8_1 - RAND2: 0.0006 seconds
INFO:root:ER_101_5_8_1 - DIAM: 0.2994 seconds
INFO:root:ER_101_5_8_1 - Abra: 0.0666 seconds
INFO:root:ER_101_5_8_1 - Betweenness: 0.0017 seconds
INFO:root:ER_103_4_8_1 - RAND2: 0.0006 seconds
INFO:root:ER_103_4_8_1 - DIAM: 0.3178 seconds
INFO:root:ER_103_4_8_1 - Abra: 0.0707 seconds
INFO:root:ER_103_4_8_1 - Betweenness: 0.0022 seconds
INFO:root:ER_104_4_8_1 - RAND2: 0.0010 seconds
INFO:root:ER_104_4_8_1 - DIAM: 0.3719 seconds
INFO:root:ER_104_4_8_1 - Abra: 0.0366 seconds
INFO:root:ER_104_4_8_1 - Betweenness: 0.0017 seconds
INFO:root:ER_105_5_8_1 - RAND2: 0.0006 seconds
INFO:root:ER_105_5_8_1 - DIAM: 0.3046 seconds
INFO:root:ER_105_5_8_1 - Abra: 0.0376 seconds
INFO:root:ER_105_5_8_1 - Betweenness: 0.0015 seconds
INFO:root:ER_107_4_8_1 - RAND2: 0.0007 seconds
INFO:root:ER_107_4_8_1 - DIAM: 0.3379 seconds
INFO:root:ER_107_4_8_1 - Abra: 0.0399 seconds
INFO:root:ER_107_4_8_1 - Betweenness: 0.0017 seconds
INFO:root:ER_108_5_8_1 - RAND2: 0.0007 seconds
INFO:root:ER_108_5_8_1 - DIAM: 0.3499 seconds
INFO:root:ER_108_5_8_1 - Abra: 0.0365 seconds
INFO:root:ER_108_5_8_1 - Betweenness: 0.0017 seconds
INFO:root:ER_110_4_8_1 - RAND2: 0.0146 seconds
INFO:root:ER_110_4_8_1 - DIAM: 0.3443 seconds
INFO:root:ER_110_4_8_1 - Abra: 0.0363 seconds
INFO:root:ER_110_4_8_1 - Betweenness: 0.0017 seconds
INFO:root:ER_111_4_8_1 - RAND2: 0.0010 seconds
INFO:root:ER_111_4_8_1 - DIAM: 0.3477 seconds
INFO:root:ER_111_4_8_1 - Abra: 0.0447 seconds
INFO:root:ER_111_4_8_1 - Betweenness: 0.0022 seconds
INFO:root:ER_113_4_8_1 - RAND2: 0.0008 seconds
INFO:root:ER_113_4_8_1 - DIAM: 0.3865 seconds
INFO:root:ER_113_4_8_1 - Abra: 0.0401 seconds
INFO:root:ER_113_4_8_1 - Betweenness: 0.0020 seconds
INFO:root:ER_114_5_8_1 - RAND2: 0.0010 seconds
INFO:root:ER_114_5_8_1 - DIAM: 0.3422 seconds
INFO:root:ER_114_5_8_1 - Abra: 0.0363 seconds
INFO:root:ER_114_5_8_1 - Betweenness: 0.0019 seconds
INFO:root:ER_116_5_8_1 - RAND2: 0.0008 seconds
INFO:root:ER_116_5_8_1 - DIAM: 0.3803 seconds
INFO:root:ER_116_5_8_1 - Abra: 0.0788 seconds
INFO:root:ER_116_5_8_1 - Betweenness: 0.0031 seconds
INFO:root:ER_118_4_8_1 - RAND2: 0.0011 seconds
INFO:root:ER_118_4_8_1 - DIAM: 0.4113 seconds
INFO:root:ER_118_4_8_1 - Abra: 0.0427 seconds
INFO:root:ER_118_4_8_1 - Betweenness: 0.0021 seconds
INFO:root:ER_119_4_8_1 - RAND2: 0.0008 seconds
INFO:root:ER_119_4_8_1 - DIAM: 0.3579 seconds
INFO:root:ER_119_4_8_1 - Abra: 0.0349 seconds
INFO:root:ER_119_4_8_1 - Betweenness: 0.0020 seconds
INFO:root:ER_121_4_8_1 - RAND2: 0.0010 seconds
INFO:root:ER_121_4_8_1 - DIAM: 0.3745 seconds
INFO:root:ER_121_4_8_1 - Abra: 0.0772 seconds
INFO:root:ER_121_4_8_1 - Betweenness: 0.0022 seconds
INFO:root:ER_123_5_8_1 - RAND2: 0.0010 seconds
INFO:root:ER_123_5_8_1 - DIAM: 0.3707 seconds
INFO:root:ER_123_5_8_1 - Abra: 0.0688 seconds
INFO:root:ER_123_5_8_1 - Betweenness: 0.0052 seconds
INFO:root:ER_125_4_8_1 - RAND2: 0.0009 seconds
INFO:root:ER_125_4_8_1 - DIAM: 0.4072 seconds
INFO:root:ER_125_4_8_1 - Abra: 0.0370 seconds
INFO:root:ER_125_4_8_1 - Betweenness: 0.0021 seconds
INFO:root:ER_127_5_8_1 - RAND2: 0.0011 seconds
INFO:root:ER_127_5_8_1 - DIAM: 0.4336 seconds
INFO:root:ER_127_5_8_1 - Abra: 0.0062 seconds
INFO:root:ER_127_5_8_1 - Betweenness: 0.0021 seconds
INFO:root:ER_129_5_8_1 - RAND2: 0.0009 seconds
INFO:root:ER_129_5_8_1 - DIAM: 0.4014 seconds
INFO:root:ER_129_5_8_1 - Abra: 0.0376 seconds
INFO:root:ER_129_5_8_1 - Betweenness: 0.0022 seconds
INFO:root:ER_131_5_8_1 - RAND2: 0.0011 seconds
INFO:root:ER_131_5_8_1 - DIAM: 0.4419 seconds
INFO:root:ER_131_5_8_1 - Abra: 0.0393 seconds
INFO:root:ER_131_5_8_1 - Betweenness: 0.0028 seconds
INFO:root:ER_133_5_8_1 - RAND2: 0.0012 seconds
INFO:root:ER_133_5_8_1 - DIAM: 0.4441 seconds
INFO:root:ER_133_5_8_1 - Abra: 0.0354 seconds
INFO:root:ER_133_5_8_1 - Betweenness: 0.0024 seconds
INFO:root:ER_136_5_8_1 - RAND2: 0.0012 seconds
INFO:root:ER_136_5_8_1 - DIAM: 0.4609 seconds
INFO:root:ER_136_5_8_1 - Abra: 0.0344 seconds
INFO:root:ER_136_5_8_1 - Betweenness: 0.0025 seconds
INFO:root:ER_138_4_8_1 - RAND2: 0.0011 seconds
INFO:root:ER_138_4_8_1 - DIAM: 0.4329 seconds
INFO:root:ER_138_4_8_1 - Abra: 0.0375 seconds
INFO:root:ER_138_4_8_1 - Betweenness: 0.0025 seconds
INFO:root:ER_140_4_8_1 - RAND2: 0.0013 seconds
INFO:root:ER_140_4_8_1 - DIAM: 0.4462 seconds
INFO:root:ER_140_4_8_1 - Abra: 0.0386 seconds
INFO:root:ER_140_4_8_1 - Betweenness: 0.0027 seconds
INFO:root:ER_143_5_8_1 - RAND2: 0.0012 seconds
INFO:root:ER_143_5_8_1 - DIAM: 0.4388 seconds
INFO:root:ER_143_5_8_1 - Abra: 0.0374 seconds
INFO:root:ER_143_5_8_1 - Betweenness: 0.0027 seconds
INFO:root:ER_145_4_8_1 - RAND2: 0.0013 seconds
INFO:root:ER_145_4_8_1 - DIAM: 0.4715 seconds
INFO:root:ER_145_4_8_1 - Abra: 0.0769 seconds
INFO:root:ER_145_4_8_1 - Betweenness: 0.0036 seconds
INFO:root:ER_148_5_8_1 - RAND2: 0.0016 seconds
INFO:root:ER_148_5_8_1 - DIAM: 0.4984 seconds
INFO:root:ER_148_5_8_1 - Abra: 0.0367 seconds
INFO:root:ER_148_5_8_1 - Betweenness: 0.0029 seconds
INFO:root:ER_151_5_8_1 - RAND2: 0.0013 seconds
INFO:root:ER_151_5_8_1 - DIAM: 0.4492 seconds
INFO:root:ER_151_5_8_1 - Abra: 0.0696 seconds
INFO:root:ER_151_5_8_1 - Betweenness: 0.0034 seconds
INFO:root:ER_154_5_8_1 - RAND2: 0.0015 seconds
INFO:root:ER_154_5_8_1 - DIAM: 0.4761 seconds
INFO:root:ER_154_5_8_1 - Abra: 0.0334 seconds
INFO:root:ER_154_5_8_1 - Betweenness: 0.0031 seconds
INFO:root:ER_157_4_8_1 - RAND2: 0.0014 seconds
INFO:root:ER_157_4_8_1 - DIAM: 0.5198 seconds
INFO:root:ER_157_4_8_1 - Abra: 0.0138 seconds
INFO:root:ER_157_4_8_1 - Betweenness: 0.0032 seconds
INFO:root:ER_160_4_8_1 - RAND2: 0.0015 seconds
INFO:root:ER_160_4_8_1 - DIAM: 0.5252 seconds
INFO:root:ER_160_4_8_1 - Abra: 0.0410 seconds
INFO:root:ER_160_4_8_1 - Betweenness: 0.0038 seconds
INFO:root:ER_163_5_8_1 - RAND2: 0.0014 seconds
INFO:root:ER_163_5_8_1 - DIAM: 0.5164 seconds
INFO:root:ER_163_5_8_1 - Abra: 0.0492 seconds
INFO:root:ER_163_5_8_1 - Betweenness: 0.0040 seconds
INFO:root:ER_167_5_8_1 - RAND2: 0.0019 seconds
INFO:root:ER_167_5_8_1 - DIAM: 0.5410 seconds
INFO:root:ER_167_5_8_1 - Abra: 0.0366 seconds
INFO:root:ER_167_5_8_1 - Betweenness: 0.0039 seconds
INFO:root:ER_170_4_8_1 - RAND2: 0.0023 seconds
INFO:root:ER_170_4_8_1 - DIAM: 0.5485 seconds
INFO:root:ER_170_4_8_1 - Abra: 0.0710 seconds
INFO:root:ER_170_4_8_1 - Betweenness: 0.0046 seconds
INFO:root:ER_174_5_8_1 - RAND2: 0.0016 seconds
INFO:root:ER_174_5_8_1 - DIAM: 0.5238 seconds
INFO:root:ER_174_5_8_1 - Abra: 0.0336 seconds
INFO:root:ER_174_5_8_1 - Betweenness: 0.0040 seconds
INFO:root:ER_178_5_8_1 - RAND2: 0.0017 seconds
INFO:root:ER_178_5_8_1 - DIAM: 0.5687 seconds
INFO:root:ER_178_5_8_1 - Abra: 0.0397 seconds
INFO:root:ER_178_5_8_1 - Betweenness: 0.0040 seconds
INFO:root:ER_182_5_8_1 - RAND2: 0.0019 seconds
INFO:root:ER_182_5_8_1 - DIAM: 0.5840 seconds
INFO:root:ER_182_5_8_1 - Abra: 0.0434 seconds
INFO:root:ER_182_5_8_1 - Betweenness: 0.0040 seconds
INFO:root:ER_186_5_8_1 - RAND2: 0.0020 seconds
INFO:root:ER_186_5_8_1 - DIAM: 0.5937 seconds
INFO:root:ER_186_5_8_1 - Abra: 0.0427 seconds
INFO:root:ER_186_5_8_1 - Betweenness: 0.0041 seconds
INFO:root:ER_190_5_8_1 - RAND2: 0.0020 seconds
INFO:root:ER_190_5_8_1 - DIAM: 0.5771 seconds
INFO:root:ER_190_5_8_1 - Abra: 0.0374 seconds
INFO:root:ER_190_5_8_1 - Betweenness: 0.0045 seconds
INFO:root:ER_195_5_8_1 - RAND2: 0.0021 seconds
INFO:root:ER_195_5_8_1 - DIAM: 0.6518 seconds
INFO:root:ER_195_5_8_1 - Abra: 0.0373 seconds
INFO:root:ER_195_5_8_1 - Betweenness: 0.0043 seconds
INFO:root:ER_200_5_8_1 - RAND2: 0.0021 seconds
INFO:root:ER_200_5_8_1 - DIAM: 0.6458 seconds
INFO:root:ER_200_5_8_1 - Abra: 0.0399 seconds
INFO:root:ER_200_5_8_1 - Betweenness: 0.0047 seconds
INFO:root:ER_205_5_8_1 - RAND2: 0.0024 seconds
INFO:root:ER_205_5_8_1 - DIAM: 0.6239 seconds
INFO:root:ER_205_5_8_1 - Abra: 0.0373 seconds
INFO:root:ER_205_5_8_1 - Betweenness: 0.0046 seconds
INFO:root:ER_211_5_8_1 - RAND2: 0.0029 seconds
INFO:root:ER_211_5_8_1 - DIAM: 0.6814 seconds
INFO:root:ER_211_5_8_1 - Abra: 0.0374 seconds
INFO:root:ER_211_5_8_1 - Betweenness: 0.0054 seconds
INFO:root:ER_216_5_8_1 - RAND2: 0.0025 seconds
INFO:root:ER_216_5_8_1 - DIAM: 0.6619 seconds
INFO:root:ER_216_5_8_1 - Abra: 0.0387 seconds
INFO:root:ER_216_5_8_1 - Betweenness: 0.0058 seconds
INFO:root:ER_216_6_8_1 - RAND2: 0.0024 seconds
INFO:root:ER_216_6_8_1 - DIAM: 0.7516 seconds
INFO:root:ER_216_6_8_1 - Abra: 0.0391 seconds
INFO:root:ER_216_6_8_1 - Betweenness: 0.0076 seconds
INFO:root:ER_222_5_8_1 - RAND2: 0.0025 seconds
INFO:root:ER_222_5_8_1 - DIAM: 0.6636 seconds
INFO:root:ER_222_5_8_1 - Abra: 0.0385 seconds
INFO:root:ER_222_5_8_1 - Betweenness: 0.0063 seconds
INFO:root:ER_229_5_8_1 - RAND2: 0.0028 seconds
INFO:root:ER_229_5_8_1 - DIAM: 0.8857 seconds
INFO:root:ER_229_5_8_1 - Abra: 0.0520 seconds
INFO:root:ER_229_5_8_1 - Betweenness: 0.0091 seconds
INFO:root:ER_235_5_8_1 - RAND2: 0.0039 seconds
INFO:root:ER_235_5_8_1 - DIAM: 0.8218 seconds
INFO:root:ER_235_5_8_1 - Abra: 0.0419 seconds
INFO:root:ER_235_5_8_1 - Betweenness: 0.0068 seconds
INFO:root:ER_242_5_8_1 - RAND2: 0.0031 seconds
INFO:root:ER_242_5_8_1 - DIAM: 0.9011 seconds
INFO:root:ER_242_5_8_1 - Abra: 0.0888 seconds
INFO:root:ER_242_5_8_1 - Betweenness: 0.0103 seconds
INFO:root:ER_242_6_8_1 - RAND2: 0.0036 seconds
INFO:root:ER_242_6_8_1 - DIAM: 0.8150 seconds
INFO:root:ER_242_6_8_1 - Abra: 0.0184 seconds
INFO:root:ER_242_6_8_1 - Betweenness: 0.0089 seconds
INFO:root:ER_250_5_8_1 - RAND2: 0.0036 seconds
INFO:root:ER_250_5_8_1 - DIAM: 0.8531 seconds
INFO:root:ER_250_5_8_1 - Abra: 0.0368 seconds
INFO:root:ER_250_5_8_1 - Betweenness: 0.0090 seconds
INFO:root:ER_258_5_8_1 - RAND2: 0.0038 seconds
INFO:root:ER_258_5_8_1 - DIAM: 0.8356 seconds
INFO:root:ER_258_5_8_1 - Abra: 0.0736 seconds
INFO:root:ER_258_5_8_1 - Betweenness: 0.0109 seconds
INFO:root:ER_267_5_8_1 - RAND2: 0.0039 seconds
INFO:root:ER_267_5_8_1 - DIAM: 1.0068 seconds
INFO:root:ER_267_5_8_1 - Abra: 0.0395 seconds
INFO:root:ER_267_5_8_1 - Betweenness: 0.0087 seconds
INFO:root:ER_276_5_8_1 - RAND2: 0.0042 seconds
INFO:root:ER_276_5_8_1 - DIAM: 0.8850 seconds
INFO:root:ER_276_5_8_1 - Abra: 0.0733 seconds
INFO:root:ER_276_5_8_1 - Betweenness: 0.0119 seconds
INFO:root:ER_286_5_8_1 - RAND2: 0.0056 seconds
INFO:root:ER_286_5_8_1 - DIAM: 1.0729 seconds
INFO:root:ER_286_5_8_1 - Abra: 0.0689 seconds
INFO:root:ER_286_5_8_1 - Betweenness: 0.0106 seconds
INFO:root:ER_296_5_8_1 - RAND2: 0.0055 seconds
INFO:root:ER_296_5_8_1 - DIAM: 1.2136 seconds
INFO:root:ER_296_5_8_1 - Abra: 0.0733 seconds
INFO:root:ER_296_5_8_1 - Betweenness: 0.0114 seconds
INFO:root:ER_308_5_8_1 - RAND2: 0.0055 seconds
INFO:root:ER_308_5_8_1 - DIAM: 1.0563 seconds
INFO:root:ER_308_5_8_1 - Abra: 0.0726 seconds
INFO:root:ER_308_5_8_1 - Betweenness: 0.0146 seconds
INFO:root:ER_308_6_8_1 - RAND2: 0.0063 seconds
INFO:root:ER_308_6_8_1 - DIAM: 1.2057 seconds
INFO:root:ER_308_6_8_1 - Abra: 0.0366 seconds
INFO:root:ER_308_6_8_1 - Betweenness: 0.0112 seconds
INFO:root:ER_320_5_8_1 - RAND2: 0.0068 seconds
INFO:root:ER_320_5_8_1 - DIAM: 1.0810 seconds
INFO:root:ER_320_5_8_1 - Abra: 0.0409 seconds
INFO:root:ER_320_5_8_1 - Betweenness: 0.0115 seconds
INFO:root:ER_320_6_8_1 - RAND2: 0.0056 seconds
INFO:root:ER_320_6_8_1 - DIAM: 1.2992 seconds
INFO:root:ER_320_6_8_1 - Abra: 0.0679 seconds
INFO:root:ER_320_6_8_1 - Betweenness: 0.0379 seconds
INFO:root:ER_333_5_8_1 - RAND2: 0.0092 seconds
INFO:root:ER_333_5_8_1 - DIAM: 1.0888 seconds
INFO:root:ER_333_5_8_1 - Abra: 0.0401 seconds
INFO:root:ER_333_5_8_1 - Betweenness: 0.0134 seconds
INFO:root:ER_333_6_8_1 - RAND2: 0.0060 seconds
INFO:root:ER_333_6_8_1 - DIAM: 1.3775 seconds
INFO:root:ER_333_6_8_1 - Abra: 0.0407 seconds
INFO:root:ER_333_6_8_1 - Betweenness: 0.0174 seconds
INFO:root:ER_348_5_8_1 - RAND2: 0.0070 seconds
INFO:root:ER_348_5_8_1 - DIAM: 1.3219 seconds
INFO:root:ER_348_5_8_1 - Abra: 0.0390 seconds
INFO:root:ER_348_5_8_1 - Betweenness: 0.0141 seconds
INFO:root:ER_364_5_8_1 - RAND2: 0.0077 seconds
INFO:root:ER_364_5_8_1 - DIAM: 1.1390 seconds
INFO:root:ER_364_5_8_1 - Abra: 0.0446 seconds
INFO:root:ER_364_5_8_1 - Betweenness: 0.0147 seconds
INFO:root:ER_381_5_8_1 - RAND2: 0.0083 seconds
INFO:root:ER_381_5_8_1 - DIAM: 1.2340 seconds
INFO:root:ER_381_5_8_1 - Abra: 0.0433 seconds
INFO:root:ER_381_5_8_1 - Betweenness: 0.0175 seconds
INFO:root:ER_400_5_8_1 - RAND2: 0.0087 seconds
INFO:root:ER_400_5_8_1 - DIAM: 1.3465 seconds
INFO:root:ER_400_5_8_1 - Abra: 0.0449 seconds
INFO:root:ER_400_5_8_1 - Betweenness: 0.0179 seconds
INFO:root:ER_400_6_8_1 - RAND2: 0.0089 seconds
INFO:root:ER_400_6_8_1 - DIAM: 1.2601 seconds
INFO:root:ER_400_6_8_1 - Abra: 0.0388 seconds
INFO:root:ER_400_6_8_1 - Betweenness: 0.0180 seconds
INFO:root:ER_421_6_8_1 - RAND2: 0.0107 seconds
INFO:root:ER_421_6_8_1 - DIAM: 1.5262 seconds
INFO:root:ER_421_6_8_1 - Abra: 0.0425 seconds
INFO:root:ER_421_6_8_1 - Betweenness: 0.0312 seconds
INFO:root:ER_444_6_8_1 - RAND2: 0.0119 seconds
INFO:root:ER_444_6_8_1 - DIAM: 1.6655 seconds
INFO:root:ER_444_6_8_1 - Abra: 0.0367 seconds
INFO:root:ER_444_6_8_1 - Betweenness: 0.0249 seconds
INFO:root:ER_471_6_8_1 - RAND2: 0.0143 seconds
INFO:root:ER_471_6_8_1 - DIAM: 1.5851 seconds
INFO:root:ER_471_6_8_1 - Abra: 0.0594 seconds
INFO:root:ER_471_6_8_1 - Betweenness: 0.0270 seconds
INFO:root:ER_500_6_8_1 - RAND2: 0.0147 seconds
INFO:root:ER_500_6_8_1 - DIAM: 1.8978 seconds
INFO:root:ER_500_6_8_1 - Abra: 0.0385 seconds
INFO:root:ER_500_6_8_1 - Betweenness: 0.0364 seconds
INFO:root:ER_533_6_8_1 - RAND2: 0.0186 seconds
INFO:root:ER_533_6_8_1 - DIAM: 2.2402 seconds
INFO:root:ER_533_6_8_1 - Abra: 0.0122 seconds
INFO:root:ER_533_6_8_1 - Betweenness: 0.0400 seconds
INFO:root:ER_571_6_8_1 - RAND2: 0.0185 seconds
INFO:root:ER_571_6_8_1 - DIAM: 1.9121 seconds
INFO:root:ER_571_6_8_1 - Abra: 0.0118 seconds
INFO:root:ER_571_6_8_1 - Betweenness: 0.0401 seconds
INFO:root:ER_615_6_8_1 - RAND2: 0.0209 seconds
INFO:root:ER_615_6_8_1 - DIAM: 2.5373 seconds
INFO:root:ER_615_6_8_1 - Abra: 0.0473 seconds
INFO:root:ER_615_6_8_1 - Betweenness: 0.0521 seconds
INFO:root:ER_615_7_8_1 - RAND2: 0.0211 seconds
INFO:root:ER_615_7_8_1 - DIAM: 2.2905 seconds
INFO:root:ER_615_7_8_1 - Abra: 0.0358 seconds
INFO:root:ER_615_7_8_1 - Betweenness: 0.0493 seconds
INFO:root:ER_667_6_8_1 - RAND2: 0.0248 seconds
INFO:root:ER_667_6_8_1 - DIAM: 2.5123 seconds
INFO:root:ER_667_6_8_1 - Abra: 0.0454 seconds
INFO:root:ER_667_6_8_1 - Betweenness: 0.0637 seconds
INFO:root:ER_727_6_8_1 - RAND2: 0.0298 seconds
INFO:root:ER_727_6_8_1 - DIAM: 2.6577 seconds
INFO:root:ER_727_6_8_1 - Abra: 0.0516 seconds
INFO:root:ER_727_6_8_1 - Betweenness: 0.0654 seconds
INFO:root:ER_800_7_8_1 - RAND2: 0.0331 seconds
INFO:root:ER_800_7_8_1 - DIAM: 2.7682 seconds
INFO:root:ER_800_7_8_1 - Abra: 0.0418 seconds
INFO:root:ER_800_7_8_1 - Betweenness: 0.0723 seconds
INFO:root:ER_90_4_8_1 - RAND2: 0.0006 seconds
INFO:root:ER_90_4_8_1 - DIAM: 0.2672 seconds
INFO:root:ER_90_4_8_1 - Abra: 0.0338 seconds
