INFO:root:Started
INFO:root:ER_100_4_8_1 - RAND2: 0.0026 seconds
INFO:root:ER_100_4_8_1 - DIAM: 0.3389 seconds
INFO:root:ER_100_4_8_1 - Abra: 0.0372 seconds
INFO:root:ER_100_4_8_1 - Betweenness: 0.0020 seconds
INFO:root:ER_101_4_8_1 - RAND2: 0.0010 seconds
INFO:root:ER_101_4_8_1 - DIAM: 0.3152 seconds
INFO:root:ER_101_4_8_1 - Abra: 0.0272 seconds
INFO:root:ER_101_4_8_1 - Betweenness: 0.0020 seconds
INFO:root:ER_101_5_8_1 - RAND2: 0.0010 seconds
INFO:root:ER_101_5_8_1 - DIAM: 0.3066 seconds
INFO:root:ER_101_5_8_1 - Abra: 0.0372 seconds
INFO:root:ER_101_5_8_1 - Betweenness: 0.0017 seconds
INFO:root:ER_103_4_8_1 - RAND2: 0.0010 seconds
INFO:root:ER_103_4_8_1 - DIAM: 0.3475 seconds
INFO:root:ER_103_4_8_1 - Abra: 0.0608 seconds
INFO:root:ER_103_4_8_1 - Betweenness: 0.0018 seconds
INFO:root:ER_103_5_8_1 - RAND2: 0.0010 seconds
INFO:root:ER_103_5_8_1 - DIAM: 0.2935 seconds
INFO:root:ER_103_5_8_1 - Abra: 0.0380 seconds
INFO:root:ER_103_5_8_1 - Betweenness: 0.0012 seconds
INFO:root:ER_104_4_8_1 - RAND2: 0.0011 seconds
INFO:root:ER_104_4_8_1 - DIAM: 0.3132 seconds
INFO:root:ER_104_4_8_1 - Abra: 0.0384 seconds
INFO:root:ER_104_4_8_1 - Betweenness: 0.0017 seconds
INFO:root:ER_104_5_8_1 - RAND2: 0.0008 seconds
INFO:root:ER_104_5_8_1 - DIAM: 0.3158 seconds
INFO:root:ER_104_5_8_1 - Abra: 0.0443 seconds
INFO:root:ER_104_5_8_1 - Betweenness: 0.0013 seconds
INFO:root:ER_105_4_8_1 - RAND2: 0.0010 seconds
INFO:root:ER_105_4_8_1 - DIAM: 0.3313 seconds
INFO:root:ER_105_4_8_1 - Abra: 0.0382 seconds
INFO:root:ER_105_4_8_1 - Betweenness: 0.0021 seconds
INFO:root:ER_105_5_8_1 - RAND2: 0.0010 seconds
INFO:root:ER_105_5_8_1 - DIAM: 0.3012 seconds
INFO:root:ER_105_5_8_1 - Abra: 0.0314 seconds
INFO:root:ER_105_5_8_1 - Betweenness: 0.0014 seconds
INFO:root:ER_107_4_8_1 - RAND2: 0.0013 seconds
INFO:root:ER_107_4_8_1 - DIAM: 0.3602 seconds
INFO:root:ER_107_4_8_1 - Abra: 0.0395 seconds
INFO:root:ER_107_4_8_1 - Betweenness: 0.0016 seconds
INFO:root:ER_108_4_8_1 - RAND2: 0.0010 seconds
INFO:root:ER_108_4_8_1 - DIAM: 0.3332 seconds
INFO:root:ER_108_4_8_1 - Abra: 0.0376 seconds
INFO:root:ER_108_4_8_1 - Betweenness: 0.0017 seconds
INFO:root:ER_108_5_8_1 - RAND2: 0.0011 seconds
INFO:root:ER_108_5_8_1 - DIAM: 0.3594 seconds
INFO:root:ER_108_5_8_1 - Abra: 0.0374 seconds
INFO:root:ER_108_5_8_1 - Betweenness: 0.0016 seconds
INFO:root:ER_110_4_8_1 - RAND2: 0.0011 seconds
INFO:root:ER_110_4_8_1 - DIAM: 0.3621 seconds
INFO:root:ER_110_4_8_1 - Abra: 0.0395 seconds
INFO:root:ER_110_4_8_1 - Betweenness: 0.0019 seconds
INFO:root:ER_111_4_8_1 - RAND2: 0.0010 seconds
INFO:root:ER_111_4_8_1 - DIAM: 0.3525 seconds
INFO:root:ER_111_4_8_1 - Abra: 0.0454 seconds
INFO:root:ER_111_4_8_1 - Betweenness: 0.0016 seconds
INFO:root:ER_111_5_8_1 - RAND2: 0.0011 seconds
INFO:root:ER_111_5_8_1 - DIAM: 0.3397 seconds
INFO:root:ER_111_5_8_1 - Abra: 0.0378 seconds
INFO:root:ER_111_5_8_1 - Betweenness: 0.0017 seconds
INFO:root:ER_113_4_8_1 - RAND2: 0.0014 seconds
INFO:root:ER_113_4_8_1 - DIAM: 0.3797 seconds
INFO:root:ER_113_4_8_1 - Abra: 0.0411 seconds
INFO:root:ER_113_4_8_1 - Betweenness: 0.0017 seconds
INFO:root:ER_113_5_8_1 - RAND2: 0.0012 seconds
INFO:root:ER_113_5_8_1 - DIAM: 0.3841 seconds
INFO:root:ER_113_5_8_1 - Abra: 0.0394 seconds
INFO:root:ER_113_5_8_1 - Betweenness: 0.0017 seconds
INFO:root:ER_114_4_8_1 - RAND2: 0.0012 seconds
INFO:root:ER_114_4_8_1 - DIAM: 0.3736 seconds
INFO:root:ER_114_4_8_1 - Abra: 0.0415 seconds
INFO:root:ER_114_4_8_1 - Betweenness: 0.0024 seconds
INFO:root:ER_114_5_8_1 - RAND2: 0.0011 seconds
INFO:root:ER_114_5_8_1 - DIAM: 0.3678 seconds
INFO:root:ER_114_5_8_1 - Abra: 0.0366 seconds
INFO:root:ER_114_5_8_1 - Betweenness: 0.0019 seconds
INFO:root:ER_116_4_8_1 - RAND2: 0.0015 seconds
INFO:root:ER_116_4_8_1 - DIAM: 0.3917 seconds
INFO:root:ER_116_4_8_1 - Abra: 0.0339 seconds
INFO:root:ER_116_4_8_1 - Betweenness: 0.0019 seconds
INFO:root:ER_116_5_8_1 - RAND2: 0.0010 seconds
INFO:root:ER_116_5_8_1 - DIAM: 0.4430 seconds
INFO:root:ER_116_5_8_1 - Abra: 0.0826 seconds
INFO:root:ER_116_5_8_1 - Betweenness: 0.0017 seconds
INFO:root:ER_118_4_8_1 - RAND2: 0.0013 seconds
INFO:root:ER_118_4_8_1 - DIAM: 0.4147 seconds
INFO:root:ER_118_4_8_1 - Abra: 0.0390 seconds
INFO:root:ER_118_4_8_1 - Betweenness: 0.0019 seconds
INFO:root:ER_118_5_8_1 - RAND2: 0.0016 seconds
INFO:root:ER_118_5_8_1 - DIAM: 0.3779 seconds
INFO:root:ER_118_5_8_1 - Abra: 0.0424 seconds
INFO:root:ER_118_5_8_1 - Betweenness: 0.0017 seconds
INFO:root:ER_119_4_8_1 - RAND2: 0.0011 seconds
INFO:root:ER_119_4_8_1 - DIAM: 0.3743 seconds
INFO:root:ER_119_4_8_1 - Abra: 0.0345 seconds
INFO:root:ER_119_4_8_1 - Betweenness: 0.0021 seconds
INFO:root:ER_119_5_8_1 - RAND2: 0.0012 seconds
INFO:root:ER_119_5_8_1 - DIAM: 0.3600 seconds
INFO:root:ER_119_5_8_1 - Abra: 0.0472 seconds
INFO:root:ER_119_5_8_1 - Betweenness: 0.0017 seconds
INFO:root:ER_121_4_8_1 - RAND2: 0.0015 seconds
INFO:root:ER_121_4_8_1 - DIAM: 0.3622 seconds
INFO:root:ER_121_4_8_1 - Abra: 0.0366 seconds
INFO:root:ER_121_4_8_1 - Betweenness: 0.0018 seconds
INFO:root:ER_121_5_8_1 - RAND2: 0.0013 seconds
INFO:root:ER_121_5_8_1 - DIAM: 0.3876 seconds
INFO:root:ER_121_5_8_1 - Abra: 0.0365 seconds
INFO:root:ER_121_5_8_1 - Betweenness: 0.0024 seconds
INFO:root:ER_123_4_8_1 - RAND2: 0.0013 seconds
INFO:root:ER_123_4_8_1 - DIAM: 0.3943 seconds
INFO:root:ER_123_4_8_1 - Abra: 0.0392 seconds
INFO:root:ER_123_4_8_1 - Betweenness: 0.0023 seconds
INFO:root:ER_123_5_8_1 - RAND2: 0.0013 seconds
INFO:root:ER_123_5_8_1 - DIAM: 0.3798 seconds
INFO:root:ER_123_5_8_1 - Abra: 0.0351 seconds
INFO:root:ER_123_5_8_1 - Betweenness: 0.0020 seconds
INFO:root:ER_125_4_8_1 - RAND2: 0.0014 seconds
INFO:root:ER_125_4_8_1 - DIAM: 0.4425 seconds
INFO:root:ER_125_4_8_1 - Abra: 0.0374 seconds
INFO:root:ER_125_4_8_1 - Betweenness: 0.0021 seconds
INFO:root:ER_125_5_8_1 - RAND2: 0.0013 seconds
INFO:root:ER_125_5_8_1 - DIAM: 0.3952 seconds
INFO:root:ER_125_5_8_1 - Abra: 0.0392 seconds
INFO:root:ER_125_5_8_1 - Betweenness: 0.0019 seconds
INFO:root:ER_127_4_8_1 - RAND2: 0.0014 seconds
INFO:root:ER_127_4_8_1 - DIAM: 0.3882 seconds
INFO:root:ER_127_4_8_1 - Abra: 0.0270 seconds
INFO:root:ER_127_4_8_1 - Betweenness: 0.0019 seconds
INFO:root:ER_127_5_8_1 - RAND2: 0.0014 seconds
INFO:root:ER_127_5_8_1 - DIAM: 0.3766 seconds
INFO:root:ER_127_5_8_1 - Abra: 0.0400 seconds
INFO:root:ER_127_5_8_1 - Betweenness: 0.0021 seconds
INFO:root:ER_129_4_8_1 - RAND2: 0.0015 seconds
INFO:root:ER_129_4_8_1 - DIAM: 0.4136 seconds
INFO:root:ER_129_4_8_1 - Abra: 0.0173 seconds
INFO:root:ER_129_4_8_1 - Betweenness: 0.0027 seconds
INFO:root:ER_129_5_8_1 - RAND2: 0.0015 seconds
INFO:root:ER_129_5_8_1 - DIAM: 0.3920 seconds
INFO:root:ER_129_5_8_1 - Abra: 0.0411 seconds
INFO:root:ER_129_5_8_1 - Betweenness: 0.0022 seconds
INFO:root:ER_129_6_8_1 - RAND2: 0.0014 seconds
INFO:root:ER_129_6_8_1 - DIAM: 0.3730 seconds
INFO:root:ER_129_6_8_1 - Abra: 0.0673 seconds
INFO:root:ER_129_6_8_1 - Betweenness: 0.0027 seconds
INFO:root:ER_131_5_8_1 - RAND2: 0.0018 seconds
INFO:root:ER_131_5_8_1 - DIAM: 0.4059 seconds
INFO:root:ER_131_5_8_1 - Abra: 0.0657 seconds
INFO:root:ER_131_5_8_1 - Betweenness: 0.0023 seconds
INFO:root:ER_133_4_8_1 - RAND2: 0.0019 seconds
INFO:root:ER_133_4_8_1 - DIAM: 0.4386 seconds
INFO:root:ER_133_4_8_1 - Abra: 0.0728 seconds
INFO:root:ER_133_4_8_1 - Betweenness: 0.0028 seconds
INFO:root:ER_133_5_8_1 - RAND2: 0.0016 seconds
INFO:root:ER_133_5_8_1 - DIAM: 0.4111 seconds
INFO:root:ER_133_5_8_1 - Abra: 0.0391 seconds
INFO:root:ER_133_5_8_1 - Betweenness: 0.0024 seconds
INFO:root:ER_136_4_8_1 - RAND2: 0.0015 seconds
INFO:root:ER_136_4_8_1 - DIAM: 0.4389 seconds
INFO:root:ER_136_4_8_1 - Abra: 0.0368 seconds
INFO:root:ER_136_4_8_1 - Betweenness: 0.0022 seconds
INFO:root:ER_136_5_8_1 - RAND2: 0.0016 seconds
INFO:root:ER_136_5_8_1 - DIAM: 0.4483 seconds
INFO:root:ER_136_5_8_1 - Abra: 0.0377 seconds
INFO:root:ER_136_5_8_1 - Betweenness: 0.0023 seconds
INFO:root:ER_138_4_8_1 - RAND2: 0.0018 seconds
INFO:root:ER_138_4_8_1 - DIAM: 0.4659 seconds
INFO:root:ER_138_4_8_1 - Abra: 0.0620 seconds
INFO:root:ER_138_4_8_1 - Betweenness: 0.0023 seconds
INFO:root:ER_138_5_8_1 - RAND2: 0.0018 seconds
INFO:root:ER_138_5_8_1 - DIAM: 0.4184 seconds
INFO:root:ER_138_5_8_1 - Abra: 0.0362 seconds
INFO:root:ER_138_5_8_1 - Betweenness: 0.0024 seconds
INFO:root:ER_140_4_8_1 - RAND2: 0.0017 seconds
INFO:root:ER_140_4_8_1 - DIAM: 0.4419 seconds
INFO:root:ER_140_4_8_1 - Abra: 0.0409 seconds
INFO:root:ER_140_4_8_1 - Betweenness: 0.0023 seconds
INFO:root:ER_140_5_8_1 - RAND2: 0.0018 seconds
INFO:root:ER_140_5_8_1 - DIAM: 0.4398 seconds
INFO:root:ER_140_5_8_1 - Abra: 0.0342 seconds
INFO:root:ER_140_5_8_1 - Betweenness: 0.0031 seconds
INFO:root:ER_143_4_8_1 - RAND2: 0.0018 seconds
INFO:root:ER_143_4_8_1 - DIAM: 0.4942 seconds
INFO:root:ER_143_4_8_1 - Abra: 0.0407 seconds
INFO:root:ER_143_4_8_1 - Betweenness: 0.0026 seconds
INFO:root:ER_143_5_8_1 - RAND2: 0.0017 seconds
INFO:root:ER_143_5_8_1 - DIAM: 0.5040 seconds
INFO:root:ER_143_5_8_1 - Abra: 0.0452 seconds
INFO:root:ER_143_5_8_1 - Betweenness: 0.0031 seconds
INFO:root:ER_145_4_8_1 - RAND2: 0.0021 seconds
INFO:root:ER_145_4_8_1 - DIAM: 0.5374 seconds
INFO:root:ER_145_4_8_1 - Abra: 0.0787 seconds
INFO:root:ER_145_4_8_1 - Betweenness: 0.0042 seconds
INFO:root:ER_145_5_8_1 - RAND2: 0.0020 seconds
INFO:root:ER_145_5_8_1 - DIAM: 0.4814 seconds
INFO:root:ER_145_5_8_1 - Abra: 0.0747 seconds
INFO:root:ER_145_5_8_1 - Betweenness: 0.0029 seconds
INFO:root:ER_148_4_8_1 - RAND2: 0.0019 seconds
INFO:root:ER_148_4_8_1 - DIAM: 0.4774 seconds
INFO:root:ER_148_4_8_1 - Abra: 0.0739 seconds
INFO:root:ER_148_4_8_1 - Betweenness: 0.0036 seconds
INFO:root:ER_148_5_8_1 - RAND2: 0.0018 seconds
INFO:root:ER_148_5_8_1 - DIAM: 0.4887 seconds
INFO:root:ER_148_5_8_1 - Abra: 0.0686 seconds
INFO:root:ER_148_5_8_1 - Betweenness: 0.0030 seconds
INFO:root:ER_151_5_8_1 - RAND2: 0.0019 seconds
INFO:root:ER_151_5_8_1 - DIAM: 0.4684 seconds
INFO:root:ER_151_5_8_1 - Abra: 0.0404 seconds
INFO:root:ER_151_5_8_1 - Betweenness: 0.0043 seconds
INFO:root:ER_154_4_8_1 - RAND2: 0.0026 seconds
INFO:root:ER_154_4_8_1 - DIAM: 0.5625 seconds
INFO:root:ER_154_4_8_1 - Abra: 0.0591 seconds
INFO:root:ER_154_4_8_1 - Betweenness: 0.0040 seconds
INFO:root:ER_154_5_8_1 - RAND2: 0.0019 seconds
INFO:root:ER_154_5_8_1 - DIAM: 0.4679 seconds
INFO:root:ER_154_5_8_1 - Abra: 0.0721 seconds
INFO:root:ER_154_5_8_1 - Betweenness: 0.0030 seconds
INFO:root:ER_157_4_8_1 - RAND2: 0.0020 seconds
INFO:root:ER_157_4_8_1 - DIAM: 0.4959 seconds
INFO:root:ER_157_4_8_1 - Abra: 0.0709 seconds
INFO:root:ER_157_4_8_1 - Betweenness: 0.0035 seconds
INFO:root:ER_157_5_8_1 - RAND2: 0.0020 seconds
INFO:root:ER_157_5_8_1 - DIAM: 0.4783 seconds
INFO:root:ER_157_5_8_1 - Abra: 0.0396 seconds
INFO:root:ER_157_5_8_1 - Betweenness: 0.0030 seconds
INFO:root:ER_160_4_8_1 - RAND2: 0.0023 seconds
INFO:root:ER_160_4_8_1 - DIAM: 0.5107 seconds
INFO:root:ER_160_4_8_1 - Abra: 0.0387 seconds
INFO:root:ER_160_4_8_1 - Betweenness: 0.0038 seconds
INFO:root:ER_160_5_8_1 - RAND2: 0.0022 seconds
INFO:root:ER_160_5_8_1 - DIAM: 0.4834 seconds
INFO:root:ER_160_5_8_1 - Abra: 0.0374 seconds
INFO:root:ER_160_5_8_1 - Betweenness: 0.0034 seconds
INFO:root:ER_163_4_8_1 - RAND2: 0.0022 seconds
INFO:root:ER_163_4_8_1 - DIAM: 0.5410 seconds
INFO:root:ER_163_4_8_1 - Abra: 0.0490 seconds
INFO:root:ER_163_4_8_1 - Betweenness: 0.0032 seconds
INFO:root:ER_163_5_8_1 - RAND2: 0.0025 seconds
INFO:root:ER_163_5_8_1 - DIAM: 0.5156 seconds
INFO:root:ER_163_5_8_1 - Abra: 0.0659 seconds
INFO:root:ER_163_5_8_1 - Betweenness: 0.0037 seconds
INFO:root:ER_167_5_8_1 - RAND2: 0.0022 seconds
INFO:root:ER_167_5_8_1 - DIAM: 0.5074 seconds
INFO:root:ER_167_5_8_1 - Abra: 0.0370 seconds
INFO:root:ER_167_5_8_1 - Betweenness: 0.0035 seconds
INFO:root:ER_16_2_8_1 - RAND2: 0.0001 seconds
INFO:root:ER_16_2_8_1 - DIAM: 0.0553 seconds
INFO:root:ER_16_2_8_1 - Abra: 0.0468 seconds
