INFO:root:Started
INFO:root:ER_100_4_8_1 - RAND2: 0.0022 seconds
INFO:root:ER_100_4_8_1 - DIAM: 0.3310 seconds
INFO:root:ER_100_4_8_1 - Abra: 0.0667 seconds
INFO:root:ER_100_4_8_1 - Betweenness: 0.0024 seconds
INFO:root:ER_101_4_8_1 - RAND2: 0.0012 seconds
INFO:root:ER_101_4_8_1 - DIAM: 0.3183 seconds
INFO:root:ER_101_4_8_1 - Abra: 0.0480 seconds
INFO:root:ER_101_4_8_1 - Betweenness: 0.0018 seconds
INFO:root:ER_101_5_8_1 - RAND2: 0.0013 seconds
INFO:root:ER_101_5_8_1 - DIAM: 0.3350 seconds
INFO:root:ER_101_5_8_1 - Abra: 0.0398 seconds
INFO:root:ER_101_5_8_1 - Betweenness: 0.0014 seconds
INFO:root:ER_103_4_8_1 - RAND2: 0.0010 seconds
INFO:root:ER_103_4_8_1 - DIAM: 0.3319 seconds
INFO:root:ER_103_4_8_1 - Abra: 0.0395 seconds
INFO:root:ER_103_4_8_1 - Betweenness: 0.0016 seconds
INFO:root:ER_103_5_8_1 - RAND2: 0.0009 seconds
INFO:root:ER_103_5_8_1 - DIAM: 0.2971 seconds
INFO:root:ER_103_5_8_1 - Abra: 0.0659 seconds
INFO:root:ER_103_5_8_1 - Betweenness: 0.0015 seconds
INFO:root:ER_104_4_8_1 - RAND2: 0.0010 seconds
INFO:root:ER_104_4_8_1 - DIAM: 0.3222 seconds
INFO:root:ER_104_4_8_1 - Abra: 0.0417 seconds
INFO:root:ER_104_4_8_1 - Betweenness: 0.0015 seconds
INFO:root:ER_104_5_8_1 - RAND2: 0.0009 seconds
INFO:root:ER_104_5_8_1 - DIAM: 0.2922 seconds
INFO:root:ER_104_5_8_1 - Abra: 0.0374 seconds
INFO:root:ER_104_5_8_1 - Betweenness: 0.0014 seconds
INFO:root:ER_105_4_8_1 - RAND2: 0.0014 seconds
INFO:root:ER_105_4_8_1 - DIAM: 0.3149 seconds
INFO:root:ER_105_4_8_1 - Abra: 0.0376 seconds
INFO:root:ER_105_4_8_1 - Betweenness: 0.0015 seconds
INFO:root:ER_105_5_8_1 - RAND2: 0.0009 seconds
INFO:root:ER_105_5_8_1 - DIAM: 0.2976 seconds
INFO:root:ER_105_5_8_1 - Abra: 0.0363 seconds
INFO:root:ER_105_5_8_1 - Betweenness: 0.0016 seconds
INFO:root:ER_107_4_8_1 - RAND2: 0.0011 seconds
INFO:root:ER_107_4_8_1 - DIAM: 0.3459 seconds
INFO:root:ER_107_4_8_1 - Abra: 0.0336 seconds
INFO:root:ER_107_4_8_1 - Betweenness: 0.0015 seconds
INFO:root:ER_108_4_8_1 - RAND2: 0.0011 seconds
INFO:root:ER_108_4_8_1 - DIAM: 0.3401 seconds
INFO:root:ER_108_4_8_1 - Abra: 0.1021 seconds
INFO:root:ER_108_4_8_1 - Betweenness: 0.0024 seconds
INFO:root:ER_108_5_8_1 - RAND2: 0.0014 seconds
INFO:root:ER_108_5_8_1 - DIAM: 0.3754 seconds
INFO:root:ER_108_5_8_1 - Abra: 0.0410 seconds
INFO:root:ER_108_5_8_1 - Betweenness: 0.0017 seconds
INFO:root:ER_110_4_8_1 - RAND2: 0.0012 seconds
INFO:root:ER_110_4_8_1 - DIAM: 0.3464 seconds
INFO:root:ER_110_4_8_1 - Abra: 0.0350 seconds
INFO:root:ER_110_4_8_1 - Betweenness: 0.0020 seconds
INFO:root:ER_111_4_8_1 - RAND2: 0.0013 seconds
INFO:root:ER_111_4_8_1 - DIAM: 0.3456 seconds
INFO:root:ER_111_4_8_1 - Abra: 0.0352 seconds
INFO:root:ER_111_4_8_1 - Betweenness: 0.0017 seconds
INFO:root:ER_111_5_8_1 - RAND2: 0.0010 seconds
INFO:root:ER_111_5_8_1 - DIAM: 0.3654 seconds
INFO:root:ER_111_5_8_1 - Abra: 0.0402 seconds
INFO:root:ER_111_5_8_1 - Betweenness: 0.0017 seconds
INFO:root:ER_113_4_8_1 - RAND2: 0.0011 seconds
INFO:root:ER_113_4_8_1 - DIAM: 0.3957 seconds
INFO:root:ER_113_4_8_1 - Abra: 0.0395 seconds
INFO:root:ER_113_4_8_1 - Betweenness: 0.0052 seconds
INFO:root:ER_113_5_8_1 - RAND2: 0.0011 seconds
INFO:root:ER_113_5_8_1 - DIAM: 0.3626 seconds
INFO:root:ER_113_5_8_1 - Abra: 0.0434 seconds
INFO:root:ER_113_5_8_1 - Betweenness: 0.0018 seconds
INFO:root:ER_114_4_8_1 - RAND2: 0.0012 seconds
INFO:root:ER_114_4_8_1 - DIAM: 0.3616 seconds
INFO:root:ER_114_4_8_1 - Abra: 0.0395 seconds
INFO:root:ER_114_4_8_1 - Betweenness: 0.0019 seconds
INFO:root:ER_114_5_8_1 - RAND2: 0.0014 seconds
INFO:root:ER_114_5_8_1 - DIAM: 0.3853 seconds
INFO:root:ER_114_5_8_1 - Abra: 0.0510 seconds
INFO:root:ER_114_5_8_1 - Betweenness: 0.0095 seconds
INFO:root:ER_116_4_8_1 - RAND2: 0.0016 seconds
INFO:root:ER_116_4_8_1 - DIAM: 0.4282 seconds
INFO:root:ER_116_4_8_1 - Abra: 0.0302 seconds
INFO:root:ER_116_4_8_1 - Betweenness: 0.0020 seconds
INFO:root:ER_116_5_8_1 - RAND2: 0.0010 seconds
INFO:root:ER_116_5_8_1 - DIAM: 0.4258 seconds
INFO:root:ER_116_5_8_1 - Abra: 0.0282 seconds
INFO:root:ER_116_5_8_1 - Betweenness: 0.0017 seconds
INFO:root:ER_118_4_8_1 - RAND2: 0.0012 seconds
INFO:root:ER_118_4_8_1 - DIAM: 0.4163 seconds
INFO:root:ER_118_4_8_1 - Abra: 0.0351 seconds
INFO:root:ER_118_4_8_1 - Betweenness: 0.0023 seconds
INFO:root:ER_118_5_8_1 - RAND2: 0.0012 seconds
INFO:root:ER_118_5_8_1 - DIAM: 0.3984 seconds
INFO:root:ER_118_5_8_1 - Abra: 0.0418 seconds
INFO:root:ER_118_5_8_1 - Betweenness: 0.0030 seconds
INFO:root:ER_119_4_8_1 - RAND2: 0.0013 seconds
INFO:root:ER_119_4_8_1 - DIAM: 0.3541 seconds
INFO:root:ER_119_4_8_1 - Abra: 0.0360 seconds
INFO:root:ER_119_4_8_1 - Betweenness: 0.0021 seconds
INFO:root:ER_119_5_8_1 - RAND2: 0.0012 seconds
INFO:root:ER_119_5_8_1 - DIAM: 0.3585 seconds
INFO:root:ER_119_5_8_1 - Abra: 0.0401 seconds
INFO:root:ER_119_5_8_1 - Betweenness: 0.0019 seconds
INFO:root:ER_121_4_8_1 - RAND2: 0.0012 seconds
INFO:root:ER_121_4_8_1 - DIAM: 0.3793 seconds
INFO:root:ER_121_4_8_1 - Abra: 0.0424 seconds
INFO:root:ER_121_4_8_1 - Betweenness: 0.0020 seconds
INFO:root:ER_121_5_8_1 - RAND2: 0.0012 seconds
INFO:root:ER_121_5_8_1 - DIAM: 0.3849 seconds
INFO:root:ER_121_5_8_1 - Abra: 0.0599 seconds
INFO:root:ER_121_5_8_1 - Betweenness: 0.0033 seconds
INFO:root:ER_123_4_8_1 - RAND2: 0.0029 seconds
INFO:root:ER_123_4_8_1 - DIAM: 0.4186 seconds
INFO:root:ER_123_4_8_1 - Abra: 0.0335 seconds
INFO:root:ER_123_4_8_1 - Betweenness: 0.0022 seconds
INFO:root:ER_123_5_8_1 - RAND2: 0.0013 seconds
INFO:root:ER_123_5_8_1 - DIAM: 0.3747 seconds
INFO:root:ER_123_5_8_1 - Abra: 0.0407 seconds
INFO:root:ER_123_5_8_1 - Betweenness: 0.0023 seconds
INFO:root:ER_125_4_8_1 - RAND2: 0.0013 seconds
INFO:root:ER_125_4_8_1 - DIAM: 0.3913 seconds
INFO:root:ER_125_4_8_1 - Abra: 0.0240 seconds
INFO:root:ER_125_4_8_1 - Betweenness: 0.0027 seconds
INFO:root:ER_125_5_8_1 - RAND2: 0.0014 seconds
INFO:root:ER_125_5_8_1 - DIAM: 0.3880 seconds
INFO:root:ER_125_5_8_1 - Abra: 0.0578 seconds
INFO:root:ER_125_5_8_1 - Betweenness: 0.0029 seconds
INFO:root:ER_127_4_8_1 - RAND2: 0.0016 seconds
INFO:root:ER_127_4_8_1 - DIAM: 0.4169 seconds
INFO:root:ER_127_4_8_1 - Abra: 0.0418 seconds
INFO:root:ER_127_4_8_1 - Betweenness: 0.0023 seconds
INFO:root:ER_127_5_8_1 - RAND2: 0.0019 seconds
INFO:root:ER_127_5_8_1 - DIAM: 0.3942 seconds
INFO:root:ER_127_5_8_1 - Abra: 0.0442 seconds
INFO:root:ER_127_5_8_1 - Betweenness: 0.0026 seconds
INFO:root:ER_129_4_8_1 - RAND2: 0.0018 seconds
INFO:root:ER_129_4_8_1 - DIAM: 0.4246 seconds
INFO:root:ER_129_4_8_1 - Abra: 0.0535 seconds
INFO:root:ER_129_4_8_1 - Betweenness: 0.0025 seconds
INFO:root:ER_129_5_8_1 - RAND2: 0.0015 seconds
INFO:root:ER_129_5_8_1 - DIAM: 0.4362 seconds
INFO:root:ER_129_5_8_1 - Abra: 0.0825 seconds
INFO:root:ER_129_5_8_1 - Betweenness: 0.0026 seconds
INFO:root:ER_129_6_8_1 - RAND2: 0.0017 seconds
INFO:root:ER_129_6_8_1 - DIAM: 0.3972 seconds
INFO:root:ER_129_6_8_1 - Abra: 0.0469 seconds
INFO:root:ER_129_6_8_1 - Betweenness: 0.0039 seconds
INFO:root:ER_131_5_8_1 - RAND2: 0.0016 seconds
INFO:root:ER_131_5_8_1 - DIAM: 0.4233 seconds
INFO:root:ER_131_5_8_1 - Abra: 0.0377 seconds
INFO:root:ER_131_5_8_1 - Betweenness: 0.0023 seconds
INFO:root:ER_133_4_8_1 - RAND2: 0.0019 seconds
INFO:root:ER_133_4_8_1 - DIAM: 0.4202 seconds
INFO:root:ER_133_4_8_1 - Abra: 0.0424 seconds
INFO:root:ER_133_4_8_1 - Betweenness: 0.0024 seconds
INFO:root:ER_133_5_8_1 - RAND2: 0.0019 seconds
INFO:root:ER_133_5_8_1 - DIAM: 0.4079 seconds
INFO:root:ER_133_5_8_1 - Abra: 0.0347 seconds
INFO:root:ER_133_5_8_1 - Betweenness: 0.0023 seconds
INFO:root:ER_136_4_8_1 - RAND2: 0.0015 seconds
INFO:root:ER_136_4_8_1 - DIAM: 0.4218 seconds
INFO:root:ER_136_4_8_1 - Abra: 0.0430 seconds
INFO:root:ER_136_4_8_1 - Betweenness: 0.0039 seconds
INFO:root:ER_136_5_8_1 - RAND2: 0.0023 seconds
INFO:root:ER_136_5_8_1 - DIAM: 0.4646 seconds
INFO:root:ER_136_5_8_1 - Abra: 0.0337 seconds
INFO:root:ER_136_5_8_1 - Betweenness: 0.0025 seconds
INFO:root:ER_138_4_8_1 - RAND2: 0.0017 seconds
INFO:root:ER_138_4_8_1 - DIAM: 0.5057 seconds
INFO:root:ER_138_4_8_1 - Abra: 0.0596 seconds
INFO:root:ER_138_4_8_1 - Betweenness: 0.0043 seconds
INFO:root:ER_138_5_8_1 - RAND2: 0.0021 seconds
INFO:root:ER_138_5_8_1 - DIAM: 0.4397 seconds
INFO:root:ER_138_5_8_1 - Abra: 0.0337 seconds
INFO:root:ER_138_5_8_1 - Betweenness: 0.0029 seconds
INFO:root:ER_140_4_8_1 - RAND2: 0.0017 seconds
INFO:root:ER_140_4_8_1 - DIAM: 0.4676 seconds
INFO:root:ER_140_4_8_1 - Abra: 0.0488 seconds
INFO:root:ER_140_4_8_1 - Betweenness: 0.0044 seconds
INFO:root:ER_140_5_8_1 - RAND2: 0.0018 seconds
INFO:root:ER_140_5_8_1 - DIAM: 0.4393 seconds
INFO:root:ER_140_5_8_1 - Abra: 0.0464 seconds
INFO:root:ER_140_5_8_1 - Betweenness: 0.0024 seconds
INFO:root:ER_143_4_8_1 - RAND2: 0.0019 seconds
INFO:root:ER_143_4_8_1 - DIAM: 0.4711 seconds
INFO:root:ER_143_4_8_1 - Abra: 0.0415 seconds
INFO:root:ER_143_4_8_1 - Betweenness: 0.0026 seconds
INFO:root:ER_143_5_8_1 - RAND2: 0.0017 seconds
INFO:root:ER_143_5_8_1 - DIAM: 0.4506 seconds
INFO:root:ER_143_5_8_1 - Abra: 0.0665 seconds
INFO:root:ER_143_5_8_1 - Betweenness: 0.0030 seconds
INFO:root:ER_145_4_8_1 - RAND2: 0.0019 seconds
INFO:root:ER_145_4_8_1 - DIAM: 0.5060 seconds
INFO:root:ER_145_4_8_1 - Abra: 0.0635 seconds
INFO:root:ER_145_4_8_1 - Betweenness: 0.0029 seconds
INFO:root:ER_145_5_8_1 - RAND2: 0.0018 seconds
INFO:root:ER_145_5_8_1 - DIAM: 0.4834 seconds
INFO:root:ER_145_5_8_1 - Abra: 0.0349 seconds
INFO:root:ER_145_5_8_1 - Betweenness: 0.0026 seconds
INFO:root:ER_148_4_8_1 - RAND2: 0.0021 seconds
INFO:root:ER_148_4_8_1 - DIAM: 0.4841 seconds
INFO:root:ER_148_4_8_1 - Abra: 0.0397 seconds
INFO:root:ER_148_4_8_1 - Betweenness: 0.0028 seconds
INFO:root:ER_148_5_8_1 - RAND2: 0.0020 seconds
INFO:root:ER_148_5_8_1 - DIAM: 0.4590 seconds
INFO:root:ER_148_5_8_1 - Abra: 0.1113 seconds
INFO:root:ER_148_5_8_1 - Betweenness: 0.0032 seconds
INFO:root:ER_151_5_8_1 - RAND2: 0.0026 seconds
INFO:root:ER_151_5_8_1 - DIAM: 0.4801 seconds
INFO:root:ER_151_5_8_1 - Abra: 0.0376 seconds
INFO:root:ER_151_5_8_1 - Betweenness: 0.0028 seconds
INFO:root:ER_154_4_8_1 - RAND2: 0.0024 seconds
INFO:root:ER_154_4_8_1 - DIAM: 0.5043 seconds
INFO:root:ER_154_4_8_1 - Abra: 0.0359 seconds
INFO:root:ER_154_4_8_1 - Betweenness: 0.0032 seconds
INFO:root:ER_154_5_8_1 - RAND2: 0.0023 seconds
INFO:root:ER_154_5_8_1 - DIAM: 0.5200 seconds
INFO:root:ER_154_5_8_1 - Abra: 0.0726 seconds
INFO:root:ER_154_5_8_1 - Betweenness: 0.0032 seconds
INFO:root:ER_157_4_8_1 - RAND2: 0.0021 seconds
INFO:root:ER_157_4_8_1 - DIAM: 0.5499 seconds
INFO:root:ER_157_4_8_1 - Abra: 0.0391 seconds
INFO:root:ER_157_4_8_1 - Betweenness: 0.0045 seconds
INFO:root:ER_157_5_8_1 - RAND2: 0.0019 seconds
INFO:root:ER_157_5_8_1 - DIAM: 0.4974 seconds
INFO:root:ER_157_5_8_1 - Abra: 0.0678 seconds
INFO:root:ER_157_5_8_1 - Betweenness: 0.0034 seconds
INFO:root:ER_160_4_8_1 - RAND2: 0.0022 seconds
INFO:root:ER_160_4_8_1 - DIAM: 0.5275 seconds
INFO:root:ER_160_4_8_1 - Abra: 0.0375 seconds
INFO:root:ER_160_4_8_1 - Betweenness: 0.0033 seconds
INFO:root:ER_160_5_8_1 - RAND2: 0.0024 seconds
INFO:root:ER_160_5_8_1 - DIAM: 0.4895 seconds
INFO:root:ER_160_5_8_1 - Abra: 0.0378 seconds
INFO:root:ER_160_5_8_1 - Betweenness: 0.0037 seconds
INFO:root:ER_163_4_8_1 - RAND2: 0.0021 seconds
INFO:root:ER_163_4_8_1 - DIAM: 0.5092 seconds
INFO:root:ER_163_4_8_1 - Abra: 0.0385 seconds
INFO:root:ER_163_4_8_1 - Betweenness: 0.0033 seconds
INFO:root:ER_163_5_8_1 - RAND2: 0.0026 seconds
INFO:root:ER_163_5_8_1 - DIAM: 0.5202 seconds
INFO:root:ER_163_5_8_1 - Abra: 0.0461 seconds
INFO:root:ER_163_5_8_1 - Betweenness: 0.0036 seconds
INFO:root:ER_167_5_8_1 - RAND2: 0.0024 seconds
INFO:root:ER_167_5_8_1 - DIAM: 0.5322 seconds
INFO:root:ER_167_5_8_1 - Abra: 0.0745 seconds
INFO:root:ER_167_5_8_1 - Betweenness: 0.0047 seconds
INFO:root:ER_16_2_8_1 - RAND2: 0.0002 seconds
INFO:root:ER_16_2_8_1 - DIAM: 0.0725 seconds
INFO:root:ER_16_2_8_1 - Abra: 0.0397 seconds
