INFO:root:Started
INFO:root:ER_100_4_8_1 - RAND2: 0.0021 seconds
INFO:root:ER_100_4_8_1 - DIAM: 0.3741 seconds
INFO:root:ER_100_4_8_1 - Abra: 0.0344 seconds
INFO:root:ER_100_4_8_1 - Betweenness: 0.0021 seconds
INFO:root:ER_101_4_8_1 - RAND2: 0.0007 seconds
INFO:root:ER_101_4_8_1 - DIAM: 0.3576 seconds
INFO:root:ER_101_4_8_1 - Abra: 0.0378 seconds
INFO:root:ER_101_4_8_1 - Betweenness: 0.0018 seconds
INFO:root:ER_101_5_8_1 - RAND2: 0.0007 seconds
INFO:root:ER_101_5_8_1 - DIAM: 0.3654 seconds
INFO:root:ER_101_5_8_1 - Abra: 0.0388 seconds
INFO:root:ER_101_5_8_1 - Betweenness: 0.0021 seconds
INFO:root:ER_103_4_8_1 - RAND2: 0.0007 seconds
INFO:root:ER_103_4_8_1 - DIAM: 0.3905 seconds
INFO:root:ER_103_4_8_1 - Abra: 0.0354 seconds
INFO:root:ER_103_4_8_1 - Betweenness: 0.0015 seconds
INFO:root:ER_103_5_8_1 - RAND2: 0.0006 seconds
INFO:root:ER_103_5_8_1 - DIAM: 0.3450 seconds
INFO:root:ER_103_5_8_1 - Abra: 0.0563 seconds
INFO:root:ER_103_5_8_1 - Betweenness: 0.0016 seconds
INFO:root:ER_104_4_8_1 - RAND2: 0.0008 seconds
INFO:root:ER_104_4_8_1 - DIAM: 0.3595 seconds
INFO:root:ER_104_4_8_1 - Abra: 0.0349 seconds
INFO:root:ER_104_4_8_1 - Betweenness: 0.0017 seconds
INFO:root:ER_105_4_8_1 - RAND2: 0.0008 seconds
INFO:root:ER_105_4_8_1 - DIAM: 0.3594 seconds
INFO:root:ER_105_4_8_1 - Abra: 0.0650 seconds
INFO:root:ER_105_4_8_1 - Betweenness: 0.0018 seconds
INFO:root:ER_105_5_8_1 - RAND2: 0.0008 seconds
INFO:root:ER_105_5_8_1 - DIAM: 0.3510 seconds
INFO:root:ER_105_5_8_1 - Abra: 0.0335 seconds
INFO:root:ER_105_5_8_1 - Betweenness: 0.0016 seconds
INFO:root:ER_107_4_8_1 - RAND2: 0.0008 seconds
INFO:root:ER_107_4_8_1 - DIAM: 0.4051 seconds
INFO:root:ER_107_4_8_1 - Abra: 0.0348 seconds
INFO:root:ER_107_4_8_1 - Betweenness: 0.0022 seconds
INFO:root:ER_108_4_8_1 - RAND2: 0.0009 seconds
INFO:root:ER_108_4_8_1 - DIAM: 0.3934 seconds
INFO:root:ER_108_4_8_1 - Abra: 0.0345 seconds
INFO:root:ER_108_4_8_1 - Betweenness: 0.0018 seconds
INFO:root:ER_108_5_8_1 - RAND2: 0.0008 seconds
INFO:root:ER_108_5_8_1 - DIAM: 0.3829 seconds
INFO:root:ER_108_5_8_1 - Abra: 0.0667 seconds
INFO:root:ER_108_5_8_1 - Betweenness: 0.0028 seconds
INFO:root:ER_110_4_8_1 - RAND2: 0.0008 seconds
INFO:root:ER_110_4_8_1 - DIAM: 0.4292 seconds
INFO:root:ER_110_4_8_1 - Abra: 0.0365 seconds
INFO:root:ER_110_4_8_1 - Betweenness: 0.0018 seconds
INFO:root:ER_111_4_8_1 - RAND2: 0.0009 seconds
INFO:root:ER_111_4_8_1 - DIAM: 0.3594 seconds
INFO:root:ER_111_4_8_1 - Abra: 0.0340 seconds
INFO:root:ER_111_4_8_1 - Betweenness: 0.0018 seconds
INFO:root:ER_113_4_8_1 - RAND2: 0.0009 seconds
INFO:root:ER_113_4_8_1 - DIAM: 0.3635 seconds
INFO:root:ER_113_4_8_1 - Abra: 0.0349 seconds
INFO:root:ER_113_4_8_1 - Betweenness: 0.0024 seconds
INFO:root:ER_114_5_8_1 - RAND2: 0.0008 seconds
INFO:root:ER_114_5_8_1 - DIAM: 0.3711 seconds
INFO:root:ER_114_5_8_1 - Abra: 0.0333 seconds
INFO:root:ER_114_5_8_1 - Betweenness: 0.0017 seconds
INFO:root:ER_116_5_8_1 - RAND2: 0.0008 seconds
INFO:root:ER_116_5_8_1 - DIAM: 0.3628 seconds
INFO:root:ER_116_5_8_1 - Abra: 0.0336 seconds
INFO:root:ER_116_5_8_1 - Betweenness: 0.0021 seconds
INFO:root:ER_118_4_8_1 - RAND2: 0.0008 seconds
INFO:root:ER_118_4_8_1 - DIAM: 0.3614 seconds
INFO:root:ER_118_4_8_1 - Abra: 0.0350 seconds
INFO:root:ER_118_4_8_1 - Betweenness: 0.0019 seconds
INFO:root:ER_119_4_8_1 - RAND2: 0.0008 seconds
INFO:root:ER_119_4_8_1 - DIAM: 0.3734 seconds
INFO:root:ER_119_4_8_1 - Abra: 0.0660 seconds
INFO:root:ER_119_4_8_1 - Betweenness: 0.0028 seconds
INFO:root:ER_121_4_8_1 - RAND2: 0.0010 seconds
INFO:root:ER_121_4_8_1 - DIAM: 0.3745 seconds
INFO:root:ER_121_4_8_1 - Abra: 0.0371 seconds
INFO:root:ER_121_4_8_1 - Betweenness: 0.0037 seconds
INFO:root:ER_123_4_8_1 - RAND2: 0.0009 seconds
INFO:root:ER_123_4_8_1 - DIAM: 0.3739 seconds
INFO:root:ER_123_4_8_1 - Abra: 0.0667 seconds
INFO:root:ER_123_4_8_1 - Betweenness: 0.0032 seconds
INFO:root:ER_123_5_8_1 - RAND2: 0.0009 seconds
INFO:root:ER_123_5_8_1 - DIAM: 0.3932 seconds
INFO:root:ER_123_5_8_1 - Abra: 0.0339 seconds
INFO:root:ER_123_5_8_1 - Betweenness: 0.0027 seconds
INFO:root:ER_125_4_8_1 - RAND2: 0.0010 seconds
INFO:root:ER_125_4_8_1 - DIAM: 0.3755 seconds
INFO:root:ER_125_4_8_1 - Abra: 0.0651 seconds
INFO:root:ER_125_4_8_1 - Betweenness: 0.0021 seconds
INFO:root:ER_127_4_8_1 - RAND2: 0.0010 seconds
INFO:root:ER_127_4_8_1 - DIAM: 0.3898 seconds
INFO:root:ER_127_4_8_1 - Abra: 0.0366 seconds
INFO:root:ER_127_4_8_1 - Betweenness: 0.0027 seconds
INFO:root:ER_127_5_8_1 - RAND2: 0.0010 seconds
INFO:root:ER_127_5_8_1 - DIAM: 0.3988 seconds
INFO:root:ER_127_5_8_1 - Abra: 0.0343 seconds
INFO:root:ER_127_5_8_1 - Betweenness: 0.0027 seconds
INFO:root:ER_129_4_8_1 - RAND2: 0.0010 seconds
INFO:root:ER_129_4_8_1 - DIAM: 0.4019 seconds
INFO:root:ER_129_4_8_1 - Abra: 0.0358 seconds
INFO:root:ER_129_4_8_1 - Betweenness: 0.0025 seconds
INFO:root:ER_129_5_8_1 - RAND2: 0.0009 seconds
INFO:root:ER_129_5_8_1 - DIAM: 0.4020 seconds
INFO:root:ER_129_5_8_1 - Abra: 0.0657 seconds
INFO:root:ER_129_5_8_1 - Betweenness: 0.0021 seconds
INFO:root:ER_131_5_8_1 - RAND2: 0.0010 seconds
INFO:root:ER_131_5_8_1 - DIAM: 0.4107 seconds
INFO:root:ER_131_5_8_1 - Abra: 0.0347 seconds
INFO:root:ER_131_5_8_1 - Betweenness: 0.0024 seconds
INFO:root:ER_133_5_8_1 - RAND2: 0.0010 seconds
INFO:root:ER_133_5_8_1 - DIAM: 0.4105 seconds
INFO:root:ER_133_5_8_1 - Abra: 0.0344 seconds
INFO:root:ER_133_5_8_1 - Betweenness: 0.0024 seconds
INFO:root:ER_136_5_8_1 - RAND2: 0.0013 seconds
INFO:root:ER_136_5_8_1 - DIAM: 0.4308 seconds
INFO:root:ER_136_5_8_1 - Abra: 0.0346 seconds
INFO:root:ER_136_5_8_1 - Betweenness: 0.0028 seconds
INFO:root:ER_138_4_8_1 - RAND2: 0.0012 seconds
INFO:root:ER_138_4_8_1 - DIAM: 0.4208 seconds
INFO:root:ER_138_4_8_1 - Abra: 0.0360 seconds
INFO:root:ER_138_4_8_1 - Betweenness: 0.0025 seconds
INFO:root:ER_138_5_8_1 - RAND2: 0.0011 seconds
INFO:root:ER_138_5_8_1 - DIAM: 0.3890 seconds
INFO:root:ER_138_5_8_1 - Abra: 0.0652 seconds
INFO:root:ER_138_5_8_1 - Betweenness: 0.0028 seconds
INFO:root:ER_140_4_8_1 - RAND2: 0.0012 seconds
INFO:root:ER_140_4_8_1 - DIAM: 0.4508 seconds
INFO:root:ER_140_4_8_1 - Abra: 0.0369 seconds
INFO:root:ER_140_4_8_1 - Betweenness: 0.0030 seconds
INFO:root:ER_143_5_8_1 - RAND2: 0.0014 seconds
INFO:root:ER_143_5_8_1 - DIAM: 0.4758 seconds
INFO:root:ER_143_5_8_1 - Abra: 0.0357 seconds
INFO:root:ER_143_5_8_1 - Betweenness: 0.0044 seconds
INFO:root:ER_145_4_8_1 - RAND2: 0.0013 seconds
INFO:root:ER_145_4_8_1 - DIAM: 0.4799 seconds
INFO:root:ER_145_4_8_1 - Abra: 0.0390 seconds
INFO:root:ER_145_4_8_1 - Betweenness: 0.0038 seconds
INFO:root:ER_145_5_8_1 - RAND2: 0.0014 seconds
INFO:root:ER_145_5_8_1 - DIAM: 0.4580 seconds
INFO:root:ER_145_5_8_1 - Abra: 0.0533 seconds
INFO:root:ER_145_5_8_1 - Betweenness: 0.0027 seconds
INFO:root:ER_148_4_8_1 - RAND2: 0.0013 seconds
INFO:root:ER_148_4_8_1 - DIAM: 0.4588 seconds
INFO:root:ER_148_4_8_1 - Abra: 0.0671 seconds
INFO:root:ER_148_4_8_1 - Betweenness: 0.0029 seconds
INFO:root:ER_148_5_8_1 - RAND2: 0.0014 seconds
INFO:root:ER_148_5_8_1 - DIAM: 0.4709 seconds
INFO:root:ER_148_5_8_1 - Abra: 0.0455 seconds
INFO:root:ER_148_5_8_1 - Betweenness: 0.0031 seconds
INFO:root:ER_151_5_8_1 - RAND2: 0.0013 seconds
INFO:root:ER_151_5_8_1 - DIAM: 0.4926 seconds
INFO:root:ER_151_5_8_1 - Abra: 0.0653 seconds
INFO:root:ER_151_5_8_1 - Betweenness: 0.0029 seconds
INFO:root:ER_154_4_8_1 - RAND2: 0.0015 seconds
INFO:root:ER_154_4_8_1 - DIAM: 0.5103 seconds
INFO:root:ER_154_4_8_1 - Abra: 0.0670 seconds
INFO:root:ER_154_4_8_1 - Betweenness: 0.0032 seconds
INFO:root:ER_154_5_8_1 - RAND2: 0.0014 seconds
INFO:root:ER_154_5_8_1 - DIAM: 0.4812 seconds
INFO:root:ER_154_5_8_1 - Abra: 0.0663 seconds
INFO:root:ER_154_5_8_1 - Betweenness: 0.0031 seconds
INFO:root:ER_157_4_8_1 - RAND2: 0.0016 seconds
INFO:root:ER_157_4_8_1 - DIAM: 0.5257 seconds
INFO:root:ER_157_4_8_1 - Abra: 0.0544 seconds
INFO:root:ER_157_4_8_1 - Betweenness: 0.0051 seconds
INFO:root:ER_160_4_8_1 - RAND2: 0.0016 seconds
INFO:root:ER_160_4_8_1 - DIAM: 0.5167 seconds
INFO:root:ER_160_4_8_1 - Abra: 0.0382 seconds
INFO:root:ER_160_4_8_1 - Betweenness: 0.0040 seconds
INFO:root:ER_160_5_8_1 - RAND2: 0.0017 seconds
INFO:root:ER_160_5_8_1 - DIAM: 0.5270 seconds
INFO:root:ER_160_5_8_1 - Abra: 0.0410 seconds
INFO:root:ER_160_5_8_1 - Betweenness: 0.0033 seconds
INFO:root:ER_163_5_8_1 - RAND2: 0.0016 seconds
INFO:root:ER_163_5_8_1 - DIAM: 0.5071 seconds
INFO:root:ER_163_5_8_1 - Abra: 0.0363 seconds
INFO:root:ER_163_5_8_1 - Betweenness: 0.0033 seconds
INFO:root:ER_167_5_8_1 - RAND2: 0.0017 seconds
INFO:root:ER_167_5_8_1 - DIAM: 0.4993 seconds
INFO:root:ER_167_5_8_1 - Abra: 0.0660 seconds
INFO:root:ER_167_5_8_1 - Betweenness: 0.0036 seconds
INFO:root:ER_170_4_8_1 - RAND2: 0.0019 seconds
INFO:root:ER_170_4_8_1 - DIAM: 0.5590 seconds
INFO:root:ER_170_4_8_1 - Abra: 0.0681 seconds
INFO:root:ER_170_4_8_1 - Betweenness: 0.0037 seconds
INFO:root:ER_170_5_8_1 - RAND2: 0.0016 seconds
INFO:root:ER_170_5_8_1 - DIAM: 0.5113 seconds
INFO:root:ER_170_5_8_1 - Abra: 0.0659 seconds
INFO:root:ER_170_5_8_1 - Betweenness: 0.0047 seconds
INFO:root:ER_174_5_8_1 - RAND2: 0.0018 seconds
INFO:root:ER_174_5_8_1 - DIAM: 0.5413 seconds
INFO:root:ER_174_5_8_1 - Abra: 0.0650 seconds
INFO:root:ER_174_5_8_1 - Betweenness: 0.0055 seconds
INFO:root:ER_178_5_8_1 - RAND2: 0.0018 seconds
INFO:root:ER_178_5_8_1 - DIAM: 0.5395 seconds
INFO:root:ER_178_5_8_1 - Abra: 0.0356 seconds
INFO:root:ER_178_5_8_1 - Betweenness: 0.0044 seconds
INFO:root:ER_182_4_8_1 - RAND2: 0.0019 seconds
INFO:root:ER_182_4_8_1 - DIAM: 0.5290 seconds
INFO:root:ER_182_4_8_1 - Abra: 0.0709 seconds
INFO:root:ER_182_4_8_1 - Betweenness: 0.0054 seconds
INFO:root:ER_182_5_8_1 - RAND2: 0.0022 seconds
INFO:root:ER_182_5_8_1 - DIAM: 0.5755 seconds
INFO:root:ER_182_5_8_1 - Abra: 0.0214 seconds
INFO:root:ER_182_5_8_1 - Betweenness: 0.0072 seconds
INFO:root:ER_186_5_8_1 - RAND2: 0.0020 seconds
INFO:root:ER_186_5_8_1 - DIAM: 0.6760 seconds
INFO:root:ER_186_5_8_1 - Abra: 0.0372 seconds
INFO:root:ER_186_5_8_1 - Betweenness: 0.0048 seconds
INFO:root:ER_190_5_8_1 - RAND2: 0.0020 seconds
INFO:root:ER_190_5_8_1 - DIAM: 0.5607 seconds
INFO:root:ER_190_5_8_1 - Abra: 0.0381 seconds
INFO:root:ER_190_5_8_1 - Betweenness: 0.0072 seconds
INFO:root:ER_195_5_8_1 - RAND2: 0.0022 seconds
INFO:root:ER_195_5_8_1 - DIAM: 0.5708 seconds
INFO:root:ER_195_5_8_1 - Abra: 0.0383 seconds
INFO:root:ER_195_5_8_1 - Betweenness: 0.0056 seconds
INFO:root:ER_200_5_8_1 - RAND2: 0.0023 seconds
INFO:root:ER_200_5_8_1 - DIAM: 0.6844 seconds
INFO:root:ER_200_5_8_1 - Abra: 0.0351 seconds
INFO:root:ER_200_5_8_1 - Betweenness: 0.0048 seconds
INFO:root:ER_205_5_8_1 - RAND2: 0.0026 seconds
INFO:root:ER_205_5_8_1 - DIAM: 0.6309 seconds
INFO:root:ER_205_5_8_1 - Abra: 0.0666 seconds
INFO:root:ER_205_5_8_1 - Betweenness: 0.0082 seconds
INFO:root:ER_211_5_8_1 - RAND2: 0.0026 seconds
INFO:root:ER_211_5_8_1 - DIAM: 0.6442 seconds
INFO:root:ER_211_5_8_1 - Abra: 0.0351 seconds
INFO:root:ER_211_5_8_1 - Betweenness: 0.0054 seconds
INFO:root:ER_216_5_8_1 - RAND2: 0.0025 seconds
INFO:root:ER_216_5_8_1 - DIAM: 0.6497 seconds
INFO:root:ER_216_5_8_1 - Abra: 0.0371 seconds
INFO:root:ER_216_5_8_1 - Betweenness: 0.0064 seconds
INFO:root:ER_216_6_8_1 - RAND2: 0.0024 seconds
INFO:root:ER_216_6_8_1 - DIAM: 0.7373 seconds
INFO:root:ER_216_6_8_1 - Abra: 0.0369 seconds
INFO:root:ER_216_6_8_1 - Betweenness: 0.0066 seconds
INFO:root:ER_222_5_8_1 - RAND2: 0.0030 seconds
INFO:root:ER_222_5_8_1 - DIAM: 0.7185 seconds
INFO:root:ER_222_5_8_1 - Abra: 0.0365 seconds
INFO:root:ER_222_5_8_1 - Betweenness: 0.0067 seconds
INFO:root:ER_229_5_8_1 - RAND2: 0.0030 seconds
INFO:root:ER_229_5_8_1 - DIAM: 0.8799 seconds
INFO:root:ER_229_5_8_1 - Abra: 0.0714 seconds
INFO:root:ER_229_5_8_1 - Betweenness: 0.0107 seconds
INFO:root:ER_229_6_8_1 - RAND2: 0.0031 seconds
INFO:root:ER_229_6_8_1 - DIAM: 0.6942 seconds
INFO:root:ER_229_6_8_1 - Abra: 0.0418 seconds
INFO:root:ER_229_6_8_1 - Betweenness: 0.0114 seconds
INFO:root:ER_235_5_8_1 - RAND2: 0.0040 seconds
INFO:root:ER_235_5_8_1 - DIAM: 0.7677 seconds
INFO:root:ER_235_5_8_1 - Abra: 0.0650 seconds
INFO:root:ER_235_5_8_1 - Betweenness: 0.0070 seconds
INFO:root:ER_242_5_8_1 - RAND2: 0.0034 seconds
INFO:root:ER_242_5_8_1 - DIAM: 0.8893 seconds
INFO:root:ER_242_5_8_1 - Abra: 0.0401 seconds
INFO:root:ER_242_5_8_1 - Betweenness: 0.0085 seconds
INFO:root:ER_242_6_8_1 - RAND2: 0.0034 seconds
INFO:root:ER_242_6_8_1 - DIAM: 0.7987 seconds
INFO:root:ER_242_6_8_1 - Abra: 0.0089 seconds
INFO:root:ER_242_6_8_1 - Betweenness: 0.0065 seconds
INFO:root:ER_250_5_8_1 - RAND2: 0.0041 seconds
INFO:root:ER_250_5_8_1 - DIAM: 0.7961 seconds
INFO:root:ER_250_5_8_1 - Abra: 0.0644 seconds
INFO:root:ER_250_5_8_1 - Betweenness: 0.0084 seconds
INFO:root:ER_258_5_8_1 - RAND2: 0.0042 seconds
INFO:root:ER_258_5_8_1 - DIAM: 0.8061 seconds
INFO:root:ER_258_5_8_1 - Abra: 0.0368 seconds
INFO:root:ER_258_5_8_1 - Betweenness: 0.0112 seconds
INFO:root:ER_267_5_8_1 - RAND2: 0.0037 seconds
INFO:root:ER_267_5_8_1 - DIAM: 0.8410 seconds
INFO:root:ER_267_5_8_1 - Abra: 0.0679 seconds
INFO:root:ER_267_5_8_1 - Betweenness: 0.0088 seconds
INFO:root:ER_276_5_8_1 - RAND2: 0.0042 seconds
INFO:root:ER_276_5_8_1 - DIAM: 0.8628 seconds
INFO:root:ER_276_5_8_1 - Abra: 0.0375 seconds
INFO:root:ER_276_5_8_1 - Betweenness: 0.0097 seconds
INFO:root:ER_276_6_8_1 - RAND2: 0.0040 seconds
INFO:root:ER_276_6_8_1 - DIAM: 0.8239 seconds
INFO:root:ER_276_6_8_1 - Abra: 0.0292 seconds
INFO:root:ER_276_6_8_1 - Betweenness: 0.0098 seconds
INFO:root:ER_286_5_8_1 - RAND2: 0.0047 seconds
INFO:root:ER_286_5_8_1 - DIAM: 0.8927 seconds
INFO:root:ER_286_5_8_1 - Abra: 0.0379 seconds
INFO:root:ER_286_5_8_1 - Betweenness: 0.0101 seconds
INFO:root:ER_296_5_8_1 - RAND2: 0.0050 seconds
INFO:root:ER_296_5_8_1 - DIAM: 0.9115 seconds
INFO:root:ER_296_5_8_1 - Abra: 0.0383 seconds
INFO:root:ER_296_5_8_1 - Betweenness: 0.0103 seconds
INFO:root:ER_308_5_8_1 - RAND2: 0.0053 seconds
INFO:root:ER_308_5_8_1 - DIAM: 0.9334 seconds
INFO:root:ER_308_5_8_1 - Abra: 0.0384 seconds
INFO:root:ER_308_5_8_1 - Betweenness: 0.0121 seconds
INFO:root:ER_308_6_8_1 - RAND2: 0.0053 seconds
INFO:root:ER_308_6_8_1 - DIAM: 1.1305 seconds
INFO:root:ER_308_6_8_1 - Abra: 0.0367 seconds
INFO:root:ER_308_6_8_1 - Betweenness: 0.0115 seconds
INFO:root:ER_320_5_8_1 - RAND2: 0.0057 seconds
INFO:root:ER_320_5_8_1 - DIAM: 1.1933 seconds
INFO:root:ER_320_5_8_1 - Abra: 0.0396 seconds
INFO:root:ER_320_5_8_1 - Betweenness: 0.0116 seconds
INFO:root:ER_320_6_8_1 - RAND2: 0.0060 seconds
INFO:root:ER_320_6_8_1 - DIAM: 1.1802 seconds
INFO:root:ER_320_6_8_1 - Abra: 0.0362 seconds
INFO:root:ER_320_6_8_1 - Betweenness: 0.0166 seconds
INFO:root:ER_333_5_8_1 - RAND2: 0.0062 seconds
INFO:root:ER_333_5_8_1 - DIAM: 1.0391 seconds
INFO:root:ER_333_5_8_1 - Abra: 0.0373 seconds
INFO:root:ER_333_5_8_1 - Betweenness: 0.0135 seconds
INFO:root:ER_333_6_8_1 - RAND2: 0.0064 seconds
INFO:root:ER_333_6_8_1 - DIAM: 1.2595 seconds
INFO:root:ER_333_6_8_1 - Abra: 0.0370 seconds
INFO:root:ER_333_6_8_1 - Betweenness: 0.0160 seconds
INFO:root:ER_348_5_8_1 - RAND2: 0.0078 seconds
INFO:root:ER_348_5_8_1 - DIAM: 1.0686 seconds
INFO:root:ER_348_5_8_1 - Abra: 0.0721 seconds
INFO:root:ER_348_5_8_1 - Betweenness: 0.0202 seconds
INFO:root:ER_364_5_8_1 - RAND2: 0.0078 seconds
INFO:root:ER_364_5_8_1 - DIAM: 1.0844 seconds
INFO:root:ER_364_5_8_1 - Abra: 0.0723 seconds
INFO:root:ER_364_5_8_1 - Betweenness: 0.0179 seconds
INFO:root:ER_364_6_8_1 - RAND2: 0.0072 seconds
INFO:root:ER_364_6_8_1 - DIAM: 1.3135 seconds
INFO:root:ER_364_6_8_1 - Abra: 0.0669 seconds
INFO:root:ER_364_6_8_1 - Betweenness: 0.0145 seconds
INFO:root:ER_381_5_8_1 - RAND2: 0.0077 seconds
INFO:root:ER_381_5_8_1 - DIAM: 1.3458 seconds
INFO:root:ER_381_5_8_1 - Abra: 0.0739 seconds
INFO:root:ER_381_5_8_1 - Betweenness: 0.0180 seconds
INFO:root:ER_400_5_8_1 - RAND2: 0.0088 seconds
INFO:root:ER_400_5_8_1 - DIAM: 1.4141 seconds
INFO:root:ER_400_5_8_1 - Abra: 0.0756 seconds
INFO:root:ER_400_5_8_1 - Betweenness: 0.0218 seconds
INFO:root:ER_400_6_8_1 - RAND2: 0.0086 seconds
INFO:root:ER_400_6_8_1 - DIAM: 1.1809 seconds
INFO:root:ER_400_6_8_1 - Abra: 0.0377 seconds
INFO:root:ER_400_6_8_1 - Betweenness: 0.0270 seconds
INFO:root:ER_40_3_8_1 - RAND2: 0.0001 seconds
INFO:root:ER_40_3_8_1 - DIAM: 0.1108 seconds
INFO:root:ER_40_3_8_1 - Abra: 0.0342 seconds
