INFO:root:Started
INFO:root:ER_1000_10_3 - RAND2: 0.0266 seconds
INFO:root:ER_1000_10_3 - DIAM: 2.6628 seconds
INFO:root:ER_1000_10_3 - Abra: 0.0791 seconds
INFO:root:ER_1000_10_3 - Betweenness: 0.0748 seconds
INFO:root:ER_1000_14_3 - RAND2: 0.0259 seconds
INFO:root:ER_1000_14_3 - DIAM: 1.9977 seconds
INFO:root:ER_1000_14_3 - Abra: 0.0394 seconds
INFO:root:ER_1000_14_3 - Betweenness: 0.0600 seconds
INFO:root:ER_1000_24_1 - RAND2: 0.0006 seconds
INFO:root:ER_1000_24_1 - DIAM: 0.0714 seconds
INFO:root:ER_1000_24_1 - Abra: 0.0339 seconds
INFO:root:ER_1000_24_1 - Betweenness: 0.0016 seconds
INFO:root:ER_1000_26_2 - RAND2: 0.0128 seconds
INFO:root:ER_1000_26_2 - DIAM: 1.2887 seconds
INFO:root:ER_1000_26_2 - Abra: 0.0365 seconds
INFO:root:ER_1000_26_2 - Betweenness: 0.0416 seconds
INFO:root:ER_1000_3_100 - RAND2: 0.1785 seconds
INFO:root:ER_1000_3_100 - DIAM: 9.1826 seconds
INFO:root:ER_1000_3_100 - Abra: 0.0820 seconds
INFO:root:ER_1000_3_100 - Betweenness: 0.3915 seconds
INFO:root:ER_1000_3_29 - RAND2: 0.1467 seconds
INFO:root:ER_1000_3_29 - DIAM: 6.7976 seconds
INFO:root:ER_1000_3_29 - Abra: 0.3241 seconds
INFO:root:ER_1000_3_29 - Betweenness: 0.2836 seconds
INFO:root:ER_1000_3_29 - RAND2: 0.1520 seconds
INFO:root:ER_1000_3_29 - DIAM: 6.4523 seconds
INFO:root:ER_1000_3_29 - Abra: 0.2894 seconds
INFO:root:ER_1000_3_29 - Betweenness: 0.2677 seconds
INFO:root:ER_1000_3_31 - RAND2: 0.1509 seconds
INFO:root:ER_1000_3_31 - DIAM: 7.0250 seconds
INFO:root:ER_1000_3_31 - Abra: 0.3244 seconds
INFO:root:ER_1000_3_31 - Betweenness: 0.2859 seconds
INFO:root:ER_1000_3_32 - RAND2: 0.1379 seconds
INFO:root:ER_1000_3_32 - DIAM: 6.5018 seconds
INFO:root:ER_1000_3_32 - Abra: 0.3730 seconds
INFO:root:ER_1000_3_32 - Betweenness: 0.3237 seconds
INFO:root:ER_1000_3_33 - RAND2: 0.1389 seconds
INFO:root:ER_1000_3_33 - DIAM: 7.1886 seconds
INFO:root:ER_1000_3_33 - Abra: 0.3661 seconds
INFO:root:ER_1000_3_33 - Betweenness: 0.2781 seconds
INFO:root:ER_1000_3_34 - RAND2: 0.1460 seconds
INFO:root:ER_1000_3_34 - DIAM: 6.4415 seconds
INFO:root:ER_1000_3_34 - Abra: 0.3426 seconds
INFO:root:ER_1000_3_34 - Betweenness: 0.3168 seconds
INFO:root:ER_1000_3_34 - RAND2: 0.1496 seconds
INFO:root:ER_1000_3_34 - DIAM: 7.0824 seconds
INFO:root:ER_1000_3_34 - Abra: 0.3426 seconds
INFO:root:ER_1000_3_34 - Betweenness: 0.2950 seconds
INFO:root:ER_1000_3_36 - RAND2: 0.1493 seconds
INFO:root:ER_1000_3_36 - DIAM: 6.6815 seconds
INFO:root:ER_1000_3_36 - Abra: 0.3220 seconds
INFO:root:ER_1000_3_36 - Betweenness: 0.2746 seconds
INFO:root:ER_1000_3_36 - RAND2: 0.1477 seconds
INFO:root:ER_1000_3_36 - DIAM: 6.7948 seconds
INFO:root:ER_1000_3_36 - Abra: 0.4094 seconds
INFO:root:ER_1000_3_36 - Betweenness: 0.2923 seconds
INFO:root:ER_1000_3_37 - RAND2: 0.1400 seconds
INFO:root:ER_1000_3_37 - DIAM: 6.3936 seconds
INFO:root:ER_1000_3_37 - Abra: 0.3330 seconds
INFO:root:ER_1000_3_37 - Betweenness: 0.2768 seconds
INFO:root:ER_1000_3_39 - RAND2: 0.1438 seconds
INFO:root:ER_1000_3_39 - DIAM: 6.5463 seconds
INFO:root:ER_1000_3_39 - Abra: 0.3993 seconds
INFO:root:ER_1000_3_39 - Betweenness: 0.2850 seconds
INFO:root:ER_1000_3_40 - RAND2: 0.1379 seconds
