INFO:root:Started
INFO:root:ER_1000_10_3 - RAND2: 0.0236 seconds
INFO:root:ER_1000_10_3 - DIAM: 2.6724 seconds
INFO:root:ER_1000_10_3 - Abra: 0.0528 seconds
INFO:root:ER_1000_10_3 - Betweenness: 0.0758 seconds
INFO:root:ER_1000_14_3 - RAND2: 0.0246 seconds
INFO:root:ER_1000_14_3 - DIAM: 2.1498 seconds
INFO:root:ER_1000_14_3 - Abra: 0.0474 seconds
INFO:root:ER_1000_14_3 - Betweenness: 0.0767 seconds
INFO:root:ER_1000_24_1 - RAND2: 0.0007 seconds
INFO:root:ER_1000_24_1 - DIAM: 0.0832 seconds
INFO:root:ER_1000_24_1 - Abra: 0.0436 seconds
INFO:root:ER_1000_24_1 - Betweenness: 0.0015 seconds
INFO:root:ER_1000_26_2 - RAND2: 0.0133 seconds
INFO:root:ER_1000_26_2 - DIAM: 1.3903 seconds
INFO:root:ER_1000_26_2 - Abra: 0.0345 seconds
INFO:root:ER_1000_26_2 - Betweenness: 0.0339 seconds
INFO:root:ER_1000_3_100 - RAND2: 0.1908 seconds
INFO:root:ER_1000_3_100 - DIAM: 9.1994 seconds
INFO:root:ER_1000_3_100 - Abra: 0.0548 seconds
INFO:root:ER_1000_3_100 - Betweenness: 0.3895 seconds
INFO:root:ER_1000_3_29 - RAND2: 0.1407 seconds
INFO:root:ER_1000_3_29 - DIAM: 6.4557 seconds
INFO:root:ER_1000_3_29 - Abra: 0.3101 seconds
INFO:root:ER_1000_3_29 - Betweenness: 0.2854 seconds
INFO:root:ER_1000_3_29 - RAND2: 0.1424 seconds
INFO:root:ER_1000_3_29 - DIAM: 6.9795 seconds
INFO:root:ER_1000_3_29 - Abra: 0.3178 seconds
INFO:root:ER_1000_3_29 - Betweenness: 0.2940 seconds
INFO:root:ER_1000_3_31 - RAND2: 0.1440 seconds
INFO:root:ER_1000_3_31 - DIAM: 6.8501 seconds
INFO:root:ER_1000_3_31 - Abra: 0.3109 seconds
INFO:root:ER_1000_3_31 - Betweenness: 0.2790 seconds
INFO:root:ER_1000_3_32 - RAND2: 0.1401 seconds
INFO:root:ER_1000_3_32 - DIAM: 6.7068 seconds
INFO:root:ER_1000_3_32 - Abra: 0.3154 seconds
INFO:root:ER_1000_3_32 - Betweenness: 0.2934 seconds
INFO:root:ER_1000_3_33 - RAND2: 0.1547 seconds
INFO:root:ER_1000_3_33 - DIAM: 6.8567 seconds
INFO:root:ER_1000_3_33 - Abra: 0.3510 seconds
INFO:root:ER_1000_3_33 - Betweenness: 0.2753 seconds
INFO:root:ER_1000_3_34 - RAND2: 0.1481 seconds
INFO:root:ER_1000_3_34 - DIAM: 6.3866 seconds
INFO:root:ER_1000_3_34 - Abra: 0.3310 seconds
INFO:root:ER_1000_3_34 - Betweenness: 0.2901 seconds
INFO:root:ER_1000_3_34 - RAND2: 0.1441 seconds
INFO:root:ER_1000_3_34 - DIAM: 6.3426 seconds
INFO:root:ER_1000_3_34 - Abra: 0.3313 seconds
INFO:root:ER_1000_3_34 - Betweenness: 0.2670 seconds
INFO:root:ER_1000_3_36 - RAND2: 0.1461 seconds
INFO:root:ER_1000_3_36 - DIAM: 6.1459 seconds
INFO:root:ER_1000_3_36 - Abra: 0.3076 seconds
INFO:root:ER_1000_3_36 - Betweenness: 0.2685 seconds
INFO:root:ER_1000_3_36 - RAND2: 0.1419 seconds
INFO:root:ER_1000_3_36 - DIAM: 6.0800 seconds
INFO:root:ER_1000_3_36 - Abra: 0.3465 seconds
INFO:root:ER_1000_3_36 - Betweenness: 0.2685 seconds
INFO:root:ER_1000_3_37 - RAND2: 0.1393 seconds
INFO:root:ER_1000_3_37 - DIAM: 5.9918 seconds
INFO:root:ER_1000_3_37 - Abra: 0.3350 seconds
INFO:root:ER_1000_3_37 - Betweenness: 0.2666 seconds
INFO:root:ER_1000_3_39 - RAND2: 0.1452 seconds
INFO:root:ER_1000_3_39 - DIAM: 6.0190 seconds
INFO:root:ER_1000_3_39 - Abra: 0.3371 seconds
INFO:root:ER_1000_3_39 - Betweenness: 0.2667 seconds
INFO:root:ER_1000_3_40 - RAND2: 0.1425 seconds
INFO:root:ER_1000_3_40 - DIAM: 5.8323 seconds
INFO:root:ER_1000_3_40 - Abra: 0.3411 seconds
INFO:root:ER_1000_3_40 - Betweenness: 0.2660 seconds
INFO:root:ER_1000_3_40 - RAND2: 0.1427 seconds
INFO:root:ER_1000_3_40 - DIAM: 5.9741 seconds
INFO:root:ER_1000_3_40 - Abra: 0.3497 seconds
INFO:root:ER_1000_3_40 - Betweenness: 0.2524 seconds
INFO:root:ER_1000_3_42 - RAND2: 0.1313 seconds
INFO:root:ER_1000_3_42 - DIAM: 5.6662 seconds
INFO:root:ER_1000_3_42 - Abra: 0.3533 seconds
INFO:root:ER_1000_3_42 - Betweenness: 0.2493 seconds
INFO:root:ER_1000_3_43 - RAND2: 0.1300 seconds
INFO:root:ER_1000_3_43 - DIAM: 5.6419 seconds
INFO:root:ER_1000_3_43 - Abra: 0.3777 seconds
INFO:root:ER_1000_3_43 - Betweenness: 0.2584 seconds
INFO:root:ER_1000_3_44 - RAND2: 0.1353 seconds
INFO:root:ER_1000_3_44 - DIAM: 5.6686 seconds
INFO:root:ER_1000_3_44 - Abra: 0.3485 seconds
INFO:root:ER_1000_3_44 - Betweenness: 0.2457 seconds
INFO:root:ER_1000_3_44 - RAND2: 0.1259 seconds
INFO:root:ER_1000_3_44 - DIAM: 5.5290 seconds
INFO:root:ER_1000_3_44 - Abra: 0.3931 seconds
INFO:root:ER_1000_3_44 - Betweenness: 0.2375 seconds
INFO:root:ER_1000_3_45 - RAND2: 0.1216 seconds
INFO:root:ER_1000_3_45 - DIAM: 5.5878 seconds
INFO:root:ER_1000_3_45 - Abra: 0.4341 seconds
INFO:root:ER_1000_3_45 - Betweenness: 0.2640 seconds
INFO:root:ER_1000_3_47 - RAND2: 0.1276 seconds
INFO:root:ER_1000_3_47 - DIAM: 5.5375 seconds
INFO:root:ER_1000_3_47 - Abra: 0.3762 seconds
INFO:root:ER_1000_3_47 - Betweenness: 0.2259 seconds
INFO:root:ER_1000_3_47 - RAND2: 0.1189 seconds
INFO:root:ER_1000_3_47 - DIAM: 5.5915 seconds
INFO:root:ER_1000_3_47 - Abra: 0.3675 seconds
INFO:root:ER_1000_3_47 - Betweenness: 0.2293 seconds
INFO:root:ER_1000_3_48 - RAND2: 0.1409 seconds
INFO:root:ER_1000_3_48 - DIAM: 5.6839 seconds
INFO:root:ER_1000_3_48 - Abra: 0.3505 seconds
INFO:root:ER_1000_3_48 - Betweenness: 0.2360 seconds
INFO:root:ER_1000_3_50 - RAND2: 0.1180 seconds
INFO:root:ER_1000_3_50 - DIAM: 5.6172 seconds
INFO:root:ER_1000_3_50 - Abra: 0.3356 seconds
INFO:root:ER_1000_3_50 - Betweenness: 0.2366 seconds
INFO:root:ER_1000_3_50 - RAND2: 0.1144 seconds
INFO:root:ER_1000_3_50 - DIAM: 5.7597 seconds
INFO:root:ER_1000_3_50 - Abra: 0.3705 seconds
INFO:root:ER_1000_3_50 - Betweenness: 0.2408 seconds
INFO:root:ER_1000_3_52 - RAND2: 0.1194 seconds
INFO:root:ER_1000_3_52 - DIAM: 5.5838 seconds
INFO:root:ER_1000_3_52 - Abra: 0.3783 seconds
INFO:root:ER_1000_3_52 - Betweenness: 0.2307 seconds
INFO:root:ER_1000_3_52 - RAND2: 0.1139 seconds
INFO:root:ER_1000_3_52 - DIAM: 5.6863 seconds
INFO:root:ER_1000_3_52 - Abra: 0.3895 seconds
INFO:root:ER_1000_3_52 - Betweenness: 0.2253 seconds
INFO:root:ER_1000_3_54 - RAND2: 0.1185 seconds
INFO:root:ER_1000_3_54 - DIAM: 5.7732 seconds
INFO:root:ER_1000_3_54 - Abra: 0.3458 seconds
INFO:root:ER_1000_3_54 - Betweenness: 0.2134 seconds
INFO:root:ER_1000_3_54 - RAND2: 0.1125 seconds
INFO:root:ER_1000_3_54 - DIAM: 5.7010 seconds
INFO:root:ER_1000_3_54 - Abra: 0.3494 seconds
INFO:root:ER_1000_3_54 - Betweenness: 0.2085 seconds
INFO:root:ER_1000_3_56 - RAND2: 0.1064 seconds
INFO:root:ER_1000_3_56 - DIAM: 5.9847 seconds
INFO:root:ER_1000_3_56 - Abra: 0.3951 seconds
INFO:root:ER_1000_3_56 - Betweenness: 0.2174 seconds
INFO:root:ER_1000_3_57 - RAND2: 0.1163 seconds
INFO:root:ER_1000_3_57 - DIAM: 5.8916 seconds
INFO:root:ER_1000_3_57 - Abra: 0.4312 seconds
INFO:root:ER_1000_3_57 - Betweenness: 0.2206 seconds
INFO:root:ER_1000_3_58 - RAND2: 0.1132 seconds
INFO:root:ER_1000_3_58 - DIAM: 6.1982 seconds
INFO:root:ER_1000_3_58 - Abra: 0.4029 seconds
INFO:root:ER_1000_3_58 - Betweenness: 0.2226 seconds
INFO:root:ER_1000_3_58 - RAND2: 0.1144 seconds
INFO:root:ER_1000_3_58 - DIAM: 6.0474 seconds
INFO:root:ER_1000_3_58 - Abra: 0.3586 seconds
INFO:root:ER_1000_3_58 - Betweenness: 0.2103 seconds
INFO:root:ER_1000_3_60 - RAND2: 0.1111 seconds
INFO:root:ER_1000_3_60 - DIAM: 6.1344 seconds
INFO:root:ER_1000_3_60 - Abra: 0.3992 seconds
INFO:root:ER_1000_3_60 - Betweenness: 0.2252 seconds
INFO:root:ER_1000_3_61 - RAND2: 0.1179 seconds
INFO:root:ER_1000_3_61 - DIAM: 6.2805 seconds
INFO:root:ER_1000_3_61 - Abra: 0.3823 seconds
INFO:root:ER_1000_3_61 - Betweenness: 0.2078 seconds
INFO:root:ER_1000_3_61 - RAND2: 0.1150 seconds
INFO:root:ER_1000_3_61 - DIAM: 6.3096 seconds
INFO:root:ER_1000_3_61 - Abra: 0.4067 seconds
INFO:root:ER_1000_3_61 - Betweenness: 0.2265 seconds
INFO:root:ER_1000_3_63 - RAND2: 0.1151 seconds
INFO:root:ER_1000_3_63 - DIAM: 6.5951 seconds
INFO:root:ER_1000_3_63 - Abra: 0.3719 seconds
INFO:root:ER_1000_3_63 - Betweenness: 0.2138 seconds
INFO:root:ER_1000_3_64 - RAND2: 0.1165 seconds
INFO:root:ER_1000_3_64 - DIAM: 6.5053 seconds
INFO:root:ER_1000_3_64 - Abra: 0.3873 seconds
INFO:root:ER_1000_3_64 - Betweenness: 0.2344 seconds
INFO:root:ER_1000_3_64 - RAND2: 0.1144 seconds
INFO:root:ER_1000_3_64 - DIAM: 6.7067 seconds
INFO:root:ER_1000_3_64 - Abra: 0.3472 seconds
INFO:root:ER_1000_3_64 - Betweenness: 0.2159 seconds
INFO:root:ER_1000_3_65 - RAND2: 0.1177 seconds
INFO:root:ER_1000_3_65 - DIAM: 6.7255 seconds
INFO:root:ER_1000_3_65 - Abra: 0.3440 seconds
INFO:root:ER_1000_3_65 - Betweenness: 0.2512 seconds
INFO:root:ER_1000_3_67 - RAND2: 0.1206 seconds
INFO:root:ER_1000_3_67 - DIAM: 6.9205 seconds
INFO:root:ER_1000_3_67 - Abra: 0.2573 seconds
INFO:root:ER_1000_3_67 - Betweenness: 0.2399 seconds
INFO:root:ER_1000_3_67 - RAND2: 0.1208 seconds
INFO:root:ER_1000_3_67 - DIAM: 6.9036 seconds
INFO:root:ER_1000_3_67 - Abra: 0.2595 seconds
INFO:root:ER_1000_3_67 - Betweenness: 0.2216 seconds
INFO:root:ER_1000_3_68 - RAND2: 0.1195 seconds
INFO:root:ER_1000_3_68 - DIAM: 7.0780 seconds
INFO:root:ER_1000_3_68 - Abra: 0.1713 seconds
INFO:root:ER_1000_3_68 - Betweenness: 0.2336 seconds
INFO:root:ER_1000_3_69 - RAND2: 0.1129 seconds
INFO:root:ER_1000_3_69 - DIAM: 7.0456 seconds
INFO:root:ER_1000_3_69 - Abra: 0.1843 seconds
INFO:root:ER_1000_3_69 - Betweenness: 0.2705 seconds
INFO:root:ER_1000_3_70 - RAND2: 0.1165 seconds
INFO:root:ER_1000_3_70 - DIAM: 7.3603 seconds
INFO:root:ER_1000_3_70 - Abra: 0.1989 seconds
INFO:root:ER_1000_3_70 - Betweenness: 0.2547 seconds
INFO:root:ER_1000_3_72 - RAND2: 0.1170 seconds
INFO:root:ER_1000_3_72 - DIAM: 7.3803 seconds
INFO:root:ER_1000_3_72 - Abra: 0.1491 seconds
INFO:root:ER_1000_3_72 - Betweenness: 0.2446 seconds
INFO:root:ER_1000_3_73 - RAND2: 0.1198 seconds
INFO:root:ER_1000_3_73 - DIAM: 7.6901 seconds
INFO:root:ER_1000_3_73 - Abra: 0.1329 seconds
INFO:root:ER_1000_3_73 - Betweenness: 0.2440 seconds
INFO:root:ER_1000_3_73 - RAND2: 0.1336 seconds
INFO:root:ER_1000_3_73 - DIAM: 7.5357 seconds
INFO:root:ER_1000_3_73 - Abra: 0.1466 seconds
INFO:root:ER_1000_3_73 - Betweenness: 0.2561 seconds
INFO:root:ER_1000_3_75 - RAND2: 0.1292 seconds
INFO:root:ER_1000_3_75 - DIAM: 7.8749 seconds
INFO:root:ER_1000_3_75 - Abra: 0.1373 seconds
INFO:root:ER_1000_3_75 - Betweenness: 0.2789 seconds
INFO:root:ER_1000_3_75 - RAND2: 0.1243 seconds
INFO:root:ER_1000_3_75 - DIAM: 7.7927 seconds
INFO:root:ER_1000_3_75 - Abra: 0.1121 seconds
INFO:root:ER_1000_3_75 - Betweenness: 0.2542 seconds
INFO:root:ER_1000_3_77 - RAND2: 0.1264 seconds
INFO:root:ER_1000_3_77 - DIAM: 8.1240 seconds
INFO:root:ER_1000_3_77 - Abra: 0.1150 seconds
INFO:root:ER_1000_3_77 - Betweenness: 0.2719 seconds
INFO:root:ER_1000_3_78 - RAND2: 0.1318 seconds
INFO:root:ER_1000_3_78 - DIAM: 7.9872 seconds
INFO:root:ER_1000_3_78 - Abra: 0.0830 seconds
INFO:root:ER_1000_3_78 - Betweenness: 0.2655 seconds
INFO:root:ER_1000_3_79 - RAND2: 0.1286 seconds
INFO:root:ER_1000_3_79 - DIAM: 6.8019 seconds
INFO:root:ER_1000_3_79 - Abra: 0.0732 seconds
INFO:root:ER_1000_3_79 - Betweenness: 0.2677 seconds
INFO:root:ER_1000_3_79 - RAND2: 0.1362 seconds
INFO:root:ER_1000_3_79 - DIAM: 6.7736 seconds
INFO:root:ER_1000_3_79 - Abra: 0.0710 seconds
INFO:root:ER_1000_3_79 - Betweenness: 0.2832 seconds
INFO:root:ER_1000_3_81 - RAND2: 0.1332 seconds
INFO:root:ER_1000_3_81 - DIAM: 6.9878 seconds
INFO:root:ER_1000_3_81 - Abra: 0.0704 seconds
INFO:root:ER_1000_3_81 - Betweenness: 0.2908 seconds
INFO:root:ER_1000_3_82 - RAND2: 0.1372 seconds
INFO:root:ER_1000_3_82 - DIAM: 8.6063 seconds
INFO:root:ER_1000_3_82 - Abra: 0.0666 seconds
INFO:root:ER_1000_3_82 - Betweenness: 0.2811 seconds
INFO:root:ER_1000_3_83 - RAND2: 0.1436 seconds
INFO:root:ER_1000_3_83 - DIAM: 8.9269 seconds
INFO:root:ER_1000_3_83 - Abra: 0.0636 seconds
INFO:root:ER_1000_3_83 - Betweenness: 0.2975 seconds
INFO:root:ER_1000_3_83 - RAND2: 0.1397 seconds
INFO:root:ER_1000_3_83 - DIAM: 8.7394 seconds
INFO:root:ER_1000_3_83 - Abra: 0.0605 seconds
INFO:root:ER_1000_3_83 - Betweenness: 0.2999 seconds
INFO:root:ER_1000_3_85 - RAND2: 0.1377 seconds
INFO:root:ER_1000_3_85 - DIAM: 9.0319 seconds
INFO:root:ER_1000_3_85 - Abra: 0.1016 seconds
INFO:root:ER_1000_3_85 - Betweenness: 0.2892 seconds
INFO:root:ER_1000_3_85 - RAND2: 0.1482 seconds
INFO:root:ER_1000_3_85 - DIAM: 9.0653 seconds
INFO:root:ER_1000_3_85 - Abra: 0.0606 seconds
INFO:root:ER_1000_3_85 - Betweenness: 0.3109 seconds
INFO:root:ER_1000_3_86 - RAND2: 0.1530 seconds
INFO:root:ER_1000_3_86 - DIAM: 7.3131 seconds
INFO:root:ER_1000_3_86 - Abra: 0.0582 seconds
INFO:root:ER_1000_3_86 - Betweenness: 0.3137 seconds
INFO:root:ER_1000_3_87 - RAND2: 0.1423 seconds
INFO:root:ER_1000_3_87 - DIAM: 7.5527 seconds
INFO:root:ER_1000_3_87 - Abra: 0.0860 seconds
INFO:root:ER_1000_3_87 - Betweenness: 0.3421 seconds
INFO:root:ER_1000_3_89 - RAND2: 0.1533 seconds
INFO:root:ER_1000_3_89 - DIAM: 7.7006 seconds
INFO:root:ER_1000_3_89 - Abra: 0.0325 seconds
INFO:root:ER_1000_3_89 - Betweenness: 0.3442 seconds
INFO:root:ER_1000_3_89 - RAND2: 0.1497 seconds
INFO:root:ER_1000_3_89 - DIAM: 7.8152 seconds
INFO:root:ER_1000_3_89 - Abra: 0.0589 seconds
INFO:root:ER_1000_3_89 - Betweenness: 0.3283 seconds
INFO:root:ER_1000_3_90 - RAND2: 0.1640 seconds
INFO:root:ER_1000_3_90 - DIAM: 7.7065 seconds
INFO:root:ER_1000_3_90 - Abra: 0.0546 seconds
INFO:root:ER_1000_3_90 - Betweenness: 0.3395 seconds
INFO:root:ER_1000_3_91 - RAND2: 0.1553 seconds
INFO:root:ER_1000_3_91 - DIAM: 7.9528 seconds
INFO:root:ER_1000_3_91 - Abra: 0.0848 seconds
INFO:root:ER_1000_3_91 - Betweenness: 0.3345 seconds
INFO:root:ER_1000_3_92 - RAND2: 0.1654 seconds
INFO:root:ER_1000_3_92 - DIAM: 7.8393 seconds
INFO:root:ER_1000_3_92 - Abra: 0.0843 seconds
INFO:root:ER_1000_3_92 - Betweenness: 0.3672 seconds
INFO:root:ER_1000_3_93 - RAND2: 0.1595 seconds
INFO:root:ER_1000_3_93 - DIAM: 8.1386 seconds
INFO:root:ER_1000_3_93 - Abra: 0.0544 seconds
INFO:root:ER_1000_3_93 - Betweenness: 0.3247 seconds
INFO:root:ER_1000_3_94 - RAND2: 0.1596 seconds
INFO:root:ER_1000_3_94 - DIAM: 9.9958 seconds
INFO:root:ER_1000_3_94 - Abra: 0.0551 seconds
INFO:root:ER_1000_3_94 - Betweenness: 0.3397 seconds
INFO:root:ER_1000_3_95 - RAND2: 0.1583 seconds
INFO:root:ER_1000_3_95 - DIAM: 8.3279 seconds
INFO:root:ER_1000_3_95 - Abra: 0.0740 seconds
INFO:root:ER_1000_3_95 - Betweenness: 0.3450 seconds
INFO:root:ER_1000_3_97 - RAND2: 0.1752 seconds
INFO:root:ER_1000_3_97 - DIAM: 8.3445 seconds
INFO:root:ER_1000_3_97 - Abra: 0.0595 seconds
INFO:root:ER_1000_3_97 - Betweenness: 0.3803 seconds
INFO:root:ER_1000_3_98 - RAND2: 0.1737 seconds
INFO:root:ER_1000_3_98 - DIAM: 8.4360 seconds
INFO:root:ER_1000_3_98 - Abra: 0.0820 seconds
INFO:root:ER_1000_3_98 - Betweenness: 0.3837 seconds
INFO:root:ER_1000_3_99 - RAND2: 0.1730 seconds
INFO:root:ER_1000_3_99 - DIAM: 8.6294 seconds
INFO:root:ER_1000_3_99 - Abra: 0.0624 seconds
INFO:root:ER_1000_3_99 - Betweenness: 0.3898 seconds
INFO:root:ER_1000_4_14 - RAND2: 0.0799 seconds
INFO:root:ER_1000_4_14 - DIAM: 3.8825 seconds
INFO:root:ER_1000_4_14 - Abra: 0.2417 seconds
INFO:root:ER_1000_4_14 - Betweenness: 0.1348 seconds
INFO:root:ER_1000_4_17 - RAND2: 0.0811 seconds
INFO:root:ER_1000_4_17 - DIAM: 4.4602 seconds
INFO:root:ER_1000_4_17 - Abra: 0.1641 seconds
INFO:root:ER_1000_4_17 - Betweenness: 0.1582 seconds
INFO:root:ER_1000_4_17 - RAND2: 0.0803 seconds
INFO:root:ER_1000_4_17 - DIAM: 4.7215 seconds
INFO:root:ER_1000_4_17 - Abra: 0.1567 seconds
INFO:root:ER_1000_4_17 - Betweenness: 0.1780 seconds
INFO:root:ER_1000_4_19 - RAND2: 0.0933 seconds
INFO:root:ER_1000_4_19 - DIAM: 5.2219 seconds
INFO:root:ER_1000_4_19 - Abra: 0.1226 seconds
INFO:root:ER_1000_4_19 - Betweenness: 0.1955 seconds
INFO:root:ER_1000_4_20 - RAND2: 0.0962 seconds
INFO:root:ER_1000_4_20 - DIAM: 5.4705 seconds
INFO:root:ER_1000_4_20 - Abra: 0.1109 seconds
INFO:root:ER_1000_4_20 - Betweenness: 0.2017 seconds
INFO:root:ER_1000_4_21 - RAND2: 0.1001 seconds
INFO:root:ER_1000_4_21 - DIAM: 5.7768 seconds
INFO:root:ER_1000_4_21 - Abra: 0.0761 seconds
INFO:root:ER_1000_4_21 - Betweenness: 0.2119 seconds
INFO:root:ER_1000_4_21 - RAND2: 0.1165 seconds
INFO:root:ER_1000_4_21 - DIAM: 5.8912 seconds
INFO:root:ER_1000_4_21 - Abra: 0.1027 seconds
INFO:root:ER_1000_4_21 - Betweenness: 0.2116 seconds
INFO:root:ER_1000_4_22 - RAND2: 0.1100 seconds
INFO:root:ER_1000_4_22 - DIAM: 5.9077 seconds
INFO:root:ER_1000_4_22 - Abra: 0.0659 seconds
INFO:root:ER_1000_4_22 - Betweenness: 0.2558 seconds
INFO:root:ER_1000_4_24 - RAND2: 0.1288 seconds
INFO:root:ER_1000_4_24 - DIAM: 6.1566 seconds
INFO:root:ER_1000_4_24 - Abra: 0.0613 seconds
INFO:root:ER_1000_4_24 - Betweenness: 0.2526 seconds
INFO:root:ER_1000_4_24 - RAND2: 0.1240 seconds
INFO:root:ER_1000_4_24 - DIAM: 6.2088 seconds
INFO:root:ER_1000_4_24 - Abra: 0.0923 seconds
INFO:root:ER_1000_4_24 - Betweenness: 0.2395 seconds
INFO:root:ER_1000_4_26 - RAND2: 0.1341 seconds
INFO:root:ER_1000_4_26 - DIAM: 6.3628 seconds
INFO:root:ER_1000_4_26 - Abra: 0.0640 seconds
INFO:root:ER_1000_4_26 - Betweenness: 0.2537 seconds
INFO:root:ER_1000_4_26 - RAND2: 0.1347 seconds
INFO:root:ER_1000_4_26 - DIAM: 6.2991 seconds
INFO:root:ER_1000_4_26 - Abra: 0.0930 seconds
INFO:root:ER_1000_4_26 - Betweenness: 0.2479 seconds
INFO:root:ER_1000_4_27 - RAND2: 0.1305 seconds
INFO:root:ER_1000_4_27 - DIAM: 6.4007 seconds
INFO:root:ER_1000_4_27 - Abra: 0.0780 seconds
INFO:root:ER_1000_4_27 - Betweenness: 0.2775 seconds
INFO:root:ER_1000_5_11 - RAND2: 0.0651 seconds
INFO:root:ER_1000_5_11 - DIAM: 4.0131 seconds
INFO:root:ER_1000_5_11 - Abra: 0.1084 seconds
INFO:root:ER_1000_5_11 - Betweenness: 0.1328 seconds
INFO:root:ER_1000_5_12 - RAND2: 0.0653 seconds
INFO:root:ER_1000_5_12 - DIAM: 3.4194 seconds
INFO:root:ER_1000_5_12 - Abra: 0.0992 seconds
INFO:root:ER_1000_5_12 - Betweenness: 0.1368 seconds
INFO:root:ER_1000_5_13 - RAND2: 0.0631 seconds
INFO:root:ER_1000_5_13 - DIAM: 3.5721 seconds
INFO:root:ER_1000_5_13 - Abra: 0.0808 seconds
INFO:root:ER_1000_5_13 - Betweenness: 0.1242 seconds
INFO:root:ER_1000_5_14 - RAND2: 0.0651 seconds
INFO:root:ER_1000_5_14 - DIAM: 3.7529 seconds
INFO:root:ER_1000_5_14 - Abra: 0.0949 seconds
INFO:root:ER_1000_5_14 - Betweenness: 0.1564 seconds
INFO:root:ER_1000_5_16 - RAND2: 0.0757 seconds
INFO:root:ER_1000_5_16 - DIAM: 4.2121 seconds
INFO:root:ER_1000_5_16 - Abra: 0.0937 seconds
INFO:root:ER_1000_5_16 - Betweenness: 0.1532 seconds
INFO:root:ER_1000_6_8 - RAND2: 0.0558 seconds
INFO:root:ER_1000_6_8 - DIAM: 3.6233 seconds
INFO:root:ER_1000_6_8 - Abra: 0.0559 seconds
INFO:root:ER_1000_6_8 - Betweenness: 0.1166 seconds
INFO:root:ER_1000_6_9 - RAND2: 0.0596 seconds
INFO:root:ER_1000_6_9 - DIAM: 3.8740 seconds
INFO:root:ER_1000_6_9 - Abra: 0.0568 seconds
INFO:root:ER_1000_6_9 - Betweenness: 0.1446 seconds
INFO:root:ER_1000_7_6 - RAND2: 0.0690 seconds
INFO:root:ER_1000_7_6 - DIAM: 3.1677 seconds
INFO:root:ER_1000_7_6 - Abra: 0.0888 seconds
INFO:root:ER_1000_7_6 - Betweenness: 0.1140 seconds
INFO:root:ER_1000_7_7 - RAND2: 0.0537 seconds
INFO:root:ER_1000_7_7 - DIAM: 3.3053 seconds
INFO:root:ER_1000_7_7 - Abra: 0.0801 seconds
INFO:root:ER_1000_7_7 - Betweenness: 0.1136 seconds
INFO:root:ER_1000_8_6 - RAND2: 0.0416 seconds
INFO:root:ER_1000_8_6 - DIAM: 2.7868 seconds
INFO:root:ER_1000_8_6 - Abra: 0.0750 seconds
INFO:root:ER_1000_8_6 - Betweenness: 0.0939 seconds
INFO:root:ER_1000_9_4 - RAND2: 0.0357 seconds
INFO:root:ER_1000_9_4 - DIAM: 2.3445 seconds
INFO:root:ER_1000_9_4 - Abra: 0.0463 seconds
INFO:root:ER_1000_9_4 - Betweenness: 0.0901 seconds
INFO:root:ER_2000_10_5 - RAND2: 0.1388 seconds
INFO:root:ER_2000_10_5 - DIAM: 4.4535 seconds
INFO:root:ER_2000_10_5 - Abra: 0.0640 seconds
INFO:root:ER_2000_10_5 - Betweenness: 0.3241 seconds
INFO:root:ER_2000_12_4 - RAND2: 0.1270 seconds
INFO:root:ER_2000_12_4 - DIAM: 4.5189 seconds
INFO:root:ER_2000_12_4 - Abra: 0.0516 seconds
INFO:root:ER_2000_12_4 - Betweenness: 0.2723 seconds
INFO:root:ER_2000_16_3 - RAND2: 0.0950 seconds
INFO:root:ER_2000_16_3 - DIAM: 3.4948 seconds
INFO:root:ER_2000_16_3 - Abra: 0.0360 seconds
INFO:root:ER_2000_16_3 - Betweenness: 0.2242 seconds
INFO:root:ER_2000_21_2 - RAND2: 0.0612 seconds
INFO:root:ER_2000_21_2 - DIAM: 2.2942 seconds
INFO:root:ER_2000_21_2 - Abra: 0.0509 seconds
INFO:root:ER_2000_21_2 - Betweenness: 0.1540 seconds
INFO:root:ER_2000_24_1 - RAND2: 0.0026 seconds
INFO:root:ER_2000_24_1 - DIAM: 0.1201 seconds
INFO:root:ER_2000_24_1 - Abra: 0.0571 seconds
INFO:root:ER_2000_24_1 - Betweenness: 0.0037 seconds
INFO:root:ER_2000_3_37 - RAND2: 0.6070 seconds
INFO:root:ER_2000_3_37 - DIAM: 15.0881 seconds
INFO:root:ER_2000_3_37 - Abra: 1.0706 seconds
INFO:root:ER_2000_3_37 - Betweenness: 1.2680 seconds
INFO:root:ER_2000_3_39 - RAND2: 0.5985 seconds
INFO:root:ER_2000_3_39 - DIAM: 15.1871 seconds
INFO:root:ER_2000_3_39 - Abra: 1.1122 seconds
INFO:root:ER_2000_3_39 - Betweenness: 1.3765 seconds
INFO:root:ER_2000_3_40 - RAND2: 0.6215 seconds
INFO:root:ER_2000_3_40 - DIAM: 15.3476 seconds
INFO:root:ER_2000_3_40 - Abra: 1.1214 seconds
INFO:root:ER_2000_3_40 - Betweenness: 1.3527 seconds
INFO:root:ER_2000_3_40 - RAND2: 0.6231 seconds
INFO:root:ER_2000_3_40 - DIAM: 15.5156 seconds
INFO:root:ER_2000_3_40 - Abra: 1.1339 seconds
INFO:root:ER_2000_3_40 - Betweenness: 1.4227 seconds
INFO:root:ER_2000_3_42 - RAND2: 0.6029 seconds
INFO:root:ER_2000_3_42 - DIAM: 15.1757 seconds
INFO:root:ER_2000_3_42 - Abra: 1.1883 seconds
INFO:root:ER_2000_3_42 - Betweenness: 1.3412 seconds
INFO:root:ER_2000_3_42 - RAND2: 0.6133 seconds
INFO:root:ER_2000_3_42 - DIAM: 15.3103 seconds
INFO:root:ER_2000_3_42 - Abra: 1.1050 seconds
INFO:root:ER_2000_3_42 - Betweenness: 1.4840 seconds
INFO:root:ER_2000_3_44 - RAND2: 0.6214 seconds
INFO:root:ER_2000_3_44 - DIAM: 15.1569 seconds
INFO:root:ER_2000_3_44 - Abra: 1.1602 seconds
INFO:root:ER_2000_3_44 - Betweenness: 1.4477 seconds
INFO:root:ER_2000_3_44 - RAND2: 0.6108 seconds
INFO:root:ER_2000_3_44 - DIAM: 15.0979 seconds
INFO:root:ER_2000_3_44 - Abra: 1.2232 seconds
INFO:root:ER_2000_3_44 - Betweenness: 1.4094 seconds
INFO:root:ER_2000_3_45 - RAND2: 0.6488 seconds
INFO:root:ER_2000_3_45 - DIAM: 14.8110 seconds
INFO:root:ER_2000_3_45 - Abra: 1.2203 seconds
INFO:root:ER_2000_3_45 - Betweenness: 1.4055 seconds
INFO:root:ER_2000_3_46 - RAND2: 0.6307 seconds
INFO:root:ER_2000_3_46 - DIAM: 14.8178 seconds
INFO:root:ER_2000_3_46 - Abra: 1.2526 seconds
INFO:root:ER_2000_3_46 - Betweenness: 1.4220 seconds
INFO:root:ER_2000_3_47 - RAND2: 0.6134 seconds
INFO:root:ER_2000_3_47 - DIAM: 14.6570 seconds
INFO:root:ER_2000_3_47 - Abra: 1.1797 seconds
INFO:root:ER_2000_3_47 - Betweenness: 1.3509 seconds
INFO:root:ER_2000_3_49 - RAND2: 0.6249 seconds
INFO:root:ER_2000_3_49 - DIAM: 14.5700 seconds
INFO:root:ER_2000_3_49 - Abra: 1.1824 seconds
INFO:root:ER_2000_3_49 - Betweenness: 1.3725 seconds
INFO:root:ER_2000_3_49 - RAND2: 0.6217 seconds
INFO:root:ER_2000_3_49 - DIAM: 14.4879 seconds
INFO:root:ER_2000_3_49 - Abra: 1.2107 seconds
INFO:root:ER_2000_3_49 - Betweenness: 1.3458 seconds
INFO:root:ER_2000_3_50 - RAND2: 0.6363 seconds
INFO:root:ER_2000_3_50 - DIAM: 14.5503 seconds
INFO:root:ER_2000_3_50 - Abra: 1.2142 seconds
INFO:root:ER_2000_3_50 - Betweenness: 1.3382 seconds
INFO:root:ER_2000_3_52 - RAND2: 0.6047 seconds
INFO:root:ER_2000_3_52 - DIAM: 14.4433 seconds
INFO:root:ER_2000_3_52 - Abra: 1.2565 seconds
INFO:root:ER_2000_3_52 - Betweenness: 1.4103 seconds
INFO:root:ER_2000_3_53 - RAND2: 0.6174 seconds
INFO:root:ER_2000_3_53 - DIAM: 14.1279 seconds
INFO:root:ER_2000_3_53 - Abra: 1.3079 seconds
INFO:root:ER_2000_3_53 - Betweenness: 1.3789 seconds
INFO:root:ER_2000_3_54 - RAND2: 0.6000 seconds
INFO:root:ER_2000_3_54 - DIAM: 13.9619 seconds
INFO:root:ER_2000_3_54 - Abra: 1.3175 seconds
INFO:root:ER_2000_3_54 - Betweenness: 1.3940 seconds
INFO:root:ER_2000_3_55 - RAND2: 0.6083 seconds
INFO:root:ER_2000_3_55 - DIAM: 13.8171 seconds
INFO:root:ER_2000_3_55 - Abra: 1.3351 seconds
INFO:root:ER_2000_3_55 - Betweenness: 1.4733 seconds
INFO:root:ER_2000_3_56 - RAND2: 0.6135 seconds
INFO:root:ER_2000_3_56 - DIAM: 13.6077 seconds
INFO:root:ER_2000_3_56 - Abra: 1.3183 seconds
INFO:root:ER_2000_3_56 - Betweenness: 1.4130 seconds
INFO:root:ER_2000_3_56 - RAND2: 0.5824 seconds
INFO:root:ER_2000_3_56 - DIAM: 13.4845 seconds
INFO:root:ER_2000_3_56 - Abra: 1.3355 seconds
INFO:root:ER_2000_3_56 - Betweenness: 1.2897 seconds
INFO:root:ER_2000_3_57 - RAND2: 0.5786 seconds
INFO:root:ER_2000_3_57 - DIAM: 13.4253 seconds
INFO:root:ER_2000_3_57 - Abra: 1.3643 seconds
INFO:root:ER_2000_3_57 - Betweenness: 1.3137 seconds
INFO:root:ER_2000_3_58 - RAND2: 0.5712 seconds
INFO:root:ER_2000_3_58 - DIAM: 13.2460 seconds
INFO:root:ER_2000_3_58 - Abra: 1.3681 seconds
INFO:root:ER_2000_3_58 - Betweenness: 1.2427 seconds
INFO:root:ER_2000_3_59 - RAND2: 0.5546 seconds
INFO:root:ER_2000_3_59 - DIAM: 12.9504 seconds
INFO:root:ER_2000_3_59 - Abra: 1.3396 seconds
INFO:root:ER_2000_3_59 - Betweenness: 1.2125 seconds
INFO:root:ER_2000_3_61 - RAND2: 0.5334 seconds
INFO:root:ER_2000_3_61 - DIAM: 13.0821 seconds
INFO:root:ER_2000_3_61 - Abra: 1.3779 seconds
INFO:root:ER_2000_3_61 - Betweenness: 1.1937 seconds
INFO:root:ER_2000_3_62 - RAND2: 0.5433 seconds
INFO:root:ER_2000_3_62 - DIAM: 12.9311 seconds
INFO:root:ER_2000_3_62 - Abra: 1.3640 seconds
INFO:root:ER_2000_3_62 - Betweenness: 1.2138 seconds
INFO:root:ER_2000_3_63 - RAND2: 0.5307 seconds
INFO:root:ER_2000_3_63 - DIAM: 12.9681 seconds
INFO:root:ER_2000_3_63 - Abra: 1.4215 seconds
INFO:root:ER_2000_3_63 - Betweenness: 1.1927 seconds
INFO:root:ER_2000_3_63 - RAND2: 0.5163 seconds
INFO:root:ER_2000_3_63 - DIAM: 12.8357 seconds
INFO:root:ER_2000_3_63 - Abra: 1.3541 seconds
INFO:root:ER_2000_3_63 - Betweenness: 1.1416 seconds
INFO:root:ER_2000_3_65 - RAND2: 0.5100 seconds
INFO:root:ER_2000_3_65 - DIAM: 13.2115 seconds
INFO:root:ER_2000_3_65 - Abra: 1.3716 seconds
INFO:root:ER_2000_3_65 - Betweenness: 1.2605 seconds
INFO:root:ER_2000_3_65 - RAND2: 0.5243 seconds
INFO:root:ER_2000_3_65 - DIAM: 13.4050 seconds
INFO:root:ER_2000_3_65 - Abra: 1.4506 seconds
INFO:root:ER_2000_3_65 - Betweenness: 1.2705 seconds
INFO:root:ER_2000_3_67 - RAND2: 0.4963 seconds
INFO:root:ER_2000_3_67 - DIAM: 13.0815 seconds
INFO:root:ER_2000_3_67 - Abra: 1.4324 seconds
INFO:root:ER_2000_3_67 - Betweenness: 1.1594 seconds
INFO:root:ER_2000_3_67 - RAND2: 0.5013 seconds
INFO:root:ER_2000_3_67 - DIAM: 13.1401 seconds
INFO:root:ER_2000_3_67 - Abra: 1.4780 seconds
INFO:root:ER_2000_3_67 - Betweenness: 1.1472 seconds
INFO:root:ER_2000_3_69 - RAND2: 0.4966 seconds
INFO:root:ER_2000_3_69 - DIAM: 13.2152 seconds
INFO:root:ER_2000_3_69 - Abra: 1.4952 seconds
INFO:root:ER_2000_3_69 - Betweenness: 1.1735 seconds
INFO:root:ER_2000_3_69 - RAND2: 0.4663 seconds
INFO:root:ER_2000_3_69 - DIAM: 12.4600 seconds
INFO:root:ER_2000_3_69 - Abra: 1.4545 seconds
INFO:root:ER_2000_3_69 - Betweenness: 1.1104 seconds
INFO:root:ER_2000_3_70 - RAND2: 0.4756 seconds
INFO:root:ER_2000_3_70 - DIAM: 12.4077 seconds
INFO:root:ER_2000_3_70 - Abra: 1.5268 seconds
INFO:root:ER_2000_3_70 - Betweenness: 1.1303 seconds
INFO:root:ER_2000_3_71 - RAND2: 0.4790 seconds
INFO:root:ER_2000_3_71 - DIAM: 12.6617 seconds
INFO:root:ER_2000_3_71 - Abra: 1.4429 seconds
INFO:root:ER_2000_3_71 - Betweenness: 1.1184 seconds
INFO:root:ER_2000_3_73 - RAND2: 0.4412 seconds
INFO:root:ER_2000_3_73 - DIAM: 12.8556 seconds
INFO:root:ER_2000_3_73 - Abra: 1.4913 seconds
INFO:root:ER_2000_3_73 - Betweenness: 1.0871 seconds
INFO:root:ER_2000_3_74 - RAND2: 0.4360 seconds
INFO:root:ER_2000_3_74 - DIAM: 12.9070 seconds
INFO:root:ER_2000_3_74 - Abra: 1.4807 seconds
INFO:root:ER_2000_3_74 - Betweenness: 1.0967 seconds
INFO:root:ER_2000_3_74 - RAND2: 0.4576 seconds
INFO:root:ER_2000_3_74 - DIAM: 12.6135 seconds
INFO:root:ER_2000_3_74 - Abra: 1.5438 seconds
INFO:root:ER_2000_3_74 - Betweenness: 1.0808 seconds
INFO:root:ER_2000_3_76 - RAND2: 0.4672 seconds
INFO:root:ER_2000_3_76 - DIAM: 13.0026 seconds
INFO:root:ER_2000_3_76 - Abra: 1.5288 seconds
INFO:root:ER_2000_3_76 - Betweenness: 1.0268 seconds
INFO:root:ER_2000_3_76 - RAND2: 0.4375 seconds
INFO:root:ER_2000_3_76 - DIAM: 12.6739 seconds
INFO:root:ER_2000_3_76 - Abra: 1.5193 seconds
INFO:root:ER_2000_3_76 - Betweenness: 0.9882 seconds
INFO:root:ER_2000_3_77 - RAND2: 0.4373 seconds
INFO:root:ER_2000_3_77 - DIAM: 12.5826 seconds
INFO:root:ER_2000_3_77 - Abra: 1.5240 seconds
INFO:root:ER_2000_3_77 - Betweenness: 1.0062 seconds
INFO:root:ER_2000_3_79 - RAND2: 0.4377 seconds
INFO:root:ER_2000_3_79 - DIAM: 12.8723 seconds
INFO:root:ER_2000_3_79 - Abra: 1.5236 seconds
INFO:root:ER_2000_3_79 - Betweenness: 0.9492 seconds
INFO:root:ER_2000_3_79 - RAND2: 0.4178 seconds
INFO:root:ER_2000_3_79 - DIAM: 12.6486 seconds
INFO:root:ER_2000_3_79 - Abra: 1.6437 seconds
INFO:root:ER_2000_3_79 - Betweenness: 1.0353 seconds
INFO:root:ER_2000_3_80 - RAND2: 0.4267 seconds
INFO:root:ER_2000_3_80 - DIAM: 12.8920 seconds
INFO:root:ER_2000_3_80 - Abra: 1.5654 seconds
INFO:root:ER_2000_3_80 - Betweenness: 1.0283 seconds
INFO:root:ER_2000_3_82 - RAND2: 0.4209 seconds
INFO:root:ER_2000_3_82 - DIAM: 12.9501 seconds
INFO:root:ER_2000_3_82 - Abra: 1.5944 seconds
INFO:root:ER_2000_3_82 - Betweenness: 0.9499 seconds
INFO:root:ER_2000_3_82 - RAND2: 0.4305 seconds
INFO:root:ER_2000_3_82 - DIAM: 12.9208 seconds
INFO:root:ER_2000_3_82 - Abra: 1.6420 seconds
INFO:root:ER_2000_3_82 - Betweenness: 0.9505 seconds
INFO:root:ER_2000_4_17 - RAND2: 0.2427 seconds
INFO:root:ER_2000_4_17 - DIAM: 7.7475 seconds
INFO:root:ER_2000_4_17 - Abra: 0.7862 seconds
INFO:root:ER_2000_4_17 - Betweenness: 0.5770 seconds
INFO:root:ER_2000_4_18 - RAND2: 0.2558 seconds
INFO:root:ER_2000_4_18 - DIAM: 8.3374 seconds
INFO:root:ER_2000_4_18 - Abra: 0.8362 seconds
INFO:root:ER_2000_4_18 - Betweenness: 0.6117 seconds
INFO:root:ER_2000_4_20 - RAND2: 0.2619 seconds
INFO:root:ER_2000_4_20 - DIAM: 8.8940 seconds
INFO:root:ER_2000_4_20 - Abra: 0.8847 seconds
INFO:root:ER_2000_4_20 - Betweenness: 0.6279 seconds
INFO:root:ER_2000_4_20 - RAND2: 0.2719 seconds
INFO:root:ER_2000_4_20 - DIAM: 9.2910 seconds
INFO:root:ER_2000_4_20 - Abra: 0.8892 seconds
INFO:root:ER_2000_4_20 - Betweenness: 0.6377 seconds
INFO:root:ER_2000_4_22 - RAND2: 0.2963 seconds
INFO:root:ER_2000_4_22 - DIAM: 10.2352 seconds
INFO:root:ER_2000_4_22 - Abra: 0.6029 seconds
INFO:root:ER_2000_4_22 - Betweenness: 0.6974 seconds
INFO:root:ER_2000_4_22 - RAND2: 0.3147 seconds
INFO:root:ER_2000_4_22 - DIAM: 10.3650 seconds
INFO:root:ER_2000_4_22 - Abra: 0.4368 seconds
INFO:root:ER_2000_4_22 - Betweenness: 0.7032 seconds
INFO:root:ER_2000_4_24 - RAND2: 0.3280 seconds
INFO:root:ER_2000_4_24 - DIAM: 11.0725 seconds
INFO:root:ER_2000_4_24 - Abra: 0.2986 seconds
INFO:root:ER_2000_4_24 - Betweenness: 0.8196 seconds
INFO:root:ER_2000_4_24 - RAND2: 0.3554 seconds
INFO:root:ER_2000_4_24 - DIAM: 11.4380 seconds
INFO:root:ER_2000_4_24 - Abra: 0.2208 seconds
INFO:root:ER_2000_4_24 - Betweenness: 0.8614 seconds
INFO:root:ER_2000_4_25 - RAND2: 0.3633 seconds
INFO:root:ER_2000_4_25 - DIAM: 12.0943 seconds
INFO:root:ER_2000_4_25 - Abra: 0.1814 seconds
INFO:root:ER_2000_4_25 - Betweenness: 0.8811 seconds
INFO:root:ER_2000_4_27 - RAND2: 0.3910 seconds
INFO:root:ER_2000_4_27 - DIAM: 12.7897 seconds
INFO:root:ER_2000_4_27 - Abra: 0.1623 seconds
INFO:root:ER_2000_4_27 - Betweenness: 0.9491 seconds
INFO:root:ER_2000_4_28 - RAND2: 0.4253 seconds
INFO:root:ER_2000_4_28 - DIAM: 13.0342 seconds
INFO:root:ER_2000_4_28 - Abra: 0.1802 seconds
INFO:root:ER_2000_4_28 - Betweenness: 0.9734 seconds
INFO:root:ER_2000_4_29 - RAND2: 0.4382 seconds
INFO:root:ER_2000_4_29 - DIAM: 13.4826 seconds
INFO:root:ER_2000_4_29 - Abra: 0.1456 seconds
INFO:root:ER_2000_4_29 - Betweenness: 1.0488 seconds
INFO:root:ER_2000_4_30 - RAND2: 0.4737 seconds
INFO:root:ER_2000_4_30 - DIAM: 13.8376 seconds
INFO:root:ER_2000_4_30 - Abra: 0.1312 seconds
INFO:root:ER_2000_4_30 - Betweenness: 1.0846 seconds
INFO:root:ER_2000_4_31 - RAND2: 0.5055 seconds
INFO:root:ER_2000_4_31 - DIAM: 14.0859 seconds
INFO:root:ER_2000_4_31 - Abra: 0.1247 seconds
INFO:root:ER_2000_4_31 - Betweenness: 1.0744 seconds
INFO:root:ER_2000_4_31 - RAND2: 0.4914 seconds
INFO:root:ER_2000_4_31 - DIAM: 14.3020 seconds
INFO:root:ER_2000_4_31 - Abra: 0.1222 seconds
INFO:root:ER_2000_4_31 - Betweenness: 1.0983 seconds
INFO:root:ER_2000_4_32 - RAND2: 0.4834 seconds
INFO:root:ER_2000_4_32 - DIAM: 14.7010 seconds
INFO:root:ER_2000_4_32 - Abra: 0.1467 seconds
INFO:root:ER_2000_4_32 - Betweenness: 1.1941 seconds
INFO:root:ER_2000_4_33 - RAND2: 0.5137 seconds
INFO:root:ER_2000_4_33 - DIAM: 14.8995 seconds
INFO:root:ER_2000_4_33 - Abra: 0.1295 seconds
INFO:root:ER_2000_4_33 - Betweenness: 1.2399 seconds
INFO:root:ER_2000_4_35 - RAND2: 0.5403 seconds
INFO:root:ER_2000_4_35 - DIAM: 15.0326 seconds
INFO:root:ER_2000_4_35 - Abra: 0.1223 seconds
INFO:root:ER_2000_4_35 - Betweenness: 1.2118 seconds
INFO:root:ER_2000_4_36 - RAND2: 0.5787 seconds
INFO:root:ER_2000_4_36 - DIAM: 15.2736 seconds
INFO:root:ER_2000_4_36 - Abra: 0.8643 seconds
INFO:root:ER_2000_4_36 - Betweenness: 1.2852 seconds
INFO:root:ER_2000_4_36 - RAND2: 0.5677 seconds
INFO:root:ER_2000_4_36 - DIAM: 15.2286 seconds
INFO:root:ER_2000_4_36 - Abra: 0.1606 seconds
INFO:root:ER_2000_4_36 - Betweenness: 1.2807 seconds
INFO:root:ER_2000_5_11 - RAND2: 0.2385 seconds
INFO:root:ER_2000_5_11 - DIAM: 8.6471 seconds
INFO:root:ER_2000_5_11 - Abra: 0.2367 seconds
INFO:root:ER_2000_5_11 - Betweenness: 0.5642 seconds
INFO:root:ER_2000_5_13 - RAND2: 0.2720 seconds
INFO:root:ER_2000_5_13 - DIAM: 7.3052 seconds
INFO:root:ER_2000_5_13 - Abra: 0.2133 seconds
INFO:root:ER_2000_5_13 - Betweenness: 0.5659 seconds
INFO:root:ER_2000_5_13 - RAND2: 0.2588 seconds
INFO:root:ER_2000_5_13 - DIAM: 7.4874 seconds
INFO:root:ER_2000_5_13 - Abra: 0.1626 seconds
INFO:root:ER_2000_5_13 - Betweenness: 0.5788 seconds
INFO:root:ER_2000_5_15 - RAND2: 0.2610 seconds
INFO:root:ER_2000_5_15 - DIAM: 7.3205 seconds
INFO:root:ER_2000_5_15 - Abra: 0.1855 seconds
INFO:root:ER_2000_5_15 - Betweenness: 0.6217 seconds
INFO:root:ER_2000_5_15 - RAND2: 0.2718 seconds
INFO:root:ER_2000_5_15 - DIAM: 7.4963 seconds
INFO:root:ER_2000_5_15 - Abra: 0.1477 seconds
INFO:root:ER_2000_5_15 - Betweenness: 0.5681 seconds
INFO:root:ER_2000_5_16 - RAND2: 0.2577 seconds
INFO:root:ER_2000_5_16 - DIAM: 7.6323 seconds
INFO:root:ER_2000_5_16 - Abra: 0.1828 seconds
INFO:root:ER_2000_5_16 - Betweenness: 0.5835 seconds
INFO:root:ER_2000_6_10 - RAND2: 0.2169 seconds
INFO:root:ER_2000_6_10 - DIAM: 7.6211 seconds
INFO:root:ER_2000_6_10 - Abra: 0.1774 seconds
INFO:root:ER_2000_6_10 - Betweenness: 0.5338 seconds
INFO:root:ER_2000_6_11 - RAND2: 0.2289 seconds
INFO:root:ER_2000_6_11 - DIAM: 8.2434 seconds
INFO:root:ER_2000_6_11 - Abra: 0.1066 seconds
INFO:root:ER_2000_6_11 - Betweenness: 0.5271 seconds
INFO:root:ER_2000_6_9 - RAND2: 0.2062 seconds
INFO:root:ER_2000_6_9 - DIAM: 6.9205 seconds
INFO:root:ER_2000_6_9 - Abra: 0.1912 seconds
INFO:root:ER_2000_6_9 - Betweenness: 0.4391 seconds
INFO:root:ER_2000_7_7 - RAND2: 0.1814 seconds
INFO:root:ER_2000_7_7 - DIAM: 6.1763 seconds
INFO:root:ER_2000_7_7 - Abra: 0.0967 seconds
INFO:root:ER_2000_7_7 - Betweenness: 0.4287 seconds
INFO:root:ER_2000_8_5 - RAND2: 0.1690 seconds
INFO:root:ER_2000_8_5 - DIAM: 5.1925 seconds
INFO:root:ER_2000_8_5 - Abra: 0.1365 seconds
INFO:root:ER_2000_8_5 - Betweenness: 0.3424 seconds
INFO:root:ER_2000_8_7 - RAND2: 0.1726 seconds
INFO:root:ER_2000_8_7 - DIAM: 5.7134 seconds
INFO:root:ER_2000_8_7 - Abra: 0.0710 seconds
INFO:root:ER_2000_8_7 - Betweenness: 0.3851 seconds
