INFO:root:Started
INFO:root:CM_1000_7_5_1 - RAND2: 0.0385 seconds
INFO:root:CM_1000_7_5_1 - DIAM: 2.1859 seconds
INFO:root:CM_1000_7_5_1 - Abra: 0.0712 seconds
INFO:root:CM_1000_7_5_1 - Betweenness: 0.0735 seconds
INFO:root:CM_1000_7_5_10 - RAND2: 0.0543 seconds
INFO:root:CM_1000_7_5_10 - DIAM: 2.1211 seconds
INFO:root:CM_1000_7_5_10 - Abra: 0.0790 seconds
INFO:root:CM_1000_7_5_10 - Betweenness: 0.0748 seconds
INFO:root:CM_1000_7_5_2 - RAND2: 0.0541 seconds
INFO:root:CM_1000_7_5_2 - DIAM: 2.1121 seconds
INFO:root:CM_1000_7_5_2 - Abra: 0.0727 seconds
INFO:root:CM_1000_7_5_2 - Betweenness: 0.0716 seconds
INFO:root:CM_1000_7_5_3 - RAND2: 0.0545 seconds
INFO:root:CM_1000_7_5_3 - DIAM: 2.1176 seconds
INFO:root:CM_1000_7_5_3 - Abra: 0.0730 seconds
INFO:root:CM_1000_7_5_3 - Betweenness: 0.0711 seconds
INFO:root:CM_1000_7_5_4 - RAND2: 0.0554 seconds
INFO:root:CM_1000_7_5_4 - DIAM: 2.1181 seconds
INFO:root:CM_1000_7_5_4 - Abra: 0.0754 seconds
INFO:root:CM_1000_7_5_4 - Betweenness: 0.0724 seconds
INFO:root:CM_1000_7_5_5 - RAND2: 0.0572 seconds
INFO:root:CM_1000_7_5_5 - DIAM: 2.0762 seconds
INFO:root:CM_1000_7_5_5 - Abra: 0.0966 seconds
INFO:root:CM_1000_7_5_5 - Betweenness: 0.0792 seconds
INFO:root:CM_1000_7_5_6 - RAND2: 0.0549 seconds
INFO:root:CM_1000_7_5_6 - DIAM: 2.0912 seconds
INFO:root:CM_1000_7_5_6 - Abra: 0.0795 seconds
INFO:root:CM_1000_7_5_6 - Betweenness: 0.0708 seconds
INFO:root:CM_1000_7_5_7 - RAND2: 0.0548 seconds
INFO:root:CM_1000_7_5_7 - DIAM: 2.1216 seconds
INFO:root:CM_1000_7_5_7 - Abra: 0.0804 seconds
INFO:root:CM_1000_7_5_7 - Betweenness: 0.0725 seconds
INFO:root:CM_1000_7_5_8 - RAND2: 0.0545 seconds
INFO:root:CM_1000_7_5_8 - DIAM: 2.1037 seconds
INFO:root:CM_1000_7_5_8 - Abra: 0.0767 seconds
INFO:root:CM_1000_7_5_8 - Betweenness: 0.0714 seconds
INFO:root:CM_1000_7_5_9 - RAND2: 0.0548 seconds
INFO:root:CM_1000_7_5_9 - DIAM: 2.0932 seconds
INFO:root:CM_1000_7_5_9 - Abra: 0.0835 seconds
INFO:root:CM_1000_7_5_9 - Betweenness: 0.0708 seconds
INFO:root:CM_1000_9_4_1 - RAND2: 0.0462 seconds
INFO:root:CM_1000_9_4_1 - DIAM: 1.7937 seconds
INFO:root:CM_1000_9_4_1 - Abra: 0.0444 seconds
INFO:root:CM_1000_9_4_1 - Betweenness: 0.0624 seconds
INFO:root:CM_1000_9_4_10 - RAND2: 0.0443 seconds
INFO:root:CM_1000_9_4_10 - DIAM: 1.7515 seconds
INFO:root:CM_1000_9_4_10 - Abra: 0.0582 seconds
INFO:root:CM_1000_9_4_10 - Betweenness: 0.0716 seconds
INFO:root:CM_1000_9_4_2 - RAND2: 0.0474 seconds
INFO:root:CM_1000_9_4_2 - DIAM: 1.7663 seconds
INFO:root:CM_1000_9_4_2 - Abra: 0.0442 seconds
INFO:root:CM_1000_9_4_2 - Betweenness: 0.0672 seconds
INFO:root:CM_1000_9_4_3 - RAND2: 0.0456 seconds
INFO:root:CM_1000_9_4_3 - DIAM: 1.8291 seconds
INFO:root:CM_1000_9_4_3 - Abra: 0.0449 seconds
INFO:root:CM_1000_9_4_3 - Betweenness: 0.0635 seconds
INFO:root:CM_1000_9_4_4 - RAND2: 0.0441 seconds
INFO:root:CM_1000_9_4_4 - DIAM: 1.7670 seconds
INFO:root:CM_1000_9_4_4 - Abra: 0.0441 seconds
INFO:root:CM_1000_9_4_4 - Betweenness: 0.0623 seconds
INFO:root:CM_1000_9_4_5 - RAND2: 0.0449 seconds
INFO:root:CM_1000_9_4_5 - DIAM: 1.7732 seconds
INFO:root:CM_1000_9_4_5 - Abra: 0.0462 seconds
INFO:root:CM_1000_9_4_5 - Betweenness: 0.0627 seconds
INFO:root:CM_1000_9_4_6 - RAND2: 0.0449 seconds
INFO:root:CM_1000_9_4_6 - DIAM: 1.7558 seconds
INFO:root:CM_1000_9_4_6 - Abra: 0.0511 seconds
INFO:root:CM_1000_9_4_6 - Betweenness: 0.0688 seconds
INFO:root:CM_1000_9_4_7 - RAND2: 0.0452 seconds
INFO:root:CM_1000_9_4_7 - DIAM: 1.7719 seconds
INFO:root:CM_1000_9_4_7 - Abra: 0.0447 seconds
INFO:root:CM_1000_9_4_7 - Betweenness: 0.0631 seconds
INFO:root:CM_1000_9_4_8 - RAND2: 0.0444 seconds
INFO:root:CM_1000_9_4_8 - DIAM: 1.7786 seconds
INFO:root:CM_1000_9_4_8 - Abra: 0.0444 seconds
INFO:root:CM_1000_9_4_8 - Betweenness: 0.0621 seconds
INFO:root:CM_1000_9_4_9 - RAND2: 0.0446 seconds
INFO:root:CM_1000_9_4_9 - DIAM: 1.7630 seconds
INFO:root:CM_1000_9_4_9 - Abra: 0.0443 seconds
INFO:root:CM_1000_9_4_9 - Betweenness: 0.0643 seconds
INFO:root:CM_1040_7_5_1 - RAND2: 0.0557 seconds
INFO:root:CM_1040_7_5_1 - DIAM: 2.1910 seconds
INFO:root:CM_1040_7_5_1 - Abra: 0.0865 seconds
INFO:root:CM_1040_7_5_1 - Betweenness: 0.0761 seconds
INFO:root:CM_1040_7_5_10 - RAND2: 0.0587 seconds
INFO:root:CM_1040_7_5_10 - DIAM: 2.1368 seconds
INFO:root:CM_1040_7_5_10 - Abra: 0.0927 seconds
INFO:root:CM_1040_7_5_10 - Betweenness: 0.0790 seconds
INFO:root:CM_1040_7_5_2 - RAND2: 0.0592 seconds
INFO:root:CM_1040_7_5_2 - DIAM: 2.1732 seconds
INFO:root:CM_1040_7_5_2 - Abra: 0.0964 seconds
INFO:root:CM_1040_7_5_2 - Betweenness: 0.0772 seconds
INFO:root:CM_1040_7_5_3 - RAND2: 0.0586 seconds
INFO:root:CM_1040_7_5_3 - DIAM: 2.1316 seconds
INFO:root:CM_1040_7_5_3 - Abra: 0.0883 seconds
INFO:root:CM_1040_7_5_3 - Betweenness: 0.0764 seconds
INFO:root:CM_1040_7_5_4 - RAND2: 0.0596 seconds
INFO:root:CM_1040_7_5_4 - DIAM: 2.1879 seconds
INFO:root:CM_1040_7_5_4 - Abra: 0.0854 seconds
INFO:root:CM_1040_7_5_4 - Betweenness: 0.0771 seconds
INFO:root:CM_1040_7_5_5 - RAND2: 0.0587 seconds
INFO:root:CM_1040_7_5_5 - DIAM: 2.1588 seconds
INFO:root:CM_1040_7_5_5 - Abra: 0.0914 seconds
INFO:root:CM_1040_7_5_5 - Betweenness: 0.0760 seconds
INFO:root:CM_1040_7_5_6 - RAND2: 0.0591 seconds
INFO:root:CM_1040_7_5_6 - DIAM: 2.1372 seconds
INFO:root:CM_1040_7_5_6 - Abra: 0.0899 seconds
INFO:root:CM_1040_7_5_6 - Betweenness: 0.0761 seconds
INFO:root:CM_1040_7_5_7 - RAND2: 0.0592 seconds
INFO:root:CM_1040_7_5_7 - DIAM: 2.1354 seconds
INFO:root:CM_1040_7_5_7 - Abra: 0.0893 seconds
INFO:root:CM_1040_7_5_7 - Betweenness: 0.0762 seconds
INFO:root:CM_1040_7_5_8 - RAND2: 0.0590 seconds
INFO:root:CM_1040_7_5_8 - DIAM: 2.1822 seconds
INFO:root:CM_1040_7_5_8 - Abra: 0.0922 seconds
INFO:root:CM_1040_7_5_8 - Betweenness: 0.0789 seconds
INFO:root:CM_1040_7_5_9 - RAND2: 0.0601 seconds
INFO:root:CM_1040_7_5_9 - DIAM: 2.1443 seconds
INFO:root:CM_1040_7_5_9 - Abra: 0.0927 seconds
INFO:root:CM_1040_7_5_9 - Betweenness: 0.0765 seconds
INFO:root:CM_1040_9_4_1 - RAND2: 0.0506 seconds
INFO:root:CM_1040_9_4_1 - DIAM: 1.9016 seconds
INFO:root:CM_1040_9_4_1 - Abra: 0.0529 seconds
INFO:root:CM_1040_9_4_1 - Betweenness: 0.0668 seconds
INFO:root:CM_1040_9_4_10 - RAND2: 0.0525 seconds
INFO:root:CM_1040_9_4_10 - DIAM: 1.8453 seconds
INFO:root:CM_1040_9_4_10 - Abra: 0.0491 seconds
INFO:root:CM_1040_9_4_10 - Betweenness: 0.0691 seconds
INFO:root:CM_1040_9_4_2 - RAND2: 0.0495 seconds
INFO:root:CM_1040_9_4_2 - DIAM: 1.8304 seconds
INFO:root:CM_1040_9_4_2 - Abra: 0.0491 seconds
INFO:root:CM_1040_9_4_2 - Betweenness: 0.0714 seconds
INFO:root:CM_1040_9_4_3 - RAND2: 0.0495 seconds
INFO:root:CM_1040_9_4_3 - DIAM: 1.8078 seconds
INFO:root:CM_1040_9_4_3 - Abra: 0.0496 seconds
INFO:root:CM_1040_9_4_3 - Betweenness: 0.0729 seconds
INFO:root:CM_1040_9_4_4 - RAND2: 0.0496 seconds
INFO:root:CM_1040_9_4_4 - DIAM: 1.8557 seconds
INFO:root:CM_1040_9_4_4 - Abra: 0.0525 seconds
INFO:root:CM_1040_9_4_4 - Betweenness: 0.0703 seconds
INFO:root:CM_1040_9_4_5 - RAND2: 0.0499 seconds
INFO:root:CM_1040_9_4_5 - DIAM: 1.8475 seconds
INFO:root:CM_1040_9_4_5 - Abra: 0.0508 seconds
INFO:root:CM_1040_9_4_5 - Betweenness: 0.0685 seconds
INFO:root:CM_1040_9_4_6 - RAND2: 0.0494 seconds
INFO:root:CM_1040_9_4_6 - DIAM: 1.8202 seconds
INFO:root:CM_1040_9_4_6 - Abra: 0.0496 seconds
INFO:root:CM_1040_9_4_6 - Betweenness: 0.0693 seconds
INFO:root:CM_1040_9_4_7 - RAND2: 0.0504 seconds
INFO:root:CM_1040_9_4_7 - DIAM: 1.8566 seconds
INFO:root:CM_1040_9_4_7 - Abra: 0.0499 seconds
INFO:root:CM_1040_9_4_7 - Betweenness: 0.0694 seconds
INFO:root:CM_1040_9_4_8 - RAND2: 0.0494 seconds
INFO:root:CM_1040_9_4_8 - DIAM: 1.8152 seconds
INFO:root:CM_1040_9_4_8 - Abra: 0.0492 seconds
INFO:root:CM_1040_9_4_8 - Betweenness: 0.0679 seconds
INFO:root:CM_1040_9_4_9 - RAND2: 0.0511 seconds
INFO:root:CM_1040_9_4_9 - DIAM: 1.8264 seconds
INFO:root:CM_1040_9_4_9 - Abra: 0.0534 seconds
INFO:root:CM_1040_9_4_9 - Betweenness: 0.0795 seconds
INFO:root:CM_1080_7_5_1 - RAND2: 0.0631 seconds
INFO:root:CM_1080_7_5_1 - DIAM: 2.2485 seconds
INFO:root:CM_1080_7_5_1 - Abra: 0.1077 seconds
INFO:root:CM_1080_7_5_1 - Betweenness: 0.0826 seconds
INFO:root:CM_1080_7_5_10 - RAND2: 0.0628 seconds
INFO:root:CM_1080_7_5_10 - DIAM: 2.2497 seconds
INFO:root:CM_1080_7_5_10 - Abra: 0.1635 seconds
INFO:root:CM_1080_7_5_10 - Betweenness: 0.0852 seconds
INFO:root:CM_1080_7_5_2 - RAND2: 0.0648 seconds
INFO:root:CM_1080_7_5_2 - DIAM: 2.2460 seconds
INFO:root:CM_1080_7_5_2 - Abra: 0.1086 seconds
INFO:root:CM_1080_7_5_2 - Betweenness: 0.0839 seconds
INFO:root:CM_1080_7_5_3 - RAND2: 0.0656 seconds
INFO:root:CM_1080_7_5_3 - DIAM: 2.2576 seconds
INFO:root:CM_1080_7_5_3 - Abra: 0.1070 seconds
INFO:root:CM_1080_7_5_3 - Betweenness: 0.0834 seconds
INFO:root:CM_1080_7_5_4 - RAND2: 0.0650 seconds
INFO:root:CM_1080_7_5_4 - DIAM: 2.2544 seconds
INFO:root:CM_1080_7_5_4 - Abra: 0.1091 seconds
INFO:root:CM_1080_7_5_4 - Betweenness: 0.0830 seconds
INFO:root:CM_1080_7_5_5 - RAND2: 0.0644 seconds
INFO:root:CM_1080_7_5_5 - DIAM: 2.2318 seconds
INFO:root:CM_1080_7_5_5 - Abra: 0.1071 seconds
INFO:root:CM_1080_7_5_5 - Betweenness: 0.0830 seconds
INFO:root:CM_1080_7_5_6 - RAND2: 0.0647 seconds
INFO:root:CM_1080_7_5_6 - DIAM: 2.2197 seconds
INFO:root:CM_1080_7_5_6 - Abra: 0.1148 seconds
INFO:root:CM_1080_7_5_6 - Betweenness: 0.0895 seconds
INFO:root:CM_1080_7_5_7 - RAND2: 0.0656 seconds
INFO:root:CM_1080_7_5_7 - DIAM: 2.2278 seconds
INFO:root:CM_1080_7_5_7 - Abra: 0.1125 seconds
INFO:root:CM_1080_7_5_7 - Betweenness: 0.0826 seconds
INFO:root:CM_1080_7_5_8 - RAND2: 0.0668 seconds
INFO:root:CM_1080_7_5_8 - DIAM: 2.2845 seconds
INFO:root:CM_1080_7_5_8 - Abra: 0.1149 seconds
INFO:root:CM_1080_7_5_8 - Betweenness: 0.0851 seconds
INFO:root:CM_1080_7_5_9 - RAND2: 0.0642 seconds
INFO:root:CM_1080_7_5_9 - DIAM: 2.2826 seconds
INFO:root:CM_1080_7_5_9 - Abra: 0.0995 seconds
INFO:root:CM_1080_7_5_9 - Betweenness: 0.0848 seconds
INFO:root:CM_1080_9_4_1 - RAND2: 0.0529 seconds
INFO:root:CM_1080_9_4_1 - DIAM: 1.8686 seconds
INFO:root:CM_1080_9_4_1 - Abra: 0.0548 seconds
INFO:root:CM_1080_9_4_1 - Betweenness: 0.0734 seconds
INFO:root:CM_1080_9_4_10 - RAND2: 0.0545 seconds
INFO:root:CM_1080_9_4_10 - DIAM: 1.8774 seconds
INFO:root:CM_1080_9_4_10 - Abra: 0.0527 seconds
INFO:root:CM_1080_9_4_10 - Betweenness: 0.0717 seconds
INFO:root:CM_1080_9_4_2 - RAND2: 0.0527 seconds
INFO:root:CM_1080_9_4_2 - DIAM: 1.8485 seconds
INFO:root:CM_1080_9_4_2 - Abra: 0.0524 seconds
INFO:root:CM_1080_9_4_2 - Betweenness: 0.0715 seconds
INFO:root:CM_1080_9_4_3 - RAND2: 0.0524 seconds
INFO:root:CM_1080_9_4_3 - DIAM: 1.8289 seconds
INFO:root:CM_1080_9_4_3 - Abra: 0.0516 seconds
INFO:root:CM_1080_9_4_3 - Betweenness: 0.0709 seconds
INFO:root:CM_1080_9_4_4 - RAND2: 0.0523 seconds
INFO:root:CM_1080_9_4_4 - DIAM: 1.8589 seconds
INFO:root:CM_1080_9_4_4 - Abra: 0.0512 seconds
INFO:root:CM_1080_9_4_4 - Betweenness: 0.0708 seconds
INFO:root:CM_1080_9_4_5 - RAND2: 0.0517 seconds
INFO:root:CM_1080_9_4_5 - DIAM: 1.8375 seconds
INFO:root:CM_1080_9_4_5 - Abra: 0.0649 seconds
INFO:root:CM_1080_9_4_5 - Betweenness: 0.0816 seconds
INFO:root:CM_1080_9_4_6 - RAND2: 0.0526 seconds
INFO:root:CM_1080_9_4_6 - DIAM: 1.8391 seconds
INFO:root:CM_1080_9_4_6 - Abra: 0.0524 seconds
INFO:root:CM_1080_9_4_6 - Betweenness: 0.0717 seconds
INFO:root:CM_1080_9_4_7 - RAND2: 0.0524 seconds
INFO:root:CM_1080_9_4_7 - DIAM: 1.8486 seconds
INFO:root:CM_1080_9_4_7 - Abra: 0.0522 seconds
INFO:root:CM_1080_9_4_7 - Betweenness: 0.0731 seconds
INFO:root:CM_1080_9_4_8 - RAND2: 0.0521 seconds
INFO:root:CM_1080_9_4_8 - DIAM: 1.8338 seconds
INFO:root:CM_1080_9_4_8 - Abra: 0.0529 seconds
INFO:root:CM_1080_9_4_8 - Betweenness: 0.0719 seconds
INFO:root:CM_1080_9_4_9 - RAND2: 0.0520 seconds
INFO:root:CM_1080_9_4_9 - DIAM: 1.8751 seconds
INFO:root:CM_1080_9_4_9 - Abra: 0.0503 seconds
INFO:root:CM_1080_9_4_9 - Betweenness: 0.0727 seconds
INFO:root:CM_1120_7_5_1 - RAND2: 0.0673 seconds
INFO:root:CM_1120_7_5_1 - DIAM: 2.3516 seconds
INFO:root:CM_1120_7_5_1 - Abra: 0.1287 seconds
INFO:root:CM_1120_7_5_1 - Betweenness: 0.0941 seconds
INFO:root:CM_1120_7_5_10 - RAND2: 0.0698 seconds
INFO:root:CM_1120_7_5_10 - DIAM: 2.3249 seconds
INFO:root:CM_1120_7_5_10 - Abra: 0.1243 seconds
INFO:root:CM_1120_7_5_10 - Betweenness: 0.0897 seconds
INFO:root:CM_1120_7_5_2 - RAND2: 0.0700 seconds
INFO:root:CM_1120_7_5_2 - DIAM: 2.3445 seconds
INFO:root:CM_1120_7_5_2 - Abra: 0.1335 seconds
INFO:root:CM_1120_7_5_2 - Betweenness: 0.0966 seconds
INFO:root:CM_1120_7_5_3 - RAND2: 0.0723 seconds
INFO:root:CM_1120_7_5_3 - DIAM: 2.3113 seconds
INFO:root:CM_1120_7_5_3 - Abra: 0.1259 seconds
INFO:root:CM_1120_7_5_3 - Betweenness: 0.0933 seconds
INFO:root:CM_1120_7_5_4 - RAND2: 0.0701 seconds
INFO:root:CM_1120_7_5_4 - DIAM: 2.3280 seconds
INFO:root:CM_1120_7_5_4 - Abra: 0.1361 seconds
INFO:root:CM_1120_7_5_4 - Betweenness: 0.0903 seconds
INFO:root:CM_1120_7_5_5 - RAND2: 0.0707 seconds
INFO:root:CM_1120_7_5_5 - DIAM: 2.3615 seconds
INFO:root:CM_1120_7_5_5 - Abra: 0.1396 seconds
INFO:root:CM_1120_7_5_5 - Betweenness: 0.0908 seconds
INFO:root:CM_1120_7_5_6 - RAND2: 0.0699 seconds
INFO:root:CM_1120_7_5_6 - DIAM: 2.3337 seconds
INFO:root:CM_1120_7_5_6 - Abra: 0.1814 seconds
INFO:root:CM_1120_7_5_6 - Betweenness: 0.0940 seconds
INFO:root:CM_1120_7_5_7 - RAND2: 0.0700 seconds
INFO:root:CM_1120_7_5_7 - DIAM: 2.3061 seconds
INFO:root:CM_1120_7_5_7 - Abra: 0.1329 seconds
INFO:root:CM_1120_7_5_7 - Betweenness: 0.0897 seconds
INFO:root:CM_1120_7_5_8 - RAND2: 0.0696 seconds
INFO:root:CM_1120_7_5_8 - DIAM: 2.3187 seconds
INFO:root:CM_1120_7_5_8 - Abra: 0.1359 seconds
INFO:root:CM_1120_7_5_8 - Betweenness: 0.0922 seconds
INFO:root:CM_1120_7_5_9 - RAND2: 0.0700 seconds
INFO:root:CM_1120_7_5_9 - DIAM: 2.3053 seconds
INFO:root:CM_1120_7_5_9 - Abra: 0.1360 seconds
INFO:root:CM_1120_7_5_9 - Betweenness: 0.0926 seconds
INFO:root:CM_1120_9_4_1 - RAND2: 0.0576 seconds
INFO:root:CM_1120_9_4_1 - DIAM: 1.9229 seconds
INFO:root:CM_1120_9_4_1 - Abra: 0.0593 seconds
INFO:root:CM_1120_9_4_1 - Betweenness: 0.0768 seconds
INFO:root:CM_1120_9_4_10 - RAND2: 0.0582 seconds
INFO:root:CM_1120_9_4_10 - DIAM: 1.9115 seconds
INFO:root:CM_1120_9_4_10 - Abra: 0.0719 seconds
INFO:root:CM_1120_9_4_10 - Betweenness: 0.0846 seconds
INFO:root:CM_1120_9_4_2 - RAND2: 0.0575 seconds
INFO:root:CM_1120_9_4_2 - DIAM: 1.8707 seconds
INFO:root:CM_1120_9_4_2 - Abra: 0.0575 seconds
INFO:root:CM_1120_9_4_2 - Betweenness: 0.0795 seconds
INFO:root:CM_1120_9_4_3 - RAND2: 0.0589 seconds
INFO:root:CM_1120_9_4_3 - DIAM: 1.9284 seconds
INFO:root:CM_1120_9_4_3 - Abra: 0.0592 seconds
INFO:root:CM_1120_9_4_3 - Betweenness: 0.0803 seconds
INFO:root:CM_1120_9_4_4 - RAND2: 0.0546 seconds
INFO:root:CM_1120_9_4_4 - DIAM: 1.8830 seconds
INFO:root:CM_1120_9_4_4 - Abra: 0.0576 seconds
INFO:root:CM_1120_9_4_4 - Betweenness: 0.0838 seconds
INFO:root:CM_1120_9_4_5 - RAND2: 0.0590 seconds
INFO:root:CM_1120_9_4_5 - DIAM: 1.8778 seconds
INFO:root:CM_1120_9_4_5 - Abra: 0.0547 seconds
INFO:root:CM_1120_9_4_5 - Betweenness: 0.0761 seconds
INFO:root:CM_1120_9_4_6 - RAND2: 0.0557 seconds
INFO:root:CM_1120_9_4_6 - DIAM: 1.9107 seconds
INFO:root:CM_1120_9_4_6 - Abra: 0.0550 seconds
INFO:root:CM_1120_9_4_6 - Betweenness: 0.0782 seconds
INFO:root:CM_1120_9_4_7 - RAND2: 0.0562 seconds
INFO:root:CM_1120_9_4_7 - DIAM: 1.8879 seconds
INFO:root:CM_1120_9_4_7 - Abra: 0.0542 seconds
INFO:root:CM_1120_9_4_7 - Betweenness: 0.0766 seconds
INFO:root:CM_1120_9_4_8 - RAND2: 0.0625 seconds
INFO:root:CM_1120_9_4_8 - DIAM: 1.9080 seconds
INFO:root:CM_1120_9_4_8 - Abra: 0.0552 seconds
INFO:root:CM_1120_9_4_8 - Betweenness: 0.0805 seconds
INFO:root:CM_1120_9_4_9 - RAND2: 0.0560 seconds
INFO:root:CM_1120_9_4_9 - DIAM: 1.9065 seconds
INFO:root:CM_1120_9_4_9 - Abra: 0.0554 seconds
INFO:root:CM_1120_9_4_9 - Betweenness: 0.0765 seconds
INFO:root:CM_1160_7_5_1 - RAND2: 0.0762 seconds
INFO:root:CM_1160_7_5_1 - DIAM: 2.3997 seconds
INFO:root:CM_1160_7_5_1 - Abra: 0.1563 seconds
INFO:root:CM_1160_7_5_1 - Betweenness: 0.0959 seconds
INFO:root:CM_1160_7_5_10 - RAND2: 0.0759 seconds
INFO:root:CM_1160_7_5_10 - DIAM: 2.3709 seconds
INFO:root:CM_1160_7_5_10 - Abra: 0.1537 seconds
INFO:root:CM_1160_7_5_10 - Betweenness: 0.0962 seconds
INFO:root:CM_1160_7_5_2 - RAND2: 0.0756 seconds
INFO:root:CM_1160_7_5_2 - DIAM: 2.4082 seconds
INFO:root:CM_1160_7_5_2 - Abra: 0.1638 seconds
INFO:root:CM_1160_7_5_2 - Betweenness: 0.0963 seconds
INFO:root:CM_1160_7_5_3 - RAND2: 0.0759 seconds
INFO:root:CM_1160_7_5_3 - DIAM: 2.4338 seconds
INFO:root:CM_1160_7_5_3 - Abra: 0.1538 seconds
INFO:root:CM_1160_7_5_3 - Betweenness: 0.0961 seconds
INFO:root:CM_1160_7_5_4 - RAND2: 0.0755 seconds
INFO:root:CM_1160_7_5_4 - DIAM: 2.3796 seconds
INFO:root:CM_1160_7_5_4 - Abra: 0.1652 seconds
INFO:root:CM_1160_7_5_4 - Betweenness: 0.0947 seconds
INFO:root:CM_1160_7_5_5 - RAND2: 0.0773 seconds
INFO:root:CM_1160_7_5_5 - DIAM: 2.3920 seconds
INFO:root:CM_1160_7_5_5 - Abra: 0.1667 seconds
INFO:root:CM_1160_7_5_5 - Betweenness: 0.1012 seconds
INFO:root:CM_1160_7_5_6 - RAND2: 0.0756 seconds
INFO:root:CM_1160_7_5_6 - DIAM: 2.3800 seconds
INFO:root:CM_1160_7_5_6 - Abra: 0.1675 seconds
INFO:root:CM_1160_7_5_6 - Betweenness: 0.0966 seconds
INFO:root:CM_1160_7_5_7 - RAND2: 0.0754 seconds
INFO:root:CM_1160_7_5_7 - DIAM: 2.3456 seconds
INFO:root:CM_1160_7_5_7 - Abra: 0.1591 seconds
INFO:root:CM_1160_7_5_7 - Betweenness: 0.0952 seconds
INFO:root:CM_1160_7_5_8 - RAND2: 0.0752 seconds
INFO:root:CM_1160_7_5_8 - DIAM: 2.3875 seconds
INFO:root:CM_1160_7_5_8 - Abra: 0.1545 seconds
INFO:root:CM_1160_7_5_8 - Betweenness: 0.0959 seconds
INFO:root:CM_1160_7_5_9 - RAND2: 0.0763 seconds
INFO:root:CM_1160_7_5_9 - DIAM: 2.4599 seconds
INFO:root:CM_1160_7_5_9 - Abra: 0.1662 seconds
INFO:root:CM_1160_7_5_9 - Betweenness: 0.0952 seconds
INFO:root:CM_1160_9_4_1 - RAND2: 0.0607 seconds
INFO:root:CM_1160_9_4_1 - DIAM: 1.9546 seconds
INFO:root:CM_1160_9_4_1 - Abra: 0.0604 seconds
INFO:root:CM_1160_9_4_1 - Betweenness: 0.0835 seconds
INFO:root:CM_1160_9_4_10 - RAND2: 0.0612 seconds
INFO:root:CM_1160_9_4_10 - DIAM: 1.9315 seconds
INFO:root:CM_1160_9_4_10 - Abra: 0.0596 seconds
INFO:root:CM_1160_9_4_10 - Betweenness: 0.0841 seconds
INFO:root:CM_1160_9_4_2 - RAND2: 0.0615 seconds
INFO:root:CM_1160_9_4_2 - DIAM: 1.9437 seconds
INFO:root:CM_1160_9_4_2 - Abra: 0.0619 seconds
INFO:root:CM_1160_9_4_2 - Betweenness: 0.0819 seconds
INFO:root:CM_1160_9_4_3 - RAND2: 0.0611 seconds
INFO:root:CM_1160_9_4_3 - DIAM: 1.9317 seconds
INFO:root:CM_1160_9_4_3 - Abra: 0.0614 seconds
INFO:root:CM_1160_9_4_3 - Betweenness: 0.0814 seconds
INFO:root:CM_1160_9_4_4 - RAND2: 0.0607 seconds
INFO:root:CM_1160_9_4_4 - DIAM: 1.9216 seconds
INFO:root:CM_1160_9_4_4 - Abra: 0.0613 seconds
INFO:root:CM_1160_9_4_4 - Betweenness: 0.0804 seconds
INFO:root:CM_1160_9_4_5 - RAND2: 0.0617 seconds
INFO:root:CM_1160_9_4_5 - DIAM: 1.9304 seconds
INFO:root:CM_1160_9_4_5 - Abra: 0.0621 seconds
INFO:root:CM_1160_9_4_5 - Betweenness: 0.0827 seconds
INFO:root:CM_1160_9_4_6 - RAND2: 0.0617 seconds
INFO:root:CM_1160_9_4_6 - DIAM: 1.9323 seconds
INFO:root:CM_1160_9_4_6 - Abra: 0.0613 seconds
INFO:root:CM_1160_9_4_6 - Betweenness: 0.0808 seconds
INFO:root:CM_1160_9_4_7 - RAND2: 0.0615 seconds
INFO:root:CM_1160_9_4_7 - DIAM: 1.9155 seconds
INFO:root:CM_1160_9_4_7 - Abra: 0.0634 seconds
INFO:root:CM_1160_9_4_7 - Betweenness: 0.0803 seconds
INFO:root:CM_1160_9_4_8 - RAND2: 0.0619 seconds
INFO:root:CM_1160_9_4_8 - DIAM: 1.9156 seconds
INFO:root:CM_1160_9_4_8 - Abra: 0.0620 seconds
INFO:root:CM_1160_9_4_8 - Betweenness: 0.0843 seconds
INFO:root:CM_1160_9_4_9 - RAND2: 0.0606 seconds
INFO:root:CM_1160_9_4_9 - DIAM: 1.9139 seconds
INFO:root:CM_1160_9_4_9 - Abra: 0.0606 seconds
INFO:root:CM_1160_9_4_9 - Betweenness: 0.0807 seconds
INFO:root:CM_1200_7_5_1 - RAND2: 0.0791 seconds
INFO:root:CM_1200_7_5_1 - DIAM: 2.4408 seconds
INFO:root:CM_1200_7_5_1 - Abra: 0.1932 seconds
INFO:root:CM_1200_7_5_1 - Betweenness: 0.1075 seconds
INFO:root:CM_1200_7_5_10 - RAND2: 0.0794 seconds
INFO:root:CM_1200_7_5_10 - DIAM: 2.4249 seconds
INFO:root:CM_1200_7_5_10 - Abra: 0.1740 seconds
INFO:root:CM_1200_7_5_10 - Betweenness: 0.1056 seconds
INFO:root:CM_1200_7_5_2 - RAND2: 0.0839 seconds
INFO:root:CM_1200_7_5_2 - DIAM: 2.4689 seconds
INFO:root:CM_1200_7_5_2 - Abra: 0.1837 seconds
INFO:root:CM_1200_7_5_2 - Betweenness: 0.1017 seconds
INFO:root:CM_1200_7_5_3 - RAND2: 0.0807 seconds
INFO:root:CM_1200_7_5_3 - DIAM: 2.4648 seconds
INFO:root:CM_1200_7_5_3 - Abra: 0.1817 seconds
INFO:root:CM_1200_7_5_3 - Betweenness: 0.1022 seconds
INFO:root:CM_1200_7_5_4 - RAND2: 0.0809 seconds
INFO:root:CM_1200_7_5_4 - DIAM: 2.5157 seconds
INFO:root:CM_1200_7_5_4 - Abra: 0.1770 seconds
INFO:root:CM_1200_7_5_4 - Betweenness: 0.1035 seconds
INFO:root:CM_1200_7_5_5 - RAND2: 0.0805 seconds
INFO:root:CM_1200_7_5_5 - DIAM: 2.4633 seconds
INFO:root:CM_1200_7_5_5 - Abra: 0.1789 seconds
INFO:root:CM_1200_7_5_5 - Betweenness: 0.1072 seconds
INFO:root:CM_1200_7_5_6 - RAND2: 0.0805 seconds
INFO:root:CM_1200_7_5_6 - DIAM: 2.4776 seconds
INFO:root:CM_1200_7_5_6 - Abra: 0.1842 seconds
INFO:root:CM_1200_7_5_6 - Betweenness: 0.1051 seconds
INFO:root:CM_1200_7_5_7 - RAND2: 0.0803 seconds
INFO:root:CM_1200_7_5_7 - DIAM: 2.4526 seconds
INFO:root:CM_1200_7_5_7 - Abra: 0.1740 seconds
INFO:root:CM_1200_7_5_7 - Betweenness: 0.1055 seconds
INFO:root:CM_1200_7_5_8 - RAND2: 0.0805 seconds
INFO:root:CM_1200_7_5_8 - DIAM: 2.4875 seconds
INFO:root:CM_1200_7_5_8 - Abra: 0.1905 seconds
INFO:root:CM_1200_7_5_8 - Betweenness: 0.1003 seconds
INFO:root:CM_1200_7_5_9 - RAND2: 0.0816 seconds
INFO:root:CM_1200_7_5_9 - DIAM: 2.4417 seconds
INFO:root:CM_1200_7_5_9 - Abra: 0.1832 seconds
INFO:root:CM_1200_7_5_9 - Betweenness: 0.1018 seconds
INFO:root:CM_1200_9_4_1 - RAND2: 0.0676 seconds
INFO:root:CM_1200_9_4_1 - DIAM: 1.9771 seconds
INFO:root:CM_1200_9_4_1 - Abra: 0.0699 seconds
INFO:root:CM_1200_9_4_1 - Betweenness: 0.0880 seconds
INFO:root:CM_1200_9_4_10 - RAND2: 0.0665 seconds
INFO:root:CM_1200_9_4_10 - DIAM: 1.9772 seconds
INFO:root:CM_1200_9_4_10 - Abra: 0.0661 seconds
INFO:root:CM_1200_9_4_10 - Betweenness: 0.0881 seconds
INFO:root:CM_1200_9_4_2 - RAND2: 0.0651 seconds
INFO:root:CM_1200_9_4_2 - DIAM: 1.9502 seconds
INFO:root:CM_1200_9_4_2 - Abra: 0.0661 seconds
INFO:root:CM_1200_9_4_2 - Betweenness: 0.0896 seconds
INFO:root:CM_1200_9_4_3 - RAND2: 0.0661 seconds
INFO:root:CM_1200_9_4_3 - DIAM: 1.9401 seconds
INFO:root:CM_1200_9_4_3 - Abra: 0.0648 seconds
INFO:root:CM_1200_9_4_3 - Betweenness: 0.0865 seconds
INFO:root:CM_1200_9_4_4 - RAND2: 0.0653 seconds
INFO:root:CM_1200_9_4_4 - DIAM: 1.9555 seconds
INFO:root:CM_1200_9_4_4 - Abra: 0.0650 seconds
INFO:root:CM_1200_9_4_4 - Betweenness: 0.0867 seconds
INFO:root:CM_1200_9_4_5 - RAND2: 0.0658 seconds
INFO:root:CM_1200_9_4_5 - DIAM: 1.9745 seconds
INFO:root:CM_1200_9_4_5 - Abra: 0.0656 seconds
INFO:root:CM_1200_9_4_5 - Betweenness: 0.0859 seconds
INFO:root:CM_1200_9_4_6 - RAND2: 0.0669 seconds
INFO:root:CM_1200_9_4_6 - DIAM: 2.2879 seconds
INFO:root:CM_1200_9_4_6 - Abra: 0.0692 seconds
INFO:root:CM_1200_9_4_6 - Betweenness: 0.0859 seconds
INFO:root:CM_1200_9_4_7 - RAND2: 0.0644 seconds
INFO:root:CM_1200_9_4_7 - DIAM: 1.9812 seconds
INFO:root:CM_1200_9_4_7 - Abra: 0.0628 seconds
INFO:root:CM_1200_9_4_7 - Betweenness: 0.0856 seconds
INFO:root:CM_1200_9_4_8 - RAND2: 0.0651 seconds
INFO:root:CM_1200_9_4_8 - DIAM: 1.9742 seconds
INFO:root:CM_1200_9_4_8 - Abra: 0.0636 seconds
INFO:root:CM_1200_9_4_8 - Betweenness: 0.0862 seconds
INFO:root:CM_1200_9_4_9 - RAND2: 0.0659 seconds
INFO:root:CM_1200_9_4_9 - DIAM: 1.9742 seconds
INFO:root:CM_1200_9_4_9 - Abra: 0.0740 seconds
INFO:root:CM_1200_9_4_9 - Betweenness: 0.0860 seconds
INFO:root:CM_400_6_5_10 - RAND2: 0.0090 seconds
INFO:root:CM_400_6_5_10 - DIAM: 0.9807 seconds
INFO:root:CM_400_6_5_10 - Abra: 0.0300 seconds
INFO:root:CM_400_6_5_10 - Betweenness: 0.0147 seconds
INFO:root:CM_400_6_5_2 - RAND2: 0.0094 seconds
INFO:root:CM_400_6_5_2 - DIAM: 0.9723 seconds
INFO:root:CM_400_6_5_2 - Abra: 0.0420 seconds
INFO:root:CM_400_6_5_2 - Betweenness: 0.0132 seconds
INFO:root:CM_400_6_5_3 - RAND2: 0.0094 seconds
INFO:root:CM_400_6_5_3 - DIAM: 0.9436 seconds
INFO:root:CM_400_6_5_3 - Abra: 0.0303 seconds
INFO:root:CM_400_6_5_3 - Betweenness: 0.0150 seconds
INFO:root:CM_400_6_5_4 - RAND2: 0.0095 seconds
INFO:root:CM_400_6_5_4 - DIAM: 0.9744 seconds
INFO:root:CM_400_6_5_4 - Abra: 0.0302 seconds
INFO:root:CM_400_6_5_4 - Betweenness: 0.0132 seconds
INFO:root:CM_400_6_5_5 - RAND2: 0.0094 seconds
INFO:root:CM_400_6_5_5 - DIAM: 0.9875 seconds
INFO:root:CM_400_6_5_5 - Abra: 0.0292 seconds
INFO:root:CM_400_6_5_5 - Betweenness: 0.0138 seconds
INFO:root:CM_400_6_5_6 - RAND2: 0.0093 seconds
INFO:root:CM_400_6_5_6 - DIAM: 0.9476 seconds
INFO:root:CM_400_6_5_6 - Abra: 0.0796 seconds
INFO:root:CM_400_6_5_6 - Betweenness: 0.0132 seconds
INFO:root:CM_400_6_5_7 - RAND2: 0.0094 seconds
INFO:root:CM_400_6_5_7 - DIAM: 0.9617 seconds
INFO:root:CM_400_6_5_7 - Abra: 0.0311 seconds
INFO:root:CM_400_6_5_7 - Betweenness: 0.0130 seconds
INFO:root:CM_400_6_5_8 - RAND2: 0.0094 seconds
INFO:root:CM_400_6_5_8 - DIAM: 0.9498 seconds
INFO:root:CM_400_6_5_8 - Abra: 0.0286 seconds
INFO:root:CM_400_6_5_8 - Betweenness: 0.0140 seconds
INFO:root:CM_400_7_5_1 - RAND2: 0.0094 seconds
INFO:root:CM_400_7_5_1 - DIAM: 0.9710 seconds
INFO:root:CM_400_7_5_1 - Abra: 0.0134 seconds
INFO:root:CM_400_7_5_1 - Betweenness: 0.0149 seconds
INFO:root:CM_400_7_5_9 - RAND2: 0.0095 seconds
INFO:root:CM_400_7_5_9 - DIAM: 0.9869 seconds
INFO:root:CM_400_7_5_9 - Abra: 0.0116 seconds
INFO:root:CM_400_7_5_9 - Betweenness: 0.0144 seconds
INFO:root:CM_400_8_4_1 - RAND2: 0.0084 seconds
INFO:root:CM_400_8_4_1 - DIAM: 0.8215 seconds
INFO:root:CM_400_8_4_1 - Abra: 0.0113 seconds
INFO:root:CM_400_8_4_1 - Betweenness: 0.0135 seconds
INFO:root:CM_400_8_4_10 - RAND2: 0.0083 seconds
INFO:root:CM_400_8_4_10 - DIAM: 0.8234 seconds
INFO:root:CM_400_8_4_10 - Abra: 0.0125 seconds
INFO:root:CM_400_8_4_10 - Betweenness: 0.0125 seconds
INFO:root:CM_400_8_4_2 - RAND2: 0.0081 seconds
INFO:root:CM_400_8_4_2 - DIAM: 0.8470 seconds
INFO:root:CM_400_8_4_2 - Abra: 0.0129 seconds
INFO:root:CM_400_8_4_2 - Betweenness: 0.0115 seconds
INFO:root:CM_400_8_4_3 - RAND2: 0.0081 seconds
INFO:root:CM_400_8_4_3 - DIAM: 0.8410 seconds
INFO:root:CM_400_8_4_3 - Abra: 0.0120 seconds
INFO:root:CM_400_8_4_3 - Betweenness: 0.0144 seconds
INFO:root:CM_400_8_4_4 - RAND2: 0.0081 seconds
INFO:root:CM_400_8_4_4 - DIAM: 0.8197 seconds
INFO:root:CM_400_8_4_4 - Abra: 0.0122 seconds
INFO:root:CM_400_8_4_4 - Betweenness: 0.0124 seconds
INFO:root:CM_400_8_4_5 - RAND2: 0.0082 seconds
INFO:root:CM_400_8_4_5 - DIAM: 0.8278 seconds
INFO:root:CM_400_8_4_5 - Abra: 0.0116 seconds
INFO:root:CM_400_8_4_5 - Betweenness: 0.0113 seconds
INFO:root:CM_400_8_4_6 - RAND2: 0.0082 seconds
INFO:root:CM_400_8_4_6 - DIAM: 0.8179 seconds
INFO:root:CM_400_8_4_6 - Abra: 0.0393 seconds
INFO:root:CM_400_8_4_6 - Betweenness: 0.0122 seconds
INFO:root:CM_400_8_4_7 - RAND2: 0.0093 seconds
INFO:root:CM_400_8_4_7 - DIAM: 0.8219 seconds
INFO:root:CM_400_8_4_7 - Abra: 0.0140 seconds
INFO:root:CM_400_8_4_7 - Betweenness: 0.0112 seconds
INFO:root:CM_400_8_4_8 - RAND2: 0.0081 seconds
INFO:root:CM_400_8_4_8 - DIAM: 0.8562 seconds
INFO:root:CM_400_8_4_8 - Abra: 0.0146 seconds
INFO:root:CM_400_8_4_8 - Betweenness: 0.0114 seconds
INFO:root:CM_400_8_4_9 - RAND2: 0.0082 seconds
INFO:root:CM_400_8_4_9 - DIAM: 0.8288 seconds
INFO:root:CM_400_8_4_9 - Abra: 0.0126 seconds
INFO:root:CM_400_8_4_9 - Betweenness: 0.0118 seconds
INFO:root:CM_440_6_5_1 - RAND2: 0.0112 seconds
INFO:root:CM_440_6_5_1 - DIAM: 1.0576 seconds
INFO:root:CM_440_6_5_1 - Abra: 0.0358 seconds
INFO:root:CM_440_6_5_1 - Betweenness: 0.0160 seconds
INFO:root:CM_440_6_5_10 - RAND2: 0.0114 seconds
INFO:root:CM_440_6_5_10 - DIAM: 1.0231 seconds
INFO:root:CM_440_6_5_10 - Abra: 0.0356 seconds
INFO:root:CM_440_6_5_10 - Betweenness: 0.0197 seconds
INFO:root:CM_440_6_5_2 - RAND2: 0.0112 seconds
INFO:root:CM_440_6_5_2 - DIAM: 1.0175 seconds
INFO:root:CM_440_6_5_2 - Abra: 0.0367 seconds
INFO:root:CM_440_6_5_2 - Betweenness: 0.0152 seconds
INFO:root:CM_440_6_5_3 - RAND2: 0.0113 seconds
INFO:root:CM_440_6_5_3 - DIAM: 1.0321 seconds
INFO:root:CM_440_6_5_3 - Abra: 0.0362 seconds
INFO:root:CM_440_6_5_3 - Betweenness: 0.0156 seconds
INFO:root:CM_440_6_5_4 - RAND2: 0.0113 seconds
INFO:root:CM_440_6_5_4 - DIAM: 1.0383 seconds
INFO:root:CM_440_6_5_4 - Abra: 0.0362 seconds
INFO:root:CM_440_6_5_4 - Betweenness: 0.0160 seconds
INFO:root:CM_440_6_5_5 - RAND2: 0.0114 seconds
INFO:root:CM_440_6_5_5 - DIAM: 1.0245 seconds
INFO:root:CM_440_6_5_5 - Abra: 0.0372 seconds
INFO:root:CM_440_6_5_5 - Betweenness: 0.0159 seconds
INFO:root:CM_440_6_5_7 - RAND2: 0.0113 seconds
INFO:root:CM_440_6_5_7 - DIAM: 1.0389 seconds
INFO:root:CM_440_6_5_7 - Abra: 0.0355 seconds
INFO:root:CM_440_6_5_7 - Betweenness: 0.0159 seconds
INFO:root:CM_440_6_5_9 - RAND2: 0.0113 seconds
INFO:root:CM_440_6_5_9 - DIAM: 1.0476 seconds
INFO:root:CM_440_6_5_9 - Abra: 0.0364 seconds
INFO:root:CM_440_6_5_9 - Betweenness: 0.0170 seconds
INFO:root:CM_440_7_5_6 - RAND2: 0.0113 seconds
INFO:root:CM_440_7_5_6 - DIAM: 1.0503 seconds
INFO:root:CM_440_7_5_6 - Abra: 0.0251 seconds
INFO:root:CM_440_7_5_6 - Betweenness: 0.0172 seconds
INFO:root:CM_440_7_5_8 - RAND2: 0.0117 seconds
INFO:root:CM_440_7_5_8 - DIAM: 1.0328 seconds
INFO:root:CM_440_7_5_8 - Abra: 0.0143 seconds
INFO:root:CM_440_7_5_8 - Betweenness: 0.0153 seconds
INFO:root:CM_440_8_4_1 - RAND2: 0.0097 seconds
INFO:root:CM_440_8_4_1 - DIAM: 0.8889 seconds
INFO:root:CM_440_8_4_1 - Abra: 0.0139 seconds
INFO:root:CM_440_8_4_1 - Betweenness: 0.0141 seconds
INFO:root:CM_440_8_4_10 - RAND2: 0.0098 seconds
INFO:root:CM_440_8_4_10 - DIAM: 0.9299 seconds
INFO:root:CM_440_8_4_10 - Abra: 0.0135 seconds
INFO:root:CM_440_8_4_10 - Betweenness: 0.0139 seconds
INFO:root:CM_440_8_4_2 - RAND2: 0.0095 seconds
INFO:root:CM_440_8_4_2 - DIAM: 0.8999 seconds
INFO:root:CM_440_8_4_2 - Abra: 0.0154 seconds
INFO:root:CM_440_8_4_2 - Betweenness: 0.0136 seconds
INFO:root:CM_440_8_4_3 - RAND2: 0.0096 seconds
INFO:root:CM_440_8_4_3 - DIAM: 0.8755 seconds
INFO:root:CM_440_8_4_3 - Abra: 0.0138 seconds
INFO:root:CM_440_8_4_3 - Betweenness: 0.0140 seconds
INFO:root:CM_440_8_4_4 - RAND2: 0.0098 seconds
INFO:root:CM_440_8_4_4 - DIAM: 0.9263 seconds
INFO:root:CM_440_8_4_4 - Abra: 0.0144 seconds
INFO:root:CM_440_8_4_4 - Betweenness: 0.0135 seconds
INFO:root:CM_440_8_4_5 - RAND2: 0.0095 seconds
INFO:root:CM_440_8_4_5 - DIAM: 0.8771 seconds
INFO:root:CM_440_8_4_5 - Abra: 0.0147 seconds
INFO:root:CM_440_8_4_5 - Betweenness: 0.0138 seconds
INFO:root:CM_440_8_4_6 - RAND2: 0.0097 seconds
INFO:root:CM_440_8_4_6 - DIAM: 0.9240 seconds
INFO:root:CM_440_8_4_6 - Abra: 0.0127 seconds
INFO:root:CM_440_8_4_6 - Betweenness: 0.0138 seconds
INFO:root:CM_440_8_4_7 - RAND2: 0.0098 seconds
INFO:root:CM_440_8_4_7 - DIAM: 0.8744 seconds
INFO:root:CM_440_8_4_7 - Abra: 0.0146 seconds
INFO:root:CM_440_8_4_7 - Betweenness: 0.0135 seconds
INFO:root:CM_440_8_4_8 - RAND2: 0.0100 seconds
INFO:root:CM_440_8_4_8 - DIAM: 0.8792 seconds
INFO:root:CM_440_8_4_8 - Abra: 0.0134 seconds
INFO:root:CM_440_8_4_8 - Betweenness: 0.0140 seconds
INFO:root:CM_440_8_4_9 - RAND2: 0.0097 seconds
INFO:root:CM_440_8_4_9 - DIAM: 0.9305 seconds
INFO:root:CM_440_8_4_9 - Abra: 0.0142 seconds
INFO:root:CM_440_8_4_9 - Betweenness: 0.0141 seconds
INFO:root:CM_480_6_5_10 - RAND2: 0.0132 seconds
INFO:root:CM_480_6_5_10 - DIAM: 1.0882 seconds
INFO:root:CM_480_6_5_10 - Abra: 0.0429 seconds
INFO:root:CM_480_6_5_10 - Betweenness: 0.0180 seconds
INFO:root:CM_480_6_5_3 - RAND2: 0.0131 seconds
INFO:root:CM_480_6_5_3 - DIAM: 1.0966 seconds
INFO:root:CM_480_6_5_3 - Abra: 0.0419 seconds
INFO:root:CM_480_6_5_3 - Betweenness: 0.0181 seconds
INFO:root:CM_480_6_5_6 - RAND2: 0.0133 seconds
INFO:root:CM_480_6_5_6 - DIAM: 1.1134 seconds
INFO:root:CM_480_6_5_6 - Abra: 0.0436 seconds
INFO:root:CM_480_6_5_6 - Betweenness: 0.0183 seconds
INFO:root:CM_480_7_5_1 - RAND2: 0.0131 seconds
INFO:root:CM_480_7_5_1 - DIAM: 1.1151 seconds
INFO:root:CM_480_7_5_1 - Abra: 0.0171 seconds
INFO:root:CM_480_7_5_1 - Betweenness: 0.0181 seconds
INFO:root:CM_480_7_5_2 - RAND2: 0.0132 seconds
INFO:root:CM_480_7_5_2 - DIAM: 1.0937 seconds
INFO:root:CM_480_7_5_2 - Abra: 0.0157 seconds
INFO:root:CM_480_7_5_2 - Betweenness: 0.0180 seconds
INFO:root:CM_480_7_5_4 - RAND2: 0.0161 seconds
INFO:root:CM_480_7_5_4 - DIAM: 1.0990 seconds
INFO:root:CM_480_7_5_4 - Abra: 0.0165 seconds
INFO:root:CM_480_7_5_4 - Betweenness: 0.0180 seconds
INFO:root:CM_480_7_5_5 - RAND2: 0.0140 seconds
INFO:root:CM_480_7_5_5 - DIAM: 1.0997 seconds
INFO:root:CM_480_7_5_5 - Abra: 0.0142 seconds
INFO:root:CM_480_7_5_5 - Betweenness: 0.0175 seconds
INFO:root:CM_480_7_5_7 - RAND2: 0.0133 seconds
INFO:root:CM_480_7_5_7 - DIAM: 1.1108 seconds
INFO:root:CM_480_7_5_7 - Abra: 0.0175 seconds
INFO:root:CM_480_7_5_7 - Betweenness: 0.0189 seconds
INFO:root:CM_480_7_5_8 - RAND2: 0.0133 seconds
INFO:root:CM_480_7_5_8 - DIAM: 1.0858 seconds
INFO:root:CM_480_7_5_8 - Abra: 0.0159 seconds
INFO:root:CM_480_7_5_8 - Betweenness: 0.0178 seconds
INFO:root:CM_480_7_5_9 - RAND2: 0.0133 seconds
INFO:root:CM_480_7_5_9 - DIAM: 1.1132 seconds
INFO:root:CM_480_7_5_9 - Abra: 0.0240 seconds
INFO:root:CM_480_7_5_9 - Betweenness: 0.0200 seconds
INFO:root:CM_480_8_4_1 - RAND2: 0.0115 seconds
INFO:root:CM_480_8_4_1 - DIAM: 0.9705 seconds
INFO:root:CM_480_8_4_1 - Abra: 0.0156 seconds
INFO:root:CM_480_8_4_1 - Betweenness: 0.0199 seconds
INFO:root:CM_480_8_4_10 - RAND2: 0.0113 seconds
INFO:root:CM_480_8_4_10 - DIAM: 0.9227 seconds
INFO:root:CM_480_8_4_10 - Abra: 0.0161 seconds
INFO:root:CM_480_8_4_10 - Betweenness: 0.0159 seconds
INFO:root:CM_480_8_4_2 - RAND2: 0.0116 seconds
INFO:root:CM_480_8_4_2 - DIAM: 0.9482 seconds
INFO:root:CM_480_8_4_2 - Abra: 0.0157 seconds
INFO:root:CM_480_8_4_2 - Betweenness: 0.0159 seconds
INFO:root:CM_480_8_4_3 - RAND2: 0.0114 seconds
INFO:root:CM_480_8_4_3 - DIAM: 0.9754 seconds
INFO:root:CM_480_8_4_3 - Abra: 0.0170 seconds
INFO:root:CM_480_8_4_3 - Betweenness: 0.0168 seconds
INFO:root:CM_480_8_4_4 - RAND2: 0.0114 seconds
INFO:root:CM_480_8_4_4 - DIAM: 0.9458 seconds
INFO:root:CM_480_8_4_4 - Abra: 0.0427 seconds
INFO:root:CM_480_8_4_4 - Betweenness: 0.0158 seconds
INFO:root:CM_480_8_4_5 - RAND2: 0.0113 seconds
INFO:root:CM_480_8_4_5 - DIAM: 0.9509 seconds
INFO:root:CM_480_8_4_5 - Abra: 0.0162 seconds
INFO:root:CM_480_8_4_5 - Betweenness: 0.0159 seconds
INFO:root:CM_480_8_4_6 - RAND2: 0.0113 seconds
INFO:root:CM_480_8_4_6 - DIAM: 0.9335 seconds
INFO:root:CM_480_8_4_6 - Abra: 0.0350 seconds
INFO:root:CM_480_8_4_6 - Betweenness: 0.0189 seconds
INFO:root:CM_480_8_4_7 - RAND2: 0.0112 seconds
INFO:root:CM_480_8_4_7 - DIAM: 0.9620 seconds
INFO:root:CM_480_8_4_7 - Abra: 0.0168 seconds
INFO:root:CM_480_8_4_7 - Betweenness: 0.0158 seconds
INFO:root:CM_480_8_4_8 - RAND2: 0.0114 seconds
INFO:root:CM_480_8_4_8 - DIAM: 0.9712 seconds
INFO:root:CM_480_8_4_8 - Abra: 0.0155 seconds
INFO:root:CM_480_8_4_8 - Betweenness: 0.0164 seconds
INFO:root:CM_480_8_4_9 - RAND2: 0.0113 seconds
INFO:root:CM_480_8_4_9 - DIAM: 0.9261 seconds
INFO:root:CM_480_8_4_9 - Abra: 0.0430 seconds
INFO:root:CM_480_8_4_9 - Betweenness: 0.0190 seconds
INFO:root:CM_520_6_5_1 - RAND2: 0.0153 seconds
INFO:root:CM_520_6_5_1 - DIAM: 1.1811 seconds
INFO:root:CM_520_6_5_1 - Abra: 0.0507 seconds
INFO:root:CM_520_6_5_1 - Betweenness: 0.0212 seconds
INFO:root:CM_520_6_5_10 - RAND2: 0.0154 seconds
INFO:root:CM_520_6_5_10 - DIAM: 1.1643 seconds
INFO:root:CM_520_6_5_10 - Abra: 0.0484 seconds
INFO:root:CM_520_6_5_10 - Betweenness: 0.0211 seconds
INFO:root:CM_520_6_5_3 - RAND2: 0.0157 seconds
INFO:root:CM_520_6_5_3 - DIAM: 1.1880 seconds
INFO:root:CM_520_6_5_3 - Abra: 0.0499 seconds
INFO:root:CM_520_6_5_3 - Betweenness: 0.0205 seconds
INFO:root:CM_520_6_5_8 - RAND2: 0.0153 seconds
INFO:root:CM_520_6_5_8 - DIAM: 1.1550 seconds
INFO:root:CM_520_6_5_8 - Abra: 0.0493 seconds
INFO:root:CM_520_6_5_8 - Betweenness: 0.0206 seconds
INFO:root:CM_520_7_5_2 - RAND2: 0.0156 seconds
INFO:root:CM_520_7_5_2 - DIAM: 1.1531 seconds
INFO:root:CM_520_7_5_2 - Abra: 0.0174 seconds
INFO:root:CM_520_7_5_2 - Betweenness: 0.0214 seconds
INFO:root:CM_520_7_5_4 - RAND2: 0.0155 seconds
INFO:root:CM_520_7_5_4 - DIAM: 1.1867 seconds
INFO:root:CM_520_7_5_4 - Abra: 0.0177 seconds
INFO:root:CM_520_7_5_4 - Betweenness: 0.0209 seconds
INFO:root:CM_520_7_5_5 - RAND2: 0.0155 seconds
INFO:root:CM_520_7_5_5 - DIAM: 1.1657 seconds
INFO:root:CM_520_7_5_5 - Abra: 0.0195 seconds
INFO:root:CM_520_7_5_5 - Betweenness: 0.0201 seconds
INFO:root:CM_520_7_5_6 - RAND2: 0.0154 seconds
INFO:root:CM_520_7_5_6 - DIAM: 1.1653 seconds
INFO:root:CM_520_7_5_6 - Abra: 0.0283 seconds
INFO:root:CM_520_7_5_6 - Betweenness: 0.0208 seconds
INFO:root:CM_520_7_5_7 - RAND2: 0.0155 seconds
INFO:root:CM_520_7_5_7 - DIAM: 1.1551 seconds
INFO:root:CM_520_7_5_7 - Abra: 0.0166 seconds
INFO:root:CM_520_7_5_7 - Betweenness: 0.0210 seconds
INFO:root:CM_520_7_5_9 - RAND2: 0.0154 seconds
INFO:root:CM_520_7_5_9 - DIAM: 1.1404 seconds
INFO:root:CM_520_7_5_9 - Abra: 0.0168 seconds
INFO:root:CM_520_7_5_9 - Betweenness: 0.0212 seconds
INFO:root:CM_520_8_4_1 - RAND2: 0.0133 seconds
INFO:root:CM_520_8_4_1 - DIAM: 1.0426 seconds
INFO:root:CM_520_8_4_1 - Abra: 0.0160 seconds
INFO:root:CM_520_8_4_1 - Betweenness: 0.0184 seconds
INFO:root:CM_520_8_4_10 - RAND2: 0.0132 seconds
INFO:root:CM_520_8_4_10 - DIAM: 1.0277 seconds
INFO:root:CM_520_8_4_10 - Abra: 0.0183 seconds
INFO:root:CM_520_8_4_10 - Betweenness: 0.0189 seconds
INFO:root:CM_520_8_4_2 - RAND2: 0.0133 seconds
INFO:root:CM_520_8_4_2 - DIAM: 0.9981 seconds
INFO:root:CM_520_8_4_2 - Abra: 0.0192 seconds
INFO:root:CM_520_8_4_2 - Betweenness: 0.0182 seconds
INFO:root:CM_520_8_4_3 - RAND2: 0.0135 seconds
INFO:root:CM_520_8_4_3 - DIAM: 1.0122 seconds
INFO:root:CM_520_8_4_3 - Abra: 0.0187 seconds
INFO:root:CM_520_8_4_3 - Betweenness: 0.0187 seconds
INFO:root:CM_520_8_4_4 - RAND2: 0.0133 seconds
INFO:root:CM_520_8_4_4 - DIAM: 1.0185 seconds
INFO:root:CM_520_8_4_4 - Abra: 0.0185 seconds
INFO:root:CM_520_8_4_4 - Betweenness: 0.0183 seconds
INFO:root:CM_520_8_4_5 - RAND2: 0.0135 seconds
INFO:root:CM_520_8_4_5 - DIAM: 0.9999 seconds
INFO:root:CM_520_8_4_5 - Abra: 0.0186 seconds
INFO:root:CM_520_8_4_5 - Betweenness: 0.0184 seconds
INFO:root:CM_520_8_4_6 - RAND2: 0.0133 seconds
INFO:root:CM_520_8_4_6 - DIAM: 1.0182 seconds
INFO:root:CM_520_8_4_6 - Abra: 0.0178 seconds
INFO:root:CM_520_8_4_6 - Betweenness: 0.0194 seconds
INFO:root:CM_520_8_4_7 - RAND2: 0.0132 seconds
INFO:root:CM_520_8_4_7 - DIAM: 0.9969 seconds
INFO:root:CM_520_8_4_7 - Abra: 0.0175 seconds
INFO:root:CM_520_8_4_7 - Betweenness: 0.0185 seconds
INFO:root:CM_520_8_4_8 - RAND2: 0.0133 seconds
INFO:root:CM_520_8_4_8 - DIAM: 0.9948 seconds
INFO:root:CM_520_8_4_8 - Abra: 0.0185 seconds
INFO:root:CM_520_8_4_8 - Betweenness: 0.0185 seconds
INFO:root:CM_520_8_4_9 - RAND2: 0.0131 seconds
INFO:root:CM_520_8_4_9 - DIAM: 1.0119 seconds
INFO:root:CM_520_8_4_9 - Abra: 0.0218 seconds
INFO:root:CM_520_8_4_9 - Betweenness: 0.0234 seconds
INFO:root:CM_560_6_5_6 - RAND2: 0.0183 seconds
INFO:root:CM_560_6_5_6 - DIAM: 1.3026 seconds
INFO:root:CM_560_6_5_6 - Abra: 0.0571 seconds
INFO:root:CM_560_6_5_6 - Betweenness: 0.0258 seconds
INFO:root:CM_560_6_5_9 - RAND2: 0.0181 seconds
INFO:root:CM_560_6_5_9 - DIAM: 1.2757 seconds
INFO:root:CM_560_6_5_9 - Abra: 0.0569 seconds
INFO:root:CM_560_6_5_9 - Betweenness: 0.0248 seconds
INFO:root:CM_560_7_5_1 - RAND2: 0.0181 seconds
INFO:root:CM_560_7_5_1 - DIAM: 1.3002 seconds
INFO:root:CM_560_7_5_1 - Abra: 0.0227 seconds
INFO:root:CM_560_7_5_1 - Betweenness: 0.0287 seconds
INFO:root:CM_560_7_5_10 - RAND2: 0.0188 seconds
INFO:root:CM_560_7_5_10 - DIAM: 1.2918 seconds
INFO:root:CM_560_7_5_10 - Abra: 0.0184 seconds
INFO:root:CM_560_7_5_10 - Betweenness: 0.0245 seconds
INFO:root:CM_560_7_5_2 - RAND2: 0.0183 seconds
INFO:root:CM_560_7_5_2 - DIAM: 1.2945 seconds
INFO:root:CM_560_7_5_2 - Abra: 0.0226 seconds
INFO:root:CM_560_7_5_2 - Betweenness: 0.0276 seconds
INFO:root:CM_560_7_5_3 - RAND2: 0.0186 seconds
INFO:root:CM_560_7_5_3 - DIAM: 1.2630 seconds
INFO:root:CM_560_7_5_3 - Abra: 0.0232 seconds
INFO:root:CM_560_7_5_3 - Betweenness: 0.0254 seconds
INFO:root:CM_560_7_5_4 - RAND2: 0.0184 seconds
INFO:root:CM_560_7_5_4 - DIAM: 1.3078 seconds
INFO:root:CM_560_7_5_4 - Abra: 0.0208 seconds
INFO:root:CM_560_7_5_4 - Betweenness: 0.0246 seconds
INFO:root:CM_560_7_5_5 - RAND2: 0.0185 seconds
INFO:root:CM_560_7_5_5 - DIAM: 1.2995 seconds
INFO:root:CM_560_7_5_5 - Abra: 0.0206 seconds
INFO:root:CM_560_7_5_5 - Betweenness: 0.0243 seconds
INFO:root:CM_560_7_5_7 - RAND2: 0.0182 seconds
INFO:root:CM_560_7_5_7 - DIAM: 1.2505 seconds
INFO:root:CM_560_7_5_7 - Abra: 0.0190 seconds
INFO:root:CM_560_7_5_7 - Betweenness: 0.0245 seconds
INFO:root:CM_560_7_5_8 - RAND2: 0.0184 seconds
INFO:root:CM_560_7_5_8 - DIAM: 1.2906 seconds
INFO:root:CM_560_7_5_8 - Abra: 0.0274 seconds
INFO:root:CM_560_7_5_8 - Betweenness: 0.0244 seconds
INFO:root:CM_560_8_4_1 - RAND2: 0.0153 seconds
INFO:root:CM_560_8_4_1 - DIAM: 1.0576 seconds
INFO:root:CM_560_8_4_1 - Abra: 0.0211 seconds
INFO:root:CM_560_8_4_1 - Betweenness: 0.0229 seconds
INFO:root:CM_560_8_4_10 - RAND2: 0.0172 seconds
INFO:root:CM_560_8_4_10 - DIAM: 1.0552 seconds
INFO:root:CM_560_8_4_10 - Abra: 0.0242 seconds
INFO:root:CM_560_8_4_10 - Betweenness: 0.0208 seconds
INFO:root:CM_560_8_4_2 - RAND2: 0.0154 seconds
INFO:root:CM_560_8_4_2 - DIAM: 1.0472 seconds
INFO:root:CM_560_8_4_2 - Abra: 0.0201 seconds
INFO:root:CM_560_8_4_2 - Betweenness: 0.0223 seconds
INFO:root:CM_560_8_4_3 - RAND2: 0.0150 seconds
INFO:root:CM_560_8_4_3 - DIAM: 1.0842 seconds
INFO:root:CM_560_8_4_3 - Abra: 0.0238 seconds
INFO:root:CM_560_8_4_3 - Betweenness: 0.0215 seconds
INFO:root:CM_560_8_4_4 - RAND2: 0.0153 seconds
INFO:root:CM_560_8_4_4 - DIAM: 1.0821 seconds
INFO:root:CM_560_8_4_4 - Abra: 0.0226 seconds
INFO:root:CM_560_8_4_4 - Betweenness: 0.0225 seconds
INFO:root:CM_560_8_4_5 - RAND2: 0.0153 seconds
INFO:root:CM_560_8_4_5 - DIAM: 1.0480 seconds
INFO:root:CM_560_8_4_5 - Abra: 0.0223 seconds
INFO:root:CM_560_8_4_5 - Betweenness: 0.0212 seconds
INFO:root:CM_560_8_4_7 - RAND2: 0.0151 seconds
INFO:root:CM_560_8_4_7 - DIAM: 1.0591 seconds
INFO:root:CM_560_8_4_7 - Abra: 0.0213 seconds
INFO:root:CM_560_8_4_7 - Betweenness: 0.0208 seconds
INFO:root:CM_560_8_4_8 - RAND2: 0.0151 seconds
INFO:root:CM_560_8_4_8 - DIAM: 1.0719 seconds
INFO:root:CM_560_8_4_8 - Abra: 0.0384 seconds
INFO:root:CM_560_8_4_8 - Betweenness: 0.0239 seconds
INFO:root:CM_560_8_4_9 - RAND2: 0.0175 seconds
INFO:root:CM_560_8_4_9 - DIAM: 1.0625 seconds
INFO:root:CM_560_8_4_9 - Abra: 0.0282 seconds
INFO:root:CM_560_8_4_9 - Betweenness: 0.0216 seconds
INFO:root:CM_560_9_4_6 - RAND2: 0.0150 seconds
INFO:root:CM_560_9_4_6 - DIAM: 1.0481 seconds
INFO:root:CM_560_9_4_6 - Abra: 0.0112 seconds
INFO:root:CM_560_9_4_6 - Betweenness: 0.0209 seconds
INFO:root:CM_600_7_5_1 - RAND2: 0.0212 seconds
INFO:root:CM_600_7_5_1 - DIAM: 1.4002 seconds
INFO:root:CM_600_7_5_1 - Abra: 0.0571 seconds
INFO:root:CM_600_7_5_1 - Betweenness: 0.0275 seconds
INFO:root:CM_600_7_5_10 - RAND2: 0.0215 seconds
INFO:root:CM_600_7_5_10 - DIAM: 1.3558 seconds
INFO:root:CM_600_7_5_10 - Abra: 0.0209 seconds
INFO:root:CM_600_7_5_10 - Betweenness: 0.0302 seconds
INFO:root:CM_600_7_5_2 - RAND2: 0.0210 seconds
INFO:root:CM_600_7_5_2 - DIAM: 1.4338 seconds
INFO:root:CM_600_7_5_2 - Abra: 0.0214 seconds
INFO:root:CM_600_7_5_2 - Betweenness: 0.0276 seconds
INFO:root:CM_600_7_5_3 - RAND2: 0.0210 seconds
INFO:root:CM_600_7_5_3 - DIAM: 1.3602 seconds
INFO:root:CM_600_7_5_3 - Abra: 0.0257 seconds
INFO:root:CM_600_7_5_3 - Betweenness: 0.0288 seconds
INFO:root:CM_600_7_5_4 - RAND2: 0.0210 seconds
INFO:root:CM_600_7_5_4 - DIAM: 1.3602 seconds
INFO:root:CM_600_7_5_4 - Abra: 0.0209 seconds
INFO:root:CM_600_7_5_4 - Betweenness: 0.0279 seconds
INFO:root:CM_600_7_5_5 - RAND2: 0.0210 seconds
INFO:root:CM_600_7_5_5 - DIAM: 1.3787 seconds
INFO:root:CM_600_7_5_5 - Abra: 0.0231 seconds
INFO:root:CM_600_7_5_5 - Betweenness: 0.0324 seconds
INFO:root:CM_600_7_5_6 - RAND2: 0.0212 seconds
INFO:root:CM_600_7_5_6 - DIAM: 1.3655 seconds
INFO:root:CM_600_7_5_6 - Abra: 0.0210 seconds
INFO:root:CM_600_7_5_6 - Betweenness: 0.0282 seconds
INFO:root:CM_600_7_5_7 - RAND2: 0.0245 seconds
INFO:root:CM_600_7_5_7 - DIAM: 1.3684 seconds
INFO:root:CM_600_7_5_7 - Abra: 0.0219 seconds
INFO:root:CM_600_7_5_7 - Betweenness: 0.0292 seconds
INFO:root:CM_600_7_5_8 - RAND2: 0.0211 seconds
INFO:root:CM_600_7_5_8 - DIAM: 1.3825 seconds
INFO:root:CM_600_7_5_8 - Abra: 0.0219 seconds
INFO:root:CM_600_7_5_8 - Betweenness: 0.0274 seconds
INFO:root:CM_600_7_5_9 - RAND2: 0.0212 seconds
INFO:root:CM_600_7_5_9 - DIAM: 1.4003 seconds
INFO:root:CM_600_7_5_9 - Abra: 0.0215 seconds
INFO:root:CM_600_7_5_9 - Betweenness: 0.0311 seconds
INFO:root:CM_600_8_4_1 - RAND2: 0.0176 seconds
INFO:root:CM_600_8_4_1 - DIAM: 1.1063 seconds
INFO:root:CM_600_8_4_1 - Abra: 0.0258 seconds
INFO:root:CM_600_8_4_1 - Betweenness: 0.0234 seconds
INFO:root:CM_600_8_4_2 - RAND2: 0.0174 seconds
INFO:root:CM_600_8_4_2 - DIAM: 1.1333 seconds
INFO:root:CM_600_8_4_2 - Abra: 0.0272 seconds
INFO:root:CM_600_8_4_2 - Betweenness: 0.0257 seconds
INFO:root:CM_600_8_4_3 - RAND2: 0.0161 seconds
INFO:root:CM_600_8_4_3 - DIAM: 1.1306 seconds
INFO:root:CM_600_8_4_3 - Abra: 0.0230 seconds
INFO:root:CM_600_8_4_3 - Betweenness: 0.0241 seconds
INFO:root:CM_600_8_4_4 - RAND2: 0.0165 seconds
INFO:root:CM_600_8_4_4 - DIAM: 1.1105 seconds
INFO:root:CM_600_8_4_4 - Abra: 0.0237 seconds
INFO:root:CM_600_8_4_4 - Betweenness: 0.0235 seconds
INFO:root:CM_600_8_4_5 - RAND2: 0.0164 seconds
INFO:root:CM_600_8_4_5 - DIAM: 1.1192 seconds
INFO:root:CM_600_8_4_5 - Abra: 0.0247 seconds
INFO:root:CM_600_8_4_5 - Betweenness: 0.0240 seconds
INFO:root:CM_600_8_4_6 - RAND2: 0.0165 seconds
INFO:root:CM_600_8_4_6 - DIAM: 1.1469 seconds
INFO:root:CM_600_8_4_6 - Abra: 0.0242 seconds
INFO:root:CM_600_8_4_6 - Betweenness: 0.0236 seconds
INFO:root:CM_600_8_4_7 - RAND2: 0.0166 seconds
INFO:root:CM_600_8_4_7 - DIAM: 1.1042 seconds
INFO:root:CM_600_8_4_7 - Abra: 0.0242 seconds
INFO:root:CM_600_8_4_7 - Betweenness: 0.0238 seconds
INFO:root:CM_600_8_4_8 - RAND2: 0.0165 seconds
INFO:root:CM_600_8_4_8 - DIAM: 1.1139 seconds
INFO:root:CM_600_8_4_8 - Abra: 0.0278 seconds
INFO:root:CM_600_8_4_8 - Betweenness: 0.0237 seconds
INFO:root:CM_600_8_4_9 - RAND2: 0.0166 seconds
INFO:root:CM_600_8_4_9 - DIAM: 1.0906 seconds
INFO:root:CM_600_8_4_9 - Abra: 0.0252 seconds
INFO:root:CM_600_8_4_9 - Betweenness: 0.0254 seconds
INFO:root:CM_600_9_4_10 - RAND2: 0.0168 seconds
INFO:root:CM_600_9_4_10 - DIAM: 1.1548 seconds
INFO:root:CM_600_9_4_10 - Abra: 0.0284 seconds
INFO:root:CM_600_9_4_10 - Betweenness: 0.0312 seconds
INFO:root:CM_640_7_5_1 - RAND2: 0.0236 seconds
INFO:root:CM_640_7_5_1 - DIAM: 1.5499 seconds
INFO:root:CM_640_7_5_1 - Abra: 0.0239 seconds
INFO:root:CM_640_7_5_1 - Betweenness: 0.0339 seconds
INFO:root:CM_640_7_5_10 - RAND2: 0.0239 seconds
INFO:root:CM_640_7_5_10 - DIAM: 1.4448 seconds
INFO:root:CM_640_7_5_10 - Abra: 0.0249 seconds
INFO:root:CM_640_7_5_10 - Betweenness: 0.0323 seconds
INFO:root:CM_640_7_5_2 - RAND2: 0.0239 seconds
INFO:root:CM_640_7_5_2 - DIAM: 1.4327 seconds
INFO:root:CM_640_7_5_2 - Abra: 0.0229 seconds
INFO:root:CM_640_7_5_2 - Betweenness: 0.0317 seconds
INFO:root:CM_640_7_5_3 - RAND2: 0.0238 seconds
INFO:root:CM_640_7_5_3 - DIAM: 1.4707 seconds
INFO:root:CM_640_7_5_3 - Abra: 0.0355 seconds
INFO:root:CM_640_7_5_3 - Betweenness: 0.0314 seconds
INFO:root:CM_640_7_5_4 - RAND2: 0.0251 seconds
INFO:root:CM_640_7_5_4 - DIAM: 1.4291 seconds
INFO:root:CM_640_7_5_4 - Abra: 0.0234 seconds
INFO:root:CM_640_7_5_4 - Betweenness: 0.0316 seconds
INFO:root:CM_640_7_5_5 - RAND2: 0.0239 seconds
INFO:root:CM_640_7_5_5 - DIAM: 1.4398 seconds
INFO:root:CM_640_7_5_5 - Abra: 0.0239 seconds
INFO:root:CM_640_7_5_5 - Betweenness: 0.0351 seconds
INFO:root:CM_640_7_5_6 - RAND2: 0.0250 seconds
INFO:root:CM_640_7_5_6 - DIAM: 1.4563 seconds
INFO:root:CM_640_7_5_6 - Abra: 0.0227 seconds
INFO:root:CM_640_7_5_6 - Betweenness: 0.0328 seconds
INFO:root:CM_640_7_5_7 - RAND2: 0.0239 seconds
INFO:root:CM_640_7_5_7 - DIAM: 1.4397 seconds
INFO:root:CM_640_7_5_7 - Abra: 0.0234 seconds
INFO:root:CM_640_7_5_7 - Betweenness: 0.0314 seconds
INFO:root:CM_640_7_5_8 - RAND2: 0.0238 seconds
INFO:root:CM_640_7_5_8 - DIAM: 1.4648 seconds
INFO:root:CM_640_7_5_8 - Abra: 0.0234 seconds
INFO:root:CM_640_7_5_8 - Betweenness: 0.0323 seconds
INFO:root:CM_640_7_5_9 - RAND2: 0.0266 seconds
INFO:root:CM_640_7_5_9 - DIAM: 1.4667 seconds
INFO:root:CM_640_7_5_9 - Abra: 0.0326 seconds
INFO:root:CM_640_7_5_9 - Betweenness: 0.0321 seconds
INFO:root:CM_640_8_4_1 - RAND2: 0.0195 seconds
INFO:root:CM_640_8_4_1 - DIAM: 1.2194 seconds
INFO:root:CM_640_8_4_1 - Abra: 0.0298 seconds
INFO:root:CM_640_8_4_1 - Betweenness: 0.0349 seconds
INFO:root:CM_640_8_4_2 - RAND2: 0.0194 seconds
INFO:root:CM_640_8_4_2 - DIAM: 1.1790 seconds
INFO:root:CM_640_8_4_2 - Abra: 0.0282 seconds
INFO:root:CM_640_8_4_2 - Betweenness: 0.0288 seconds
INFO:root:CM_640_8_4_3 - RAND2: 0.0199 seconds
INFO:root:CM_640_8_4_3 - DIAM: 1.1743 seconds
INFO:root:CM_640_8_4_3 - Abra: 0.0327 seconds
INFO:root:CM_640_8_4_3 - Betweenness: 0.0269 seconds
INFO:root:CM_640_8_4_4 - RAND2: 0.0197 seconds
INFO:root:CM_640_8_4_4 - DIAM: 1.2121 seconds
INFO:root:CM_640_8_4_4 - Abra: 0.0338 seconds
INFO:root:CM_640_8_4_4 - Betweenness: 0.0274 seconds
INFO:root:CM_640_8_4_5 - RAND2: 0.0195 seconds
INFO:root:CM_640_8_4_5 - DIAM: 1.1785 seconds
INFO:root:CM_640_8_4_5 - Abra: 0.0340 seconds
INFO:root:CM_640_8_4_5 - Betweenness: 0.0307 seconds
INFO:root:CM_640_8_4_6 - RAND2: 0.0195 seconds
INFO:root:CM_640_8_4_6 - DIAM: 1.1925 seconds
INFO:root:CM_640_8_4_6 - Abra: 0.0311 seconds
INFO:root:CM_640_8_4_6 - Betweenness: 0.0282 seconds
INFO:root:CM_640_8_4_7 - RAND2: 0.0201 seconds
INFO:root:CM_640_8_4_7 - DIAM: 1.1829 seconds
INFO:root:CM_640_8_4_7 - Abra: 0.0290 seconds
INFO:root:CM_640_8_4_7 - Betweenness: 0.0279 seconds
INFO:root:CM_640_8_4_8 - RAND2: 0.0195 seconds
INFO:root:CM_640_8_4_8 - DIAM: 1.2084 seconds
INFO:root:CM_640_8_4_8 - Abra: 0.0310 seconds
INFO:root:CM_640_8_4_8 - Betweenness: 0.0275 seconds
INFO:root:CM_640_8_4_9 - RAND2: 0.0194 seconds
INFO:root:CM_640_8_4_9 - DIAM: 1.1589 seconds
INFO:root:CM_640_8_4_9 - Abra: 0.0331 seconds
INFO:root:CM_640_8_4_9 - Betweenness: 0.0272 seconds
INFO:root:CM_640_9_4_10 - RAND2: 0.0198 seconds
INFO:root:CM_640_9_4_10 - DIAM: 1.1901 seconds
INFO:root:CM_640_9_4_10 - Abra: 0.0450 seconds
INFO:root:CM_640_9_4_10 - Betweenness: 0.0307 seconds
INFO:root:CM_680_7_5_1 - RAND2: 0.0271 seconds
INFO:root:CM_680_7_5_1 - DIAM: 1.5504 seconds
INFO:root:CM_680_7_5_1 - Abra: 0.0274 seconds
INFO:root:CM_680_7_5_1 - Betweenness: 0.0395 seconds
INFO:root:CM_680_7_5_10 - RAND2: 0.0268 seconds
INFO:root:CM_680_7_5_10 - DIAM: 1.5166 seconds
INFO:root:CM_680_7_5_10 - Abra: 0.0279 seconds
INFO:root:CM_680_7_5_10 - Betweenness: 0.0366 seconds
INFO:root:CM_680_7_5_2 - RAND2: 0.0268 seconds
INFO:root:CM_680_7_5_2 - DIAM: 1.5332 seconds
INFO:root:CM_680_7_5_2 - Abra: 0.0268 seconds
INFO:root:CM_680_7_5_2 - Betweenness: 0.0360 seconds
INFO:root:CM_680_7_5_3 - RAND2: 0.0267 seconds
INFO:root:CM_680_7_5_3 - DIAM: 1.5516 seconds
INFO:root:CM_680_7_5_3 - Abra: 0.0259 seconds
INFO:root:CM_680_7_5_3 - Betweenness: 0.0367 seconds
INFO:root:CM_680_7_5_4 - RAND2: 0.0273 seconds
INFO:root:CM_680_7_5_4 - DIAM: 1.5614 seconds
INFO:root:CM_680_7_5_4 - Abra: 0.0273 seconds
INFO:root:CM_680_7_5_4 - Betweenness: 0.0353 seconds
INFO:root:CM_680_7_5_5 - RAND2: 0.0269 seconds
INFO:root:CM_680_7_5_5 - DIAM: 1.5320 seconds
INFO:root:CM_680_7_5_5 - Abra: 0.0268 seconds
INFO:root:CM_680_7_5_5 - Betweenness: 0.0361 seconds
INFO:root:CM_680_7_5_6 - RAND2: 0.0267 seconds
INFO:root:CM_680_7_5_6 - DIAM: 1.5684 seconds
INFO:root:CM_680_7_5_6 - Abra: 0.0270 seconds
INFO:root:CM_680_7_5_6 - Betweenness: 0.0363 seconds
INFO:root:CM_680_7_5_7 - RAND2: 0.0292 seconds
INFO:root:CM_680_7_5_7 - DIAM: 1.5351 seconds
INFO:root:CM_680_7_5_7 - Abra: 0.0289 seconds
INFO:root:CM_680_7_5_7 - Betweenness: 0.0377 seconds
INFO:root:CM_680_7_5_8 - RAND2: 0.0267 seconds
INFO:root:CM_680_7_5_8 - DIAM: 1.5346 seconds
INFO:root:CM_680_7_5_8 - Abra: 0.0261 seconds
INFO:root:CM_680_7_5_8 - Betweenness: 0.0373 seconds
INFO:root:CM_680_7_5_9 - RAND2: 0.0268 seconds
INFO:root:CM_680_7_5_9 - DIAM: 1.5348 seconds
INFO:root:CM_680_7_5_9 - Abra: 0.0253 seconds
INFO:root:CM_680_7_5_9 - Betweenness: 0.0378 seconds
INFO:root:CM_680_8_4_1 - RAND2: 0.0228 seconds
INFO:root:CM_680_8_4_1 - DIAM: 1.2870 seconds
INFO:root:CM_680_8_4_1 - Abra: 0.0482 seconds
INFO:root:CM_680_8_4_1 - Betweenness: 0.0373 seconds
INFO:root:CM_680_8_4_10 - RAND2: 0.0227 seconds
INFO:root:CM_680_8_4_10 - DIAM: 1.2733 seconds
INFO:root:CM_680_8_4_10 - Abra: 0.0415 seconds
INFO:root:CM_680_8_4_10 - Betweenness: 0.0312 seconds
INFO:root:CM_680_8_4_2 - RAND2: 0.0224 seconds
INFO:root:CM_680_8_4_2 - DIAM: 1.2838 seconds
INFO:root:CM_680_8_4_2 - Abra: 0.0443 seconds
INFO:root:CM_680_8_4_2 - Betweenness: 0.0306 seconds
INFO:root:CM_680_8_4_4 - RAND2: 0.0222 seconds
INFO:root:CM_680_8_4_4 - DIAM: 1.2858 seconds
INFO:root:CM_680_8_4_4 - Abra: 0.0401 seconds
INFO:root:CM_680_8_4_4 - Betweenness: 0.0313 seconds
INFO:root:CM_680_8_4_5 - RAND2: 0.0222 seconds
INFO:root:CM_680_8_4_5 - DIAM: 1.2540 seconds
INFO:root:CM_680_8_4_5 - Abra: 0.0407 seconds
INFO:root:CM_680_8_4_5 - Betweenness: 0.0314 seconds
INFO:root:CM_680_8_4_6 - RAND2: 0.0227 seconds
INFO:root:CM_680_8_4_6 - DIAM: 1.2834 seconds
INFO:root:CM_680_8_4_6 - Abra: 0.0406 seconds
INFO:root:CM_680_8_4_6 - Betweenness: 0.0318 seconds
INFO:root:CM_680_8_4_7 - RAND2: 0.0224 seconds
INFO:root:CM_680_8_4_7 - DIAM: 1.3056 seconds
INFO:root:CM_680_8_4_7 - Abra: 0.0390 seconds
INFO:root:CM_680_8_4_7 - Betweenness: 0.0331 seconds
INFO:root:CM_680_8_4_8 - RAND2: 0.0227 seconds
INFO:root:CM_680_8_4_8 - DIAM: 1.2914 seconds
INFO:root:CM_680_8_4_8 - Abra: 0.0457 seconds
INFO:root:CM_680_8_4_8 - Betweenness: 0.0373 seconds
INFO:root:CM_680_8_4_9 - RAND2: 0.0226 seconds
INFO:root:CM_680_8_4_9 - DIAM: 1.2714 seconds
INFO:root:CM_680_8_4_9 - Abra: 0.0369 seconds
INFO:root:CM_680_8_4_9 - Betweenness: 0.0312 seconds
INFO:root:CM_680_9_4_3 - RAND2: 0.0230 seconds
INFO:root:CM_680_9_4_3 - DIAM: 1.2844 seconds
INFO:root:CM_680_9_4_3 - Abra: 0.0187 seconds
INFO:root:CM_680_9_4_3 - Betweenness: 0.0313 seconds
INFO:root:CM_720_7_5_1 - RAND2: 0.0297 seconds
INFO:root:CM_720_7_5_1 - DIAM: 1.5971 seconds
INFO:root:CM_720_7_5_1 - Abra: 0.0289 seconds
INFO:root:CM_720_7_5_1 - Betweenness: 0.0398 seconds
INFO:root:CM_720_7_5_10 - RAND2: 0.0298 seconds
INFO:root:CM_720_7_5_10 - DIAM: 1.6421 seconds
INFO:root:CM_720_7_5_10 - Abra: 0.0408 seconds
INFO:root:CM_720_7_5_10 - Betweenness: 0.0405 seconds
INFO:root:CM_720_7_5_2 - RAND2: 0.0301 seconds
INFO:root:CM_720_7_5_2 - DIAM: 1.5904 seconds
INFO:root:CM_720_7_5_2 - Abra: 0.0263 seconds
INFO:root:CM_720_7_5_2 - Betweenness: 0.0405 seconds
INFO:root:CM_720_7_5_3 - RAND2: 0.0297 seconds
INFO:root:CM_720_7_5_3 - DIAM: 1.6148 seconds
INFO:root:CM_720_7_5_3 - Abra: 0.0302 seconds
INFO:root:CM_720_7_5_3 - Betweenness: 0.0394 seconds
INFO:root:CM_720_7_5_4 - RAND2: 0.0298 seconds
INFO:root:CM_720_7_5_4 - DIAM: 1.5908 seconds
INFO:root:CM_720_7_5_4 - Abra: 0.0286 seconds
INFO:root:CM_720_7_5_4 - Betweenness: 0.0413 seconds
INFO:root:CM_720_7_5_5 - RAND2: 0.0299 seconds
INFO:root:CM_720_7_5_5 - DIAM: 1.5976 seconds
INFO:root:CM_720_7_5_5 - Abra: 0.0297 seconds
INFO:root:CM_720_7_5_5 - Betweenness: 0.0390 seconds
INFO:root:CM_720_7_5_6 - RAND2: 0.0297 seconds
INFO:root:CM_720_7_5_6 - DIAM: 1.6048 seconds
INFO:root:CM_720_7_5_6 - Abra: 0.0286 seconds
INFO:root:CM_720_7_5_6 - Betweenness: 0.0390 seconds
INFO:root:CM_720_7_5_7 - RAND2: 0.0300 seconds
INFO:root:CM_720_7_5_7 - DIAM: 1.6244 seconds
INFO:root:CM_720_7_5_7 - Abra: 0.0295 seconds
INFO:root:CM_720_7_5_7 - Betweenness: 0.0397 seconds
INFO:root:CM_720_7_5_8 - RAND2: 0.0298 seconds
INFO:root:CM_720_7_5_8 - DIAM: 1.5872 seconds
INFO:root:CM_720_7_5_8 - Abra: 0.0293 seconds
INFO:root:CM_720_7_5_8 - Betweenness: 0.0396 seconds
INFO:root:CM_720_7_5_9 - RAND2: 0.0296 seconds
INFO:root:CM_720_7_5_9 - DIAM: 1.6305 seconds
INFO:root:CM_720_7_5_9 - Abra: 0.0284 seconds
INFO:root:CM_720_7_5_9 - Betweenness: 0.0391 seconds
INFO:root:CM_720_8_4_1 - RAND2: 0.0266 seconds
INFO:root:CM_720_8_4_1 - DIAM: 1.3744 seconds
INFO:root:CM_720_8_4_1 - Abra: 0.0498 seconds
INFO:root:CM_720_8_4_1 - Betweenness: 0.0382 seconds
INFO:root:CM_720_8_4_10 - RAND2: 0.0250 seconds
INFO:root:CM_720_8_4_10 - DIAM: 1.3869 seconds
INFO:root:CM_720_8_4_10 - Abra: 0.0510 seconds
INFO:root:CM_720_8_4_10 - Betweenness: 0.0350 seconds
INFO:root:CM_720_8_4_2 - RAND2: 0.0258 seconds
INFO:root:CM_720_8_4_2 - DIAM: 1.3872 seconds
INFO:root:CM_720_8_4_2 - Abra: 0.0520 seconds
INFO:root:CM_720_8_4_2 - Betweenness: 0.0353 seconds
INFO:root:CM_720_8_4_3 - RAND2: 0.0259 seconds
INFO:root:CM_720_8_4_3 - DIAM: 1.3851 seconds
INFO:root:CM_720_8_4_3 - Abra: 0.0485 seconds
INFO:root:CM_720_8_4_3 - Betweenness: 0.0346 seconds
INFO:root:CM_720_8_4_4 - RAND2: 0.0235 seconds
INFO:root:CM_720_8_4_4 - DIAM: 1.3472 seconds
INFO:root:CM_720_8_4_4 - Abra: 0.0444 seconds
INFO:root:CM_720_8_4_4 - Betweenness: 0.0347 seconds
INFO:root:CM_720_8_4_6 - RAND2: 0.0240 seconds
INFO:root:CM_720_8_4_6 - DIAM: 1.3537 seconds
INFO:root:CM_720_8_4_6 - Abra: 0.0460 seconds
INFO:root:CM_720_8_4_6 - Betweenness: 0.0397 seconds
INFO:root:CM_720_8_4_7 - RAND2: 0.0243 seconds
INFO:root:CM_720_8_4_7 - DIAM: 1.3412 seconds
INFO:root:CM_720_8_4_7 - Abra: 0.0412 seconds
INFO:root:CM_720_8_4_7 - Betweenness: 0.0361 seconds
INFO:root:CM_720_8_4_8 - RAND2: 0.0243 seconds
INFO:root:CM_720_8_4_8 - DIAM: 1.3444 seconds
INFO:root:CM_720_8_4_8 - Abra: 0.0454 seconds
INFO:root:CM_720_8_4_8 - Betweenness: 0.0378 seconds
INFO:root:CM_720_8_4_9 - RAND2: 0.0255 seconds
INFO:root:CM_720_8_4_9 - DIAM: 1.3605 seconds
INFO:root:CM_720_8_4_9 - Abra: 0.0499 seconds
INFO:root:CM_720_8_4_9 - Betweenness: 0.0349 seconds
INFO:root:CM_720_9_4_5 - RAND2: 0.0237 seconds
INFO:root:CM_720_9_4_5 - DIAM: 1.3678 seconds
INFO:root:CM_720_9_4_5 - Abra: 0.0215 seconds
INFO:root:CM_720_9_4_5 - Betweenness: 0.0397 seconds
INFO:root:CM_760_7_5_1 - RAND2: 0.0335 seconds
INFO:root:CM_760_7_5_1 - DIAM: 1.6817 seconds
INFO:root:CM_760_7_5_1 - Abra: 0.0336 seconds
INFO:root:CM_760_7_5_1 - Betweenness: 0.0453 seconds
INFO:root:CM_760_7_5_10 - RAND2: 0.0331 seconds
INFO:root:CM_760_7_5_10 - DIAM: 1.6764 seconds
INFO:root:CM_760_7_5_10 - Abra: 0.0331 seconds
INFO:root:CM_760_7_5_10 - Betweenness: 0.0507 seconds
INFO:root:CM_760_7_5_2 - RAND2: 0.0357 seconds
INFO:root:CM_760_7_5_2 - DIAM: 1.6570 seconds
INFO:root:CM_760_7_5_2 - Abra: 0.0333 seconds
INFO:root:CM_760_7_5_2 - Betweenness: 0.0441 seconds
INFO:root:CM_760_7_5_3 - RAND2: 0.0329 seconds
INFO:root:CM_760_7_5_3 - DIAM: 1.7199 seconds
INFO:root:CM_760_7_5_3 - Abra: 0.0343 seconds
INFO:root:CM_760_7_5_3 - Betweenness: 0.0436 seconds
INFO:root:CM_760_7_5_4 - RAND2: 0.0333 seconds
INFO:root:CM_760_7_5_4 - DIAM: 1.6974 seconds
INFO:root:CM_760_7_5_4 - Abra: 0.0333 seconds
INFO:root:CM_760_7_5_4 - Betweenness: 0.0493 seconds
INFO:root:CM_760_7_5_5 - RAND2: 0.0333 seconds
INFO:root:CM_760_7_5_5 - DIAM: 1.6779 seconds
INFO:root:CM_760_7_5_5 - Abra: 0.0333 seconds
INFO:root:CM_760_7_5_5 - Betweenness: 0.0434 seconds
INFO:root:CM_760_7_5_6 - RAND2: 0.0348 seconds
INFO:root:CM_760_7_5_6 - DIAM: 1.7019 seconds
INFO:root:CM_760_7_5_6 - Abra: 0.0326 seconds
INFO:root:CM_760_7_5_6 - Betweenness: 0.0448 seconds
INFO:root:CM_760_7_5_7 - RAND2: 0.0332 seconds
INFO:root:CM_760_7_5_7 - DIAM: 1.6837 seconds
INFO:root:CM_760_7_5_7 - Abra: 0.0344 seconds
INFO:root:CM_760_7_5_7 - Betweenness: 0.0429 seconds
INFO:root:CM_760_7_5_8 - RAND2: 0.0330 seconds
INFO:root:CM_760_7_5_8 - DIAM: 1.6472 seconds
INFO:root:CM_760_7_5_8 - Abra: 0.0346 seconds
INFO:root:CM_760_7_5_8 - Betweenness: 0.0471 seconds
INFO:root:CM_760_7_5_9 - RAND2: 0.0330 seconds
INFO:root:CM_760_7_5_9 - DIAM: 1.7096 seconds
INFO:root:CM_760_7_5_9 - Abra: 0.0324 seconds
INFO:root:CM_760_7_5_9 - Betweenness: 0.0435 seconds
INFO:root:CM_760_8_4_1 - RAND2: 0.0279 seconds
INFO:root:CM_760_8_4_1 - DIAM: 1.4157 seconds
INFO:root:CM_760_8_4_1 - Abra: 0.0582 seconds
INFO:root:CM_760_8_4_1 - Betweenness: 0.0378 seconds
INFO:root:CM_760_8_4_10 - RAND2: 0.0289 seconds
INFO:root:CM_760_8_4_10 - DIAM: 1.4409 seconds
INFO:root:CM_760_8_4_10 - Abra: 0.0644 seconds
INFO:root:CM_760_8_4_10 - Betweenness: 0.0386 seconds
INFO:root:CM_760_8_4_2 - RAND2: 0.0285 seconds
INFO:root:CM_760_8_4_2 - DIAM: 1.4238 seconds
INFO:root:CM_760_8_4_2 - Abra: 0.0632 seconds
INFO:root:CM_760_8_4_2 - Betweenness: 0.0385 seconds
INFO:root:CM_760_8_4_3 - RAND2: 0.0274 seconds
INFO:root:CM_760_8_4_3 - DIAM: 1.4145 seconds
INFO:root:CM_760_8_4_3 - Abra: 0.0638 seconds
INFO:root:CM_760_8_4_3 - Betweenness: 0.0390 seconds
INFO:root:CM_760_8_4_4 - RAND2: 0.0280 seconds
INFO:root:CM_760_8_4_4 - DIAM: 1.4045 seconds
INFO:root:CM_760_8_4_4 - Abra: 0.0587 seconds
INFO:root:CM_760_8_4_4 - Betweenness: 0.0401 seconds
INFO:root:CM_760_8_4_7 - RAND2: 0.0286 seconds
INFO:root:CM_760_8_4_7 - DIAM: 1.4453 seconds
INFO:root:CM_760_8_4_7 - Abra: 0.0618 seconds
INFO:root:CM_760_8_4_7 - Betweenness: 0.0389 seconds
INFO:root:CM_760_8_4_8 - RAND2: 0.0287 seconds
INFO:root:CM_760_8_4_8 - DIAM: 1.4178 seconds
INFO:root:CM_760_8_4_8 - Abra: 0.0701 seconds
INFO:root:CM_760_8_4_8 - Betweenness: 0.0388 seconds
INFO:root:CM_760_8_4_9 - RAND2: 0.0274 seconds
INFO:root:CM_760_8_4_9 - DIAM: 1.4144 seconds
INFO:root:CM_760_8_4_9 - Abra: 0.0600 seconds
INFO:root:CM_760_8_4_9 - Betweenness: 0.0387 seconds
INFO:root:CM_760_9_4_5 - RAND2: 0.0270 seconds
INFO:root:CM_760_9_4_5 - DIAM: 1.4033 seconds
INFO:root:CM_760_9_4_5 - Abra: 0.0283 seconds
INFO:root:CM_760_9_4_5 - Betweenness: 0.0392 seconds
INFO:root:CM_760_9_4_6 - RAND2: 0.0275 seconds
INFO:root:CM_760_9_4_6 - DIAM: 1.4231 seconds
INFO:root:CM_760_9_4_6 - Abra: 0.0255 seconds
INFO:root:CM_760_9_4_6 - Betweenness: 0.0390 seconds
INFO:root:CM_800_7_5_1 - RAND2: 0.0343 seconds
INFO:root:CM_800_7_5_1 - DIAM: 1.7251 seconds
INFO:root:CM_800_7_5_1 - Abra: 0.0360 seconds
INFO:root:CM_800_7_5_1 - Betweenness: 0.0474 seconds
INFO:root:CM_800_7_5_10 - RAND2: 0.0358 seconds
INFO:root:CM_800_7_5_10 - DIAM: 1.7365 seconds
INFO:root:CM_800_7_5_10 - Abra: 0.0431 seconds
INFO:root:CM_800_7_5_10 - Betweenness: 0.0508 seconds
INFO:root:CM_800_7_5_2 - RAND2: 0.0362 seconds
INFO:root:CM_800_7_5_2 - DIAM: 1.7041 seconds
INFO:root:CM_800_7_5_2 - Abra: 0.0380 seconds
INFO:root:CM_800_7_5_2 - Betweenness: 0.0490 seconds
INFO:root:CM_800_7_5_3 - RAND2: 0.0367 seconds
INFO:root:CM_800_7_5_3 - DIAM: 1.7360 seconds
INFO:root:CM_800_7_5_3 - Abra: 0.0366 seconds
INFO:root:CM_800_7_5_3 - Betweenness: 0.0473 seconds
INFO:root:CM_800_7_5_4 - RAND2: 0.0364 seconds
INFO:root:CM_800_7_5_4 - DIAM: 1.7320 seconds
INFO:root:CM_800_7_5_4 - Abra: 0.0401 seconds
INFO:root:CM_800_7_5_4 - Betweenness: 0.0615 seconds
INFO:root:CM_800_7_5_5 - RAND2: 0.0366 seconds
INFO:root:CM_800_7_5_5 - DIAM: 1.7170 seconds
INFO:root:CM_800_7_5_5 - Abra: 0.0346 seconds
INFO:root:CM_800_7_5_5 - Betweenness: 0.0471 seconds
INFO:root:CM_800_7_5_6 - RAND2: 0.0367 seconds
INFO:root:CM_800_7_5_6 - DIAM: 1.7498 seconds
INFO:root:CM_800_7_5_6 - Abra: 0.0355 seconds
INFO:root:CM_800_7_5_6 - Betweenness: 0.0478 seconds
INFO:root:CM_800_7_5_7 - RAND2: 0.0366 seconds
INFO:root:CM_800_7_5_7 - DIAM: 1.7112 seconds
INFO:root:CM_800_7_5_7 - Abra: 0.0377 seconds
INFO:root:CM_800_7_5_7 - Betweenness: 0.0503 seconds
INFO:root:CM_800_7_5_8 - RAND2: 0.0365 seconds
INFO:root:CM_800_7_5_8 - DIAM: 1.7481 seconds
INFO:root:CM_800_7_5_8 - Abra: 0.0382 seconds
INFO:root:CM_800_7_5_8 - Betweenness: 0.0504 seconds
INFO:root:CM_800_7_5_9 - RAND2: 0.0365 seconds
INFO:root:CM_800_7_5_9 - DIAM: 1.7308 seconds
INFO:root:CM_800_7_5_9 - Abra: 0.0386 seconds
INFO:root:CM_800_7_5_9 - Betweenness: 0.0474 seconds
INFO:root:CM_800_8_4_1 - RAND2: 0.0311 seconds
INFO:root:CM_800_8_4_1 - DIAM: 1.4688 seconds
INFO:root:CM_800_8_4_1 - Abra: 0.0823 seconds
INFO:root:CM_800_8_4_1 - Betweenness: 0.0514 seconds
INFO:root:CM_800_8_4_10 - RAND2: 0.0304 seconds
INFO:root:CM_800_8_4_10 - DIAM: 1.4908 seconds
INFO:root:CM_800_8_4_10 - Abra: 0.0736 seconds
INFO:root:CM_800_8_4_10 - Betweenness: 0.0426 seconds
INFO:root:CM_800_8_4_2 - RAND2: 0.0300 seconds
INFO:root:CM_800_8_4_2 - DIAM: 1.4981 seconds
INFO:root:CM_800_8_4_2 - Abra: 0.0729 seconds
INFO:root:CM_800_8_4_2 - Betweenness: 0.0427 seconds
INFO:root:CM_800_8_4_4 - RAND2: 0.0306 seconds
INFO:root:CM_800_8_4_4 - DIAM: 1.4720 seconds
INFO:root:CM_800_8_4_4 - Abra: 0.0790 seconds
INFO:root:CM_800_8_4_4 - Betweenness: 0.0440 seconds
INFO:root:CM_800_8_4_5 - RAND2: 0.0304 seconds
INFO:root:CM_800_8_4_5 - DIAM: 1.4934 seconds
INFO:root:CM_800_8_4_5 - Abra: 0.0741 seconds
INFO:root:CM_800_8_4_5 - Betweenness: 0.0434 seconds
INFO:root:CM_800_8_4_6 - RAND2: 0.0300 seconds
INFO:root:CM_800_8_4_6 - DIAM: 1.4814 seconds
INFO:root:CM_800_8_4_6 - Abra: 0.0792 seconds
INFO:root:CM_800_8_4_6 - Betweenness: 0.0423 seconds
INFO:root:CM_800_8_4_7 - RAND2: 0.0304 seconds
INFO:root:CM_800_8_4_7 - DIAM: 1.5144 seconds
INFO:root:CM_800_8_4_7 - Abra: 0.0742 seconds
INFO:root:CM_800_8_4_7 - Betweenness: 0.0427 seconds
INFO:root:CM_800_8_4_9 - RAND2: 0.0303 seconds
INFO:root:CM_800_8_4_9 - DIAM: 1.4531 seconds
INFO:root:CM_800_8_4_9 - Abra: 0.0730 seconds
INFO:root:CM_800_8_4_9 - Betweenness: 0.0454 seconds
INFO:root:CM_800_9_4_3 - RAND2: 0.0301 seconds
INFO:root:CM_800_9_4_3 - DIAM: 1.5172 seconds
INFO:root:CM_800_9_4_3 - Abra: 0.0306 seconds
INFO:root:CM_800_9_4_3 - Betweenness: 0.0422 seconds
INFO:root:CM_800_9_4_8 - RAND2: 0.0306 seconds
INFO:root:CM_800_9_4_8 - DIAM: 1.4644 seconds
INFO:root:CM_800_9_4_8 - Abra: 0.0281 seconds
INFO:root:CM_800_9_4_8 - Betweenness: 0.0426 seconds
INFO:root:CM_840_7_5_1 - RAND2: 0.0399 seconds
INFO:root:CM_840_7_5_1 - DIAM: 1.8266 seconds
INFO:root:CM_840_7_5_1 - Abra: 0.0431 seconds
INFO:root:CM_840_7_5_1 - Betweenness: 0.0554 seconds
INFO:root:CM_840_7_5_10 - RAND2: 0.0398 seconds
INFO:root:CM_840_7_5_10 - DIAM: 1.7762 seconds
INFO:root:CM_840_7_5_10 - Abra: 0.0402 seconds
INFO:root:CM_840_7_5_10 - Betweenness: 0.0549 seconds
INFO:root:CM_840_7_5_2 - RAND2: 0.0400 seconds
INFO:root:CM_840_7_5_2 - DIAM: 1.7907 seconds
INFO:root:CM_840_7_5_2 - Abra: 0.0399 seconds
INFO:root:CM_840_7_5_2 - Betweenness: 0.0514 seconds
INFO:root:CM_840_7_5_3 - RAND2: 0.0406 seconds
INFO:root:CM_840_7_5_3 - DIAM: 1.8220 seconds
INFO:root:CM_840_7_5_3 - Abra: 0.0573 seconds
INFO:root:CM_840_7_5_3 - Betweenness: 0.0616 seconds
INFO:root:CM_840_7_5_4 - RAND2: 0.0458 seconds
INFO:root:CM_840_7_5_4 - DIAM: 1.7791 seconds
INFO:root:CM_840_7_5_4 - Abra: 0.0395 seconds
INFO:root:CM_840_7_5_4 - Betweenness: 0.0513 seconds
INFO:root:CM_840_7_5_5 - RAND2: 0.0401 seconds
INFO:root:CM_840_7_5_5 - DIAM: 1.8012 seconds
INFO:root:CM_840_7_5_5 - Abra: 0.0413 seconds
INFO:root:CM_840_7_5_5 - Betweenness: 0.0590 seconds
INFO:root:CM_840_7_5_6 - RAND2: 0.0869 seconds
INFO:root:CM_840_7_5_6 - DIAM: 1.8015 seconds
INFO:root:CM_840_7_5_6 - Abra: 0.0424 seconds
INFO:root:CM_840_7_5_6 - Betweenness: 0.0518 seconds
INFO:root:CM_840_7_5_7 - RAND2: 0.0400 seconds
INFO:root:CM_840_7_5_7 - DIAM: 1.8039 seconds
INFO:root:CM_840_7_5_7 - Abra: 0.0429 seconds
INFO:root:CM_840_7_5_7 - Betweenness: 0.0522 seconds
INFO:root:CM_840_7_5_8 - RAND2: 0.0398 seconds
INFO:root:CM_840_7_5_8 - DIAM: 1.7670 seconds
INFO:root:CM_840_7_5_8 - Abra: 0.0434 seconds
INFO:root:CM_840_7_5_8 - Betweenness: 0.0517 seconds
INFO:root:CM_840_7_5_9 - RAND2: 0.0404 seconds
INFO:root:CM_840_7_5_9 - DIAM: 1.7989 seconds
INFO:root:CM_840_7_5_9 - Abra: 0.0406 seconds
INFO:root:CM_840_7_5_9 - Betweenness: 0.0520 seconds
INFO:root:CM_840_8_4_1 - RAND2: 0.0325 seconds
INFO:root:CM_840_8_4_1 - DIAM: 1.5471 seconds
INFO:root:CM_840_8_4_1 - Abra: 0.0811 seconds
INFO:root:CM_840_8_4_1 - Betweenness: 0.0463 seconds
INFO:root:CM_840_8_4_2 - RAND2: 0.0315 seconds
INFO:root:CM_840_8_4_2 - DIAM: 1.5254 seconds
INFO:root:CM_840_8_4_2 - Abra: 0.0848 seconds
INFO:root:CM_840_8_4_2 - Betweenness: 0.0461 seconds
INFO:root:CM_840_8_4_3 - RAND2: 0.0317 seconds
INFO:root:CM_840_8_4_3 - DIAM: 1.5509 seconds
INFO:root:CM_840_8_4_3 - Abra: 0.0852 seconds
INFO:root:CM_840_8_4_3 - Betweenness: 0.0464 seconds
INFO:root:CM_840_8_4_4 - RAND2: 0.0315 seconds
INFO:root:CM_840_8_4_4 - DIAM: 1.5256 seconds
INFO:root:CM_840_8_4_4 - Abra: 0.0864 seconds
INFO:root:CM_840_8_4_4 - Betweenness: 0.0463 seconds
INFO:root:CM_840_8_4_5 - RAND2: 0.0317 seconds
INFO:root:CM_840_8_4_5 - DIAM: 1.5508 seconds
INFO:root:CM_840_8_4_5 - Abra: 0.0878 seconds
INFO:root:CM_840_8_4_5 - Betweenness: 0.0490 seconds
INFO:root:CM_840_8_4_6 - RAND2: 0.0316 seconds
INFO:root:CM_840_8_4_6 - DIAM: 1.5150 seconds
INFO:root:CM_840_8_4_6 - Abra: 0.0883 seconds
INFO:root:CM_840_8_4_6 - Betweenness: 0.0467 seconds
INFO:root:CM_840_8_4_7 - RAND2: 0.0314 seconds
INFO:root:CM_840_8_4_7 - DIAM: 1.5631 seconds
INFO:root:CM_840_8_4_7 - Abra: 0.0854 seconds
INFO:root:CM_840_8_4_7 - Betweenness: 0.0458 seconds
INFO:root:CM_840_9_4_10 - RAND2: 0.0317 seconds
INFO:root:CM_840_9_4_10 - DIAM: 1.5261 seconds
INFO:root:CM_840_9_4_10 - Abra: 0.0378 seconds
INFO:root:CM_840_9_4_10 - Betweenness: 0.0459 seconds
INFO:root:CM_840_9_4_8 - RAND2: 0.0315 seconds
INFO:root:CM_840_9_4_8 - DIAM: 1.5502 seconds
INFO:root:CM_840_9_4_8 - Abra: 0.0317 seconds
INFO:root:CM_840_9_4_8 - Betweenness: 0.0468 seconds
INFO:root:CM_840_9_4_9 - RAND2: 0.0319 seconds
INFO:root:CM_840_9_4_9 - DIAM: 1.5322 seconds
INFO:root:CM_840_9_4_9 - Abra: 0.0319 seconds
INFO:root:CM_840_9_4_9 - Betweenness: 0.0464 seconds
INFO:root:CM_880_7_5_1 - RAND2: 0.0402 seconds
INFO:root:CM_880_7_5_1 - DIAM: 1.8613 seconds
INFO:root:CM_880_7_5_1 - Abra: 0.0432 seconds
INFO:root:CM_880_7_5_1 - Betweenness: 0.0558 seconds
INFO:root:CM_880_7_5_10 - RAND2: 0.0399 seconds
INFO:root:CM_880_7_5_10 - DIAM: 1.8706 seconds
INFO:root:CM_880_7_5_10 - Abra: 0.0443 seconds
INFO:root:CM_880_7_5_10 - Betweenness: 0.0555 seconds
INFO:root:CM_880_7_5_2 - RAND2: 0.0402 seconds
INFO:root:CM_880_7_5_2 - DIAM: 1.8607 seconds
INFO:root:CM_880_7_5_2 - Abra: 0.0430 seconds
INFO:root:CM_880_7_5_2 - Betweenness: 0.0563 seconds
INFO:root:CM_880_7_5_3 - RAND2: 0.0400 seconds
INFO:root:CM_880_7_5_3 - DIAM: 1.8512 seconds
INFO:root:CM_880_7_5_3 - Abra: 0.0646 seconds
INFO:root:CM_880_7_5_3 - Betweenness: 0.0612 seconds
INFO:root:CM_880_7_5_4 - RAND2: 0.0404 seconds
INFO:root:CM_880_7_5_4 - DIAM: 1.8300 seconds
INFO:root:CM_880_7_5_4 - Abra: 0.0428 seconds
INFO:root:CM_880_7_5_4 - Betweenness: 0.0608 seconds
INFO:root:CM_880_7_5_5 - RAND2: 0.0408 seconds
INFO:root:CM_880_7_5_5 - DIAM: 1.8690 seconds
INFO:root:CM_880_7_5_5 - Abra: 0.0427 seconds
INFO:root:CM_880_7_5_5 - Betweenness: 0.0579 seconds
INFO:root:CM_880_7_5_6 - RAND2: 0.0403 seconds
INFO:root:CM_880_7_5_6 - DIAM: 1.8756 seconds
INFO:root:CM_880_7_5_6 - Abra: 0.0439 seconds
INFO:root:CM_880_7_5_6 - Betweenness: 0.0563 seconds
INFO:root:CM_880_7_5_7 - RAND2: 0.0400 seconds
INFO:root:CM_880_7_5_7 - DIAM: 1.8353 seconds
INFO:root:CM_880_7_5_7 - Abra: 0.0482 seconds
INFO:root:CM_880_7_5_7 - Betweenness: 0.0595 seconds
INFO:root:CM_880_7_5_8 - RAND2: 0.0401 seconds
INFO:root:CM_880_7_5_8 - DIAM: 1.8695 seconds
INFO:root:CM_880_7_5_8 - Abra: 0.0465 seconds
INFO:root:CM_880_7_5_8 - Betweenness: 0.0583 seconds
INFO:root:CM_880_7_5_9 - RAND2: 0.0401 seconds
INFO:root:CM_880_7_5_9 - DIAM: 1.8832 seconds
INFO:root:CM_880_7_5_9 - Abra: 0.0440 seconds
INFO:root:CM_880_7_5_9 - Betweenness: 0.0620 seconds
INFO:root:CM_880_8_4_10 - RAND2: 0.0343 seconds
INFO:root:CM_880_8_4_10 - DIAM: 1.6123 seconds
INFO:root:CM_880_8_4_10 - Abra: 0.0967 seconds
INFO:root:CM_880_8_4_10 - Betweenness: 0.0504 seconds
INFO:root:CM_880_8_4_3 - RAND2: 0.0347 seconds
INFO:root:CM_880_8_4_3 - DIAM: 1.5924 seconds
INFO:root:CM_880_8_4_3 - Abra: 0.0969 seconds
INFO:root:CM_880_8_4_3 - Betweenness: 0.0502 seconds
INFO:root:CM_880_8_4_4 - RAND2: 0.0347 seconds
INFO:root:CM_880_8_4_4 - DIAM: 1.5899 seconds
INFO:root:CM_880_8_4_4 - Abra: 0.0973 seconds
INFO:root:CM_880_8_4_4 - Betweenness: 0.0498 seconds
INFO:root:CM_880_8_4_5 - RAND2: 0.0348 seconds
INFO:root:CM_880_8_4_5 - DIAM: 1.6094 seconds
INFO:root:CM_880_8_4_5 - Abra: 0.0971 seconds
INFO:root:CM_880_8_4_5 - Betweenness: 0.0504 seconds
INFO:root:CM_880_8_4_6 - RAND2: 0.0347 seconds
INFO:root:CM_880_8_4_6 - DIAM: 1.5805 seconds
INFO:root:CM_880_8_4_6 - Abra: 0.0960 seconds
INFO:root:CM_880_8_4_6 - Betweenness: 0.0538 seconds
INFO:root:CM_880_9_4_1 - RAND2: 0.0344 seconds
INFO:root:CM_880_9_4_1 - DIAM: 1.6238 seconds
INFO:root:CM_880_9_4_1 - Abra: 0.0345 seconds
INFO:root:CM_880_9_4_1 - Betweenness: 0.0496 seconds
INFO:root:CM_880_9_4_2 - RAND2: 0.0346 seconds
INFO:root:CM_880_9_4_2 - DIAM: 1.5884 seconds
INFO:root:CM_880_9_4_2 - Abra: 0.0356 seconds
INFO:root:CM_880_9_4_2 - Betweenness: 0.0500 seconds
INFO:root:CM_880_9_4_7 - RAND2: 0.0344 seconds
INFO:root:CM_880_9_4_7 - DIAM: 1.5911 seconds
INFO:root:CM_880_9_4_7 - Abra: 0.0340 seconds
INFO:root:CM_880_9_4_7 - Betweenness: 0.0506 seconds
INFO:root:CM_880_9_4_8 - RAND2: 0.0346 seconds
INFO:root:CM_880_9_4_8 - DIAM: 1.5728 seconds
INFO:root:CM_880_9_4_8 - Abra: 0.0348 seconds
INFO:root:CM_880_9_4_8 - Betweenness: 0.0499 seconds
INFO:root:CM_880_9_4_9 - RAND2: 0.0345 seconds
INFO:root:CM_880_9_4_9 - DIAM: 1.5889 seconds
INFO:root:CM_880_9_4_9 - Abra: 0.0369 seconds
INFO:root:CM_880_9_4_9 - Betweenness: 0.0536 seconds
INFO:root:CM_920_7_5_1 - RAND2: 0.0443 seconds
INFO:root:CM_920_7_5_1 - DIAM: 1.8855 seconds
INFO:root:CM_920_7_5_1 - Abra: 0.0580 seconds
INFO:root:CM_920_7_5_1 - Betweenness: 0.0613 seconds
INFO:root:CM_920_7_5_10 - RAND2: 0.0438 seconds
INFO:root:CM_920_7_5_10 - DIAM: 1.9234 seconds
INFO:root:CM_920_7_5_10 - Abra: 0.0506 seconds
INFO:root:CM_920_7_5_10 - Betweenness: 0.0606 seconds
INFO:root:CM_920_7_5_2 - RAND2: 0.0440 seconds
INFO:root:CM_920_7_5_2 - DIAM: 1.9041 seconds
INFO:root:CM_920_7_5_2 - Abra: 0.0482 seconds
INFO:root:CM_920_7_5_2 - Betweenness: 0.0607 seconds
INFO:root:CM_920_7_5_3 - RAND2: 0.0436 seconds
INFO:root:CM_920_7_5_3 - DIAM: 1.9064 seconds
INFO:root:CM_920_7_5_3 - Abra: 0.0501 seconds
INFO:root:CM_920_7_5_3 - Betweenness: 0.0651 seconds
INFO:root:CM_920_7_5_4 - RAND2: 0.0439 seconds
INFO:root:CM_920_7_5_4 - DIAM: 1.9266 seconds
INFO:root:CM_920_7_5_4 - Abra: 0.0508 seconds
INFO:root:CM_920_7_5_4 - Betweenness: 0.0602 seconds
INFO:root:CM_920_7_5_5 - RAND2: 0.0439 seconds
INFO:root:CM_920_7_5_5 - DIAM: 1.9216 seconds
INFO:root:CM_920_7_5_5 - Abra: 0.0516 seconds
INFO:root:CM_920_7_5_5 - Betweenness: 0.0608 seconds
INFO:root:CM_920_7_5_6 - RAND2: 0.0441 seconds
INFO:root:CM_920_7_5_6 - DIAM: 1.9261 seconds
INFO:root:CM_920_7_5_6 - Abra: 0.0525 seconds
INFO:root:CM_920_7_5_6 - Betweenness: 0.0729 seconds
INFO:root:CM_920_7_5_7 - RAND2: 0.0462 seconds
INFO:root:CM_920_7_5_7 - DIAM: 1.9104 seconds
INFO:root:CM_920_7_5_7 - Abra: 0.0575 seconds
INFO:root:CM_920_7_5_7 - Betweenness: 0.0611 seconds
INFO:root:CM_920_7_5_8 - RAND2: 0.0437 seconds
INFO:root:CM_920_7_5_8 - DIAM: 1.9370 seconds
INFO:root:CM_920_7_5_8 - Abra: 0.0536 seconds
INFO:root:CM_920_7_5_8 - Betweenness: 0.0624 seconds
INFO:root:CM_920_7_5_9 - RAND2: 0.0439 seconds
INFO:root:CM_920_7_5_9 - DIAM: 1.9223 seconds
INFO:root:CM_920_7_5_9 - Abra: 0.0535 seconds
INFO:root:CM_920_7_5_9 - Betweenness: 0.0614 seconds
INFO:root:CM_920_8_4_10 - RAND2: 0.0374 seconds
INFO:root:CM_920_8_4_10 - DIAM: 1.6414 seconds
INFO:root:CM_920_8_4_10 - Abra: 0.1348 seconds
INFO:root:CM_920_8_4_10 - Betweenness: 0.0659 seconds
INFO:root:CM_920_8_4_2 - RAND2: 0.0401 seconds
INFO:root:CM_920_8_4_2 - DIAM: 1.6386 seconds
INFO:root:CM_920_8_4_2 - Abra: 0.1162 seconds
INFO:root:CM_920_8_4_2 - Betweenness: 0.0653 seconds
INFO:root:CM_920_8_4_7 - RAND2: 0.0397 seconds
INFO:root:CM_920_8_4_7 - DIAM: 1.6265 seconds
INFO:root:CM_920_8_4_7 - Abra: 0.1086 seconds
INFO:root:CM_920_8_4_7 - Betweenness: 0.0535 seconds
INFO:root:CM_920_8_4_8 - RAND2: 0.0382 seconds
INFO:root:CM_920_8_4_8 - DIAM: 1.6843 seconds
INFO:root:CM_920_8_4_8 - Abra: 0.1067 seconds
INFO:root:CM_920_8_4_8 - Betweenness: 0.0628 seconds
INFO:root:CM_920_9_4_1 - RAND2: 0.0377 seconds
INFO:root:CM_920_9_4_1 - DIAM: 1.6385 seconds
INFO:root:CM_920_9_4_1 - Abra: 0.0382 seconds
INFO:root:CM_920_9_4_1 - Betweenness: 0.0581 seconds
INFO:root:CM_920_9_4_3 - RAND2: 0.0374 seconds
INFO:root:CM_920_9_4_3 - DIAM: 1.6831 seconds
INFO:root:CM_920_9_4_3 - Abra: 0.0384 seconds
INFO:root:CM_920_9_4_3 - Betweenness: 0.0558 seconds
INFO:root:CM_920_9_4_4 - RAND2: 0.0376 seconds
INFO:root:CM_920_9_4_4 - DIAM: 1.6426 seconds
INFO:root:CM_920_9_4_4 - Abra: 0.0384 seconds
INFO:root:CM_920_9_4_4 - Betweenness: 0.0541 seconds
INFO:root:CM_920_9_4_5 - RAND2: 0.0378 seconds
INFO:root:CM_920_9_4_5 - DIAM: 1.6434 seconds
INFO:root:CM_920_9_4_5 - Abra: 0.0381 seconds
INFO:root:CM_920_9_4_5 - Betweenness: 0.0597 seconds
INFO:root:CM_920_9_4_6 - RAND2: 0.0376 seconds
INFO:root:CM_920_9_4_6 - DIAM: 1.6419 seconds
INFO:root:CM_920_9_4_6 - Abra: 0.0375 seconds
INFO:root:CM_920_9_4_6 - Betweenness: 0.0536 seconds
INFO:root:CM_920_9_4_9 - RAND2: 0.0376 seconds
INFO:root:CM_920_9_4_9 - DIAM: 1.6532 seconds
INFO:root:CM_920_9_4_9 - Abra: 0.0442 seconds
INFO:root:CM_920_9_4_9 - Betweenness: 0.0534 seconds
INFO:root:CM_960_7_5_1 - RAND2: 0.0477 seconds
INFO:root:CM_960_7_5_1 - DIAM: 1.9938 seconds
INFO:root:CM_960_7_5_1 - Abra: 0.0644 seconds
INFO:root:CM_960_7_5_1 - Betweenness: 0.0713 seconds
INFO:root:CM_960_7_5_10 - RAND2: 0.0477 seconds
INFO:root:CM_960_7_5_10 - DIAM: 1.9601 seconds
INFO:root:CM_960_7_5_10 - Abra: 0.0634 seconds
INFO:root:CM_960_7_5_10 - Betweenness: 0.0665 seconds
INFO:root:CM_960_7_5_2 - RAND2: 0.0484 seconds
INFO:root:CM_960_7_5_2 - DIAM: 1.9974 seconds
INFO:root:CM_960_7_5_2 - Abra: 0.0591 seconds
INFO:root:CM_960_7_5_2 - Betweenness: 0.0657 seconds
INFO:root:CM_960_7_5_3 - RAND2: 0.0480 seconds
INFO:root:CM_960_7_5_3 - DIAM: 1.9452 seconds
INFO:root:CM_960_7_5_3 - Abra: 0.0634 seconds
INFO:root:CM_960_7_5_3 - Betweenness: 0.0704 seconds
INFO:root:CM_960_7_5_4 - RAND2: 0.0474 seconds
INFO:root:CM_960_7_5_4 - DIAM: 1.9749 seconds
INFO:root:CM_960_7_5_4 - Abra: 0.0569 seconds
INFO:root:CM_960_7_5_4 - Betweenness: 0.0661 seconds
INFO:root:CM_960_7_5_5 - RAND2: 0.0477 seconds
INFO:root:CM_960_7_5_5 - DIAM: 1.9777 seconds
INFO:root:CM_960_7_5_5 - Abra: 0.0548 seconds
INFO:root:CM_960_7_5_5 - Betweenness: 0.0655 seconds
INFO:root:CM_960_7_5_6 - RAND2: 0.0476 seconds
INFO:root:CM_960_7_5_6 - DIAM: 1.9620 seconds
INFO:root:CM_960_7_5_6 - Abra: 0.0625 seconds
INFO:root:CM_960_7_5_6 - Betweenness: 0.0649 seconds
INFO:root:CM_960_7_5_7 - RAND2: 0.0478 seconds
INFO:root:CM_960_7_5_7 - DIAM: 1.9639 seconds
INFO:root:CM_960_7_5_7 - Abra: 0.0570 seconds
INFO:root:CM_960_7_5_7 - Betweenness: 0.0663 seconds
INFO:root:CM_960_7_5_8 - RAND2: 0.0479 seconds
INFO:root:CM_960_7_5_8 - DIAM: 1.9841 seconds
INFO:root:CM_960_7_5_8 - Abra: 0.0554 seconds
INFO:root:CM_960_7_5_8 - Betweenness: 0.0666 seconds
INFO:root:CM_960_7_5_9 - RAND2: 0.0478 seconds
INFO:root:CM_960_7_5_9 - DIAM: 1.9644 seconds
INFO:root:CM_960_7_5_9 - Abra: 0.0615 seconds
INFO:root:CM_960_7_5_9 - Betweenness: 0.0658 seconds
INFO:root:CM_960_8_4_8 - RAND2: 0.0412 seconds
INFO:root:CM_960_8_4_8 - DIAM: 1.7142 seconds
INFO:root:CM_960_8_4_8 - Abra: 0.1182 seconds
INFO:root:CM_960_8_4_8 - Betweenness: 0.0581 seconds
INFO:root:CM_960_9_4_1 - RAND2: 0.0407 seconds
INFO:root:CM_960_9_4_1 - DIAM: 1.7030 seconds
INFO:root:CM_960_9_4_1 - Abra: 0.0390 seconds
INFO:root:CM_960_9_4_1 - Betweenness: 0.0574 seconds
INFO:root:CM_960_9_4_10 - RAND2: 0.0408 seconds
INFO:root:CM_960_9_4_10 - DIAM: 1.6781 seconds
INFO:root:CM_960_9_4_10 - Abra: 0.0402 seconds
INFO:root:CM_960_9_4_10 - Betweenness: 0.0576 seconds
INFO:root:CM_960_9_4_2 - RAND2: 0.0415 seconds
INFO:root:CM_960_9_4_2 - DIAM: 1.7218 seconds
INFO:root:CM_960_9_4_2 - Abra: 0.0423 seconds
INFO:root:CM_960_9_4_2 - Betweenness: 0.0591 seconds
INFO:root:CM_960_9_4_3 - RAND2: 0.0405 seconds
INFO:root:CM_960_9_4_3 - DIAM: 1.6820 seconds
INFO:root:CM_960_9_4_3 - Abra: 0.0402 seconds
INFO:root:CM_960_9_4_3 - Betweenness: 0.0577 seconds
INFO:root:CM_960_9_4_4 - RAND2: 0.0441 seconds
INFO:root:CM_960_9_4_4 - DIAM: 1.6955 seconds
INFO:root:CM_960_9_4_4 - Abra: 0.0410 seconds
INFO:root:CM_960_9_4_4 - Betweenness: 0.0579 seconds
INFO:root:CM_960_9_4_5 - RAND2: 0.0405 seconds
INFO:root:CM_960_9_4_5 - DIAM: 1.7029 seconds
INFO:root:CM_960_9_4_5 - Abra: 0.0388 seconds
INFO:root:CM_960_9_4_5 - Betweenness: 0.0575 seconds
INFO:root:CM_960_9_4_6 - RAND2: 0.0405 seconds
INFO:root:CM_960_9_4_6 - DIAM: 1.6704 seconds
INFO:root:CM_960_9_4_6 - Abra: 0.0398 seconds
INFO:root:CM_960_9_4_6 - Betweenness: 0.0582 seconds
INFO:root:CM_960_9_4_7 - RAND2: 0.0407 seconds
INFO:root:CM_960_9_4_7 - DIAM: 1.7000 seconds
INFO:root:CM_960_9_4_7 - Abra: 0.0490 seconds
INFO:root:CM_960_9_4_7 - Betweenness: 0.0586 seconds
INFO:root:CM_960_9_4_9 - RAND2: 0.0406 seconds
INFO:root:CM_960_9_4_9 - DIAM: 1.6803 seconds
INFO:root:CM_960_9_4_9 - Abra: 0.0415 seconds
INFO:root:CM_960_9_4_9 - Betweenness: 0.0616 seconds
