INFO:root:Started
INFO:root:CM_1000_9_4_1 - RAND2: 0.0344 seconds
INFO:root:CM_1000_9_4_1 - DIAM: 1.9795 seconds
INFO:root:CM_1000_9_4_1 - Abra: 0.0475 seconds
INFO:root:CM_1000_9_4_1 - Betweenness: 0.0646 seconds
INFO:root:CM_1000_9_4_10 - RAND2: 0.0468 seconds
INFO:root:CM_1000_9_4_10 - DIAM: 1.7979 seconds
INFO:root:CM_1000_9_4_10 - Abra: 0.0478 seconds
INFO:root:CM_1000_9_4_10 - Betweenness: 0.0620 seconds
INFO:root:CM_1000_9_4_2 - RAND2: 0.0468 seconds
INFO:root:CM_1000_9_4_2 - DIAM: 1.8324 seconds
INFO:root:CM_1000_9_4_2 - Abra: 0.0482 seconds
INFO:root:CM_1000_9_4_2 - Betweenness: 0.0630 seconds
INFO:root:CM_1000_9_4_3 - RAND2: 0.0462 seconds
INFO:root:CM_1000_9_4_3 - DIAM: 1.7829 seconds
INFO:root:CM_1000_9_4_3 - Abra: 0.0475 seconds
INFO:root:CM_1000_9_4_3 - Betweenness: 0.0635 seconds
INFO:root:CM_1000_9_4_4 - RAND2: 0.0466 seconds
INFO:root:CM_1000_9_4_4 - DIAM: 1.8124 seconds
INFO:root:CM_1000_9_4_4 - Abra: 0.0443 seconds
INFO:root:CM_1000_9_4_4 - Betweenness: 0.0751 seconds
INFO:root:CM_1000_9_4_5 - RAND2: 0.0440 seconds
INFO:root:CM_1000_9_4_5 - DIAM: 1.7834 seconds
INFO:root:CM_1000_9_4_5 - Abra: 0.0463 seconds
INFO:root:CM_1000_9_4_5 - Betweenness: 0.0637 seconds
INFO:root:CM_1000_9_4_6 - RAND2: 0.0434 seconds
INFO:root:CM_1000_9_4_6 - DIAM: 1.7568 seconds
INFO:root:CM_1000_9_4_6 - Abra: 0.0443 seconds
INFO:root:CM_1000_9_4_6 - Betweenness: 0.0690 seconds
INFO:root:CM_1000_9_4_7 - RAND2: 0.0444 seconds
INFO:root:CM_1000_9_4_7 - DIAM: 1.8047 seconds
INFO:root:CM_1000_9_4_7 - Abra: 0.0446 seconds
INFO:root:CM_1000_9_4_7 - Betweenness: 0.0629 seconds
INFO:root:CM_1000_9_4_8 - RAND2: 0.0437 seconds
INFO:root:CM_1000_9_4_8 - DIAM: 1.7663 seconds
INFO:root:CM_1000_9_4_8 - Abra: 0.0440 seconds
INFO:root:CM_1000_9_4_8 - Betweenness: 0.0623 seconds
INFO:root:CM_1000_9_4_9 - RAND2: 0.0446 seconds
INFO:root:CM_1000_9_4_9 - DIAM: 1.7804 seconds
INFO:root:CM_1000_9_4_9 - Abra: 0.0652 seconds
INFO:root:CM_1000_9_4_9 - Betweenness: 0.0639 seconds
INFO:root:CM_1040_9_4_1 - RAND2: 0.0476 seconds
INFO:root:CM_1040_9_4_1 - DIAM: 1.8572 seconds
INFO:root:CM_1040_9_4_1 - Abra: 0.0528 seconds
INFO:root:CM_1040_9_4_1 - Betweenness: 0.0672 seconds
INFO:root:CM_1040_9_4_10 - RAND2: 0.0475 seconds
INFO:root:CM_1040_9_4_10 - DIAM: 1.8268 seconds
INFO:root:CM_1040_9_4_10 - Abra: 0.0480 seconds
INFO:root:CM_1040_9_4_10 - Betweenness: 0.0680 seconds
INFO:root:CM_1040_9_4_2 - RAND2: 0.0477 seconds
INFO:root:CM_1040_9_4_2 - DIAM: 1.8710 seconds
INFO:root:CM_1040_9_4_2 - Abra: 0.0484 seconds
INFO:root:CM_1040_9_4_2 - Betweenness: 0.0688 seconds
INFO:root:CM_1040_9_4_3 - RAND2: 0.0480 seconds
INFO:root:CM_1040_9_4_3 - DIAM: 1.8567 seconds
INFO:root:CM_1040_9_4_3 - Abra: 0.0665 seconds
INFO:root:CM_1040_9_4_3 - Betweenness: 0.0797 seconds
INFO:root:CM_1040_9_4_4 - RAND2: 0.0483 seconds
INFO:root:CM_1040_9_4_4 - DIAM: 1.9168 seconds
INFO:root:CM_1040_9_4_4 - Abra: 0.0513 seconds
INFO:root:CM_1040_9_4_4 - Betweenness: 0.0656 seconds
INFO:root:CM_1040_9_4_5 - RAND2: 0.0480 seconds
INFO:root:CM_1040_9_4_5 - DIAM: 1.8915 seconds
INFO:root:CM_1040_9_4_5 - Abra: 0.0481 seconds
INFO:root:CM_1040_9_4_5 - Betweenness: 0.0665 seconds
INFO:root:CM_1040_9_4_6 - RAND2: 0.0478 seconds
INFO:root:CM_1040_9_4_6 - DIAM: 1.8564 seconds
INFO:root:CM_1040_9_4_6 - Abra: 0.0577 seconds
INFO:root:CM_1040_9_4_6 - Betweenness: 0.0922 seconds
INFO:root:CM_1040_9_4_7 - RAND2: 0.0550 seconds
INFO:root:CM_1040_9_4_7 - DIAM: 1.9184 seconds
INFO:root:CM_1040_9_4_7 - Abra: 0.0473 seconds
INFO:root:CM_1040_9_4_7 - Betweenness: 0.0689 seconds
INFO:root:CM_1040_9_4_8 - RAND2: 0.0474 seconds
INFO:root:CM_1040_9_4_8 - DIAM: 1.8840 seconds
INFO:root:CM_1040_9_4_8 - Abra: 0.0474 seconds
INFO:root:CM_1040_9_4_8 - Betweenness: 0.0667 seconds
INFO:root:CM_1040_9_4_9 - RAND2: 0.0480 seconds
INFO:root:CM_1040_9_4_9 - DIAM: 1.8977 seconds
INFO:root:CM_1040_9_4_9 - Abra: 0.0456 seconds
INFO:root:CM_1040_9_4_9 - Betweenness: 0.0660 seconds
INFO:root:CM_1080_9_4_1 - RAND2: 0.0528 seconds
INFO:root:CM_1080_9_4_1 - DIAM: 1.9312 seconds
INFO:root:CM_1080_9_4_1 - Abra: 0.0503 seconds
INFO:root:CM_1080_9_4_1 - Betweenness: 0.0809 seconds
INFO:root:CM_1080_9_4_10 - RAND2: 0.0515 seconds
INFO:root:CM_1080_9_4_10 - DIAM: 1.9404 seconds
INFO:root:CM_1080_9_4_10 - Abra: 0.0518 seconds
INFO:root:CM_1080_9_4_10 - Betweenness: 0.0772 seconds
INFO:root:CM_1080_9_4_2 - RAND2: 0.0516 seconds
INFO:root:CM_1080_9_4_2 - DIAM: 1.9938 seconds
INFO:root:CM_1080_9_4_2 - Abra: 0.0525 seconds
INFO:root:CM_1080_9_4_2 - Betweenness: 0.0708 seconds
INFO:root:CM_1080_9_4_3 - RAND2: 0.0517 seconds
INFO:root:CM_1080_9_4_3 - DIAM: 1.9349 seconds
INFO:root:CM_1080_9_4_3 - Abra: 0.0513 seconds
INFO:root:CM_1080_9_4_3 - Betweenness: 0.0728 seconds
INFO:root:CM_1080_9_4_4 - RAND2: 0.0514 seconds
INFO:root:CM_1080_9_4_4 - DIAM: 1.9472 seconds
INFO:root:CM_1080_9_4_4 - Abra: 0.0908 seconds
INFO:root:CM_1080_9_4_4 - Betweenness: 0.0928 seconds
INFO:root:CM_1080_9_4_5 - RAND2: 0.0533 seconds
INFO:root:CM_1080_9_4_5 - DIAM: 1.9761 seconds
INFO:root:CM_1080_9_4_5 - Abra: 0.0502 seconds
INFO:root:CM_1080_9_4_5 - Betweenness: 0.0716 seconds
INFO:root:CM_1080_9_4_6 - RAND2: 0.0527 seconds
INFO:root:CM_1080_9_4_6 - DIAM: 1.9436 seconds
INFO:root:CM_1080_9_4_6 - Abra: 0.0516 seconds
INFO:root:CM_1080_9_4_6 - Betweenness: 0.0720 seconds
INFO:root:CM_1080_9_4_7 - RAND2: 0.0516 seconds
INFO:root:CM_1080_9_4_7 - DIAM: 1.9435 seconds
INFO:root:CM_1080_9_4_7 - Abra: 0.0517 seconds
INFO:root:CM_1080_9_4_7 - Betweenness: 0.0709 seconds
INFO:root:CM_1080_9_4_8 - RAND2: 0.0522 seconds
INFO:root:CM_1080_9_4_8 - DIAM: 1.8814 seconds
INFO:root:CM_1080_9_4_8 - Abra: 0.0579 seconds
INFO:root:CM_1080_9_4_8 - Betweenness: 0.0746 seconds
INFO:root:CM_1080_9_4_9 - RAND2: 0.0531 seconds
INFO:root:CM_1080_9_4_9 - DIAM: 2.0861 seconds
INFO:root:CM_1080_9_4_9 - Abra: 0.0491 seconds
INFO:root:CM_1080_9_4_9 - Betweenness: 0.0725 seconds
INFO:root:CM_1120_9_4_1 - RAND2: 0.0563 seconds
INFO:root:CM_1120_9_4_1 - DIAM: 1.9746 seconds
INFO:root:CM_1120_9_4_1 - Abra: 0.0694 seconds
INFO:root:CM_1120_9_4_1 - Betweenness: 0.0812 seconds
INFO:root:CM_1120_9_4_10 - RAND2: 0.0557 seconds
INFO:root:CM_1120_9_4_10 - DIAM: 1.9542 seconds
INFO:root:CM_1120_9_4_10 - Abra: 0.0547 seconds
INFO:root:CM_1120_9_4_10 - Betweenness: 0.0821 seconds
INFO:root:CM_1120_9_4_2 - RAND2: 0.0555 seconds
INFO:root:CM_1120_9_4_2 - DIAM: 2.0039 seconds
INFO:root:CM_1120_9_4_2 - Abra: 0.0557 seconds
INFO:root:CM_1120_9_4_2 - Betweenness: 0.0790 seconds
INFO:root:CM_1120_9_4_3 - RAND2: 0.0554 seconds
INFO:root:CM_1120_9_4_3 - DIAM: 1.9314 seconds
INFO:root:CM_1120_9_4_3 - Abra: 0.0541 seconds
INFO:root:CM_1120_9_4_3 - Betweenness: 0.0776 seconds
INFO:root:CM_1120_9_4_4 - RAND2: 0.0560 seconds
INFO:root:CM_1120_9_4_4 - DIAM: 1.9482 seconds
INFO:root:CM_1120_9_4_4 - Abra: 0.0553 seconds
INFO:root:CM_1120_9_4_4 - Betweenness: 0.0765 seconds
INFO:root:CM_1120_9_4_5 - RAND2: 0.0563 seconds
INFO:root:CM_1120_9_4_5 - DIAM: 1.9302 seconds
INFO:root:CM_1120_9_4_5 - Abra: 0.0537 seconds
INFO:root:CM_1120_9_4_5 - Betweenness: 0.0763 seconds
INFO:root:CM_1120_9_4_6 - RAND2: 0.0567 seconds
INFO:root:CM_1120_9_4_6 - DIAM: 1.9055 seconds
INFO:root:CM_1120_9_4_6 - Abra: 0.0553 seconds
INFO:root:CM_1120_9_4_6 - Betweenness: 0.0900 seconds
INFO:root:CM_1120_9_4_7 - RAND2: 0.0561 seconds
INFO:root:CM_1120_9_4_7 - DIAM: 1.9025 seconds
INFO:root:CM_1120_9_4_7 - Abra: 0.0533 seconds
INFO:root:CM_1120_9_4_7 - Betweenness: 0.0762 seconds
INFO:root:CM_1120_9_4_8 - RAND2: 0.0558 seconds
INFO:root:CM_1120_9_4_8 - DIAM: 1.9224 seconds
INFO:root:CM_1120_9_4_8 - Abra: 0.0537 seconds
INFO:root:CM_1120_9_4_8 - Betweenness: 0.0760 seconds
INFO:root:CM_1120_9_4_9 - RAND2: 0.0559 seconds
INFO:root:CM_1120_9_4_9 - DIAM: 1.8956 seconds
INFO:root:CM_1120_9_4_9 - Abra: 0.0763 seconds
INFO:root:CM_1120_9_4_9 - Betweenness: 0.0796 seconds
INFO:root:CM_1160_9_4_1 - RAND2: 0.0596 seconds
INFO:root:CM_1160_9_4_1 - DIAM: 1.9443 seconds
INFO:root:CM_1160_9_4_1 - Abra: 0.0599 seconds
INFO:root:CM_1160_9_4_1 - Betweenness: 0.0828 seconds
INFO:root:CM_1160_9_4_10 - RAND2: 0.0597 seconds
INFO:root:CM_1160_9_4_10 - DIAM: 1.9609 seconds
INFO:root:CM_1160_9_4_10 - Abra: 0.0595 seconds
INFO:root:CM_1160_9_4_10 - Betweenness: 0.0820 seconds
INFO:root:CM_1160_9_4_2 - RAND2: 0.0594 seconds
INFO:root:CM_1160_9_4_2 - DIAM: 1.9738 seconds
INFO:root:CM_1160_9_4_2 - Abra: 0.0598 seconds
INFO:root:CM_1160_9_4_2 - Betweenness: 0.0856 seconds
INFO:root:CM_1160_9_4_3 - RAND2: 0.0597 seconds
INFO:root:CM_1160_9_4_3 - DIAM: 1.9446 seconds
INFO:root:CM_1160_9_4_3 - Abra: 0.0586 seconds
INFO:root:CM_1160_9_4_3 - Betweenness: 0.0811 seconds
INFO:root:CM_1160_9_4_4 - RAND2: 0.0647 seconds
INFO:root:CM_1160_9_4_4 - DIAM: 1.9627 seconds
INFO:root:CM_1160_9_4_4 - Abra: 0.0614 seconds
INFO:root:CM_1160_9_4_4 - Betweenness: 0.0823 seconds
INFO:root:CM_1160_9_4_5 - RAND2: 0.0593 seconds
INFO:root:CM_1160_9_4_5 - DIAM: 1.9864 seconds
INFO:root:CM_1160_9_4_5 - Abra: 0.0599 seconds
INFO:root:CM_1160_9_4_5 - Betweenness: 0.0825 seconds
INFO:root:CM_1160_9_4_6 - RAND2: 0.0599 seconds
INFO:root:CM_1160_9_4_6 - DIAM: 1.9462 seconds
INFO:root:CM_1160_9_4_6 - Abra: 0.0601 seconds
INFO:root:CM_1160_9_4_6 - Betweenness: 0.0839 seconds
INFO:root:CM_1160_9_4_7 - RAND2: 0.0607 seconds
INFO:root:CM_1160_9_4_7 - DIAM: 1.9521 seconds
INFO:root:CM_1160_9_4_7 - Abra: 0.0599 seconds
INFO:root:CM_1160_9_4_7 - Betweenness: 0.0807 seconds
INFO:root:CM_1160_9_4_8 - RAND2: 0.0603 seconds
INFO:root:CM_1160_9_4_8 - DIAM: 1.9663 seconds
INFO:root:CM_1160_9_4_8 - Abra: 0.0603 seconds
INFO:root:CM_1160_9_4_8 - Betweenness: 0.0837 seconds
INFO:root:CM_1160_9_4_9 - RAND2: 0.0599 seconds
INFO:root:CM_1160_9_4_9 - DIAM: 1.9734 seconds
INFO:root:CM_1160_9_4_9 - Abra: 0.0594 seconds
INFO:root:CM_1160_9_4_9 - Betweenness: 0.0873 seconds
INFO:root:CM_1200_9_4_1 - RAND2: 0.0637 seconds
INFO:root:CM_1200_9_4_1 - DIAM: 2.0111 seconds
INFO:root:CM_1200_9_4_1 - Abra: 0.0700 seconds
INFO:root:CM_1200_9_4_1 - Betweenness: 0.0863 seconds
INFO:root:CM_1200_9_4_10 - RAND2: 0.0640 seconds
INFO:root:CM_1200_9_4_10 - DIAM: 2.0010 seconds
INFO:root:CM_1200_9_4_10 - Abra: 0.0644 seconds
INFO:root:CM_1200_9_4_10 - Betweenness: 0.0852 seconds
INFO:root:CM_1200_9_4_2 - RAND2: 0.0642 seconds
INFO:root:CM_1200_9_4_2 - DIAM: 2.0296 seconds
INFO:root:CM_1200_9_4_2 - Abra: 0.0657 seconds
INFO:root:CM_1200_9_4_2 - Betweenness: 0.1056 seconds
INFO:root:CM_1200_9_4_3 - RAND2: 0.0893 seconds
INFO:root:CM_1200_9_4_3 - DIAM: 1.9887 seconds
INFO:root:CM_1200_9_4_3 - Abra: 0.0628 seconds
INFO:root:CM_1200_9_4_3 - Betweenness: 0.0870 seconds
INFO:root:CM_1200_9_4_4 - RAND2: 0.0646 seconds
INFO:root:CM_1200_9_4_4 - DIAM: 2.0093 seconds
INFO:root:CM_1200_9_4_4 - Abra: 0.0638 seconds
INFO:root:CM_1200_9_4_4 - Betweenness: 0.0875 seconds
INFO:root:CM_1200_9_4_5 - RAND2: 0.0643 seconds
INFO:root:CM_1200_9_4_5 - DIAM: 2.0011 seconds
INFO:root:CM_1200_9_4_5 - Abra: 0.0636 seconds
INFO:root:CM_1200_9_4_5 - Betweenness: 0.0863 seconds
INFO:root:CM_1200_9_4_6 - RAND2: 0.0649 seconds
INFO:root:CM_1200_9_4_6 - DIAM: 2.3239 seconds
INFO:root:CM_1200_9_4_6 - Abra: 0.0689 seconds
INFO:root:CM_1200_9_4_6 - Betweenness: 0.0865 seconds
INFO:root:CM_1200_9_4_7 - RAND2: 0.0651 seconds
INFO:root:CM_1200_9_4_7 - DIAM: 2.0029 seconds
INFO:root:CM_1200_9_4_7 - Abra: 0.0630 seconds
INFO:root:CM_1200_9_4_7 - Betweenness: 0.0863 seconds
INFO:root:CM_1200_9_4_8 - RAND2: 0.0647 seconds
INFO:root:CM_1200_9_4_8 - DIAM: 2.0880 seconds
INFO:root:CM_1200_9_4_8 - Abra: 0.0647 seconds
INFO:root:CM_1200_9_4_8 - Betweenness: 0.0927 seconds
INFO:root:CM_1200_9_4_9 - RAND2: 0.0660 seconds
INFO:root:CM_1200_9_4_9 - DIAM: 1.9783 seconds
INFO:root:CM_1200_9_4_9 - Abra: 0.0661 seconds
INFO:root:CM_1200_9_4_9 - Betweenness: 0.0904 seconds
INFO:root:CM_400_8_4_1 - RAND2: 0.0077 seconds
INFO:root:CM_400_8_4_1 - DIAM: 0.8620 seconds
INFO:root:CM_400_8_4_1 - Abra: 0.0400 seconds
INFO:root:CM_400_8_4_1 - Betweenness: 0.0122 seconds
INFO:root:CM_400_8_4_10 - RAND2: 0.0080 seconds
INFO:root:CM_400_8_4_10 - DIAM: 0.8895 seconds
INFO:root:CM_400_8_4_10 - Abra: 0.0119 seconds
INFO:root:CM_400_8_4_10 - Betweenness: 0.0136 seconds
INFO:root:CM_400_8_4_2 - RAND2: 0.0077 seconds
INFO:root:CM_400_8_4_2 - DIAM: 0.8260 seconds
INFO:root:CM_400_8_4_2 - Abra: 0.0624 seconds
INFO:root:CM_400_8_4_2 - Betweenness: 0.0144 seconds
INFO:root:CM_400_8_4_3 - RAND2: 0.0078 seconds
INFO:root:CM_400_8_4_3 - DIAM: 0.8285 seconds
INFO:root:CM_400_8_4_3 - Abra: 0.0108 seconds
INFO:root:CM_400_8_4_3 - Betweenness: 0.0120 seconds
INFO:root:CM_400_8_4_4 - RAND2: 0.0096 seconds
INFO:root:CM_400_8_4_4 - DIAM: 0.8139 seconds
INFO:root:CM_400_8_4_4 - Abra: 0.0122 seconds
INFO:root:CM_400_8_4_4 - Betweenness: 0.0125 seconds
INFO:root:CM_400_8_4_5 - RAND2: 0.0076 seconds
INFO:root:CM_400_8_4_5 - DIAM: 0.8402 seconds
INFO:root:CM_400_8_4_5 - Abra: 0.0122 seconds
INFO:root:CM_400_8_4_5 - Betweenness: 0.0118 seconds
INFO:root:CM_400_8_4_6 - RAND2: 0.0077 seconds
INFO:root:CM_400_8_4_6 - DIAM: 0.8220 seconds
INFO:root:CM_400_8_4_6 - Abra: 0.0114 seconds
INFO:root:CM_400_8_4_6 - Betweenness: 0.0116 seconds
INFO:root:CM_400_8_4_7 - RAND2: 0.0078 seconds
INFO:root:CM_400_8_4_7 - DIAM: 0.8362 seconds
INFO:root:CM_400_8_4_7 - Abra: 0.0117 seconds
INFO:root:CM_400_8_4_7 - Betweenness: 0.0121 seconds
INFO:root:CM_400_8_4_8 - RAND2: 0.0080 seconds
INFO:root:CM_400_8_4_8 - DIAM: 0.8273 seconds
INFO:root:CM_400_8_4_8 - Abra: 0.0129 seconds
INFO:root:CM_400_8_4_8 - Betweenness: 0.0118 seconds
INFO:root:CM_400_8_4_9 - RAND2: 0.0078 seconds
INFO:root:CM_400_8_4_9 - DIAM: 0.8431 seconds
INFO:root:CM_400_8_4_9 - Abra: 0.0115 seconds
INFO:root:CM_400_8_4_9 - Betweenness: 0.0122 seconds
INFO:root:CM_440_8_4_1 - RAND2: 0.0094 seconds
INFO:root:CM_440_8_4_1 - DIAM: 0.9244 seconds
INFO:root:CM_440_8_4_1 - Abra: 0.0159 seconds
INFO:root:CM_440_8_4_1 - Betweenness: 0.0152 seconds
INFO:root:CM_440_8_4_10 - RAND2: 0.0095 seconds
INFO:root:CM_440_8_4_10 - DIAM: 0.8879 seconds
INFO:root:CM_440_8_4_10 - Abra: 0.0117 seconds
INFO:root:CM_440_8_4_10 - Betweenness: 0.0137 seconds
INFO:root:CM_440_8_4_2 - RAND2: 0.0091 seconds
INFO:root:CM_440_8_4_2 - DIAM: 0.8793 seconds
INFO:root:CM_440_8_4_2 - Abra: 0.0134 seconds
INFO:root:CM_440_8_4_2 - Betweenness: 0.0138 seconds
INFO:root:CM_440_8_4_3 - RAND2: 0.0093 seconds
INFO:root:CM_440_8_4_3 - DIAM: 0.9120 seconds
INFO:root:CM_440_8_4_3 - Abra: 0.0137 seconds
INFO:root:CM_440_8_4_3 - Betweenness: 0.0184 seconds
INFO:root:CM_440_8_4_4 - RAND2: 0.0092 seconds
INFO:root:CM_440_8_4_4 - DIAM: 0.9079 seconds
INFO:root:CM_440_8_4_4 - Abra: 0.0126 seconds
INFO:root:CM_440_8_4_4 - Betweenness: 0.0149 seconds
INFO:root:CM_440_8_4_5 - RAND2: 0.0094 seconds
INFO:root:CM_440_8_4_5 - DIAM: 0.9147 seconds
INFO:root:CM_440_8_4_5 - Abra: 0.0132 seconds
INFO:root:CM_440_8_4_5 - Betweenness: 0.0136 seconds
INFO:root:CM_440_8_4_6 - RAND2: 0.0091 seconds
INFO:root:CM_440_8_4_6 - DIAM: 0.8950 seconds
INFO:root:CM_440_8_4_6 - Abra: 0.0126 seconds
INFO:root:CM_440_8_4_6 - Betweenness: 0.0138 seconds
INFO:root:CM_440_8_4_7 - RAND2: 0.0093 seconds
INFO:root:CM_440_8_4_7 - DIAM: 0.9092 seconds
INFO:root:CM_440_8_4_7 - Abra: 0.0124 seconds
INFO:root:CM_440_8_4_7 - Betweenness: 0.0155 seconds
INFO:root:CM_440_8_4_8 - RAND2: 0.0089 seconds
INFO:root:CM_440_8_4_8 - DIAM: 0.9077 seconds
INFO:root:CM_440_8_4_8 - Abra: 0.0130 seconds
INFO:root:CM_440_8_4_8 - Betweenness: 0.0147 seconds
INFO:root:CM_440_8_4_9 - RAND2: 0.0091 seconds
INFO:root:CM_440_8_4_9 - DIAM: 0.8922 seconds
INFO:root:CM_440_8_4_9 - Abra: 0.0120 seconds
INFO:root:CM_440_8_4_9 - Betweenness: 0.0144 seconds
INFO:root:CM_480_8_4_1 - RAND2: 0.0107 seconds
INFO:root:CM_480_8_4_1 - DIAM: 1.0047 seconds
INFO:root:CM_480_8_4_1 - Abra: 0.0147 seconds
INFO:root:CM_480_8_4_1 - Betweenness: 0.0160 seconds
INFO:root:CM_480_8_4_10 - RAND2: 0.0106 seconds
INFO:root:CM_480_8_4_10 - DIAM: 0.9373 seconds
INFO:root:CM_480_8_4_10 - Abra: 0.0150 seconds
INFO:root:CM_480_8_4_10 - Betweenness: 0.0163 seconds
INFO:root:CM_480_8_4_2 - RAND2: 0.0105 seconds
INFO:root:CM_480_8_4_2 - DIAM: 0.9369 seconds
INFO:root:CM_480_8_4_2 - Abra: 0.0143 seconds
INFO:root:CM_480_8_4_2 - Betweenness: 0.0191 seconds
INFO:root:CM_480_8_4_3 - RAND2: 0.0119 seconds
INFO:root:CM_480_8_4_3 - DIAM: 0.9633 seconds
INFO:root:CM_480_8_4_3 - Abra: 0.0144 seconds
INFO:root:CM_480_8_4_3 - Betweenness: 0.0179 seconds
INFO:root:CM_480_8_4_4 - RAND2: 0.0110 seconds
INFO:root:CM_480_8_4_4 - DIAM: 0.9432 seconds
INFO:root:CM_480_8_4_4 - Abra: 0.0165 seconds
INFO:root:CM_480_8_4_4 - Betweenness: 0.0163 seconds
INFO:root:CM_480_8_4_5 - RAND2: 0.0105 seconds
INFO:root:CM_480_8_4_5 - DIAM: 0.9494 seconds
INFO:root:CM_480_8_4_5 - Abra: 0.0156 seconds
INFO:root:CM_480_8_4_5 - Betweenness: 0.0174 seconds
INFO:root:CM_480_8_4_6 - RAND2: 0.0111 seconds
INFO:root:CM_480_8_4_6 - DIAM: 0.9370 seconds
INFO:root:CM_480_8_4_6 - Abra: 0.0447 seconds
INFO:root:CM_480_8_4_6 - Betweenness: 0.0176 seconds
INFO:root:CM_480_8_4_7 - RAND2: 0.0110 seconds
INFO:root:CM_480_8_4_7 - DIAM: 0.9443 seconds
INFO:root:CM_480_8_4_7 - Abra: 0.0176 seconds
INFO:root:CM_480_8_4_7 - Betweenness: 0.0169 seconds
INFO:root:CM_480_8_4_8 - RAND2: 0.0111 seconds
INFO:root:CM_480_8_4_8 - DIAM: 0.9616 seconds
INFO:root:CM_480_8_4_8 - Abra: 0.0157 seconds
INFO:root:CM_480_8_4_8 - Betweenness: 0.0161 seconds
INFO:root:CM_480_8_4_9 - RAND2: 0.0113 seconds
INFO:root:CM_480_8_4_9 - DIAM: 0.9444 seconds
INFO:root:CM_480_8_4_9 - Abra: 0.0284 seconds
INFO:root:CM_480_8_4_9 - Betweenness: 0.0186 seconds
INFO:root:CM_520_8_4_1 - RAND2: 0.0123 seconds
INFO:root:CM_520_8_4_1 - DIAM: 1.0337 seconds
INFO:root:CM_520_8_4_1 - Abra: 0.0162 seconds
INFO:root:CM_520_8_4_1 - Betweenness: 0.0195 seconds
INFO:root:CM_520_8_4_10 - RAND2: 0.0128 seconds
INFO:root:CM_520_8_4_10 - DIAM: 1.0340 seconds
INFO:root:CM_520_8_4_10 - Abra: 0.0179 seconds
INFO:root:CM_520_8_4_10 - Betweenness: 0.0184 seconds
INFO:root:CM_520_8_4_2 - RAND2: 0.0127 seconds
INFO:root:CM_520_8_4_2 - DIAM: 1.0456 seconds
INFO:root:CM_520_8_4_2 - Abra: 0.0466 seconds
INFO:root:CM_520_8_4_2 - Betweenness: 0.0245 seconds
INFO:root:CM_520_8_4_3 - RAND2: 0.0142 seconds
INFO:root:CM_520_8_4_3 - DIAM: 1.0057 seconds
INFO:root:CM_520_8_4_3 - Abra: 0.0179 seconds
INFO:root:CM_520_8_4_3 - Betweenness: 0.0204 seconds
INFO:root:CM_520_8_4_4 - RAND2: 0.0127 seconds
INFO:root:CM_520_8_4_4 - DIAM: 1.0026 seconds
INFO:root:CM_520_8_4_4 - Abra: 0.0172 seconds
INFO:root:CM_520_8_4_4 - Betweenness: 0.0184 seconds
INFO:root:CM_520_8_4_5 - RAND2: 0.0127 seconds
INFO:root:CM_520_8_4_5 - DIAM: 1.0672 seconds
INFO:root:CM_520_8_4_5 - Abra: 0.0189 seconds
INFO:root:CM_520_8_4_5 - Betweenness: 0.0186 seconds
INFO:root:CM_520_8_4_6 - RAND2: 0.0134 seconds
INFO:root:CM_520_8_4_6 - DIAM: 1.0124 seconds
INFO:root:CM_520_8_4_6 - Abra: 0.0190 seconds
INFO:root:CM_520_8_4_6 - Betweenness: 0.0204 seconds
INFO:root:CM_520_8_4_7 - RAND2: 0.0135 seconds
INFO:root:CM_520_8_4_7 - DIAM: 0.9992 seconds
INFO:root:CM_520_8_4_7 - Abra: 0.0187 seconds
INFO:root:CM_520_8_4_7 - Betweenness: 0.0186 seconds
INFO:root:CM_520_8_4_8 - RAND2: 0.0133 seconds
INFO:root:CM_520_8_4_8 - DIAM: 1.0226 seconds
INFO:root:CM_520_8_4_8 - Abra: 0.0178 seconds
INFO:root:CM_520_8_4_8 - Betweenness: 0.0198 seconds
INFO:root:CM_520_8_4_9 - RAND2: 0.0132 seconds
INFO:root:CM_520_8_4_9 - DIAM: 1.0443 seconds
INFO:root:CM_520_8_4_9 - Abra: 0.0190 seconds
INFO:root:CM_520_8_4_9 - Betweenness: 0.0215 seconds
INFO:root:CM_560_8_4_1 - RAND2: 0.0153 seconds
INFO:root:CM_560_8_4_1 - DIAM: 1.0866 seconds
INFO:root:CM_560_8_4_1 - Abra: 0.0221 seconds
INFO:root:CM_560_8_4_1 - Betweenness: 0.0205 seconds
INFO:root:CM_560_8_4_10 - RAND2: 0.0155 seconds
INFO:root:CM_560_8_4_10 - DIAM: 1.0680 seconds
INFO:root:CM_560_8_4_10 - Abra: 0.0221 seconds
INFO:root:CM_560_8_4_10 - Betweenness: 0.0226 seconds
INFO:root:CM_560_8_4_2 - RAND2: 0.0152 seconds
INFO:root:CM_560_8_4_2 - DIAM: 1.0896 seconds
INFO:root:CM_560_8_4_2 - Abra: 0.0212 seconds
INFO:root:CM_560_8_4_2 - Betweenness: 0.0219 seconds
INFO:root:CM_560_8_4_3 - RAND2: 0.0153 seconds
INFO:root:CM_560_8_4_3 - DIAM: 1.0800 seconds
INFO:root:CM_560_8_4_3 - Abra: 0.0200 seconds
INFO:root:CM_560_8_4_3 - Betweenness: 0.0221 seconds
INFO:root:CM_560_8_4_4 - RAND2: 0.0151 seconds
INFO:root:CM_560_8_4_4 - DIAM: 1.0893 seconds
INFO:root:CM_560_8_4_4 - Abra: 0.0207 seconds
INFO:root:CM_560_8_4_4 - Betweenness: 0.0209 seconds
INFO:root:CM_560_8_4_5 - RAND2: 0.0152 seconds
INFO:root:CM_560_8_4_5 - DIAM: 1.0766 seconds
INFO:root:CM_560_8_4_5 - Abra: 0.0222 seconds
INFO:root:CM_560_8_4_5 - Betweenness: 0.0221 seconds
INFO:root:CM_560_8_4_7 - RAND2: 0.0150 seconds
INFO:root:CM_560_8_4_7 - DIAM: 1.0788 seconds
INFO:root:CM_560_8_4_7 - Abra: 0.0210 seconds
INFO:root:CM_560_8_4_7 - Betweenness: 0.0210 seconds
INFO:root:CM_560_8_4_8 - RAND2: 0.0149 seconds
INFO:root:CM_560_8_4_8 - DIAM: 1.0973 seconds
INFO:root:CM_560_8_4_8 - Abra: 0.0223 seconds
INFO:root:CM_560_8_4_8 - Betweenness: 0.0211 seconds
INFO:root:CM_560_8_4_9 - RAND2: 0.0152 seconds
INFO:root:CM_560_8_4_9 - DIAM: 1.0792 seconds
INFO:root:CM_560_8_4_9 - Abra: 0.0206 seconds
INFO:root:CM_560_8_4_9 - Betweenness: 0.0212 seconds
INFO:root:CM_560_9_4_6 - RAND2: 0.0153 seconds
INFO:root:CM_560_9_4_6 - DIAM: 1.0856 seconds
INFO:root:CM_560_9_4_6 - Abra: 0.0119 seconds
INFO:root:CM_560_9_4_6 - Betweenness: 0.0214 seconds
INFO:root:CM_600_8_4_1 - RAND2: 0.0175 seconds
INFO:root:CM_600_8_4_1 - DIAM: 1.1397 seconds
INFO:root:CM_600_8_4_1 - Abra: 0.0265 seconds
INFO:root:CM_600_8_4_1 - Betweenness: 0.0241 seconds
INFO:root:CM_600_8_4_2 - RAND2: 0.0172 seconds
INFO:root:CM_600_8_4_2 - DIAM: 1.1325 seconds
INFO:root:CM_600_8_4_2 - Abra: 0.0269 seconds
INFO:root:CM_600_8_4_2 - Betweenness: 0.0242 seconds
INFO:root:CM_600_8_4_3 - RAND2: 0.0177 seconds
INFO:root:CM_600_8_4_3 - DIAM: 1.1468 seconds
INFO:root:CM_600_8_4_3 - Abra: 0.0252 seconds
INFO:root:CM_600_8_4_3 - Betweenness: 0.0252 seconds
INFO:root:CM_600_8_4_4 - RAND2: 0.0177 seconds
INFO:root:CM_600_8_4_4 - DIAM: 1.1214 seconds
INFO:root:CM_600_8_4_4 - Abra: 0.0378 seconds
INFO:root:CM_600_8_4_4 - Betweenness: 0.0373 seconds
INFO:root:CM_600_8_4_5 - RAND2: 0.0175 seconds
INFO:root:CM_600_8_4_5 - DIAM: 1.1395 seconds
INFO:root:CM_600_8_4_5 - Abra: 0.0260 seconds
INFO:root:CM_600_8_4_5 - Betweenness: 0.0243 seconds
INFO:root:CM_600_8_4_6 - RAND2: 0.0198 seconds
INFO:root:CM_600_8_4_6 - DIAM: 1.1369 seconds
INFO:root:CM_600_8_4_6 - Abra: 0.0250 seconds
INFO:root:CM_600_8_4_6 - Betweenness: 0.0261 seconds
INFO:root:CM_600_8_4_7 - RAND2: 0.0171 seconds
INFO:root:CM_600_8_4_7 - DIAM: 1.1084 seconds
INFO:root:CM_600_8_4_7 - Abra: 0.0258 seconds
INFO:root:CM_600_8_4_7 - Betweenness: 0.0239 seconds
INFO:root:CM_600_8_4_8 - RAND2: 0.0169 seconds
INFO:root:CM_600_8_4_8 - DIAM: 1.1541 seconds
INFO:root:CM_600_8_4_8 - Abra: 0.0283 seconds
INFO:root:CM_600_8_4_8 - Betweenness: 0.0258 seconds
INFO:root:CM_600_8_4_9 - RAND2: 0.0174 seconds
INFO:root:CM_600_8_4_9 - DIAM: 1.1281 seconds
INFO:root:CM_600_8_4_9 - Abra: 0.0270 seconds
INFO:root:CM_600_8_4_9 - Betweenness: 0.0237 seconds
INFO:root:CM_600_9_4_10 - RAND2: 0.0178 seconds
INFO:root:CM_600_9_4_10 - DIAM: 1.1404 seconds
INFO:root:CM_600_9_4_10 - Abra: 0.0141 seconds
INFO:root:CM_600_9_4_10 - Betweenness: 0.0255 seconds
INFO:root:CM_640_8_4_1 - RAND2: 0.0197 seconds
INFO:root:CM_640_8_4_1 - DIAM: 1.2050 seconds
INFO:root:CM_640_8_4_1 - Abra: 0.0304 seconds
INFO:root:CM_640_8_4_1 - Betweenness: 0.0273 seconds
INFO:root:CM_640_8_4_2 - RAND2: 0.0199 seconds
INFO:root:CM_640_8_4_2 - DIAM: 1.2162 seconds
INFO:root:CM_640_8_4_2 - Abra: 0.0292 seconds
INFO:root:CM_640_8_4_2 - Betweenness: 0.0277 seconds
INFO:root:CM_640_8_4_3 - RAND2: 0.0199 seconds
INFO:root:CM_640_8_4_3 - DIAM: 1.2231 seconds
INFO:root:CM_640_8_4_3 - Abra: 0.0325 seconds
INFO:root:CM_640_8_4_3 - Betweenness: 0.0307 seconds
INFO:root:CM_640_8_4_4 - RAND2: 0.0195 seconds
INFO:root:CM_640_8_4_4 - DIAM: 1.1845 seconds
INFO:root:CM_640_8_4_4 - Abra: 0.0341 seconds
INFO:root:CM_640_8_4_4 - Betweenness: 0.0274 seconds
INFO:root:CM_640_8_4_5 - RAND2: 0.0196 seconds
INFO:root:CM_640_8_4_5 - DIAM: 1.1786 seconds
INFO:root:CM_640_8_4_5 - Abra: 0.0336 seconds
INFO:root:CM_640_8_4_5 - Betweenness: 0.0270 seconds
INFO:root:CM_640_8_4_6 - RAND2: 0.0198 seconds
INFO:root:CM_640_8_4_6 - DIAM: 1.2140 seconds
INFO:root:CM_640_8_4_6 - Abra: 0.0300 seconds
INFO:root:CM_640_8_4_6 - Betweenness: 0.0276 seconds
INFO:root:CM_640_8_4_7 - RAND2: 0.0203 seconds
INFO:root:CM_640_8_4_7 - DIAM: 1.2048 seconds
INFO:root:CM_640_8_4_7 - Abra: 0.0293 seconds
INFO:root:CM_640_8_4_7 - Betweenness: 0.0301 seconds
INFO:root:CM_640_8_4_8 - RAND2: 0.0197 seconds
INFO:root:CM_640_8_4_8 - DIAM: 1.2160 seconds
INFO:root:CM_640_8_4_8 - Abra: 0.0308 seconds
INFO:root:CM_640_8_4_8 - Betweenness: 0.0275 seconds
INFO:root:CM_640_8_4_9 - RAND2: 0.0201 seconds
INFO:root:CM_640_8_4_9 - DIAM: 1.1833 seconds
INFO:root:CM_640_8_4_9 - Abra: 0.0347 seconds
INFO:root:CM_640_8_4_9 - Betweenness: 0.0280 seconds
INFO:root:CM_640_9_4_10 - RAND2: 0.0197 seconds
INFO:root:CM_640_9_4_10 - DIAM: 1.2381 seconds
INFO:root:CM_640_9_4_10 - Abra: 0.0152 seconds
INFO:root:CM_640_9_4_10 - Betweenness: 0.0312 seconds
INFO:root:CM_680_8_4_1 - RAND2: 0.0227 seconds
INFO:root:CM_680_8_4_1 - DIAM: 1.3144 seconds
INFO:root:CM_680_8_4_1 - Abra: 0.0382 seconds
INFO:root:CM_680_8_4_1 - Betweenness: 0.0311 seconds
INFO:root:CM_680_8_4_10 - RAND2: 0.0224 seconds
INFO:root:CM_680_8_4_10 - DIAM: 1.2857 seconds
INFO:root:CM_680_8_4_10 - Abra: 0.0408 seconds
INFO:root:CM_680_8_4_10 - Betweenness: 0.0327 seconds
INFO:root:CM_680_8_4_2 - RAND2: 0.0225 seconds
INFO:root:CM_680_8_4_2 - DIAM: 1.3243 seconds
INFO:root:CM_680_8_4_2 - Abra: 0.0431 seconds
INFO:root:CM_680_8_4_2 - Betweenness: 0.0306 seconds
INFO:root:CM_680_8_4_4 - RAND2: 0.0219 seconds
INFO:root:CM_680_8_4_4 - DIAM: 1.2899 seconds
INFO:root:CM_680_8_4_4 - Abra: 0.0406 seconds
INFO:root:CM_680_8_4_4 - Betweenness: 0.0319 seconds
INFO:root:CM_680_8_4_5 - RAND2: 0.0225 seconds
INFO:root:CM_680_8_4_5 - DIAM: 1.2907 seconds
INFO:root:CM_680_8_4_5 - Abra: 0.0426 seconds
INFO:root:CM_680_8_4_5 - Betweenness: 0.0313 seconds
INFO:root:CM_680_8_4_6 - RAND2: 0.0228 seconds
INFO:root:CM_680_8_4_6 - DIAM: 1.2979 seconds
INFO:root:CM_680_8_4_6 - Abra: 0.0395 seconds
INFO:root:CM_680_8_4_6 - Betweenness: 0.0315 seconds
INFO:root:CM_680_8_4_7 - RAND2: 0.0228 seconds
INFO:root:CM_680_8_4_7 - DIAM: 1.3083 seconds
INFO:root:CM_680_8_4_7 - Abra: 0.0411 seconds
INFO:root:CM_680_8_4_7 - Betweenness: 0.0311 seconds
INFO:root:CM_680_8_4_8 - RAND2: 0.0231 seconds
INFO:root:CM_680_8_4_8 - DIAM: 1.3054 seconds
INFO:root:CM_680_8_4_8 - Abra: 0.0625 seconds
INFO:root:CM_680_8_4_8 - Betweenness: 0.0319 seconds
INFO:root:CM_680_8_4_9 - RAND2: 0.0229 seconds
INFO:root:CM_680_8_4_9 - DIAM: 1.3190 seconds
INFO:root:CM_680_8_4_9 - Abra: 0.0386 seconds
INFO:root:CM_680_8_4_9 - Betweenness: 0.0321 seconds
INFO:root:CM_680_9_4_3 - RAND2: 0.0227 seconds
INFO:root:CM_680_9_4_3 - DIAM: 1.3282 seconds
INFO:root:CM_680_9_4_3 - Abra: 0.0195 seconds
INFO:root:CM_680_9_4_3 - Betweenness: 0.0384 seconds
INFO:root:CM_720_8_4_1 - RAND2: 0.0258 seconds
INFO:root:CM_720_8_4_1 - DIAM: 1.3779 seconds
INFO:root:CM_720_8_4_1 - Abra: 0.0490 seconds
INFO:root:CM_720_8_4_1 - Betweenness: 0.0399 seconds
INFO:root:CM_720_8_4_10 - RAND2: 0.0246 seconds
INFO:root:CM_720_8_4_10 - DIAM: 1.4100 seconds
INFO:root:CM_720_8_4_10 - Abra: 0.0506 seconds
INFO:root:CM_720_8_4_10 - Betweenness: 0.0378 seconds
INFO:root:CM_720_8_4_2 - RAND2: 0.0256 seconds
INFO:root:CM_720_8_4_2 - DIAM: 1.3784 seconds
INFO:root:CM_720_8_4_2 - Abra: 0.0535 seconds
INFO:root:CM_720_8_4_2 - Betweenness: 0.0373 seconds
INFO:root:CM_720_8_4_3 - RAND2: 0.0258 seconds
INFO:root:CM_720_8_4_3 - DIAM: 1.3832 seconds
INFO:root:CM_720_8_4_3 - Abra: 0.0473 seconds
INFO:root:CM_720_8_4_3 - Betweenness: 0.0341 seconds
INFO:root:CM_720_8_4_4 - RAND2: 0.0247 seconds
INFO:root:CM_720_8_4_4 - DIAM: 1.4029 seconds
INFO:root:CM_720_8_4_4 - Abra: 0.0465 seconds
INFO:root:CM_720_8_4_4 - Betweenness: 0.0349 seconds
INFO:root:CM_720_8_4_6 - RAND2: 0.0257 seconds
INFO:root:CM_720_8_4_6 - DIAM: 1.4124 seconds
INFO:root:CM_720_8_4_6 - Abra: 0.0491 seconds
INFO:root:CM_720_8_4_6 - Betweenness: 0.0353 seconds
INFO:root:CM_720_8_4_7 - RAND2: 0.0259 seconds
INFO:root:CM_720_8_4_7 - DIAM: 1.3669 seconds
INFO:root:CM_720_8_4_7 - Abra: 0.0455 seconds
INFO:root:CM_720_8_4_7 - Betweenness: 0.0359 seconds
INFO:root:CM_720_8_4_8 - RAND2: 0.0258 seconds
INFO:root:CM_720_8_4_8 - DIAM: 1.3927 seconds
INFO:root:CM_720_8_4_8 - Abra: 0.0534 seconds
INFO:root:CM_720_8_4_8 - Betweenness: 0.0390 seconds
INFO:root:CM_720_8_4_9 - RAND2: 0.0238 seconds
INFO:root:CM_720_8_4_9 - DIAM: 1.3945 seconds
INFO:root:CM_720_8_4_9 - Abra: 0.0484 seconds
INFO:root:CM_720_8_4_9 - Betweenness: 0.0351 seconds
INFO:root:CM_720_9_4_5 - RAND2: 0.0260 seconds
INFO:root:CM_720_9_4_5 - DIAM: 1.3887 seconds
INFO:root:CM_720_9_4_5 - Abra: 0.0510 seconds
INFO:root:CM_720_9_4_5 - Betweenness: 0.0379 seconds
INFO:root:CM_760_8_4_1 - RAND2: 0.0270 seconds
INFO:root:CM_760_8_4_1 - DIAM: 1.4764 seconds
INFO:root:CM_760_8_4_1 - Abra: 0.0544 seconds
INFO:root:CM_760_8_4_1 - Betweenness: 0.0382 seconds
INFO:root:CM_760_8_4_10 - RAND2: 0.0268 seconds
INFO:root:CM_760_8_4_10 - DIAM: 1.4540 seconds
INFO:root:CM_760_8_4_10 - Abra: 0.0682 seconds
INFO:root:CM_760_8_4_10 - Betweenness: 0.0429 seconds
INFO:root:CM_760_8_4_2 - RAND2: 0.0280 seconds
INFO:root:CM_760_8_4_2 - DIAM: 1.4176 seconds
INFO:root:CM_760_8_4_2 - Abra: 0.0637 seconds
INFO:root:CM_760_8_4_2 - Betweenness: 0.0385 seconds
INFO:root:CM_760_8_4_3 - RAND2: 0.0272 seconds
INFO:root:CM_760_8_4_3 - DIAM: 1.4450 seconds
INFO:root:CM_760_8_4_3 - Abra: 0.0658 seconds
INFO:root:CM_760_8_4_3 - Betweenness: 0.0382 seconds
INFO:root:CM_760_8_4_4 - RAND2: 0.0285 seconds
INFO:root:CM_760_8_4_4 - DIAM: 1.4387 seconds
INFO:root:CM_760_8_4_4 - Abra: 0.0589 seconds
INFO:root:CM_760_8_4_4 - Betweenness: 0.0410 seconds
INFO:root:CM_760_8_4_7 - RAND2: 0.0289 seconds
INFO:root:CM_760_8_4_7 - DIAM: 1.4370 seconds
INFO:root:CM_760_8_4_7 - Abra: 0.0598 seconds
INFO:root:CM_760_8_4_7 - Betweenness: 0.0390 seconds
INFO:root:CM_760_8_4_8 - RAND2: 0.0288 seconds
INFO:root:CM_760_8_4_8 - DIAM: 1.4625 seconds
INFO:root:CM_760_8_4_8 - Abra: 0.0679 seconds
INFO:root:CM_760_8_4_8 - Betweenness: 0.0393 seconds
INFO:root:CM_760_8_4_9 - RAND2: 0.0271 seconds
INFO:root:CM_760_8_4_9 - DIAM: 1.4513 seconds
INFO:root:CM_760_8_4_9 - Abra: 0.0605 seconds
INFO:root:CM_760_8_4_9 - Betweenness: 0.0388 seconds
INFO:root:CM_760_9_4_5 - RAND2: 0.0270 seconds
INFO:root:CM_760_9_4_5 - DIAM: 1.4077 seconds
INFO:root:CM_760_9_4_5 - Abra: 0.0281 seconds
INFO:root:CM_760_9_4_5 - Betweenness: 0.0387 seconds
INFO:root:CM_760_9_4_6 - RAND2: 0.0270 seconds
INFO:root:CM_760_9_4_6 - DIAM: 1.4686 seconds
INFO:root:CM_760_9_4_6 - Abra: 0.0249 seconds
INFO:root:CM_760_9_4_6 - Betweenness: 0.0436 seconds
INFO:root:CM_800_8_4_1 - RAND2: 0.0303 seconds
INFO:root:CM_800_8_4_1 - DIAM: 1.5342 seconds
INFO:root:CM_800_8_4_1 - Abra: 0.0718 seconds
INFO:root:CM_800_8_4_1 - Betweenness: 0.0472 seconds
INFO:root:CM_800_8_4_10 - RAND2: 0.0299 seconds
INFO:root:CM_800_8_4_10 - DIAM: 1.5163 seconds
INFO:root:CM_800_8_4_10 - Abra: 0.0719 seconds
INFO:root:CM_800_8_4_10 - Betweenness: 0.0430 seconds
INFO:root:CM_800_8_4_2 - RAND2: 0.0302 seconds
INFO:root:CM_800_8_4_2 - DIAM: 1.5048 seconds
INFO:root:CM_800_8_4_2 - Abra: 0.0697 seconds
INFO:root:CM_800_8_4_2 - Betweenness: 0.0431 seconds
INFO:root:CM_800_8_4_4 - RAND2: 0.0295 seconds
INFO:root:CM_800_8_4_4 - DIAM: 1.5046 seconds
INFO:root:CM_800_8_4_4 - Abra: 0.0721 seconds
INFO:root:CM_800_8_4_4 - Betweenness: 0.0424 seconds
INFO:root:CM_800_8_4_5 - RAND2: 0.0299 seconds
INFO:root:CM_800_8_4_5 - DIAM: 1.4758 seconds
INFO:root:CM_800_8_4_5 - Abra: 0.0722 seconds
INFO:root:CM_800_8_4_5 - Betweenness: 0.0420 seconds
INFO:root:CM_800_8_4_6 - RAND2: 0.0276 seconds
INFO:root:CM_800_8_4_6 - DIAM: 1.4955 seconds
INFO:root:CM_800_8_4_6 - Abra: 0.0796 seconds
INFO:root:CM_800_8_4_6 - Betweenness: 0.0422 seconds
INFO:root:CM_800_8_4_7 - RAND2: 0.0304 seconds
INFO:root:CM_800_8_4_7 - DIAM: 1.4878 seconds
INFO:root:CM_800_8_4_7 - Abra: 0.0759 seconds
INFO:root:CM_800_8_4_7 - Betweenness: 0.0446 seconds
INFO:root:CM_800_8_4_9 - RAND2: 0.0306 seconds
INFO:root:CM_800_8_4_9 - DIAM: 1.4874 seconds
INFO:root:CM_800_8_4_9 - Abra: 0.0736 seconds
INFO:root:CM_800_8_4_9 - Betweenness: 0.0426 seconds
INFO:root:CM_800_9_4_3 - RAND2: 0.0300 seconds
INFO:root:CM_800_9_4_3 - DIAM: 1.5007 seconds
INFO:root:CM_800_9_4_3 - Abra: 0.0296 seconds
INFO:root:CM_800_9_4_3 - Betweenness: 0.0460 seconds
INFO:root:CM_800_9_4_8 - RAND2: 0.0300 seconds
INFO:root:CM_800_9_4_8 - DIAM: 1.5071 seconds
INFO:root:CM_800_9_4_8 - Abra: 0.0277 seconds
INFO:root:CM_800_9_4_8 - Betweenness: 0.0461 seconds
INFO:root:CM_840_8_4_1 - RAND2: 0.0334 seconds
INFO:root:CM_840_8_4_1 - DIAM: 1.5307 seconds
INFO:root:CM_840_8_4_1 - Abra: 0.0806 seconds
INFO:root:CM_840_8_4_1 - Betweenness: 0.0459 seconds
INFO:root:CM_840_8_4_2 - RAND2: 0.0333 seconds
INFO:root:CM_840_8_4_2 - DIAM: 1.5689 seconds
INFO:root:CM_840_8_4_2 - Abra: 0.0880 seconds
INFO:root:CM_840_8_4_2 - Betweenness: 0.0462 seconds
INFO:root:CM_840_8_4_3 - RAND2: 0.0328 seconds
INFO:root:CM_840_8_4_3 - DIAM: 1.5527 seconds
INFO:root:CM_840_8_4_3 - Abra: 0.0957 seconds
INFO:root:CM_840_8_4_3 - Betweenness: 0.0456 seconds
INFO:root:CM_840_8_4_4 - RAND2: 0.0334 seconds
INFO:root:CM_840_8_4_4 - DIAM: 1.5354 seconds
INFO:root:CM_840_8_4_4 - Abra: 0.0888 seconds
INFO:root:CM_840_8_4_4 - Betweenness: 0.0457 seconds
INFO:root:CM_840_8_4_5 - RAND2: 0.0326 seconds
INFO:root:CM_840_8_4_5 - DIAM: 1.5511 seconds
INFO:root:CM_840_8_4_5 - Abra: 0.0873 seconds
INFO:root:CM_840_8_4_5 - Betweenness: 0.0458 seconds
INFO:root:CM_840_8_4_6 - RAND2: 0.0333 seconds
INFO:root:CM_840_8_4_6 - DIAM: 1.5568 seconds
INFO:root:CM_840_8_4_6 - Abra: 0.0890 seconds
INFO:root:CM_840_8_4_6 - Betweenness: 0.0466 seconds
INFO:root:CM_840_8_4_7 - RAND2: 0.0328 seconds
INFO:root:CM_840_8_4_7 - DIAM: 1.5272 seconds
INFO:root:CM_840_8_4_7 - Abra: 0.0872 seconds
INFO:root:CM_840_8_4_7 - Betweenness: 0.0471 seconds
INFO:root:CM_840_9_4_10 - RAND2: 0.0328 seconds
INFO:root:CM_840_9_4_10 - DIAM: 1.5883 seconds
INFO:root:CM_840_9_4_10 - Abra: 0.0331 seconds
INFO:root:CM_840_9_4_10 - Betweenness: 0.0468 seconds
INFO:root:CM_840_9_4_8 - RAND2: 0.0332 seconds
INFO:root:CM_840_9_4_8 - DIAM: 1.5426 seconds
INFO:root:CM_840_9_4_8 - Abra: 0.0842 seconds
INFO:root:CM_840_9_4_8 - Betweenness: 0.0458 seconds
INFO:root:CM_840_9_4_9 - RAND2: 0.0328 seconds
INFO:root:CM_840_9_4_9 - DIAM: 1.5456 seconds
INFO:root:CM_840_9_4_9 - Abra: 0.0325 seconds
INFO:root:CM_840_9_4_9 - Betweenness: 0.0472 seconds
INFO:root:CM_880_8_4_10 - RAND2: 0.0358 seconds
INFO:root:CM_880_8_4_10 - DIAM: 1.6013 seconds
INFO:root:CM_880_8_4_10 - Abra: 0.1058 seconds
INFO:root:CM_880_8_4_10 - Betweenness: 0.0554 seconds
INFO:root:CM_880_8_4_3 - RAND2: 0.0371 seconds
INFO:root:CM_880_8_4_3 - DIAM: 1.6030 seconds
INFO:root:CM_880_8_4_3 - Abra: 0.0995 seconds
INFO:root:CM_880_8_4_3 - Betweenness: 0.0534 seconds
INFO:root:CM_880_8_4_4 - RAND2: 0.0362 seconds
INFO:root:CM_880_8_4_4 - DIAM: 1.6059 seconds
INFO:root:CM_880_8_4_4 - Abra: 0.0963 seconds
INFO:root:CM_880_8_4_4 - Betweenness: 0.0497 seconds
INFO:root:CM_880_8_4_5 - RAND2: 0.0362 seconds
INFO:root:CM_880_8_4_5 - DIAM: 1.6326 seconds
INFO:root:CM_880_8_4_5 - Abra: 0.0994 seconds
INFO:root:CM_880_8_4_5 - Betweenness: 0.0513 seconds
INFO:root:CM_880_8_4_6 - RAND2: 0.0362 seconds
INFO:root:CM_880_8_4_6 - DIAM: 1.6118 seconds
INFO:root:CM_880_8_4_6 - Abra: 0.1117 seconds
INFO:root:CM_880_8_4_6 - Betweenness: 0.0501 seconds
INFO:root:CM_880_9_4_1 - RAND2: 0.0360 seconds
INFO:root:CM_880_9_4_1 - DIAM: 1.5883 seconds
INFO:root:CM_880_9_4_1 - Abra: 0.0341 seconds
INFO:root:CM_880_9_4_1 - Betweenness: 0.0503 seconds
INFO:root:CM_880_9_4_2 - RAND2: 0.0368 seconds
INFO:root:CM_880_9_4_2 - DIAM: 1.6574 seconds
INFO:root:CM_880_9_4_2 - Abra: 0.0360 seconds
INFO:root:CM_880_9_4_2 - Betweenness: 0.0497 seconds
INFO:root:CM_880_9_4_7 - RAND2: 0.0362 seconds
INFO:root:CM_880_9_4_7 - DIAM: 1.5924 seconds
INFO:root:CM_880_9_4_7 - Abra: 0.0373 seconds
INFO:root:CM_880_9_4_7 - Betweenness: 0.0495 seconds
INFO:root:CM_880_9_4_8 - RAND2: 0.0369 seconds
INFO:root:CM_880_9_4_8 - DIAM: 1.5953 seconds
INFO:root:CM_880_9_4_8 - Abra: 0.0364 seconds
INFO:root:CM_880_9_4_8 - Betweenness: 0.0500 seconds
INFO:root:CM_880_9_4_9 - RAND2: 0.0370 seconds
INFO:root:CM_880_9_4_9 - DIAM: 1.6105 seconds
INFO:root:CM_880_9_4_9 - Abra: 0.0397 seconds
INFO:root:CM_880_9_4_9 - Betweenness: 0.0519 seconds
INFO:root:CM_920_8_4_10 - RAND2: 0.0403 seconds
INFO:root:CM_920_8_4_10 - DIAM: 1.6644 seconds
INFO:root:CM_920_8_4_10 - Abra: 0.1176 seconds
INFO:root:CM_920_8_4_10 - Betweenness: 0.0541 seconds
INFO:root:CM_920_8_4_2 - RAND2: 0.0414 seconds
INFO:root:CM_920_8_4_2 - DIAM: 1.6567 seconds
INFO:root:CM_920_8_4_2 - Abra: 0.1175 seconds
INFO:root:CM_920_8_4_2 - Betweenness: 0.0535 seconds
INFO:root:CM_920_8_4_7 - RAND2: 0.0406 seconds
INFO:root:CM_920_8_4_7 - DIAM: 1.6852 seconds
INFO:root:CM_920_8_4_7 - Abra: 0.1179 seconds
INFO:root:CM_920_8_4_7 - Betweenness: 0.0555 seconds
INFO:root:CM_920_8_4_8 - RAND2: 0.0388 seconds
INFO:root:CM_920_8_4_8 - DIAM: 1.6384 seconds
INFO:root:CM_920_8_4_8 - Abra: 0.1088 seconds
INFO:root:CM_920_8_4_8 - Betweenness: 0.0539 seconds
INFO:root:CM_920_9_4_1 - RAND2: 0.0380 seconds
INFO:root:CM_920_9_4_1 - DIAM: 1.6403 seconds
INFO:root:CM_920_9_4_1 - Abra: 0.0383 seconds
INFO:root:CM_920_9_4_1 - Betweenness: 0.0554 seconds
INFO:root:CM_920_9_4_3 - RAND2: 0.0381 seconds
INFO:root:CM_920_9_4_3 - DIAM: 1.6671 seconds
INFO:root:CM_920_9_4_3 - Abra: 0.0396 seconds
INFO:root:CM_920_9_4_3 - Betweenness: 0.0546 seconds
INFO:root:CM_920_9_4_4 - RAND2: 0.0383 seconds
INFO:root:CM_920_9_4_4 - DIAM: 1.6449 seconds
INFO:root:CM_920_9_4_4 - Abra: 0.0403 seconds
INFO:root:CM_920_9_4_4 - Betweenness: 0.0564 seconds
INFO:root:CM_920_9_4_5 - RAND2: 0.0385 seconds
INFO:root:CM_920_9_4_5 - DIAM: 1.6320 seconds
INFO:root:CM_920_9_4_5 - Abra: 0.0380 seconds
INFO:root:CM_920_9_4_5 - Betweenness: 0.0565 seconds
INFO:root:CM_920_9_4_6 - RAND2: 0.0384 seconds
INFO:root:CM_920_9_4_6 - DIAM: 1.6843 seconds
INFO:root:CM_920_9_4_6 - Abra: 0.0387 seconds
INFO:root:CM_920_9_4_6 - Betweenness: 0.0542 seconds
INFO:root:CM_920_9_4_9 - RAND2: 0.0387 seconds
INFO:root:CM_920_9_4_9 - DIAM: 1.6684 seconds
INFO:root:CM_920_9_4_9 - Abra: 0.0372 seconds
INFO:root:CM_920_9_4_9 - Betweenness: 0.0536 seconds
INFO:root:CM_960_8_4_8 - RAND2: 0.0414 seconds
INFO:root:CM_960_8_4_8 - DIAM: 1.7106 seconds
INFO:root:CM_960_8_4_8 - Abra: 0.1501 seconds
INFO:root:CM_960_8_4_8 - Betweenness: 0.0691 seconds
INFO:root:CM_960_9_4_1 - RAND2: 0.0457 seconds
INFO:root:CM_960_9_4_1 - DIAM: 1.7209 seconds
INFO:root:CM_960_9_4_1 - Abra: 0.0420 seconds
INFO:root:CM_960_9_4_1 - Betweenness: 0.0599 seconds
INFO:root:CM_960_9_4_10 - RAND2: 0.0432 seconds
INFO:root:CM_960_9_4_10 - DIAM: 1.7170 seconds
INFO:root:CM_960_9_4_10 - Abra: 0.0428 seconds
INFO:root:CM_960_9_4_10 - Betweenness: 0.0584 seconds
INFO:root:CM_960_9_4_2 - RAND2: 0.0427 seconds
INFO:root:CM_960_9_4_2 - DIAM: 1.6742 seconds
INFO:root:CM_960_9_4_2 - Abra: 0.0452 seconds
INFO:root:CM_960_9_4_2 - Betweenness: 0.0597 seconds
INFO:root:CM_960_9_4_3 - RAND2: 0.0421 seconds
INFO:root:CM_960_9_4_3 - DIAM: 1.7243 seconds
INFO:root:CM_960_9_4_3 - Abra: 0.0409 seconds
INFO:root:CM_960_9_4_3 - Betweenness: 0.0595 seconds
INFO:root:CM_960_9_4_4 - RAND2: 0.0446 seconds
INFO:root:CM_960_9_4_4 - DIAM: 1.7147 seconds
INFO:root:CM_960_9_4_4 - Abra: 0.0431 seconds
INFO:root:CM_960_9_4_4 - Betweenness: 0.0583 seconds
INFO:root:CM_960_9_4_5 - RAND2: 0.0425 seconds
INFO:root:CM_960_9_4_5 - DIAM: 1.7089 seconds
INFO:root:CM_960_9_4_5 - Abra: 0.0399 seconds
INFO:root:CM_960_9_4_5 - Betweenness: 0.0572 seconds
INFO:root:CM_960_9_4_6 - RAND2: 0.0425 seconds
INFO:root:CM_960_9_4_6 - DIAM: 1.7189 seconds
INFO:root:CM_960_9_4_6 - Abra: 0.0462 seconds
INFO:root:CM_960_9_4_6 - Betweenness: 0.0691 seconds
INFO:root:CM_960_9_4_7 - RAND2: 0.0458 seconds
INFO:root:CM_960_9_4_7 - DIAM: 1.7076 seconds
INFO:root:CM_960_9_4_7 - Abra: 0.0419 seconds
INFO:root:CM_960_9_4_7 - Betweenness: 0.0590 seconds
INFO:root:CM_960_9_4_9 - RAND2: 0.0429 seconds
INFO:root:CM_960_9_4_9 - DIAM: 1.7075 seconds
INFO:root:CM_960_9_4_9 - Abra: 0.0442 seconds
INFO:root:CM_960_9_4_9 - Betweenness: 0.0577 seconds
