INFO:root:Started
INFO:root:CM_400_5_8_1 - RAND2: 0.0124 seconds
INFO:root:CM_400_5_8_1 - DIAM: 1.1483 seconds
INFO:root:CM_400_5_8_1 - Abra: 0.0112 seconds
INFO:root:CM_400_5_8_1 - Betweenness: 0.0177 seconds
INFO:root:CM_400_5_8_10 - RAND2: 0.0138 seconds
INFO:root:CM_400_5_8_10 - DIAM: 1.1976 seconds
INFO:root:CM_400_5_8_10 - Abra: 0.0287 seconds
INFO:root:CM_400_5_8_10 - Betweenness: 0.0311 seconds
INFO:root:CM_400_5_8_2 - RAND2: 0.0137 seconds
INFO:root:CM_400_5_8_2 - DIAM: 1.1499 seconds
INFO:root:CM_400_5_8_2 - Abra: 0.0793 seconds
INFO:root:CM_400_5_8_2 - Betweenness: 0.0194 seconds
INFO:root:CM_400_5_8_3 - RAND2: 0.0143 seconds
INFO:root:CM_400_5_8_3 - DIAM: 1.1155 seconds
INFO:root:CM_400_5_8_3 - Abra: 0.0133 seconds
INFO:root:CM_400_5_8_3 - Betweenness: 0.0228 seconds
INFO:root:CM_400_5_8_4 - RAND2: 0.0138 seconds
INFO:root:CM_400_5_8_4 - DIAM: 1.1722 seconds
INFO:root:CM_400_5_8_4 - Abra: 0.0127 seconds
INFO:root:CM_400_5_8_4 - Betweenness: 0.0173 seconds
INFO:root:CM_400_5_8_5 - RAND2: 0.0143 seconds
INFO:root:CM_400_5_8_5 - DIAM: 1.3234 seconds
INFO:root:CM_400_5_8_5 - Abra: 0.0193 seconds
INFO:root:CM_400_5_8_5 - Betweenness: 0.0270 seconds
INFO:root:CM_400_5_8_6 - RAND2: 0.0149 seconds
INFO:root:CM_400_5_8_6 - DIAM: 1.1261 seconds
INFO:root:CM_400_5_8_6 - Abra: 0.0221 seconds
INFO:root:CM_400_5_8_6 - Betweenness: 0.0171 seconds
INFO:root:CM_400_5_8_7 - RAND2: 0.0134 seconds
INFO:root:CM_400_5_8_7 - DIAM: 1.1807 seconds
INFO:root:CM_400_5_8_7 - Abra: 0.0130 seconds
INFO:root:CM_400_5_8_7 - Betweenness: 0.0175 seconds
INFO:root:CM_400_5_8_8 - RAND2: 0.0141 seconds
INFO:root:CM_400_5_8_8 - DIAM: 1.1440 seconds
INFO:root:CM_400_5_8_8 - Abra: 0.0135 seconds
INFO:root:CM_400_5_8_8 - Betweenness: 0.0200 seconds
INFO:root:CM_400_5_8_9 - RAND2: 0.0141 seconds
INFO:root:CM_400_5_8_9 - DIAM: 1.1400 seconds
INFO:root:CM_400_5_8_9 - Abra: 0.0131 seconds
INFO:root:CM_400_5_8_9 - Betweenness: 0.0172 seconds
INFO:root:CM_440_5_8_1 - RAND2: 0.0169 seconds
INFO:root:CM_440_5_8_1 - DIAM: 1.5518 seconds
INFO:root:CM_440_5_8_1 - Abra: 0.0163 seconds
INFO:root:CM_440_5_8_1 - Betweenness: 0.0214 seconds
INFO:root:CM_440_5_8_10 - RAND2: 0.0169 seconds
INFO:root:CM_440_5_8_10 - DIAM: 1.5643 seconds
INFO:root:CM_440_5_8_10 - Abra: 0.0146 seconds
INFO:root:CM_440_5_8_10 - Betweenness: 0.0224 seconds
INFO:root:CM_440_5_8_2 - RAND2: 0.0165 seconds
INFO:root:CM_440_5_8_2 - DIAM: 1.2468 seconds
INFO:root:CM_440_5_8_2 - Abra: 0.0140 seconds
INFO:root:CM_440_5_8_2 - Betweenness: 0.0211 seconds
INFO:root:CM_440_5_8_3 - RAND2: 0.0171 seconds
INFO:root:CM_440_5_8_3 - DIAM: 1.2830 seconds
INFO:root:CM_440_5_8_3 - Abra: 0.0147 seconds
INFO:root:CM_440_5_8_3 - Betweenness: 0.0210 seconds
INFO:root:CM_440_5_8_4 - RAND2: 0.0175 seconds
INFO:root:CM_440_5_8_4 - DIAM: 1.2895 seconds
INFO:root:CM_440_5_8_4 - Abra: 0.0144 seconds
INFO:root:CM_440_5_8_4 - Betweenness: 0.0221 seconds
INFO:root:CM_440_5_8_5 - RAND2: 0.0171 seconds
INFO:root:CM_440_5_8_5 - DIAM: 1.4789 seconds
INFO:root:CM_440_5_8_5 - Abra: 0.0149 seconds
INFO:root:CM_440_5_8_5 - Betweenness: 0.0238 seconds
INFO:root:CM_440_5_8_6 - RAND2: 0.0172 seconds
INFO:root:CM_440_5_8_6 - DIAM: 1.3099 seconds
INFO:root:CM_440_5_8_6 - Abra: 0.0209 seconds
INFO:root:CM_440_5_8_6 - Betweenness: 0.0211 seconds
INFO:root:CM_440_5_8_7 - RAND2: 0.0178 seconds
INFO:root:CM_440_5_8_7 - DIAM: 1.2979 seconds
INFO:root:CM_440_5_8_7 - Abra: 0.0203 seconds
INFO:root:CM_440_5_8_7 - Betweenness: 0.0220 seconds
INFO:root:CM_440_5_8_8 - RAND2: 0.0166 seconds
INFO:root:CM_440_5_8_8 - DIAM: 1.2579 seconds
INFO:root:CM_440_5_8_8 - Abra: 0.0139 seconds
INFO:root:CM_440_5_8_8 - Betweenness: 0.0217 seconds
INFO:root:CM_440_5_8_9 - RAND2: 0.0166 seconds
INFO:root:CM_440_5_8_9 - DIAM: 1.2421 seconds
INFO:root:CM_440_5_8_9 - Abra: 0.0169 seconds
INFO:root:CM_440_5_8_9 - Betweenness: 0.0208 seconds
INFO:root:CM_480_5_8_1 - RAND2: 0.0210 seconds
INFO:root:CM_480_5_8_1 - DIAM: 1.6896 seconds
INFO:root:CM_480_5_8_1 - Abra: 0.0187 seconds
INFO:root:CM_480_5_8_1 - Betweenness: 0.0253 seconds
INFO:root:CM_480_5_8_10 - RAND2: 0.0206 seconds
INFO:root:CM_480_5_8_10 - DIAM: 1.3164 seconds
INFO:root:CM_480_5_8_10 - Abra: 0.0206 seconds
INFO:root:CM_480_5_8_10 - Betweenness: 0.0252 seconds
INFO:root:CM_480_5_8_2 - RAND2: 0.0197 seconds
INFO:root:CM_480_5_8_2 - DIAM: 1.5614 seconds
INFO:root:CM_480_5_8_2 - Abra: 0.0182 seconds
INFO:root:CM_480_5_8_2 - Betweenness: 0.0259 seconds
INFO:root:CM_480_5_8_3 - RAND2: 0.0201 seconds
INFO:root:CM_480_5_8_3 - DIAM: 1.3270 seconds
INFO:root:CM_480_5_8_3 - Abra: 0.0185 seconds
INFO:root:CM_480_5_8_3 - Betweenness: 0.0253 seconds
INFO:root:CM_480_5_8_4 - RAND2: 0.0204 seconds
INFO:root:CM_480_5_8_4 - DIAM: 1.3081 seconds
INFO:root:CM_480_5_8_4 - Abra: 0.0258 seconds
INFO:root:CM_480_5_8_4 - Betweenness: 0.0281 seconds
INFO:root:CM_480_5_8_5 - RAND2: 0.0207 seconds
INFO:root:CM_480_5_8_5 - DIAM: 1.3422 seconds
INFO:root:CM_480_5_8_5 - Abra: 0.0193 seconds
INFO:root:CM_480_5_8_5 - Betweenness: 0.0315 seconds
INFO:root:CM_480_5_8_6 - RAND2: 0.0199 seconds
INFO:root:CM_480_5_8_6 - DIAM: 1.5678 seconds
INFO:root:CM_480_5_8_6 - Abra: 0.0212 seconds
INFO:root:CM_480_5_8_6 - Betweenness: 0.0258 seconds
INFO:root:CM_480_5_8_7 - RAND2: 0.0189 seconds
INFO:root:CM_480_5_8_7 - DIAM: 1.6522 seconds
INFO:root:CM_480_5_8_7 - Abra: 0.0385 seconds
INFO:root:CM_480_5_8_7 - Betweenness: 0.0245 seconds
INFO:root:CM_480_5_8_8 - RAND2: 0.0197 seconds
INFO:root:CM_480_5_8_8 - DIAM: 1.3105 seconds
INFO:root:CM_480_5_8_8 - Abra: 0.0186 seconds
INFO:root:CM_480_5_8_8 - Betweenness: 0.0259 seconds
INFO:root:CM_480_5_8_9 - RAND2: 0.0213 seconds
INFO:root:CM_480_5_8_9 - DIAM: 1.6201 seconds
INFO:root:CM_480_5_8_9 - Abra: 0.0189 seconds
INFO:root:CM_480_5_8_9 - Betweenness: 0.0314 seconds
INFO:root:CM_520_5_8_1 - RAND2: 0.0230 seconds
INFO:root:CM_520_5_8_1 - DIAM: 1.5161 seconds
INFO:root:CM_520_5_8_1 - Abra: 0.0290 seconds
INFO:root:CM_520_5_8_1 - Betweenness: 0.0294 seconds
INFO:root:CM_520_5_8_10 - RAND2: 0.0231 seconds
INFO:root:CM_520_5_8_10 - DIAM: 1.8223 seconds
INFO:root:CM_520_5_8_10 - Abra: 0.0254 seconds
INFO:root:CM_520_5_8_10 - Betweenness: 0.0294 seconds
INFO:root:CM_520_5_8_2 - RAND2: 0.0234 seconds
INFO:root:CM_520_5_8_2 - DIAM: 1.7956 seconds
INFO:root:CM_520_5_8_2 - Abra: 0.0246 seconds
INFO:root:CM_520_5_8_2 - Betweenness: 0.0311 seconds
INFO:root:CM_520_5_8_3 - RAND2: 0.0235 seconds
INFO:root:CM_520_5_8_3 - DIAM: 1.6316 seconds
INFO:root:CM_520_5_8_3 - Abra: 0.0244 seconds
INFO:root:CM_520_5_8_3 - Betweenness: 0.0319 seconds
INFO:root:CM_520_5_8_4 - RAND2: 0.0238 seconds
INFO:root:CM_520_5_8_4 - DIAM: 1.4699 seconds
INFO:root:CM_520_5_8_4 - Abra: 0.0312 seconds
INFO:root:CM_520_5_8_4 - Betweenness: 0.0300 seconds
INFO:root:CM_520_5_8_5 - RAND2: 0.0221 seconds
INFO:root:CM_520_5_8_5 - DIAM: 1.7156 seconds
INFO:root:CM_520_5_8_5 - Abra: 0.0250 seconds
INFO:root:CM_520_5_8_5 - Betweenness: 0.0286 seconds
INFO:root:CM_520_5_8_6 - RAND2: 0.0231 seconds
INFO:root:CM_520_5_8_6 - DIAM: 1.7327 seconds
INFO:root:CM_520_5_8_6 - Abra: 0.0256 seconds
INFO:root:CM_520_5_8_6 - Betweenness: 0.0402 seconds
INFO:root:CM_520_5_8_7 - RAND2: 0.0222 seconds
INFO:root:CM_520_5_8_7 - DIAM: 1.7322 seconds
INFO:root:CM_520_5_8_7 - Abra: 0.0281 seconds
INFO:root:CM_520_5_8_7 - Betweenness: 0.0291 seconds
INFO:root:CM_520_5_8_8 - RAND2: 0.0232 seconds
INFO:root:CM_520_5_8_8 - DIAM: 1.7234 seconds
INFO:root:CM_520_5_8_8 - Abra: 0.0268 seconds
INFO:root:CM_520_5_8_8 - Betweenness: 0.0286 seconds
INFO:root:CM_520_5_8_9 - RAND2: 0.0224 seconds
INFO:root:CM_520_5_8_9 - DIAM: 1.7147 seconds
INFO:root:CM_520_5_8_9 - Abra: 0.0254 seconds
INFO:root:CM_520_5_8_9 - Betweenness: 0.0291 seconds
INFO:root:CM_560_5_8_1 - RAND2: 0.0260 seconds
INFO:root:CM_560_5_8_1 - DIAM: 1.6325 seconds
INFO:root:CM_560_5_8_1 - Abra: 0.0370 seconds
INFO:root:CM_560_5_8_1 - Betweenness: 0.0317 seconds
INFO:root:CM_560_5_8_10 - RAND2: 0.0265 seconds
INFO:root:CM_560_5_8_10 - DIAM: 1.9361 seconds
INFO:root:CM_560_5_8_10 - Abra: 0.0355 seconds
INFO:root:CM_560_5_8_10 - Betweenness: 0.0325 seconds
INFO:root:CM_560_5_8_2 - RAND2: 0.0281 seconds
INFO:root:CM_560_5_8_2 - DIAM: 1.5147 seconds
INFO:root:CM_560_5_8_2 - Abra: 0.0320 seconds
INFO:root:CM_560_5_8_2 - Betweenness: 0.0323 seconds
INFO:root:CM_560_5_8_3 - RAND2: 0.0282 seconds
INFO:root:CM_560_5_8_3 - DIAM: 1.8756 seconds
INFO:root:CM_560_5_8_3 - Abra: 0.0356 seconds
INFO:root:CM_560_5_8_3 - Betweenness: 0.0329 seconds
INFO:root:CM_560_5_8_4 - RAND2: 0.0268 seconds
INFO:root:CM_560_5_8_4 - DIAM: 1.8456 seconds
INFO:root:CM_560_5_8_4 - Abra: 0.0378 seconds
INFO:root:CM_560_5_8_4 - Betweenness: 0.0328 seconds
INFO:root:CM_560_5_8_5 - RAND2: 0.0262 seconds
INFO:root:CM_560_5_8_5 - DIAM: 1.9114 seconds
INFO:root:CM_560_5_8_5 - Abra: 0.0363 seconds
INFO:root:CM_560_5_8_5 - Betweenness: 0.0326 seconds
INFO:root:CM_560_5_8_6 - RAND2: 0.0268 seconds
INFO:root:CM_560_5_8_6 - DIAM: 1.8995 seconds
INFO:root:CM_560_5_8_6 - Abra: 0.0339 seconds
INFO:root:CM_560_5_8_6 - Betweenness: 0.0351 seconds
INFO:root:CM_560_5_8_7 - RAND2: 0.0272 seconds
INFO:root:CM_560_5_8_7 - DIAM: 1.8522 seconds
INFO:root:CM_560_5_8_7 - Abra: 0.0356 seconds
INFO:root:CM_560_5_8_7 - Betweenness: 0.0325 seconds
INFO:root:CM_560_5_8_8 - RAND2: 0.0259 seconds
INFO:root:CM_560_5_8_8 - DIAM: 1.9349 seconds
INFO:root:CM_560_5_8_8 - Abra: 0.1005 seconds
INFO:root:CM_560_5_8_8 - Betweenness: 0.0393 seconds
INFO:root:CM_560_5_8_9 - RAND2: 0.0284 seconds
INFO:root:CM_560_5_8_9 - DIAM: 1.5590 seconds
INFO:root:CM_560_5_8_9 - Abra: 0.0369 seconds
INFO:root:CM_560_5_8_9 - Betweenness: 0.0341 seconds
INFO:root:CM_600_5_8_1 - RAND2: 0.0302 seconds
INFO:root:CM_600_5_8_1 - DIAM: 1.9756 seconds
INFO:root:CM_600_5_8_1 - Abra: 0.0470 seconds
INFO:root:CM_600_5_8_1 - Betweenness: 0.0357 seconds
INFO:root:CM_600_5_8_10 - RAND2: 0.0299 seconds
INFO:root:CM_600_5_8_10 - DIAM: 1.9438 seconds
INFO:root:CM_600_5_8_10 - Abra: 0.0514 seconds
INFO:root:CM_600_5_8_10 - Betweenness: 0.0402 seconds
INFO:root:CM_600_5_8_2 - RAND2: 0.0294 seconds
INFO:root:CM_600_5_8_2 - DIAM: 1.9597 seconds
INFO:root:CM_600_5_8_2 - Abra: 0.0586 seconds
INFO:root:CM_600_5_8_2 - Betweenness: 0.0357 seconds
INFO:root:CM_600_5_8_3 - RAND2: 0.0314 seconds
INFO:root:CM_600_5_8_3 - DIAM: 1.9695 seconds
INFO:root:CM_600_5_8_3 - Abra: 0.0504 seconds
INFO:root:CM_600_5_8_3 - Betweenness: 0.0380 seconds
INFO:root:CM_600_5_8_4 - RAND2: 0.0309 seconds
INFO:root:CM_600_5_8_4 - DIAM: 1.9968 seconds
INFO:root:CM_600_5_8_4 - Abra: 0.0519 seconds
INFO:root:CM_600_5_8_4 - Betweenness: 0.0386 seconds
INFO:root:CM_600_5_8_5 - RAND2: 0.0307 seconds
INFO:root:CM_600_5_8_5 - DIAM: 2.0170 seconds
INFO:root:CM_600_5_8_5 - Abra: 0.0510 seconds
INFO:root:CM_600_5_8_5 - Betweenness: 0.0383 seconds
INFO:root:CM_600_5_8_6 - RAND2: 0.0315 seconds
INFO:root:CM_600_5_8_6 - DIAM: 1.9939 seconds
INFO:root:CM_600_5_8_6 - Abra: 0.0476 seconds
INFO:root:CM_600_5_8_6 - Betweenness: 0.0379 seconds
INFO:root:CM_600_5_8_7 - RAND2: 0.0309 seconds
INFO:root:CM_600_5_8_7 - DIAM: 1.6876 seconds
INFO:root:CM_600_5_8_7 - Abra: 0.0496 seconds
INFO:root:CM_600_5_8_7 - Betweenness: 0.0371 seconds
INFO:root:CM_600_5_8_8 - RAND2: 0.0308 seconds
INFO:root:CM_600_5_8_8 - DIAM: 1.9802 seconds
INFO:root:CM_600_5_8_8 - Abra: 0.0537 seconds
INFO:root:CM_600_5_8_8 - Betweenness: 0.0404 seconds
INFO:root:CM_600_5_8_9 - RAND2: 0.0308 seconds
INFO:root:CM_600_5_8_9 - DIAM: 2.0208 seconds
INFO:root:CM_600_5_8_9 - Abra: 0.0888 seconds
INFO:root:CM_600_5_8_9 - Betweenness: 0.0446 seconds
INFO:root:CM_640_5_8_1 - RAND2: 0.0352 seconds
INFO:root:CM_640_5_8_1 - DIAM: 2.0650 seconds
INFO:root:CM_640_5_8_1 - Abra: 0.0725 seconds
INFO:root:CM_640_5_8_1 - Betweenness: 0.0417 seconds
INFO:root:CM_640_5_8_10 - RAND2: 0.0338 seconds
INFO:root:CM_640_5_8_10 - DIAM: 2.0145 seconds
INFO:root:CM_640_5_8_10 - Abra: 0.0738 seconds
INFO:root:CM_640_5_8_10 - Betweenness: 0.0413 seconds
INFO:root:CM_640_5_8_2 - RAND2: 0.0342 seconds
INFO:root:CM_640_5_8_2 - DIAM: 2.0939 seconds
INFO:root:CM_640_5_8_2 - Abra: 0.0936 seconds
INFO:root:CM_640_5_8_2 - Betweenness: 0.0425 seconds
INFO:root:CM_640_5_8_3 - RAND2: 0.0359 seconds
INFO:root:CM_640_5_8_3 - DIAM: 2.0366 seconds
INFO:root:CM_640_5_8_3 - Abra: 0.0800 seconds
INFO:root:CM_640_5_8_3 - Betweenness: 0.0425 seconds
INFO:root:CM_640_5_8_4 - RAND2: 0.0349 seconds
INFO:root:CM_640_5_8_4 - DIAM: 2.0971 seconds
INFO:root:CM_640_5_8_4 - Abra: 0.0783 seconds
INFO:root:CM_640_5_8_4 - Betweenness: 0.0452 seconds
INFO:root:CM_640_5_8_5 - RAND2: 0.0339 seconds
INFO:root:CM_640_5_8_5 - DIAM: 2.1347 seconds
INFO:root:CM_640_5_8_5 - Abra: 0.0719 seconds
INFO:root:CM_640_5_8_5 - Betweenness: 0.0413 seconds
INFO:root:CM_640_5_8_6 - RAND2: 0.0335 seconds
INFO:root:CM_640_5_8_6 - DIAM: 2.2869 seconds
INFO:root:CM_640_5_8_6 - Abra: 0.0715 seconds
INFO:root:CM_640_5_8_6 - Betweenness: 0.0419 seconds
INFO:root:CM_640_5_8_7 - RAND2: 0.0358 seconds
INFO:root:CM_640_5_8_7 - DIAM: 2.0907 seconds
INFO:root:CM_640_5_8_7 - Abra: 0.0647 seconds
INFO:root:CM_640_5_8_7 - Betweenness: 0.0424 seconds
INFO:root:CM_640_5_8_8 - RAND2: 0.0337 seconds
INFO:root:CM_640_5_8_8 - DIAM: 2.1345 seconds
INFO:root:CM_640_5_8_8 - Abra: 0.0734 seconds
INFO:root:CM_640_5_8_8 - Betweenness: 0.0419 seconds
INFO:root:CM_640_5_8_9 - RAND2: 0.0338 seconds
INFO:root:CM_640_5_8_9 - DIAM: 2.1083 seconds
INFO:root:CM_640_5_8_9 - Abra: 0.0901 seconds
INFO:root:CM_640_5_8_9 - Betweenness: 0.0436 seconds
INFO:root:CM_680_5_8_1 - RAND2: 0.0402 seconds
INFO:root:CM_680_5_8_1 - DIAM: 2.2262 seconds
INFO:root:CM_680_5_8_1 - Abra: 0.0950 seconds
INFO:root:CM_680_5_8_1 - Betweenness: 0.0513 seconds
INFO:root:CM_680_5_8_10 - RAND2: 0.0379 seconds
INFO:root:CM_680_5_8_10 - DIAM: 2.1688 seconds
INFO:root:CM_680_5_8_10 - Abra: 0.1308 seconds
INFO:root:CM_680_5_8_10 - Betweenness: 0.0485 seconds
INFO:root:CM_680_5_8_2 - RAND2: 0.0396 seconds
INFO:root:CM_680_5_8_2 - DIAM: 2.2871 seconds
INFO:root:CM_680_5_8_2 - Abra: 0.0886 seconds
INFO:root:CM_680_5_8_2 - Betweenness: 0.0480 seconds
INFO:root:CM_680_5_8_3 - RAND2: 0.0395 seconds
INFO:root:CM_680_5_8_3 - DIAM: 2.2239 seconds
INFO:root:CM_680_5_8_3 - Abra: 0.0925 seconds
INFO:root:CM_680_5_8_3 - Betweenness: 0.0482 seconds
INFO:root:CM_680_5_8_4 - RAND2: 0.0382 seconds
INFO:root:CM_680_5_8_4 - DIAM: 2.1496 seconds
INFO:root:CM_680_5_8_4 - Abra: 0.0856 seconds
INFO:root:CM_680_5_8_4 - Betweenness: 0.0477 seconds
INFO:root:CM_680_5_8_5 - RAND2: 0.0381 seconds
INFO:root:CM_680_5_8_5 - DIAM: 2.1062 seconds
INFO:root:CM_680_5_8_5 - Abra: 0.0890 seconds
INFO:root:CM_680_5_8_5 - Betweenness: 0.0555 seconds
INFO:root:CM_680_5_8_6 - RAND2: 0.0389 seconds
INFO:root:CM_680_5_8_6 - DIAM: 2.1403 seconds
INFO:root:CM_680_5_8_6 - Abra: 0.0947 seconds
INFO:root:CM_680_5_8_6 - Betweenness: 0.0479 seconds
INFO:root:CM_680_5_8_7 - RAND2: 0.0402 seconds
INFO:root:CM_680_5_8_7 - DIAM: 2.1964 seconds
INFO:root:CM_680_5_8_7 - Abra: 0.0972 seconds
INFO:root:CM_680_5_8_7 - Betweenness: 0.0463 seconds
INFO:root:CM_680_5_8_8 - RAND2: 0.0384 seconds
INFO:root:CM_680_5_8_8 - DIAM: 2.1430 seconds
INFO:root:CM_680_5_8_8 - Abra: 0.0930 seconds
INFO:root:CM_680_5_8_8 - Betweenness: 0.0526 seconds
INFO:root:CM_680_5_8_9 - RAND2: 0.0385 seconds
INFO:root:CM_680_5_8_9 - DIAM: 2.1524 seconds
INFO:root:CM_680_5_8_9 - Abra: 0.0928 seconds
INFO:root:CM_680_5_8_9 - Betweenness: 0.0458 seconds
INFO:root:CM_720_5_8_1 - RAND2: 0.0437 seconds
INFO:root:CM_720_5_8_1 - DIAM: 2.2364 seconds
INFO:root:CM_720_5_8_1 - Abra: 0.1056 seconds
INFO:root:CM_720_5_8_1 - Betweenness: 0.0503 seconds
INFO:root:CM_720_5_8_10 - RAND2: 0.0434 seconds
INFO:root:CM_720_5_8_10 - DIAM: 2.3088 seconds
INFO:root:CM_720_5_8_10 - Abra: 0.1028 seconds
INFO:root:CM_720_5_8_10 - Betweenness: 0.0514 seconds
INFO:root:CM_720_5_8_2 - RAND2: 0.0413 seconds
INFO:root:CM_720_5_8_2 - DIAM: 2.2715 seconds
INFO:root:CM_720_5_8_2 - Abra: 0.1062 seconds
INFO:root:CM_720_5_8_2 - Betweenness: 0.0610 seconds
INFO:root:CM_720_5_8_3 - RAND2: 0.0402 seconds
INFO:root:CM_720_5_8_3 - DIAM: 2.2798 seconds
INFO:root:CM_720_5_8_3 - Abra: 0.1278 seconds
INFO:root:CM_720_5_8_3 - Betweenness: 0.0554 seconds
INFO:root:CM_720_5_8_4 - RAND2: 0.0432 seconds
INFO:root:CM_720_5_8_4 - DIAM: 2.3399 seconds
INFO:root:CM_720_5_8_4 - Abra: 0.1002 seconds
INFO:root:CM_720_5_8_4 - Betweenness: 0.0521 seconds
INFO:root:CM_720_5_8_5 - RAND2: 0.0437 seconds
INFO:root:CM_720_5_8_5 - DIAM: 2.2836 seconds
INFO:root:CM_720_5_8_5 - Abra: 0.1075 seconds
INFO:root:CM_720_5_8_5 - Betweenness: 0.0497 seconds
INFO:root:CM_720_5_8_6 - RAND2: 0.0412 seconds
INFO:root:CM_720_5_8_6 - DIAM: 2.4144 seconds
INFO:root:CM_720_5_8_6 - Abra: 0.1084 seconds
INFO:root:CM_720_5_8_6 - Betweenness: 0.0508 seconds
INFO:root:CM_720_5_8_7 - RAND2: 0.0415 seconds
INFO:root:CM_720_5_8_7 - DIAM: 2.3560 seconds
INFO:root:CM_720_5_8_7 - Abra: 0.1089 seconds
INFO:root:CM_720_5_8_7 - Betweenness: 0.0555 seconds
INFO:root:CM_720_5_8_8 - RAND2: 0.0418 seconds
INFO:root:CM_720_5_8_8 - DIAM: 2.3255 seconds
INFO:root:CM_720_5_8_8 - Abra: 0.1052 seconds
INFO:root:CM_720_5_8_8 - Betweenness: 0.0522 seconds
INFO:root:CM_720_5_8_9 - RAND2: 0.0425 seconds
INFO:root:CM_720_5_8_9 - DIAM: 2.3254 seconds
INFO:root:CM_720_5_8_9 - Abra: 0.1036 seconds
INFO:root:CM_720_5_8_9 - Betweenness: 0.0522 seconds
INFO:root:CM_760_5_8_1 - RAND2: 0.0459 seconds
INFO:root:CM_760_5_8_1 - DIAM: 2.3474 seconds
INFO:root:CM_760_5_8_1 - Abra: 0.1184 seconds
INFO:root:CM_760_5_8_1 - Betweenness: 0.0542 seconds
INFO:root:CM_760_5_8_10 - RAND2: 0.0445 seconds
INFO:root:CM_760_5_8_10 - DIAM: 2.4828 seconds
INFO:root:CM_760_5_8_10 - Abra: 0.1182 seconds
INFO:root:CM_760_5_8_10 - Betweenness: 0.0615 seconds
INFO:root:CM_760_5_8_2 - RAND2: 0.0464 seconds
INFO:root:CM_760_5_8_2 - DIAM: 2.4196 seconds
INFO:root:CM_760_5_8_2 - Abra: 0.1146 seconds
INFO:root:CM_760_5_8_2 - Betweenness: 0.0538 seconds
INFO:root:CM_760_5_8_3 - RAND2: 0.0457 seconds
INFO:root:CM_760_5_8_3 - DIAM: 2.3795 seconds
INFO:root:CM_760_5_8_3 - Abra: 0.1238 seconds
INFO:root:CM_760_5_8_3 - Betweenness: 0.0548 seconds
INFO:root:CM_760_5_8_4 - RAND2: 0.0452 seconds
INFO:root:CM_760_5_8_4 - DIAM: 2.4005 seconds
INFO:root:CM_760_5_8_4 - Abra: 0.1162 seconds
INFO:root:CM_760_5_8_4 - Betweenness: 0.0590 seconds
INFO:root:CM_760_5_8_5 - RAND2: 0.0479 seconds
INFO:root:CM_760_5_8_5 - DIAM: 2.4309 seconds
INFO:root:CM_760_5_8_5 - Abra: 0.1193 seconds
INFO:root:CM_760_5_8_5 - Betweenness: 0.0572 seconds
INFO:root:CM_760_5_8_6 - RAND2: 0.0472 seconds
INFO:root:CM_760_5_8_6 - DIAM: 2.3707 seconds
INFO:root:CM_760_5_8_6 - Abra: 0.1181 seconds
INFO:root:CM_760_5_8_6 - Betweenness: 0.0630 seconds
INFO:root:CM_760_5_8_7 - RAND2: 0.0448 seconds
INFO:root:CM_760_5_8_7 - DIAM: 2.4046 seconds
INFO:root:CM_760_5_8_7 - Abra: 0.1108 seconds
INFO:root:CM_760_5_8_7 - Betweenness: 0.0566 seconds
INFO:root:CM_760_5_8_8 - RAND2: 0.0459 seconds
INFO:root:CM_760_5_8_8 - DIAM: 2.3293 seconds
INFO:root:CM_760_5_8_8 - Abra: 0.1188 seconds
INFO:root:CM_760_5_8_8 - Betweenness: 0.0567 seconds
INFO:root:CM_760_5_8_9 - RAND2: 0.0466 seconds
INFO:root:CM_760_5_8_9 - DIAM: 2.3688 seconds
INFO:root:CM_760_5_8_9 - Abra: 0.1133 seconds
INFO:root:CM_760_5_8_9 - Betweenness: 0.0604 seconds
INFO:root:CM_800_5_8_1 - RAND2: 0.0501 seconds
INFO:root:CM_800_5_8_1 - DIAM: 2.4467 seconds
INFO:root:CM_800_5_8_1 - Abra: 0.1489 seconds
INFO:root:CM_800_5_8_1 - Betweenness: 0.0594 seconds
INFO:root:CM_800_5_8_10 - RAND2: 0.0499 seconds
INFO:root:CM_800_5_8_10 - DIAM: 2.5594 seconds
INFO:root:CM_800_5_8_10 - Abra: 0.1286 seconds
INFO:root:CM_800_5_8_10 - Betweenness: 0.0591 seconds
INFO:root:CM_800_5_8_2 - RAND2: 0.0492 seconds
INFO:root:CM_800_5_8_2 - DIAM: 2.3998 seconds
INFO:root:CM_800_5_8_2 - Abra: 0.1577 seconds
INFO:root:CM_800_5_8_2 - Betweenness: 0.0646 seconds
INFO:root:CM_800_5_8_3 - RAND2: 0.0500 seconds
INFO:root:CM_800_5_8_3 - DIAM: 2.4241 seconds
INFO:root:CM_800_5_8_3 - Abra: 0.1512 seconds
INFO:root:CM_800_5_8_3 - Betweenness: 0.0662 seconds
INFO:root:CM_800_5_8_4 - RAND2: 0.0497 seconds
INFO:root:CM_800_5_8_4 - DIAM: 2.5802 seconds
INFO:root:CM_800_5_8_4 - Abra: 0.1278 seconds
INFO:root:CM_800_5_8_4 - Betweenness: 0.0602 seconds
INFO:root:CM_800_5_8_5 - RAND2: 0.0484 seconds
INFO:root:CM_800_5_8_5 - DIAM: 2.4649 seconds
INFO:root:CM_800_5_8_5 - Abra: 0.1309 seconds
INFO:root:CM_800_5_8_5 - Betweenness: 0.0736 seconds
INFO:root:CM_800_5_8_6 - RAND2: 0.0492 seconds
INFO:root:CM_800_5_8_6 - DIAM: 2.5309 seconds
INFO:root:CM_800_5_8_6 - Abra: 0.1249 seconds
INFO:root:CM_800_5_8_6 - Betweenness: 0.0638 seconds
INFO:root:CM_800_5_8_7 - RAND2: 0.0493 seconds
INFO:root:CM_800_5_8_7 - DIAM: 2.4768 seconds
INFO:root:CM_800_5_8_7 - Abra: 0.1258 seconds
INFO:root:CM_800_5_8_7 - Betweenness: 0.0709 seconds
INFO:root:CM_800_5_8_8 - RAND2: 0.0542 seconds
INFO:root:CM_800_5_8_8 - DIAM: 2.4838 seconds
INFO:root:CM_800_5_8_8 - Abra: 0.1305 seconds
INFO:root:CM_800_5_8_8 - Betweenness: 0.0599 seconds
INFO:root:CM_800_5_8_9 - RAND2: 0.0500 seconds
INFO:root:CM_800_5_8_9 - DIAM: 2.4995 seconds
INFO:root:CM_800_5_8_9 - Abra: 0.1333 seconds
INFO:root:CM_800_5_8_9 - Betweenness: 0.0621 seconds
