INFO:root:Started
INFO:root:CM_200_11_3_1 - RAND2: 0.0035 seconds
INFO:root:CM_200_11_3_1 - DIAM: 0.3883 seconds
INFO:root:CM_200_11_3_1 - Abra: 0.0246 seconds
INFO:root:CM_200_11_3_1 - Betweenness: 0.0037 seconds
INFO:root:CM_204_10_3_1 - RAND2: 0.0023 seconds
INFO:root:CM_204_10_3_1 - DIAM: 0.4138 seconds
INFO:root:CM_204_10_3_1 - Abra: 0.0418 seconds
INFO:root:CM_204_10_3_1 - Betweenness: 0.0049 seconds
INFO:root:CM_208_11_3_1 - RAND2: 0.0018 seconds
INFO:root:CM_208_11_3_1 - DIAM: 0.4791 seconds
INFO:root:CM_208_11_3_1 - Abra: 0.0204 seconds
INFO:root:CM_208_11_3_1 - Betweenness: 0.0032 seconds
INFO:root:CM_212_10_3_1 - RAND2: 0.0018 seconds
INFO:root:CM_212_10_3_1 - DIAM: 0.3914 seconds
INFO:root:CM_212_10_3_1 - Abra: 0.0075 seconds
INFO:root:CM_212_10_3_1 - Betweenness: 0.0044 seconds
INFO:root:CM_216_11_3_1 - RAND2: 0.0019 seconds
INFO:root:CM_216_11_3_1 - DIAM: 0.3999 seconds
INFO:root:CM_216_11_3_1 - Abra: 0.0075 seconds
INFO:root:CM_216_11_3_1 - Betweenness: 0.0032 seconds
INFO:root:CM_220_11_3_1 - RAND2: 0.0018 seconds
INFO:root:CM_220_11_3_1 - DIAM: 0.4042 seconds
INFO:root:CM_220_11_3_1 - Abra: 0.0106 seconds
INFO:root:CM_220_11_3_1 - Betweenness: 0.0032 seconds
INFO:root:CM_224_11_3_1 - RAND2: 0.0021 seconds
INFO:root:CM_224_11_3_1 - DIAM: 0.4052 seconds
INFO:root:CM_224_11_3_1 - Abra: 0.0072 seconds
INFO:root:CM_224_11_3_1 - Betweenness: 0.0032 seconds
INFO:root:CM_228_11_3_1 - RAND2: 0.0018 seconds
INFO:root:CM_228_11_3_1 - DIAM: 0.4404 seconds
INFO:root:CM_228_11_3_1 - Abra: 0.0069 seconds
INFO:root:CM_228_11_3_1 - Betweenness: 0.0046 seconds
INFO:root:CM_232_12_3_1 - RAND2: 0.0024 seconds
INFO:root:CM_232_12_3_1 - DIAM: 0.4394 seconds
INFO:root:CM_232_12_3_1 - Abra: 0.0070 seconds
INFO:root:CM_232_12_3_1 - Betweenness: 0.0040 seconds
INFO:root:CM_236_10_3_1 - RAND2: 0.0021 seconds
INFO:root:CM_236_10_3_1 - DIAM: 0.4697 seconds
INFO:root:CM_236_10_3_1 - Abra: 0.0350 seconds
INFO:root:CM_236_10_3_1 - Betweenness: 0.0066 seconds
INFO:root:CM_240_10_3_1 - RAND2: 0.0030 seconds
INFO:root:CM_240_10_3_1 - DIAM: 0.4552 seconds
INFO:root:CM_240_10_3_1 - Abra: 0.0078 seconds
INFO:root:CM_240_10_3_1 - Betweenness: 0.0037 seconds
INFO:root:CM_244_11_3_1 - RAND2: 0.0022 seconds
INFO:root:CM_244_11_3_1 - DIAM: 0.4642 seconds
INFO:root:CM_244_11_3_1 - Abra: 0.0375 seconds
INFO:root:CM_244_11_3_1 - Betweenness: 0.0050 seconds
INFO:root:CM_248_10_3_1 - RAND2: 0.0023 seconds
INFO:root:CM_248_10_3_1 - DIAM: 0.5026 seconds
INFO:root:CM_248_10_3_1 - Abra: 0.0127 seconds
INFO:root:CM_248_10_3_1 - Betweenness: 0.0047 seconds
INFO:root:CM_252_10_3_1 - RAND2: 0.0030 seconds
INFO:root:CM_252_10_3_1 - DIAM: 0.5124 seconds
INFO:root:CM_252_10_3_1 - Abra: 0.0553 seconds
INFO:root:CM_252_10_3_1 - Betweenness: 0.0050 seconds
INFO:root:CM_256_10_3_1 - RAND2: 0.0028 seconds
INFO:root:CM_256_10_3_1 - DIAM: 0.4988 seconds
INFO:root:CM_256_10_3_1 - Abra: 0.0099 seconds
INFO:root:CM_256_10_3_1 - Betweenness: 0.0044 seconds
INFO:root:CM_260_10_3_1 - RAND2: 0.0026 seconds
INFO:root:CM_260_10_3_1 - DIAM: 0.5270 seconds
INFO:root:CM_260_10_3_1 - Abra: 0.0719 seconds
INFO:root:CM_260_10_3_1 - Betweenness: 0.0089 seconds
INFO:root:CM_264_10_3_1 - RAND2: 0.0034 seconds
INFO:root:CM_264_10_3_1 - DIAM: 0.5221 seconds
INFO:root:CM_264_10_3_1 - Abra: 0.0287 seconds
INFO:root:CM_264_10_3_1 - Betweenness: 0.0051 seconds
INFO:root:CM_268_11_3_1 - RAND2: 0.0034 seconds
INFO:root:CM_268_11_3_1 - DIAM: 0.5335 seconds
INFO:root:CM_268_11_3_1 - Abra: 0.0196 seconds
INFO:root:CM_268_11_3_1 - Betweenness: 0.0046 seconds
INFO:root:CM_272_10_3_1 - RAND2: 0.0030 seconds
INFO:root:CM_272_10_3_1 - DIAM: 0.5421 seconds
INFO:root:CM_272_10_3_1 - Abra: 0.0282 seconds
INFO:root:CM_272_10_3_1 - Betweenness: 0.0068 seconds
INFO:root:CM_276_11_3_1 - RAND2: 0.0034 seconds
INFO:root:CM_276_11_3_1 - DIAM: 0.5465 seconds
INFO:root:CM_276_11_3_1 - Abra: 0.0078 seconds
INFO:root:CM_276_11_3_1 - Betweenness: 0.0048 seconds
INFO:root:CM_280_11_3_1 - RAND2: 0.0034 seconds
INFO:root:CM_280_11_3_1 - DIAM: 0.5816 seconds
INFO:root:CM_280_11_3_1 - Abra: 0.0085 seconds
INFO:root:CM_280_11_3_1 - Betweenness: 0.0058 seconds
INFO:root:CM_284_11_3_1 - RAND2: 0.0033 seconds
INFO:root:CM_284_11_3_1 - DIAM: 0.5828 seconds
INFO:root:CM_284_11_3_1 - Abra: 0.0119 seconds
INFO:root:CM_284_11_3_1 - Betweenness: 0.0053 seconds
INFO:root:CM_288_11_3_1 - RAND2: 0.0034 seconds
INFO:root:CM_288_11_3_1 - DIAM: 0.5987 seconds
INFO:root:CM_288_11_3_1 - Abra: 0.0090 seconds
INFO:root:CM_288_11_3_1 - Betweenness: 0.0054 seconds
INFO:root:CM_292_11_3_1 - RAND2: 0.0035 seconds
INFO:root:CM_292_11_3_1 - DIAM: 0.5869 seconds
INFO:root:CM_292_11_3_1 - Abra: 0.0078 seconds
INFO:root:CM_292_11_3_1 - Betweenness: 0.0069 seconds
INFO:root:CM_296_11_3_1 - RAND2: 0.0031 seconds
INFO:root:CM_296_11_3_1 - DIAM: 0.5644 seconds
INFO:root:CM_296_11_3_1 - Abra: 0.0084 seconds
INFO:root:CM_296_11_3_1 - Betweenness: 0.0059 seconds
INFO:root:CM_300_11_3_1 - RAND2: 0.0033 seconds
INFO:root:CM_300_11_3_1 - DIAM: 0.5690 seconds
INFO:root:CM_300_11_3_1 - Abra: 0.0207 seconds
INFO:root:CM_300_11_3_1 - Betweenness: 0.0058 seconds
INFO:root:CM_304_11_3_1 - RAND2: 0.0033 seconds
INFO:root:CM_304_11_3_1 - DIAM: 0.6212 seconds
INFO:root:CM_304_11_3_1 - Abra: 0.0246 seconds
INFO:root:CM_304_11_3_1 - Betweenness: 0.0091 seconds
INFO:root:CM_308_13_3_1 - RAND2: 0.0036 seconds
INFO:root:CM_308_13_3_1 - DIAM: 0.6015 seconds
INFO:root:CM_308_13_3_1 - Abra: 0.0081 seconds
INFO:root:CM_308_13_3_1 - Betweenness: 0.0076 seconds
INFO:root:CM_312_12_3_1 - RAND2: 0.0038 seconds
INFO:root:CM_312_12_3_1 - DIAM: 0.5899 seconds
INFO:root:CM_312_12_3_1 - Abra: 0.0091 seconds
INFO:root:CM_312_12_3_1 - Betweenness: 0.0062 seconds
INFO:root:CM_316_12_3_1 - RAND2: 0.0039 seconds
INFO:root:CM_316_12_3_1 - DIAM: 0.6010 seconds
INFO:root:CM_316_12_3_1 - Abra: 0.0075 seconds
INFO:root:CM_316_12_3_1 - Betweenness: 0.0062 seconds
INFO:root:CM_320_11_3_1 - RAND2: 0.0037 seconds
INFO:root:CM_320_11_3_1 - DIAM: 0.6090 seconds
INFO:root:CM_320_11_3_1 - Abra: 0.0127 seconds
INFO:root:CM_320_11_3_1 - Betweenness: 0.0064 seconds
INFO:root:CM_324_11_3_1 - RAND2: 0.0041 seconds
INFO:root:CM_324_11_3_1 - DIAM: 0.6357 seconds
INFO:root:CM_324_11_3_1 - Abra: 0.0390 seconds
INFO:root:CM_324_11_3_1 - Betweenness: 0.0098 seconds
INFO:root:CM_328_12_3_1 - RAND2: 0.0042 seconds
INFO:root:CM_328_12_3_1 - DIAM: 0.6007 seconds
INFO:root:CM_328_12_3_1 - Abra: 0.0188 seconds
INFO:root:CM_328_12_3_1 - Betweenness: 0.0069 seconds
INFO:root:CM_332_12_3_1 - RAND2: 0.0042 seconds
INFO:root:CM_332_12_3_1 - DIAM: 0.6061 seconds
INFO:root:CM_332_12_3_1 - Abra: 0.0092 seconds
INFO:root:CM_332_12_3_1 - Betweenness: 0.0098 seconds
INFO:root:CM_336_11_3_1 - RAND2: 0.0047 seconds
INFO:root:CM_336_11_3_1 - DIAM: 0.6676 seconds
INFO:root:CM_336_11_3_1 - Abra: 0.0113 seconds
INFO:root:CM_336_11_3_1 - Betweenness: 0.0075 seconds
INFO:root:CM_340_12_3_1 - RAND2: 0.0046 seconds
INFO:root:CM_340_12_3_1 - DIAM: 0.6436 seconds
INFO:root:CM_340_12_3_1 - Abra: 0.0113 seconds
INFO:root:CM_340_12_3_1 - Betweenness: 0.0072 seconds
INFO:root:CM_344_12_3_1 - RAND2: 0.0047 seconds
INFO:root:CM_344_12_3_1 - DIAM: 0.6552 seconds
INFO:root:CM_344_12_3_1 - Abra: 0.0099 seconds
INFO:root:CM_344_12_3_1 - Betweenness: 0.0081 seconds
INFO:root:CM_348_11_3_1 - RAND2: 0.0050 seconds
INFO:root:CM_348_11_3_1 - DIAM: 0.6504 seconds
INFO:root:CM_348_11_3_1 - Abra: 0.0127 seconds
INFO:root:CM_348_11_3_1 - Betweenness: 0.0076 seconds
INFO:root:CM_352_11_3_1 - RAND2: 0.0052 seconds
INFO:root:CM_352_11_3_1 - DIAM: 0.6977 seconds
INFO:root:CM_352_11_3_1 - Abra: 0.0127 seconds
INFO:root:CM_352_11_3_1 - Betweenness: 0.0110 seconds
INFO:root:CM_356_11_3_1 - RAND2: 0.0054 seconds
INFO:root:CM_356_11_3_1 - DIAM: 0.6841 seconds
INFO:root:CM_356_11_3_1 - Abra: 0.0437 seconds
INFO:root:CM_356_11_3_1 - Betweenness: 0.0081 seconds
INFO:root:CM_360_12_3_1 - RAND2: 0.0051 seconds
INFO:root:CM_360_12_3_1 - DIAM: 0.6985 seconds
INFO:root:CM_360_12_3_1 - Abra: 0.0092 seconds
INFO:root:CM_360_12_3_1 - Betweenness: 0.0097 seconds
INFO:root:CM_364_11_3_1 - RAND2: 0.0056 seconds
INFO:root:CM_364_11_3_1 - DIAM: 0.7318 seconds
INFO:root:CM_364_11_3_1 - Abra: 0.0364 seconds
INFO:root:CM_364_11_3_1 - Betweenness: 0.0116 seconds
INFO:root:CM_368_11_3_1 - RAND2: 0.0070 seconds
INFO:root:CM_368_11_3_1 - DIAM: 0.7090 seconds
INFO:root:CM_368_11_3_1 - Abra: 0.0123 seconds
INFO:root:CM_368_11_3_1 - Betweenness: 0.0111 seconds
INFO:root:CM_372_11_3_1 - RAND2: 0.0056 seconds
INFO:root:CM_372_11_3_1 - DIAM: 0.7003 seconds
INFO:root:CM_372_11_3_1 - Abra: 0.0482 seconds
INFO:root:CM_372_11_3_1 - Betweenness: 0.0132 seconds
INFO:root:CM_376_12_3_1 - RAND2: 0.0055 seconds
INFO:root:CM_376_12_3_1 - DIAM: 0.6982 seconds
INFO:root:CM_376_12_3_1 - Abra: 0.0107 seconds
INFO:root:CM_376_12_3_1 - Betweenness: 0.0099 seconds
INFO:root:CM_380_11_3_1 - RAND2: 0.0060 seconds
INFO:root:CM_380_11_3_1 - DIAM: 0.7465 seconds
INFO:root:CM_380_11_3_1 - Abra: 0.0197 seconds
INFO:root:CM_380_11_3_1 - Betweenness: 0.0085 seconds
INFO:root:CM_384_11_3_1 - RAND2: 0.0058 seconds
INFO:root:CM_384_11_3_1 - DIAM: 0.7131 seconds
INFO:root:CM_384_11_3_1 - Abra: 0.0157 seconds
INFO:root:CM_384_11_3_1 - Betweenness: 0.0094 seconds
INFO:root:CM_388_12_3_1 - RAND2: 0.0057 seconds
INFO:root:CM_388_12_3_1 - DIAM: 0.6902 seconds
INFO:root:CM_388_12_3_1 - Abra: 0.0127 seconds
INFO:root:CM_388_12_3_1 - Betweenness: 0.0089 seconds
INFO:root:CM_392_12_3_1 - RAND2: 0.0061 seconds
INFO:root:CM_392_12_3_1 - DIAM: 0.7198 seconds
INFO:root:CM_392_12_3_1 - Abra: 0.0098 seconds
INFO:root:CM_392_12_3_1 - Betweenness: 0.0098 seconds
INFO:root:CM_396_11_3_1 - RAND2: 0.0063 seconds
INFO:root:CM_396_11_3_1 - DIAM: 0.7135 seconds
INFO:root:CM_396_11_3_1 - Abra: 0.0356 seconds
INFO:root:CM_396_11_3_1 - Betweenness: 0.0139 seconds
INFO:root:CM_400_12_3_1 - RAND2: 0.0070 seconds
INFO:root:CM_400_12_3_1 - DIAM: 0.7721 seconds
INFO:root:CM_400_12_3_1 - Abra: 0.0111 seconds
INFO:root:CM_400_12_3_1 - Betweenness: 0.0110 seconds
INFO:root:CM_404_12_3_1 - RAND2: 0.0062 seconds
INFO:root:CM_404_12_3_1 - DIAM: 0.7192 seconds
INFO:root:CM_404_12_3_1 - Abra: 0.0113 seconds
INFO:root:CM_404_12_3_1 - Betweenness: 0.0100 seconds
INFO:root:CM_408_11_3_1 - RAND2: 0.0065 seconds
INFO:root:CM_408_11_3_1 - DIAM: 0.7864 seconds
INFO:root:CM_408_11_3_1 - Abra: 0.0145 seconds
INFO:root:CM_408_11_3_1 - Betweenness: 0.0099 seconds
INFO:root:CM_412_12_3_1 - RAND2: 0.0067 seconds
INFO:root:CM_412_12_3_1 - DIAM: 0.7368 seconds
INFO:root:CM_412_12_3_1 - Abra: 0.0109 seconds
INFO:root:CM_412_12_3_1 - Betweenness: 0.0101 seconds
INFO:root:CM_416_12_3_1 - RAND2: 0.0079 seconds
INFO:root:CM_416_12_3_1 - DIAM: 0.7804 seconds
INFO:root:CM_416_12_3_1 - Abra: 0.0112 seconds
INFO:root:CM_416_12_3_1 - Betweenness: 0.0131 seconds
INFO:root:CM_420_12_3_1 - RAND2: 0.0068 seconds
INFO:root:CM_420_12_3_1 - DIAM: 0.7723 seconds
INFO:root:CM_420_12_3_1 - Abra: 0.0137 seconds
INFO:root:CM_420_12_3_1 - Betweenness: 0.0106 seconds
INFO:root:CM_424_11_3_1 - RAND2: 0.0063 seconds
INFO:root:CM_424_11_3_1 - DIAM: 0.7383 seconds
INFO:root:CM_424_11_3_1 - Abra: 0.0192 seconds
INFO:root:CM_424_11_3_1 - Betweenness: 0.0114 seconds
INFO:root:CM_428_12_3_1 - RAND2: 0.0070 seconds
INFO:root:CM_428_12_3_1 - DIAM: 0.8035 seconds
INFO:root:CM_428_12_3_1 - Abra: 0.0109 seconds
INFO:root:CM_428_12_3_1 - Betweenness: 0.0112 seconds
INFO:root:CM_432_11_3_1 - RAND2: 0.0074 seconds
INFO:root:CM_432_11_3_1 - DIAM: 0.8239 seconds
INFO:root:CM_432_11_3_1 - Abra: 0.0176 seconds
INFO:root:CM_432_11_3_1 - Betweenness: 0.0108 seconds
INFO:root:CM_436_12_3_1 - RAND2: 0.0074 seconds
INFO:root:CM_436_12_3_1 - DIAM: 0.8059 seconds
INFO:root:CM_436_12_3_1 - Abra: 0.0284 seconds
INFO:root:CM_436_12_3_1 - Betweenness: 0.0137 seconds
INFO:root:CM_440_13_3_1 - RAND2: 0.0082 seconds
INFO:root:CM_440_13_3_1 - DIAM: 0.8152 seconds
INFO:root:CM_440_13_3_1 - Abra: 0.0333 seconds
INFO:root:CM_440_13_3_1 - Betweenness: 0.0130 seconds
INFO:root:CM_444_12_3_1 - RAND2: 0.0071 seconds
INFO:root:CM_444_12_3_1 - DIAM: 0.8035 seconds
INFO:root:CM_444_12_3_1 - Abra: 0.0121 seconds
INFO:root:CM_444_12_3_1 - Betweenness: 0.0134 seconds
INFO:root:CM_448_13_3_1 - RAND2: 0.0075 seconds
INFO:root:CM_448_13_3_1 - DIAM: 0.8455 seconds
INFO:root:CM_448_13_3_1 - Abra: 0.0103 seconds
INFO:root:CM_448_13_3_1 - Betweenness: 0.0158 seconds
INFO:root:CM_452_11_3_1 - RAND2: 0.0080 seconds
INFO:root:CM_452_11_3_1 - DIAM: 0.8027 seconds
INFO:root:CM_452_11_3_1 - Abra: 0.0288 seconds
INFO:root:CM_452_11_3_1 - Betweenness: 0.0177 seconds
INFO:root:CM_456_12_3_1 - RAND2: 0.0080 seconds
INFO:root:CM_456_12_3_1 - DIAM: 0.8206 seconds
INFO:root:CM_456_12_3_1 - Abra: 0.0130 seconds
INFO:root:CM_456_12_3_1 - Betweenness: 0.0139 seconds
INFO:root:CM_460_12_3_1 - RAND2: 0.0084 seconds
INFO:root:CM_460_12_3_1 - DIAM: 0.8463 seconds
INFO:root:CM_460_12_3_1 - Abra: 0.0177 seconds
INFO:root:CM_460_12_3_1 - Betweenness: 0.0228 seconds
INFO:root:CM_464_12_3_1 - RAND2: 0.0086 seconds
INFO:root:CM_464_12_3_1 - DIAM: 0.8355 seconds
INFO:root:CM_464_12_3_1 - Abra: 0.0123 seconds
INFO:root:CM_464_12_3_1 - Betweenness: 0.0130 seconds
INFO:root:CM_468_12_3_1 - RAND2: 0.0084 seconds
INFO:root:CM_468_12_3_1 - DIAM: 0.8147 seconds
INFO:root:CM_468_12_3_1 - Abra: 0.0308 seconds
INFO:root:CM_468_12_3_1 - Betweenness: 0.0146 seconds
INFO:root:CM_472_12_3_1 - RAND2: 0.0090 seconds
INFO:root:CM_472_12_3_1 - DIAM: 0.8416 seconds
INFO:root:CM_472_12_3_1 - Abra: 0.0159 seconds
INFO:root:CM_472_12_3_1 - Betweenness: 0.0144 seconds
INFO:root:CM_476_12_3_1 - RAND2: 0.0085 seconds
INFO:root:CM_476_12_3_1 - DIAM: 0.8932 seconds
INFO:root:CM_476_12_3_1 - Abra: 0.0123 seconds
INFO:root:CM_476_12_3_1 - Betweenness: 0.0135 seconds
INFO:root:CM_480_12_3_1 - RAND2: 0.0083 seconds
INFO:root:CM_480_12_3_1 - DIAM: 0.8411 seconds
INFO:root:CM_480_12_3_1 - Abra: 0.0135 seconds
INFO:root:CM_480_12_3_1 - Betweenness: 0.0152 seconds
INFO:root:CM_484_12_3_1 - RAND2: 0.0092 seconds
INFO:root:CM_484_12_3_1 - DIAM: 0.8924 seconds
INFO:root:CM_484_12_3_1 - Abra: 0.0146 seconds
INFO:root:CM_484_12_3_1 - Betweenness: 0.0153 seconds
INFO:root:CM_488_12_3_1 - RAND2: 0.0087 seconds
INFO:root:CM_488_12_3_1 - DIAM: 0.8378 seconds
INFO:root:CM_488_12_3_1 - Abra: 0.0176 seconds
INFO:root:CM_488_12_3_1 - Betweenness: 0.0156 seconds
INFO:root:CM_492_12_3_1 - RAND2: 0.0093 seconds
INFO:root:CM_492_12_3_1 - DIAM: 0.9002 seconds
INFO:root:CM_492_12_3_1 - Abra: 0.0136 seconds
INFO:root:CM_492_12_3_1 - Betweenness: 0.0163 seconds
INFO:root:CM_496_12_3_1 - RAND2: 0.0103 seconds
INFO:root:CM_496_12_3_1 - DIAM: 0.9425 seconds
INFO:root:CM_496_12_3_1 - Abra: 0.0152 seconds
INFO:root:CM_496_12_3_1 - Betweenness: 0.0146 seconds
INFO:root:CM_500_12_3_1 - RAND2: 0.0095 seconds
INFO:root:CM_500_12_3_1 - DIAM: 0.9129 seconds
INFO:root:CM_500_12_3_1 - Abra: 0.0190 seconds
INFO:root:CM_500_12_3_1 - Betweenness: 0.0198 seconds
INFO:root:CM_504_12_3_1 - RAND2: 0.0104 seconds
INFO:root:CM_504_12_3_1 - DIAM: 0.9749 seconds
INFO:root:CM_504_12_3_1 - Abra: 0.0181 seconds
INFO:root:CM_504_12_3_1 - Betweenness: 0.0165 seconds
INFO:root:CM_508_12_3_1 - RAND2: 0.0103 seconds
INFO:root:CM_508_12_3_1 - DIAM: 0.9601 seconds
INFO:root:CM_508_12_3_1 - Abra: 0.0446 seconds
INFO:root:CM_508_12_3_1 - Betweenness: 0.0172 seconds
INFO:root:CM_512_13_3_1 - RAND2: 0.0105 seconds
INFO:root:CM_512_13_3_1 - DIAM: 0.9496 seconds
INFO:root:CM_512_13_3_1 - Abra: 0.0437 seconds
INFO:root:CM_512_13_3_1 - Betweenness: 0.0182 seconds
INFO:root:CM_516_12_3_1 - RAND2: 0.0114 seconds
INFO:root:CM_516_12_3_1 - DIAM: 0.9649 seconds
INFO:root:CM_516_12_3_1 - Abra: 0.0171 seconds
INFO:root:CM_516_12_3_1 - Betweenness: 0.0183 seconds
INFO:root:CM_520_11_3_1 - RAND2: 0.0116 seconds
INFO:root:CM_520_11_3_1 - DIAM: 0.9809 seconds
INFO:root:CM_520_11_3_1 - Abra: 0.0706 seconds
INFO:root:CM_520_11_3_1 - Betweenness: 0.0176 seconds
INFO:root:CM_524_12_3_1 - RAND2: 0.0114 seconds
INFO:root:CM_524_12_3_1 - DIAM: 0.9303 seconds
INFO:root:CM_524_12_3_1 - Abra: 0.0151 seconds
INFO:root:CM_524_12_3_1 - Betweenness: 0.0201 seconds
INFO:root:CM_528_12_3_1 - RAND2: 0.0110 seconds
INFO:root:CM_528_12_3_1 - DIAM: 0.9498 seconds
INFO:root:CM_528_12_3_1 - Abra: 0.0483 seconds
INFO:root:CM_528_12_3_1 - Betweenness: 0.0190 seconds
INFO:root:CM_532_12_3_1 - RAND2: 0.0107 seconds
INFO:root:CM_532_12_3_1 - DIAM: 1.0060 seconds
INFO:root:CM_532_12_3_1 - Abra: 0.0184 seconds
INFO:root:CM_532_12_3_1 - Betweenness: 0.0177 seconds
INFO:root:CM_536_12_3_1 - RAND2: 0.0110 seconds
INFO:root:CM_536_12_3_1 - DIAM: 0.9624 seconds
INFO:root:CM_536_12_3_1 - Abra: 0.0499 seconds
INFO:root:CM_536_12_3_1 - Betweenness: 0.0230 seconds
INFO:root:CM_540_13_3_1 - RAND2: 0.0110 seconds
INFO:root:CM_540_13_3_1 - DIAM: 0.9611 seconds
INFO:root:CM_540_13_3_1 - Abra: 0.0135 seconds
INFO:root:CM_540_13_3_1 - Betweenness: 0.0187 seconds
INFO:root:CM_544_12_3_1 - RAND2: 0.0107 seconds
INFO:root:CM_544_12_3_1 - DIAM: 1.0129 seconds
INFO:root:CM_544_12_3_1 - Abra: 0.0307 seconds
INFO:root:CM_544_12_3_1 - Betweenness: 0.0208 seconds
INFO:root:CM_548_12_3_1 - RAND2: 0.0107 seconds
INFO:root:CM_548_12_3_1 - DIAM: 0.9935 seconds
INFO:root:CM_548_12_3_1 - Abra: 0.0178 seconds
INFO:root:CM_548_12_3_1 - Betweenness: 0.0196 seconds
INFO:root:CM_552_13_3_1 - RAND2: 0.0111 seconds
INFO:root:CM_552_13_3_1 - DIAM: 0.9836 seconds
INFO:root:CM_552_13_3_1 - Abra: 0.0157 seconds
INFO:root:CM_552_13_3_1 - Betweenness: 0.0188 seconds
INFO:root:CM_556_12_3_1 - RAND2: 0.0114 seconds
INFO:root:CM_556_12_3_1 - DIAM: 1.0505 seconds
INFO:root:CM_556_12_3_1 - Abra: 0.0190 seconds
INFO:root:CM_556_12_3_1 - Betweenness: 0.0202 seconds
INFO:root:CM_560_13_3_1 - RAND2: 0.0117 seconds
INFO:root:CM_560_13_3_1 - DIAM: 0.9941 seconds
INFO:root:CM_560_13_3_1 - Abra: 0.0647 seconds
INFO:root:CM_560_13_3_1 - Betweenness: 0.0200 seconds
INFO:root:CM_564_12_3_1 - RAND2: 0.0123 seconds
INFO:root:CM_564_12_3_1 - DIAM: 1.0419 seconds
INFO:root:CM_564_12_3_1 - Abra: 0.0249 seconds
INFO:root:CM_564_12_3_1 - Betweenness: 0.0205 seconds
INFO:root:CM_568_12_3_1 - RAND2: 0.0130 seconds
INFO:root:CM_568_12_3_1 - DIAM: 1.1102 seconds
INFO:root:CM_568_12_3_1 - Abra: 0.0191 seconds
INFO:root:CM_568_12_3_1 - Betweenness: 0.0235 seconds
INFO:root:CM_572_12_3_1 - RAND2: 0.0135 seconds
INFO:root:CM_572_12_3_1 - DIAM: 1.0517 seconds
INFO:root:CM_572_12_3_1 - Abra: 0.0285 seconds
INFO:root:CM_572_12_3_1 - Betweenness: 0.0199 seconds
INFO:root:CM_576_12_3_1 - RAND2: 0.0132 seconds
INFO:root:CM_576_12_3_1 - DIAM: 1.0591 seconds
INFO:root:CM_576_12_3_1 - Abra: 0.0192 seconds
INFO:root:CM_576_12_3_1 - Betweenness: 0.0213 seconds
INFO:root:CM_580_14_3_1 - RAND2: 0.0144 seconds
INFO:root:CM_580_14_3_1 - DIAM: 1.0944 seconds
INFO:root:CM_580_14_3_1 - Abra: 0.0106 seconds
INFO:root:CM_580_14_3_1 - Betweenness: 0.0210 seconds
INFO:root:CM_584_13_3_1 - RAND2: 0.0130 seconds
INFO:root:CM_584_13_3_1 - DIAM: 1.0348 seconds
INFO:root:CM_584_13_3_1 - Abra: 0.0148 seconds
INFO:root:CM_584_13_3_1 - Betweenness: 0.0226 seconds
INFO:root:CM_588_12_3_1 - RAND2: 0.0134 seconds
INFO:root:CM_588_12_3_1 - DIAM: 1.0417 seconds
INFO:root:CM_588_12_3_1 - Abra: 0.0186 seconds
INFO:root:CM_588_12_3_1 - Betweenness: 0.0208 seconds
INFO:root:CM_592_12_3_1 - RAND2: 0.0138 seconds
INFO:root:CM_592_12_3_1 - DIAM: 1.1265 seconds
INFO:root:CM_592_12_3_1 - Abra: 0.0186 seconds
INFO:root:CM_592_12_3_1 - Betweenness: 0.0216 seconds
INFO:root:CM_596_13_3_1 - RAND2: 0.0126 seconds
INFO:root:CM_596_13_3_1 - DIAM: 1.0567 seconds
INFO:root:CM_596_13_3_1 - Abra: 0.0148 seconds
INFO:root:CM_596_13_3_1 - Betweenness: 0.0220 seconds
