INFO:root:Started
INFO:root:CM_400_109_2_5 - RAND2: 0.0029 seconds
INFO:root:CM_400_109_2_5 - DIAM: 0.2839 seconds
INFO:root:CM_400_109_2_5 - Abra: 0.0172 seconds
INFO:root:CM_400_109_2_5 - Betweenness: 0.0034 seconds
INFO:root:CM_400_115_2_10 - RAND2: 0.0022 seconds
INFO:root:CM_400_115_2_10 - DIAM: 0.3642 seconds
INFO:root:CM_400_115_2_10 - Abra: 0.0235 seconds
INFO:root:CM_400_115_2_10 - Betweenness: 0.0038 seconds
INFO:root:CM_400_116_2_3 - RAND2: 0.0029 seconds
INFO:root:CM_400_116_2_3 - DIAM: 0.3906 seconds
INFO:root:CM_400_116_2_3 - Abra: 0.0416 seconds
INFO:root:CM_400_116_2_3 - Betweenness: 0.0037 seconds
INFO:root:CM_400_117_2_1 - RAND2: 0.0024 seconds
INFO:root:CM_400_117_2_1 - DIAM: 0.4112 seconds
INFO:root:CM_400_117_2_1 - Abra: 0.0207 seconds
INFO:root:CM_400_117_2_1 - Betweenness: 0.0030 seconds
INFO:root:CM_400_11_3_2 - RAND2: 0.0065 seconds
INFO:root:CM_400_11_3_2 - DIAM: 0.7076 seconds
INFO:root:CM_400_11_3_2 - Abra: 0.0147 seconds
INFO:root:CM_400_11_3_2 - Betweenness: 0.0095 seconds
INFO:root:CM_400_11_3_7 - RAND2: 0.0058 seconds
INFO:root:CM_400_11_3_7 - DIAM: 0.6991 seconds
INFO:root:CM_400_11_3_7 - Abra: 0.0141 seconds
INFO:root:CM_400_11_3_7 - Betweenness: 0.0108 seconds
INFO:root:CM_400_11_3_9 - RAND2: 0.0068 seconds
INFO:root:CM_400_11_3_9 - DIAM: 0.7515 seconds
INFO:root:CM_400_11_3_9 - Abra: 0.0283 seconds
INFO:root:CM_400_11_3_9 - Betweenness: 0.0109 seconds
INFO:root:CM_400_12_3_1 - RAND2: 0.0075 seconds
INFO:root:CM_400_12_3_1 - DIAM: 0.7375 seconds
INFO:root:CM_400_12_3_1 - Abra: 0.0377 seconds
INFO:root:CM_400_12_3_1 - Betweenness: 0.0099 seconds
INFO:root:CM_400_12_3_10 - RAND2: 0.0071 seconds
INFO:root:CM_400_12_3_10 - DIAM: 0.8145 seconds
INFO:root:CM_400_12_3_10 - Abra: 0.0130 seconds
INFO:root:CM_400_12_3_10 - Betweenness: 0.0126 seconds
INFO:root:CM_400_12_3_3 - RAND2: 0.0066 seconds
INFO:root:CM_400_12_3_3 - DIAM: 0.7500 seconds
INFO:root:CM_400_12_3_3 - Abra: 0.0381 seconds
INFO:root:CM_400_12_3_3 - Betweenness: 0.0103 seconds
INFO:root:CM_400_12_3_4 - RAND2: 0.0067 seconds
INFO:root:CM_400_12_3_4 - DIAM: 0.7550 seconds
INFO:root:CM_400_12_3_4 - Abra: 0.0126 seconds
INFO:root:CM_400_12_3_4 - Betweenness: 0.0105 seconds
INFO:root:CM_400_12_3_5 - RAND2: 0.0071 seconds
INFO:root:CM_400_12_3_5 - DIAM: 0.8106 seconds
INFO:root:CM_400_12_3_5 - Abra: 0.0098 seconds
INFO:root:CM_400_12_3_5 - Betweenness: 0.0149 seconds
INFO:root:CM_400_12_3_6 - RAND2: 0.0066 seconds
INFO:root:CM_400_12_3_6 - DIAM: 0.7417 seconds
INFO:root:CM_400_12_3_6 - Abra: 0.0132 seconds
INFO:root:CM_400_12_3_6 - Betweenness: 0.0110 seconds
INFO:root:CM_400_12_3_8 - RAND2: 0.0061 seconds
INFO:root:CM_400_12_3_8 - DIAM: 0.7096 seconds
INFO:root:CM_400_12_3_8 - Abra: 0.0106 seconds
INFO:root:CM_400_12_3_8 - Betweenness: 0.0104 seconds
INFO:root:CM_400_134_2_8 - RAND2: 0.0025 seconds
INFO:root:CM_400_134_2_8 - DIAM: 0.5760 seconds
INFO:root:CM_400_134_2_8 - Abra: 0.0277 seconds
INFO:root:CM_400_134_2_8 - Betweenness: 0.0043 seconds
INFO:root:CM_400_179_2_6 - RAND2: 0.0042 seconds
INFO:root:CM_400_179_2_6 - DIAM: 0.7515 seconds
INFO:root:CM_400_179_2_6 - Abra: 0.0880 seconds
INFO:root:CM_400_179_2_6 - Betweenness: 0.0054 seconds
INFO:root:CM_400_179_2_9 - RAND2: 0.0038 seconds
INFO:root:CM_400_179_2_9 - DIAM: 0.5775 seconds
INFO:root:CM_400_179_2_9 - Abra: 0.0709 seconds
INFO:root:CM_400_179_2_9 - Betweenness: 0.0048 seconds
INFO:root:CM_400_180_2_4 - RAND2: 0.0036 seconds
INFO:root:CM_400_180_2_4 - DIAM: 0.6253 seconds
INFO:root:CM_400_180_2_4 - Abra: 0.0782 seconds
INFO:root:CM_400_180_2_4 - Betweenness: 0.0091 seconds
INFO:root:CM_400_192_2_2 - RAND2: 0.0041 seconds
INFO:root:CM_400_192_2_2 - DIAM: 0.6931 seconds
INFO:root:CM_400_192_2_2 - Abra: 0.0777 seconds
INFO:root:CM_400_192_2_2 - Betweenness: 0.0067 seconds
INFO:root:CM_400_197_2_7 - RAND2: 0.0039 seconds
INFO:root:CM_400_197_2_7 - DIAM: 0.7053 seconds
INFO:root:CM_400_197_2_7 - Abra: 0.1122 seconds
INFO:root:CM_400_197_2_7 - Betweenness: 0.0074 seconds
INFO:root:CM_400_5_6_2 - RAND2: 0.0112 seconds
INFO:root:CM_400_5_6_2 - DIAM: 1.0897 seconds
INFO:root:CM_400_5_6_2 - Abra: 0.0348 seconds
INFO:root:CM_400_5_6_2 - Betweenness: 0.0153 seconds
INFO:root:CM_400_5_7_1 - RAND2: 0.0117 seconds
INFO:root:CM_400_5_7_1 - DIAM: 1.1920 seconds
INFO:root:CM_400_5_7_1 - Abra: 0.0308 seconds
INFO:root:CM_400_5_7_1 - Betweenness: 0.0155 seconds
INFO:root:CM_400_5_7_10 - RAND2: 0.0121 seconds
INFO:root:CM_400_5_7_10 - DIAM: 1.2204 seconds
INFO:root:CM_400_5_7_10 - Abra: 0.0305 seconds
INFO:root:CM_400_5_7_10 - Betweenness: 0.0176 seconds
INFO:root:CM_400_5_7_2 - RAND2: 0.0117 seconds
INFO:root:CM_400_5_7_2 - DIAM: 1.0377 seconds
INFO:root:CM_400_5_7_2 - Abra: 0.0294 seconds
INFO:root:CM_400_5_7_2 - Betweenness: 0.0158 seconds
INFO:root:CM_400_5_7_3 - RAND2: 0.0120 seconds
INFO:root:CM_400_5_7_3 - DIAM: 1.1867 seconds
INFO:root:CM_400_5_7_3 - Abra: 0.0318 seconds
INFO:root:CM_400_5_7_3 - Betweenness: 0.0157 seconds
INFO:root:CM_400_5_7_4 - RAND2: 0.0120 seconds
INFO:root:CM_400_5_7_4 - DIAM: 1.2816 seconds
INFO:root:CM_400_5_7_4 - Abra: 0.0935 seconds
INFO:root:CM_400_5_7_4 - Betweenness: 0.0165 seconds
INFO:root:CM_400_5_7_5 - RAND2: 0.0132 seconds
INFO:root:CM_400_5_7_5 - DIAM: 1.2639 seconds
INFO:root:CM_400_5_7_5 - Abra: 0.0364 seconds
INFO:root:CM_400_5_7_5 - Betweenness: 0.0157 seconds
INFO:root:CM_400_5_7_6 - RAND2: 0.0126 seconds
INFO:root:CM_400_5_7_6 - DIAM: 1.0988 seconds
INFO:root:CM_400_5_7_6 - Abra: 0.0583 seconds
INFO:root:CM_400_5_7_6 - Betweenness: 0.0182 seconds
INFO:root:CM_400_5_7_7 - RAND2: 0.0135 seconds
INFO:root:CM_400_5_7_7 - DIAM: 1.0175 seconds
INFO:root:CM_400_5_7_7 - Abra: 0.0301 seconds
INFO:root:CM_400_5_7_7 - Betweenness: 0.0170 seconds
INFO:root:CM_400_5_7_8 - RAND2: 0.0122 seconds
INFO:root:CM_400_5_7_8 - DIAM: 1.1988 seconds
INFO:root:CM_400_5_7_8 - Abra: 0.0313 seconds
INFO:root:CM_400_5_7_8 - Betweenness: 0.0153 seconds
INFO:root:CM_400_5_7_9 - RAND2: 0.0121 seconds
INFO:root:CM_400_5_7_9 - DIAM: 1.2143 seconds
INFO:root:CM_400_5_7_9 - Abra: 0.0308 seconds
INFO:root:CM_400_5_7_9 - Betweenness: 0.0151 seconds
INFO:root:CM_400_5_8_1 - RAND2: 0.0138 seconds
INFO:root:CM_400_5_8_1 - DIAM: 1.0923 seconds
INFO:root:CM_400_5_8_1 - Abra: 0.0123 seconds
INFO:root:CM_400_5_8_1 - Betweenness: 0.0173 seconds
INFO:root:CM_400_5_8_10 - RAND2: 0.0142 seconds
INFO:root:CM_400_5_8_10 - DIAM: 1.2901 seconds
INFO:root:CM_400_5_8_10 - Abra: 0.0125 seconds
INFO:root:CM_400_5_8_10 - Betweenness: 0.0178 seconds
INFO:root:CM_400_5_8_2 - RAND2: 0.0140 seconds
INFO:root:CM_400_5_8_2 - DIAM: 1.1153 seconds
INFO:root:CM_400_5_8_2 - Abra: 0.0151 seconds
INFO:root:CM_400_5_8_2 - Betweenness: 0.0172 seconds
INFO:root:CM_400_5_8_3 - RAND2: 0.0138 seconds
INFO:root:CM_400_5_8_3 - DIAM: 1.0862 seconds
INFO:root:CM_400_5_8_3 - Abra: 0.0124 seconds
INFO:root:CM_400_5_8_3 - Betweenness: 0.0174 seconds
INFO:root:CM_400_5_8_4 - RAND2: 0.0135 seconds
INFO:root:CM_400_5_8_4 - DIAM: 1.0968 seconds
INFO:root:CM_400_5_8_4 - Abra: 0.0126 seconds
INFO:root:CM_400_5_8_4 - Betweenness: 0.0178 seconds
INFO:root:CM_400_5_8_5 - RAND2: 0.0135 seconds
INFO:root:CM_400_5_8_5 - DIAM: 1.1090 seconds
INFO:root:CM_400_5_8_5 - Abra: 0.0127 seconds
INFO:root:CM_400_5_8_5 - Betweenness: 0.0179 seconds
INFO:root:CM_400_5_8_6 - RAND2: 0.0135 seconds
INFO:root:CM_400_5_8_6 - DIAM: 1.1030 seconds
INFO:root:CM_400_5_8_6 - Abra: 0.0130 seconds
INFO:root:CM_400_5_8_6 - Betweenness: 0.0171 seconds
INFO:root:CM_400_5_8_7 - RAND2: 0.0133 seconds
INFO:root:CM_400_5_8_7 - DIAM: 1.1251 seconds
INFO:root:CM_400_5_8_7 - Abra: 0.0718 seconds
INFO:root:CM_400_5_8_7 - Betweenness: 0.0211 seconds
INFO:root:CM_400_5_8_8 - RAND2: 0.0141 seconds
INFO:root:CM_400_5_8_8 - DIAM: 1.1390 seconds
INFO:root:CM_400_5_8_8 - Abra: 0.0127 seconds
INFO:root:CM_400_5_8_8 - Betweenness: 0.0246 seconds
INFO:root:CM_400_5_8_9 - RAND2: 0.0146 seconds
INFO:root:CM_400_5_8_9 - DIAM: 1.3446 seconds
INFO:root:CM_400_5_8_9 - Abra: 0.0123 seconds
INFO:root:CM_400_5_8_9 - Betweenness: 0.0174 seconds
INFO:root:CM_400_6_5_10 - RAND2: 0.0096 seconds
INFO:root:CM_400_6_5_10 - DIAM: 1.0308 seconds
INFO:root:CM_400_6_5_10 - Abra: 0.0319 seconds
INFO:root:CM_400_6_5_10 - Betweenness: 0.0135 seconds
INFO:root:CM_400_6_5_2 - RAND2: 0.0094 seconds
INFO:root:CM_400_6_5_2 - DIAM: 0.9567 seconds
INFO:root:CM_400_6_5_2 - Abra: 0.0321 seconds
INFO:root:CM_400_6_5_2 - Betweenness: 0.0144 seconds
INFO:root:CM_400_6_5_3 - RAND2: 0.0095 seconds
INFO:root:CM_400_6_5_3 - DIAM: 0.9817 seconds
INFO:root:CM_400_6_5_3 - Abra: 0.0318 seconds
INFO:root:CM_400_6_5_3 - Betweenness: 0.0129 seconds
INFO:root:CM_400_6_5_4 - RAND2: 0.0096 seconds
INFO:root:CM_400_6_5_4 - DIAM: 0.9850 seconds
INFO:root:CM_400_6_5_4 - Abra: 0.0680 seconds
INFO:root:CM_400_6_5_4 - Betweenness: 0.0151 seconds
INFO:root:CM_400_6_5_5 - RAND2: 0.0097 seconds
INFO:root:CM_400_6_5_5 - DIAM: 0.9861 seconds
INFO:root:CM_400_6_5_5 - Abra: 0.0296 seconds
INFO:root:CM_400_6_5_5 - Betweenness: 0.0149 seconds
INFO:root:CM_400_6_5_6 - RAND2: 0.0107 seconds
INFO:root:CM_400_6_5_6 - DIAM: 0.9756 seconds
INFO:root:CM_400_6_5_6 - Abra: 0.0684 seconds
INFO:root:CM_400_6_5_6 - Betweenness: 0.0207 seconds
INFO:root:CM_400_6_5_7 - RAND2: 0.0108 seconds
INFO:root:CM_400_6_5_7 - DIAM: 1.0263 seconds
INFO:root:CM_400_6_5_7 - Abra: 0.0301 seconds
INFO:root:CM_400_6_5_7 - Betweenness: 0.0172 seconds
INFO:root:CM_400_6_5_8 - RAND2: 0.0106 seconds
INFO:root:CM_400_6_5_8 - DIAM: 0.9716 seconds
INFO:root:CM_400_6_5_8 - Abra: 0.0310 seconds
INFO:root:CM_400_6_5_8 - Betweenness: 0.0134 seconds
INFO:root:CM_400_6_5_9 - RAND2: 0.0102 seconds
INFO:root:CM_400_6_5_9 - DIAM: 0.9995 seconds
INFO:root:CM_400_6_5_9 - Abra: 0.0290 seconds
INFO:root:CM_400_6_5_9 - Betweenness: 0.0140 seconds
INFO:root:CM_400_6_6_1 - RAND2: 0.0117 seconds
INFO:root:CM_400_6_6_1 - DIAM: 1.0848 seconds
INFO:root:CM_400_6_6_1 - Abra: 0.0161 seconds
INFO:root:CM_400_6_6_1 - Betweenness: 0.0140 seconds
INFO:root:CM_400_6_6_10 - RAND2: 0.0109 seconds
INFO:root:CM_400_6_6_10 - DIAM: 1.0897 seconds
INFO:root:CM_400_6_6_10 - Abra: 0.0123 seconds
INFO:root:CM_400_6_6_10 - Betweenness: 0.0145 seconds
INFO:root:CM_400_6_6_3 - RAND2: 0.0109 seconds
INFO:root:CM_400_6_6_3 - DIAM: 1.1220 seconds
INFO:root:CM_400_6_6_3 - Abra: 0.0412 seconds
INFO:root:CM_400_6_6_3 - Betweenness: 0.0145 seconds
INFO:root:CM_400_6_6_4 - RAND2: 0.0113 seconds
INFO:root:CM_400_6_6_4 - DIAM: 1.1771 seconds
INFO:root:CM_400_6_6_4 - Abra: 0.0192 seconds
INFO:root:CM_400_6_6_4 - Betweenness: 0.0148 seconds
INFO:root:CM_400_6_6_5 - RAND2: 0.0108 seconds
INFO:root:CM_400_6_6_5 - DIAM: 1.1430 seconds
INFO:root:CM_400_6_6_5 - Abra: 0.0514 seconds
INFO:root:CM_400_6_6_5 - Betweenness: 0.0163 seconds
INFO:root:CM_400_6_6_6 - RAND2: 0.0134 seconds
INFO:root:CM_400_6_6_6 - DIAM: 1.1057 seconds
INFO:root:CM_400_6_6_6 - Abra: 0.0134 seconds
INFO:root:CM_400_6_6_6 - Betweenness: 0.0152 seconds
INFO:root:CM_400_6_6_7 - RAND2: 0.0108 seconds
INFO:root:CM_400_6_6_7 - DIAM: 1.1022 seconds
INFO:root:CM_400_6_6_7 - Abra: 0.0117 seconds
INFO:root:CM_400_6_6_7 - Betweenness: 0.0144 seconds
INFO:root:CM_400_6_6_8 - RAND2: 0.0107 seconds
INFO:root:CM_400_6_6_8 - DIAM: 1.0935 seconds
INFO:root:CM_400_6_6_8 - Abra: 0.0121 seconds
INFO:root:CM_400_6_6_8 - Betweenness: 0.0151 seconds
INFO:root:CM_400_6_6_9 - RAND2: 0.0105 seconds
INFO:root:CM_400_6_6_9 - DIAM: 1.0790 seconds
INFO:root:CM_400_6_6_9 - Abra: 0.0197 seconds
INFO:root:CM_400_6_6_9 - Betweenness: 0.0223 seconds
INFO:root:CM_400_7_5_1 - RAND2: 0.0098 seconds
INFO:root:CM_400_7_5_1 - DIAM: 1.0228 seconds
INFO:root:CM_400_7_5_1 - Abra: 0.0128 seconds
INFO:root:CM_400_7_5_1 - Betweenness: 0.0153 seconds
INFO:root:CM_400_8_4_1 - RAND2: 0.0097 seconds
INFO:root:CM_400_8_4_1 - DIAM: 0.8309 seconds
INFO:root:CM_400_8_4_1 - Abra: 0.0137 seconds
INFO:root:CM_400_8_4_1 - Betweenness: 0.0124 seconds
INFO:root:CM_400_8_4_10 - RAND2: 0.0086 seconds
INFO:root:CM_400_8_4_10 - DIAM: 0.8545 seconds
INFO:root:CM_400_8_4_10 - Abra: 0.0298 seconds
INFO:root:CM_400_8_4_10 - Betweenness: 0.0151 seconds
INFO:root:CM_400_8_4_2 - RAND2: 0.0094 seconds
INFO:root:CM_400_8_4_2 - DIAM: 0.9096 seconds
INFO:root:CM_400_8_4_2 - Abra: 0.0127 seconds
INFO:root:CM_400_8_4_2 - Betweenness: 0.0168 seconds
INFO:root:CM_400_8_4_3 - RAND2: 0.0089 seconds
INFO:root:CM_400_8_4_3 - DIAM: 0.8376 seconds
INFO:root:CM_400_8_4_3 - Abra: 0.0126 seconds
INFO:root:CM_400_8_4_3 - Betweenness: 0.0115 seconds
INFO:root:CM_400_8_4_4 - RAND2: 0.0086 seconds
INFO:root:CM_400_8_4_4 - DIAM: 0.8544 seconds
INFO:root:CM_400_8_4_4 - Abra: 0.0133 seconds
INFO:root:CM_400_8_4_4 - Betweenness: 0.0119 seconds
INFO:root:CM_400_8_4_5 - RAND2: 0.0088 seconds
INFO:root:CM_400_8_4_5 - DIAM: 0.8301 seconds
INFO:root:CM_400_8_4_5 - Abra: 0.0126 seconds
INFO:root:CM_400_8_4_5 - Betweenness: 0.0122 seconds
INFO:root:CM_400_8_4_6 - RAND2: 0.0088 seconds
INFO:root:CM_400_8_4_6 - DIAM: 0.8769 seconds
INFO:root:CM_400_8_4_6 - Abra: 0.0125 seconds
INFO:root:CM_400_8_4_6 - Betweenness: 0.0131 seconds
INFO:root:CM_400_8_4_7 - RAND2: 0.0087 seconds
INFO:root:CM_400_8_4_7 - DIAM: 0.8732 seconds
INFO:root:CM_400_8_4_7 - Abra: 0.0404 seconds
INFO:root:CM_400_8_4_7 - Betweenness: 0.0151 seconds
INFO:root:CM_400_8_4_8 - RAND2: 0.0091 seconds
INFO:root:CM_400_8_4_8 - DIAM: 0.8647 seconds
INFO:root:CM_400_8_4_8 - Abra: 0.0244 seconds
INFO:root:CM_400_8_4_8 - Betweenness: 0.0140 seconds
INFO:root:CM_400_8_4_9 - RAND2: 0.0093 seconds
INFO:root:CM_400_8_4_9 - DIAM: 0.9656 seconds
INFO:root:CM_400_8_4_9 - Abra: 0.0738 seconds
INFO:root:CM_400_8_4_9 - Betweenness: 0.0136 seconds
